[2021-02-10 05:02:35,971] {scheduler_job.py:181} INFO - Started process (PID=45) to work on /home/airflow/.local/lib/python3.8/site-packages/airflow/example_dags/example_external_task_marker_dag.py
[2021-02-10 05:02:35,985] {scheduler_job.py:629} INFO - Processing file /home/airflow/.local/lib/python3.8/site-packages/airflow/example_dags/example_external_task_marker_dag.py for tasks to queue
[2021-02-10 05:02:35,992] {logging_mixin.py:103} INFO - [2021-02-10 05:02:35,991] {dagbag.py:440} INFO - Filling up the DagBag from /home/airflow/.local/lib/python3.8/site-packages/airflow/example_dags/example_external_task_marker_dag.py
[2021-02-10 05:02:36,024] {scheduler_job.py:639} INFO - DAG(s) dict_keys(['example_external_task_marker_parent', 'example_external_task_marker_child']) retrieved from /home/airflow/.local/lib/python3.8/site-packages/airflow/example_dags/example_external_task_marker_dag.py
[2021-02-10 05:02:36,028] {logging_mixin.py:103} INFO - [2021-02-10 05:02:36,028] {dag.py:1813} INFO - Sync 2 DAGs
[2021-02-10 05:02:36,142] {logging_mixin.py:103} INFO - [2021-02-10 05:02:36,142] {dag.py:2266} INFO - Setting next_dagrun for example_external_task_marker_child to None
[2021-02-10 05:02:36,147] {logging_mixin.py:103} INFO - [2021-02-10 05:02:36,147] {dag.py:2266} INFO - Setting next_dagrun for example_external_task_marker_parent to None
[2021-02-10 05:02:36,426] {scheduler_job.py:189} INFO - Processing /home/airflow/.local/lib/python3.8/site-packages/airflow/example_dags/example_external_task_marker_dag.py took 0.568 seconds
[2021-02-10 05:02:43,391] {scheduler_job.py:181} INFO - Started process (PID=94) to work on /home/airflow/.local/lib/python3.8/site-packages/airflow/example_dags/example_external_task_marker_dag.py
[2021-02-10 05:02:43,396] {scheduler_job.py:629} INFO - Processing file /home/airflow/.local/lib/python3.8/site-packages/airflow/example_dags/example_external_task_marker_dag.py for tasks to queue
[2021-02-10 05:02:43,399] {logging_mixin.py:103} INFO - [2021-02-10 05:02:43,399] {dagbag.py:440} INFO - Filling up the DagBag from /home/airflow/.local/lib/python3.8/site-packages/airflow/example_dags/example_external_task_marker_dag.py
[2021-02-10 05:02:43,426] {scheduler_job.py:639} INFO - DAG(s) dict_keys(['example_external_task_marker_parent', 'example_external_task_marker_child']) retrieved from /home/airflow/.local/lib/python3.8/site-packages/airflow/example_dags/example_external_task_marker_dag.py
[2021-02-10 05:02:43,430] {logging_mixin.py:103} INFO - [2021-02-10 05:02:43,430] {dag.py:1813} INFO - Sync 2 DAGs
[2021-02-10 05:02:43,508] {logging_mixin.py:103} INFO - [2021-02-10 05:02:43,508] {dag.py:2266} INFO - Setting next_dagrun for example_external_task_marker_child to None
[2021-02-10 05:02:43,511] {logging_mixin.py:103} INFO - [2021-02-10 05:02:43,511] {dag.py:2266} INFO - Setting next_dagrun for example_external_task_marker_parent to None
[2021-02-10 05:02:43,548] {scheduler_job.py:189} INFO - Processing /home/airflow/.local/lib/python3.8/site-packages/airflow/example_dags/example_external_task_marker_dag.py took 0.163 seconds
[2021-02-10 05:02:48,791] {scheduler_job.py:181} INFO - Started process (PID=120) to work on /home/airflow/.local/lib/python3.8/site-packages/airflow/example_dags/example_external_task_marker_dag.py
[2021-02-10 05:02:48,798] {scheduler_job.py:629} INFO - Processing file /home/airflow/.local/lib/python3.8/site-packages/airflow/example_dags/example_external_task_marker_dag.py for tasks to queue
[2021-02-10 05:02:48,801] {logging_mixin.py:103} INFO - [2021-02-10 05:02:48,800] {dagbag.py:440} INFO - Filling up the DagBag from /home/airflow/.local/lib/python3.8/site-packages/airflow/example_dags/example_external_task_marker_dag.py
[2021-02-10 05:02:48,825] {scheduler_job.py:639} INFO - DAG(s) dict_keys(['example_external_task_marker_parent', 'example_external_task_marker_child']) retrieved from /home/airflow/.local/lib/python3.8/site-packages/airflow/example_dags/example_external_task_marker_dag.py
[2021-02-10 05:02:48,829] {logging_mixin.py:103} INFO - [2021-02-10 05:02:48,829] {dag.py:1813} INFO - Sync 2 DAGs
[2021-02-10 05:02:48,894] {logging_mixin.py:103} INFO - [2021-02-10 05:02:48,893] {dag.py:2266} INFO - Setting next_dagrun for example_external_task_marker_child to None
[2021-02-10 05:02:48,897] {logging_mixin.py:103} INFO - [2021-02-10 05:02:48,897] {dag.py:2266} INFO - Setting next_dagrun for example_external_task_marker_parent to None
[2021-02-10 05:02:48,930] {scheduler_job.py:189} INFO - Processing /home/airflow/.local/lib/python3.8/site-packages/airflow/example_dags/example_external_task_marker_dag.py took 0.149 seconds
[2021-02-10 05:02:52,643] {scheduler_job.py:181} INFO - Started process (PID=144) to work on /home/airflow/.local/lib/python3.8/site-packages/airflow/example_dags/example_external_task_marker_dag.py
[2021-02-10 05:02:52,647] {scheduler_job.py:629} INFO - Processing file /home/airflow/.local/lib/python3.8/site-packages/airflow/example_dags/example_external_task_marker_dag.py for tasks to queue
[2021-02-10 05:02:52,649] {logging_mixin.py:103} INFO - [2021-02-10 05:02:52,649] {dagbag.py:440} INFO - Filling up the DagBag from /home/airflow/.local/lib/python3.8/site-packages/airflow/example_dags/example_external_task_marker_dag.py
[2021-02-10 05:02:52,696] {scheduler_job.py:639} INFO - DAG(s) dict_keys(['example_external_task_marker_parent', 'example_external_task_marker_child']) retrieved from /home/airflow/.local/lib/python3.8/site-packages/airflow/example_dags/example_external_task_marker_dag.py
[2021-02-10 05:02:52,700] {logging_mixin.py:103} INFO - [2021-02-10 05:02:52,700] {dag.py:1813} INFO - Sync 2 DAGs
[2021-02-10 05:02:52,813] {logging_mixin.py:103} INFO - [2021-02-10 05:02:52,813] {dag.py:2266} INFO - Setting next_dagrun for example_external_task_marker_child to None
[2021-02-10 05:02:52,829] {logging_mixin.py:103} INFO - [2021-02-10 05:02:52,829] {dag.py:2266} INFO - Setting next_dagrun for example_external_task_marker_parent to None
[2021-02-10 05:02:52,864] {scheduler_job.py:189} INFO - Processing /home/airflow/.local/lib/python3.8/site-packages/airflow/example_dags/example_external_task_marker_dag.py took 0.228 seconds
[2021-02-10 05:02:56,807] {scheduler_job.py:181} INFO - Started process (PID=170) to work on /home/airflow/.local/lib/python3.8/site-packages/airflow/example_dags/example_external_task_marker_dag.py
[2021-02-10 05:02:56,819] {scheduler_job.py:629} INFO - Processing file /home/airflow/.local/lib/python3.8/site-packages/airflow/example_dags/example_external_task_marker_dag.py for tasks to queue
[2021-02-10 05:02:56,824] {logging_mixin.py:103} INFO - [2021-02-10 05:02:56,824] {dagbag.py:440} INFO - Filling up the DagBag from /home/airflow/.local/lib/python3.8/site-packages/airflow/example_dags/example_external_task_marker_dag.py
[2021-02-10 05:02:56,869] {scheduler_job.py:639} INFO - DAG(s) dict_keys(['example_external_task_marker_parent', 'example_external_task_marker_child']) retrieved from /home/airflow/.local/lib/python3.8/site-packages/airflow/example_dags/example_external_task_marker_dag.py
[2021-02-10 05:02:56,883] {logging_mixin.py:103} INFO - [2021-02-10 05:02:56,883] {dag.py:1813} INFO - Sync 2 DAGs
[2021-02-10 05:02:56,958] {logging_mixin.py:103} INFO - [2021-02-10 05:02:56,958] {dag.py:2266} INFO - Setting next_dagrun for example_external_task_marker_child to None
[2021-02-10 05:02:56,964] {logging_mixin.py:103} INFO - [2021-02-10 05:02:56,964] {dag.py:2266} INFO - Setting next_dagrun for example_external_task_marker_parent to None
[2021-02-10 05:02:57,018] {scheduler_job.py:189} INFO - Processing /home/airflow/.local/lib/python3.8/site-packages/airflow/example_dags/example_external_task_marker_dag.py took 0.238 seconds
[2021-02-10 05:03:00,386] {scheduler_job.py:181} INFO - Started process (PID=194) to work on /home/airflow/.local/lib/python3.8/site-packages/airflow/example_dags/example_external_task_marker_dag.py
[2021-02-10 05:03:00,399] {scheduler_job.py:629} INFO - Processing file /home/airflow/.local/lib/python3.8/site-packages/airflow/example_dags/example_external_task_marker_dag.py for tasks to queue
[2021-02-10 05:03:00,402] {logging_mixin.py:103} INFO - [2021-02-10 05:03:00,402] {dagbag.py:440} INFO - Filling up the DagBag from /home/airflow/.local/lib/python3.8/site-packages/airflow/example_dags/example_external_task_marker_dag.py
[2021-02-10 05:03:00,775] {scheduler_job.py:639} INFO - DAG(s) dict_keys(['example_external_task_marker_parent', 'example_external_task_marker_child']) retrieved from /home/airflow/.local/lib/python3.8/site-packages/airflow/example_dags/example_external_task_marker_dag.py
[2021-02-10 05:03:00,821] {logging_mixin.py:103} INFO - [2021-02-10 05:03:00,818] {dag.py:1813} INFO - Sync 2 DAGs
[2021-02-10 05:03:02,604] {logging_mixin.py:103} INFO - [2021-02-10 05:03:02,603] {dag.py:2266} INFO - Setting next_dagrun for example_external_task_marker_child to None
[2021-02-10 05:03:02,633] {logging_mixin.py:103} INFO - [2021-02-10 05:03:02,632] {dag.py:2266} INFO - Setting next_dagrun for example_external_task_marker_parent to None
[2021-02-10 05:03:02,843] {scheduler_job.py:189} INFO - Processing /home/airflow/.local/lib/python3.8/site-packages/airflow/example_dags/example_external_task_marker_dag.py took 2.462 seconds
[2021-02-10 05:03:08,023] {scheduler_job.py:181} INFO - Started process (PID=220) to work on /home/airflow/.local/lib/python3.8/site-packages/airflow/example_dags/example_external_task_marker_dag.py
[2021-02-10 05:03:08,028] {scheduler_job.py:629} INFO - Processing file /home/airflow/.local/lib/python3.8/site-packages/airflow/example_dags/example_external_task_marker_dag.py for tasks to queue
[2021-02-10 05:03:08,033] {logging_mixin.py:103} INFO - [2021-02-10 05:03:08,032] {dagbag.py:440} INFO - Filling up the DagBag from /home/airflow/.local/lib/python3.8/site-packages/airflow/example_dags/example_external_task_marker_dag.py
[2021-02-10 05:03:08,067] {scheduler_job.py:639} INFO - DAG(s) dict_keys(['example_external_task_marker_parent', 'example_external_task_marker_child']) retrieved from /home/airflow/.local/lib/python3.8/site-packages/airflow/example_dags/example_external_task_marker_dag.py
[2021-02-10 05:03:08,071] {logging_mixin.py:103} INFO - [2021-02-10 05:03:08,071] {dag.py:1813} INFO - Sync 2 DAGs
[2021-02-10 05:03:08,163] {logging_mixin.py:103} INFO - [2021-02-10 05:03:08,163] {dag.py:2266} INFO - Setting next_dagrun for example_external_task_marker_child to None
[2021-02-10 05:03:08,172] {logging_mixin.py:103} INFO - [2021-02-10 05:03:08,172] {dag.py:2266} INFO - Setting next_dagrun for example_external_task_marker_parent to None
[2021-02-10 05:03:08,388] {scheduler_job.py:189} INFO - Processing /home/airflow/.local/lib/python3.8/site-packages/airflow/example_dags/example_external_task_marker_dag.py took 0.373 seconds
