[2021-02-10 03:52:50,677] {scheduler_job.py:181} INFO - Started process (PID=32) to work on /home/airflow/.local/lib/python3.8/site-packages/airflow/example_dags/example_task_group.py
[2021-02-10 03:52:50,681] {scheduler_job.py:629} INFO - Processing file /home/airflow/.local/lib/python3.8/site-packages/airflow/example_dags/example_task_group.py for tasks to queue
[2021-02-10 03:52:50,690] {logging_mixin.py:103} INFO - [2021-02-10 03:52:50,690] {dagbag.py:440} INFO - Filling up the DagBag from /home/airflow/.local/lib/python3.8/site-packages/airflow/example_dags/example_task_group.py
[2021-02-10 03:52:50,734] {scheduler_job.py:639} INFO - DAG(s) dict_keys(['example_task_group']) retrieved from /home/airflow/.local/lib/python3.8/site-packages/airflow/example_dags/example_task_group.py
[2021-02-10 03:52:50,738] {logging_mixin.py:103} INFO - [2021-02-10 03:52:50,738] {dag.py:1813} INFO - Sync 1 DAGs
[2021-02-10 03:52:50,811] {logging_mixin.py:103} INFO - [2021-02-10 03:52:50,811] {dag.py:1832} INFO - Creating ORM DAG for example_task_group
[2021-02-10 03:52:50,839] {logging_mixin.py:103} INFO - [2021-02-10 03:52:50,838] {dag.py:2266} INFO - Setting next_dagrun for example_task_group to 2021-02-08 00:00:00+00:00
[2021-02-10 03:52:50,929] {scheduler_job.py:189} INFO - Processing /home/airflow/.local/lib/python3.8/site-packages/airflow/example_dags/example_task_group.py took 0.260 seconds
[2021-02-10 03:52:54,792] {scheduler_job.py:181} INFO - Started process (PID=58) to work on /home/airflow/.local/lib/python3.8/site-packages/airflow/example_dags/example_task_group.py
[2021-02-10 03:52:54,815] {scheduler_job.py:629} INFO - Processing file /home/airflow/.local/lib/python3.8/site-packages/airflow/example_dags/example_task_group.py for tasks to queue
[2021-02-10 03:52:54,829] {logging_mixin.py:103} INFO - [2021-02-10 03:52:54,828] {dagbag.py:440} INFO - Filling up the DagBag from /home/airflow/.local/lib/python3.8/site-packages/airflow/example_dags/example_task_group.py
[2021-02-10 03:52:54,951] {scheduler_job.py:639} INFO - DAG(s) dict_keys(['example_task_group']) retrieved from /home/airflow/.local/lib/python3.8/site-packages/airflow/example_dags/example_task_group.py
[2021-02-10 03:52:54,959] {logging_mixin.py:103} INFO - [2021-02-10 03:52:54,958] {dag.py:1813} INFO - Sync 1 DAGs
[2021-02-10 03:52:55,033] {logging_mixin.py:103} INFO - [2021-02-10 03:52:55,033] {dag.py:2266} INFO - Setting next_dagrun for example_task_group to 2021-02-08 00:00:00+00:00
[2021-02-10 03:52:55,079] {scheduler_job.py:189} INFO - Processing /home/airflow/.local/lib/python3.8/site-packages/airflow/example_dags/example_task_group.py took 0.299 seconds
[2021-02-10 03:53:01,513] {scheduler_job.py:181} INFO - Started process (PID=83) to work on /home/airflow/.local/lib/python3.8/site-packages/airflow/example_dags/example_task_group.py
[2021-02-10 03:53:01,523] {scheduler_job.py:629} INFO - Processing file /home/airflow/.local/lib/python3.8/site-packages/airflow/example_dags/example_task_group.py for tasks to queue
[2021-02-10 03:53:01,526] {logging_mixin.py:103} INFO - [2021-02-10 03:53:01,526] {dagbag.py:440} INFO - Filling up the DagBag from /home/airflow/.local/lib/python3.8/site-packages/airflow/example_dags/example_task_group.py
[2021-02-10 03:53:01,563] {scheduler_job.py:639} INFO - DAG(s) dict_keys(['example_task_group']) retrieved from /home/airflow/.local/lib/python3.8/site-packages/airflow/example_dags/example_task_group.py
[2021-02-10 03:53:01,566] {logging_mixin.py:103} INFO - [2021-02-10 03:53:01,565] {dag.py:1813} INFO - Sync 1 DAGs
[2021-02-10 03:53:01,612] {logging_mixin.py:103} INFO - [2021-02-10 03:53:01,612] {dag.py:2266} INFO - Setting next_dagrun for example_task_group to 2021-02-08 00:00:00+00:00
[2021-02-10 03:53:01,633] {scheduler_job.py:189} INFO - Processing /home/airflow/.local/lib/python3.8/site-packages/airflow/example_dags/example_task_group.py took 0.163 seconds
[2021-02-10 03:53:06,003] {scheduler_job.py:181} INFO - Started process (PID=108) to work on /home/airflow/.local/lib/python3.8/site-packages/airflow/example_dags/example_task_group.py
[2021-02-10 03:53:06,014] {scheduler_job.py:629} INFO - Processing file /home/airflow/.local/lib/python3.8/site-packages/airflow/example_dags/example_task_group.py for tasks to queue
[2021-02-10 03:53:06,018] {logging_mixin.py:103} INFO - [2021-02-10 03:53:06,018] {dagbag.py:440} INFO - Filling up the DagBag from /home/airflow/.local/lib/python3.8/site-packages/airflow/example_dags/example_task_group.py
[2021-02-10 03:53:06,050] {scheduler_job.py:639} INFO - DAG(s) dict_keys(['example_task_group']) retrieved from /home/airflow/.local/lib/python3.8/site-packages/airflow/example_dags/example_task_group.py
[2021-02-10 03:53:06,054] {logging_mixin.py:103} INFO - [2021-02-10 03:53:06,054] {dag.py:1813} INFO - Sync 1 DAGs
[2021-02-10 03:53:06,115] {logging_mixin.py:103} INFO - [2021-02-10 03:53:06,115] {dag.py:2266} INFO - Setting next_dagrun for example_task_group to 2021-02-08 00:00:00+00:00
[2021-02-10 03:53:06,154] {scheduler_job.py:189} INFO - Processing /home/airflow/.local/lib/python3.8/site-packages/airflow/example_dags/example_task_group.py took 0.174 seconds
[2021-02-10 03:53:08,727] {scheduler_job.py:181} INFO - Started process (PID=132) to work on /home/airflow/.local/lib/python3.8/site-packages/airflow/example_dags/example_task_group.py
[2021-02-10 03:53:08,732] {scheduler_job.py:629} INFO - Processing file /home/airflow/.local/lib/python3.8/site-packages/airflow/example_dags/example_task_group.py for tasks to queue
[2021-02-10 03:53:08,736] {logging_mixin.py:103} INFO - [2021-02-10 03:53:08,735] {dagbag.py:440} INFO - Filling up the DagBag from /home/airflow/.local/lib/python3.8/site-packages/airflow/example_dags/example_task_group.py
[2021-02-10 03:53:08,774] {scheduler_job.py:639} INFO - DAG(s) dict_keys(['example_task_group']) retrieved from /home/airflow/.local/lib/python3.8/site-packages/airflow/example_dags/example_task_group.py
[2021-02-10 03:53:08,778] {logging_mixin.py:103} INFO - [2021-02-10 03:53:08,777] {dag.py:1813} INFO - Sync 1 DAGs
[2021-02-10 03:53:08,843] {logging_mixin.py:103} INFO - [2021-02-10 03:53:08,843] {dag.py:2266} INFO - Setting next_dagrun for example_task_group to 2021-02-08 00:00:00+00:00
[2021-02-10 03:53:08,871] {scheduler_job.py:189} INFO - Processing /home/airflow/.local/lib/python3.8/site-packages/airflow/example_dags/example_task_group.py took 0.151 seconds
[2021-02-10 03:53:11,307] {scheduler_job.py:181} INFO - Started process (PID=157) to work on /home/airflow/.local/lib/python3.8/site-packages/airflow/example_dags/example_task_group.py
[2021-02-10 03:53:11,312] {scheduler_job.py:629} INFO - Processing file /home/airflow/.local/lib/python3.8/site-packages/airflow/example_dags/example_task_group.py for tasks to queue
[2021-02-10 03:53:11,315] {logging_mixin.py:103} INFO - [2021-02-10 03:53:11,315] {dagbag.py:440} INFO - Filling up the DagBag from /home/airflow/.local/lib/python3.8/site-packages/airflow/example_dags/example_task_group.py
[2021-02-10 03:53:11,376] {scheduler_job.py:639} INFO - DAG(s) dict_keys(['example_task_group']) retrieved from /home/airflow/.local/lib/python3.8/site-packages/airflow/example_dags/example_task_group.py
[2021-02-10 03:53:11,380] {logging_mixin.py:103} INFO - [2021-02-10 03:53:11,380] {dag.py:1813} INFO - Sync 1 DAGs
[2021-02-10 03:53:11,446] {logging_mixin.py:103} INFO - [2021-02-10 03:53:11,445] {dag.py:2266} INFO - Setting next_dagrun for example_task_group to 2021-02-08 00:00:00+00:00
[2021-02-10 03:53:11,469] {scheduler_job.py:189} INFO - Processing /home/airflow/.local/lib/python3.8/site-packages/airflow/example_dags/example_task_group.py took 0.186 seconds
[2021-02-10 03:53:13,977] {scheduler_job.py:181} INFO - Started process (PID=182) to work on /home/airflow/.local/lib/python3.8/site-packages/airflow/example_dags/example_task_group.py
[2021-02-10 03:53:13,981] {scheduler_job.py:629} INFO - Processing file /home/airflow/.local/lib/python3.8/site-packages/airflow/example_dags/example_task_group.py for tasks to queue
[2021-02-10 03:53:13,988] {logging_mixin.py:103} INFO - [2021-02-10 03:53:13,987] {dagbag.py:440} INFO - Filling up the DagBag from /home/airflow/.local/lib/python3.8/site-packages/airflow/example_dags/example_task_group.py
[2021-02-10 03:53:14,031] {scheduler_job.py:639} INFO - DAG(s) dict_keys(['example_task_group']) retrieved from /home/airflow/.local/lib/python3.8/site-packages/airflow/example_dags/example_task_group.py
[2021-02-10 03:53:14,043] {logging_mixin.py:103} INFO - [2021-02-10 03:53:14,043] {dag.py:1813} INFO - Sync 1 DAGs
[2021-02-10 03:53:14,133] {logging_mixin.py:103} INFO - [2021-02-10 03:53:14,133] {dag.py:2266} INFO - Setting next_dagrun for example_task_group to 2021-02-08 00:00:00+00:00
[2021-02-10 03:53:14,188] {scheduler_job.py:189} INFO - Processing /home/airflow/.local/lib/python3.8/site-packages/airflow/example_dags/example_task_group.py took 0.228 seconds
[2021-02-10 03:53:17,709] {scheduler_job.py:181} INFO - Started process (PID=207) to work on /home/airflow/.local/lib/python3.8/site-packages/airflow/example_dags/example_task_group.py
[2021-02-10 03:53:17,715] {scheduler_job.py:629} INFO - Processing file /home/airflow/.local/lib/python3.8/site-packages/airflow/example_dags/example_task_group.py for tasks to queue
[2021-02-10 03:53:17,719] {logging_mixin.py:103} INFO - [2021-02-10 03:53:17,719] {dagbag.py:440} INFO - Filling up the DagBag from /home/airflow/.local/lib/python3.8/site-packages/airflow/example_dags/example_task_group.py
[2021-02-10 03:53:17,765] {scheduler_job.py:639} INFO - DAG(s) dict_keys(['example_task_group']) retrieved from /home/airflow/.local/lib/python3.8/site-packages/airflow/example_dags/example_task_group.py
[2021-02-10 03:53:17,772] {logging_mixin.py:103} INFO - [2021-02-10 03:53:17,771] {dag.py:1813} INFO - Sync 1 DAGs
[2021-02-10 03:53:17,847] {logging_mixin.py:103} INFO - [2021-02-10 03:53:17,847] {dag.py:2266} INFO - Setting next_dagrun for example_task_group to 2021-02-08 00:00:00+00:00
[2021-02-10 03:53:17,880] {scheduler_job.py:189} INFO - Processing /home/airflow/.local/lib/python3.8/site-packages/airflow/example_dags/example_task_group.py took 0.189 seconds
[2021-02-10 03:53:20,744] {scheduler_job.py:181} INFO - Started process (PID=232) to work on /home/airflow/.local/lib/python3.8/site-packages/airflow/example_dags/example_task_group.py
[2021-02-10 03:53:20,747] {scheduler_job.py:629} INFO - Processing file /home/airflow/.local/lib/python3.8/site-packages/airflow/example_dags/example_task_group.py for tasks to queue
[2021-02-10 03:53:20,749] {logging_mixin.py:103} INFO - [2021-02-10 03:53:20,749] {dagbag.py:440} INFO - Filling up the DagBag from /home/airflow/.local/lib/python3.8/site-packages/airflow/example_dags/example_task_group.py
[2021-02-10 03:53:20,789] {scheduler_job.py:639} INFO - DAG(s) dict_keys(['example_task_group']) retrieved from /home/airflow/.local/lib/python3.8/site-packages/airflow/example_dags/example_task_group.py
[2021-02-10 03:53:20,793] {logging_mixin.py:103} INFO - [2021-02-10 03:53:20,793] {dag.py:1813} INFO - Sync 1 DAGs
[2021-02-10 03:53:20,883] {logging_mixin.py:103} INFO - [2021-02-10 03:53:20,883] {dag.py:2266} INFO - Setting next_dagrun for example_task_group to 2021-02-08 00:00:00+00:00
[2021-02-10 03:53:20,974] {scheduler_job.py:189} INFO - Processing /home/airflow/.local/lib/python3.8/site-packages/airflow/example_dags/example_task_group.py took 0.242 seconds
[2021-02-10 03:53:26,297] {scheduler_job.py:181} INFO - Started process (PID=257) to work on /home/airflow/.local/lib/python3.8/site-packages/airflow/example_dags/example_task_group.py
[2021-02-10 03:53:26,302] {scheduler_job.py:629} INFO - Processing file /home/airflow/.local/lib/python3.8/site-packages/airflow/example_dags/example_task_group.py for tasks to queue
[2021-02-10 03:53:26,305] {logging_mixin.py:103} INFO - [2021-02-10 03:53:26,305] {dagbag.py:440} INFO - Filling up the DagBag from /home/airflow/.local/lib/python3.8/site-packages/airflow/example_dags/example_task_group.py
[2021-02-10 03:53:26,367] {scheduler_job.py:639} INFO - DAG(s) dict_keys(['example_task_group']) retrieved from /home/airflow/.local/lib/python3.8/site-packages/airflow/example_dags/example_task_group.py
[2021-02-10 03:53:26,373] {logging_mixin.py:103} INFO - [2021-02-10 03:53:26,373] {dag.py:1813} INFO - Sync 1 DAGs
[2021-02-10 03:53:26,507] {logging_mixin.py:103} INFO - [2021-02-10 03:53:26,507] {dag.py:2266} INFO - Setting next_dagrun for example_task_group to 2021-02-08 00:00:00+00:00
[2021-02-10 03:53:26,557] {scheduler_job.py:189} INFO - Processing /home/airflow/.local/lib/python3.8/site-packages/airflow/example_dags/example_task_group.py took 0.268 seconds
[2021-02-10 03:53:29,544] {scheduler_job.py:181} INFO - Started process (PID=282) to work on /home/airflow/.local/lib/python3.8/site-packages/airflow/example_dags/example_task_group.py
[2021-02-10 03:53:29,557] {scheduler_job.py:629} INFO - Processing file /home/airflow/.local/lib/python3.8/site-packages/airflow/example_dags/example_task_group.py for tasks to queue
[2021-02-10 03:53:29,560] {logging_mixin.py:103} INFO - [2021-02-10 03:53:29,560] {dagbag.py:440} INFO - Filling up the DagBag from /home/airflow/.local/lib/python3.8/site-packages/airflow/example_dags/example_task_group.py
[2021-02-10 03:53:29,582] {scheduler_job.py:639} INFO - DAG(s) dict_keys(['example_task_group']) retrieved from /home/airflow/.local/lib/python3.8/site-packages/airflow/example_dags/example_task_group.py
[2021-02-10 03:53:29,588] {logging_mixin.py:103} INFO - [2021-02-10 03:53:29,588] {dag.py:1813} INFO - Sync 1 DAGs
[2021-02-10 03:53:29,659] {logging_mixin.py:103} INFO - [2021-02-10 03:53:29,659] {dag.py:2266} INFO - Setting next_dagrun for example_task_group to 2021-02-08 00:00:00+00:00
[2021-02-10 03:53:29,707] {scheduler_job.py:189} INFO - Processing /home/airflow/.local/lib/python3.8/site-packages/airflow/example_dags/example_task_group.py took 0.174 seconds
[2021-02-10 03:53:32,826] {scheduler_job.py:181} INFO - Started process (PID=307) to work on /home/airflow/.local/lib/python3.8/site-packages/airflow/example_dags/example_task_group.py
[2021-02-10 03:53:32,829] {scheduler_job.py:629} INFO - Processing file /home/airflow/.local/lib/python3.8/site-packages/airflow/example_dags/example_task_group.py for tasks to queue
[2021-02-10 03:53:32,834] {logging_mixin.py:103} INFO - [2021-02-10 03:53:32,834] {dagbag.py:440} INFO - Filling up the DagBag from /home/airflow/.local/lib/python3.8/site-packages/airflow/example_dags/example_task_group.py
[2021-02-10 03:53:32,871] {scheduler_job.py:639} INFO - DAG(s) dict_keys(['example_task_group']) retrieved from /home/airflow/.local/lib/python3.8/site-packages/airflow/example_dags/example_task_group.py
[2021-02-10 03:53:32,878] {logging_mixin.py:103} INFO - [2021-02-10 03:53:32,878] {dag.py:1813} INFO - Sync 1 DAGs
[2021-02-10 03:53:32,946] {logging_mixin.py:103} INFO - [2021-02-10 03:53:32,946] {dag.py:2266} INFO - Setting next_dagrun for example_task_group to 2021-02-08 00:00:00+00:00
[2021-02-10 03:53:32,978] {scheduler_job.py:189} INFO - Processing /home/airflow/.local/lib/python3.8/site-packages/airflow/example_dags/example_task_group.py took 0.157 seconds
[2021-02-10 03:53:35,598] {scheduler_job.py:181} INFO - Started process (PID=332) to work on /home/airflow/.local/lib/python3.8/site-packages/airflow/example_dags/example_task_group.py
[2021-02-10 03:53:35,600] {scheduler_job.py:629} INFO - Processing file /home/airflow/.local/lib/python3.8/site-packages/airflow/example_dags/example_task_group.py for tasks to queue
[2021-02-10 03:53:35,602] {logging_mixin.py:103} INFO - [2021-02-10 03:53:35,602] {dagbag.py:440} INFO - Filling up the DagBag from /home/airflow/.local/lib/python3.8/site-packages/airflow/example_dags/example_task_group.py
[2021-02-10 03:53:35,621] {scheduler_job.py:639} INFO - DAG(s) dict_keys(['example_task_group']) retrieved from /home/airflow/.local/lib/python3.8/site-packages/airflow/example_dags/example_task_group.py
[2021-02-10 03:53:35,624] {logging_mixin.py:103} INFO - [2021-02-10 03:53:35,623] {dag.py:1813} INFO - Sync 1 DAGs
[2021-02-10 03:53:35,700] {logging_mixin.py:103} INFO - [2021-02-10 03:53:35,699] {dag.py:2266} INFO - Setting next_dagrun for example_task_group to 2021-02-08 00:00:00+00:00
[2021-02-10 03:53:35,736] {scheduler_job.py:189} INFO - Processing /home/airflow/.local/lib/python3.8/site-packages/airflow/example_dags/example_task_group.py took 0.143 seconds
[2021-02-10 03:53:37,751] {scheduler_job.py:181} INFO - Started process (PID=358) to work on /home/airflow/.local/lib/python3.8/site-packages/airflow/example_dags/example_task_group.py
[2021-02-10 03:53:37,754] {scheduler_job.py:629} INFO - Processing file /home/airflow/.local/lib/python3.8/site-packages/airflow/example_dags/example_task_group.py for tasks to queue
[2021-02-10 03:53:37,755] {logging_mixin.py:103} INFO - [2021-02-10 03:53:37,755] {dagbag.py:440} INFO - Filling up the DagBag from /home/airflow/.local/lib/python3.8/site-packages/airflow/example_dags/example_task_group.py
[2021-02-10 03:53:37,775] {scheduler_job.py:639} INFO - DAG(s) dict_keys(['example_task_group']) retrieved from /home/airflow/.local/lib/python3.8/site-packages/airflow/example_dags/example_task_group.py
[2021-02-10 03:53:37,777] {logging_mixin.py:103} INFO - [2021-02-10 03:53:37,777] {dag.py:1813} INFO - Sync 1 DAGs
[2021-02-10 03:53:37,816] {logging_mixin.py:103} INFO - [2021-02-10 03:53:37,816] {dag.py:2266} INFO - Setting next_dagrun for example_task_group to 2021-02-08 00:00:00+00:00
[2021-02-10 03:53:37,839] {scheduler_job.py:189} INFO - Processing /home/airflow/.local/lib/python3.8/site-packages/airflow/example_dags/example_task_group.py took 0.092 seconds
[2021-02-10 03:53:39,226] {scheduler_job.py:181} INFO - Started process (PID=383) to work on /home/airflow/.local/lib/python3.8/site-packages/airflow/example_dags/example_task_group.py
[2021-02-10 03:53:39,228] {scheduler_job.py:629} INFO - Processing file /home/airflow/.local/lib/python3.8/site-packages/airflow/example_dags/example_task_group.py for tasks to queue
[2021-02-10 03:53:39,230] {logging_mixin.py:103} INFO - [2021-02-10 03:53:39,230] {dagbag.py:440} INFO - Filling up the DagBag from /home/airflow/.local/lib/python3.8/site-packages/airflow/example_dags/example_task_group.py
[2021-02-10 03:53:39,246] {scheduler_job.py:639} INFO - DAG(s) dict_keys(['example_task_group']) retrieved from /home/airflow/.local/lib/python3.8/site-packages/airflow/example_dags/example_task_group.py
[2021-02-10 03:53:39,249] {logging_mixin.py:103} INFO - [2021-02-10 03:53:39,249] {dag.py:1813} INFO - Sync 1 DAGs
[2021-02-10 03:53:39,283] {logging_mixin.py:103} INFO - [2021-02-10 03:53:39,283] {dag.py:2266} INFO - Setting next_dagrun for example_task_group to 2021-02-08 00:00:00+00:00
[2021-02-10 03:53:39,308] {scheduler_job.py:189} INFO - Processing /home/airflow/.local/lib/python3.8/site-packages/airflow/example_dags/example_task_group.py took 0.086 seconds
[2021-02-10 03:53:41,012] {scheduler_job.py:181} INFO - Started process (PID=408) to work on /home/airflow/.local/lib/python3.8/site-packages/airflow/example_dags/example_task_group.py
[2021-02-10 03:53:41,014] {scheduler_job.py:629} INFO - Processing file /home/airflow/.local/lib/python3.8/site-packages/airflow/example_dags/example_task_group.py for tasks to queue
[2021-02-10 03:53:41,016] {logging_mixin.py:103} INFO - [2021-02-10 03:53:41,016] {dagbag.py:440} INFO - Filling up the DagBag from /home/airflow/.local/lib/python3.8/site-packages/airflow/example_dags/example_task_group.py
[2021-02-10 03:53:41,030] {scheduler_job.py:639} INFO - DAG(s) dict_keys(['example_task_group']) retrieved from /home/airflow/.local/lib/python3.8/site-packages/airflow/example_dags/example_task_group.py
[2021-02-10 03:53:41,032] {logging_mixin.py:103} INFO - [2021-02-10 03:53:41,032] {dag.py:1813} INFO - Sync 1 DAGs
[2021-02-10 03:53:41,063] {logging_mixin.py:103} INFO - [2021-02-10 03:53:41,063] {dag.py:2266} INFO - Setting next_dagrun for example_task_group to 2021-02-08 00:00:00+00:00
[2021-02-10 03:53:41,083] {scheduler_job.py:189} INFO - Processing /home/airflow/.local/lib/python3.8/site-packages/airflow/example_dags/example_task_group.py took 0.075 seconds
[2021-02-10 03:53:42,554] {scheduler_job.py:181} INFO - Started process (PID=434) to work on /home/airflow/.local/lib/python3.8/site-packages/airflow/example_dags/example_task_group.py
[2021-02-10 03:53:42,560] {scheduler_job.py:629} INFO - Processing file /home/airflow/.local/lib/python3.8/site-packages/airflow/example_dags/example_task_group.py for tasks to queue
[2021-02-10 03:53:42,563] {logging_mixin.py:103} INFO - [2021-02-10 03:53:42,563] {dagbag.py:440} INFO - Filling up the DagBag from /home/airflow/.local/lib/python3.8/site-packages/airflow/example_dags/example_task_group.py
[2021-02-10 03:53:42,593] {scheduler_job.py:639} INFO - DAG(s) dict_keys(['example_task_group']) retrieved from /home/airflow/.local/lib/python3.8/site-packages/airflow/example_dags/example_task_group.py
[2021-02-10 03:53:42,599] {logging_mixin.py:103} INFO - [2021-02-10 03:53:42,598] {dag.py:1813} INFO - Sync 1 DAGs
[2021-02-10 03:53:42,664] {logging_mixin.py:103} INFO - [2021-02-10 03:53:42,663] {dag.py:2266} INFO - Setting next_dagrun for example_task_group to 2021-02-08 00:00:00+00:00
[2021-02-10 03:53:42,691] {scheduler_job.py:189} INFO - Processing /home/airflow/.local/lib/python3.8/site-packages/airflow/example_dags/example_task_group.py took 0.145 seconds
[2021-02-10 03:53:44,698] {scheduler_job.py:181} INFO - Started process (PID=459) to work on /home/airflow/.local/lib/python3.8/site-packages/airflow/example_dags/example_task_group.py
[2021-02-10 03:53:44,701] {scheduler_job.py:629} INFO - Processing file /home/airflow/.local/lib/python3.8/site-packages/airflow/example_dags/example_task_group.py for tasks to queue
[2021-02-10 03:53:44,703] {logging_mixin.py:103} INFO - [2021-02-10 03:53:44,703] {dagbag.py:440} INFO - Filling up the DagBag from /home/airflow/.local/lib/python3.8/site-packages/airflow/example_dags/example_task_group.py
[2021-02-10 03:53:44,720] {scheduler_job.py:639} INFO - DAG(s) dict_keys(['example_task_group']) retrieved from /home/airflow/.local/lib/python3.8/site-packages/airflow/example_dags/example_task_group.py
[2021-02-10 03:53:44,723] {logging_mixin.py:103} INFO - [2021-02-10 03:53:44,723] {dag.py:1813} INFO - Sync 1 DAGs
[2021-02-10 03:53:44,772] {logging_mixin.py:103} INFO - [2021-02-10 03:53:44,771] {dag.py:2266} INFO - Setting next_dagrun for example_task_group to 2021-02-08 00:00:00+00:00
[2021-02-10 03:53:44,797] {scheduler_job.py:189} INFO - Processing /home/airflow/.local/lib/python3.8/site-packages/airflow/example_dags/example_task_group.py took 0.105 seconds
[2021-02-10 03:53:46,373] {scheduler_job.py:181} INFO - Started process (PID=484) to work on /home/airflow/.local/lib/python3.8/site-packages/airflow/example_dags/example_task_group.py
[2021-02-10 03:53:46,375] {scheduler_job.py:629} INFO - Processing file /home/airflow/.local/lib/python3.8/site-packages/airflow/example_dags/example_task_group.py for tasks to queue
[2021-02-10 03:53:46,377] {logging_mixin.py:103} INFO - [2021-02-10 03:53:46,377] {dagbag.py:440} INFO - Filling up the DagBag from /home/airflow/.local/lib/python3.8/site-packages/airflow/example_dags/example_task_group.py
[2021-02-10 03:53:46,399] {scheduler_job.py:639} INFO - DAG(s) dict_keys(['example_task_group']) retrieved from /home/airflow/.local/lib/python3.8/site-packages/airflow/example_dags/example_task_group.py
[2021-02-10 03:53:46,404] {logging_mixin.py:103} INFO - [2021-02-10 03:53:46,403] {dag.py:1813} INFO - Sync 1 DAGs
[2021-02-10 03:53:46,471] {logging_mixin.py:103} INFO - [2021-02-10 03:53:46,471] {dag.py:2266} INFO - Setting next_dagrun for example_task_group to 2021-02-08 00:00:00+00:00
[2021-02-10 03:53:46,509] {scheduler_job.py:189} INFO - Processing /home/airflow/.local/lib/python3.8/site-packages/airflow/example_dags/example_task_group.py took 0.140 seconds
[2021-02-10 03:53:48,092] {scheduler_job.py:181} INFO - Started process (PID=509) to work on /home/airflow/.local/lib/python3.8/site-packages/airflow/example_dags/example_task_group.py
[2021-02-10 03:53:48,095] {scheduler_job.py:629} INFO - Processing file /home/airflow/.local/lib/python3.8/site-packages/airflow/example_dags/example_task_group.py for tasks to queue
[2021-02-10 03:53:48,096] {logging_mixin.py:103} INFO - [2021-02-10 03:53:48,096] {dagbag.py:440} INFO - Filling up the DagBag from /home/airflow/.local/lib/python3.8/site-packages/airflow/example_dags/example_task_group.py
[2021-02-10 03:53:48,109] {scheduler_job.py:639} INFO - DAG(s) dict_keys(['example_task_group']) retrieved from /home/airflow/.local/lib/python3.8/site-packages/airflow/example_dags/example_task_group.py
[2021-02-10 03:53:48,111] {logging_mixin.py:103} INFO - [2021-02-10 03:53:48,111] {dag.py:1813} INFO - Sync 1 DAGs
[2021-02-10 03:53:48,138] {logging_mixin.py:103} INFO - [2021-02-10 03:53:48,138] {dag.py:2266} INFO - Setting next_dagrun for example_task_group to 2021-02-08 00:00:00+00:00
[2021-02-10 03:53:48,156] {scheduler_job.py:189} INFO - Processing /home/airflow/.local/lib/python3.8/site-packages/airflow/example_dags/example_task_group.py took 0.068 seconds
[2021-02-10 03:53:49,435] {scheduler_job.py:181} INFO - Started process (PID=534) to work on /home/airflow/.local/lib/python3.8/site-packages/airflow/example_dags/example_task_group.py
[2021-02-10 03:53:49,439] {scheduler_job.py:629} INFO - Processing file /home/airflow/.local/lib/python3.8/site-packages/airflow/example_dags/example_task_group.py for tasks to queue
[2021-02-10 03:53:49,445] {logging_mixin.py:103} INFO - [2021-02-10 03:53:49,444] {dagbag.py:440} INFO - Filling up the DagBag from /home/airflow/.local/lib/python3.8/site-packages/airflow/example_dags/example_task_group.py
[2021-02-10 03:53:49,468] {scheduler_job.py:639} INFO - DAG(s) dict_keys(['example_task_group']) retrieved from /home/airflow/.local/lib/python3.8/site-packages/airflow/example_dags/example_task_group.py
[2021-02-10 03:53:49,472] {logging_mixin.py:103} INFO - [2021-02-10 03:53:49,472] {dag.py:1813} INFO - Sync 1 DAGs
[2021-02-10 03:53:49,522] {logging_mixin.py:103} INFO - [2021-02-10 03:53:49,521] {dag.py:2266} INFO - Setting next_dagrun for example_task_group to 2021-02-08 00:00:00+00:00
[2021-02-10 03:53:49,547] {scheduler_job.py:189} INFO - Processing /home/airflow/.local/lib/python3.8/site-packages/airflow/example_dags/example_task_group.py took 0.118 seconds
[2021-02-10 03:53:51,609] {scheduler_job.py:181} INFO - Started process (PID=559) to work on /home/airflow/.local/lib/python3.8/site-packages/airflow/example_dags/example_task_group.py
[2021-02-10 03:53:51,613] {scheduler_job.py:629} INFO - Processing file /home/airflow/.local/lib/python3.8/site-packages/airflow/example_dags/example_task_group.py for tasks to queue
[2021-02-10 03:53:51,614] {logging_mixin.py:103} INFO - [2021-02-10 03:53:51,614] {dagbag.py:440} INFO - Filling up the DagBag from /home/airflow/.local/lib/python3.8/site-packages/airflow/example_dags/example_task_group.py
[2021-02-10 03:53:51,645] {scheduler_job.py:639} INFO - DAG(s) dict_keys(['example_task_group']) retrieved from /home/airflow/.local/lib/python3.8/site-packages/airflow/example_dags/example_task_group.py
[2021-02-10 03:53:51,648] {logging_mixin.py:103} INFO - [2021-02-10 03:53:51,647] {dag.py:1813} INFO - Sync 1 DAGs
[2021-02-10 03:53:51,740] {logging_mixin.py:103} INFO - [2021-02-10 03:53:51,740] {dag.py:2266} INFO - Setting next_dagrun for example_task_group to 2021-02-08 00:00:00+00:00
[2021-02-10 03:53:51,770] {scheduler_job.py:189} INFO - Processing /home/airflow/.local/lib/python3.8/site-packages/airflow/example_dags/example_task_group.py took 0.168 seconds
[2021-02-10 04:08:07,987] {scheduler_job.py:181} INFO - Started process (PID=585) to work on /home/airflow/.local/lib/python3.8/site-packages/airflow/example_dags/example_task_group.py
[2021-02-10 04:08:08,106] {scheduler_job.py:629} INFO - Processing file /home/airflow/.local/lib/python3.8/site-packages/airflow/example_dags/example_task_group.py for tasks to queue
[2021-02-10 04:08:08,134] {logging_mixin.py:103} INFO - [2021-02-10 04:08:08,134] {dagbag.py:440} INFO - Filling up the DagBag from /home/airflow/.local/lib/python3.8/site-packages/airflow/example_dags/example_task_group.py
[2021-02-10 04:08:08,330] {scheduler_job.py:639} INFO - DAG(s) dict_keys(['example_task_group']) retrieved from /home/airflow/.local/lib/python3.8/site-packages/airflow/example_dags/example_task_group.py
[2021-02-10 04:08:08,333] {logging_mixin.py:103} INFO - [2021-02-10 04:08:08,333] {dag.py:1813} INFO - Sync 1 DAGs
[2021-02-10 04:08:08,530] {logging_mixin.py:103} INFO - [2021-02-10 04:08:08,529] {dag.py:2266} INFO - Setting next_dagrun for example_task_group to 2021-02-08 00:00:00+00:00
[2021-02-10 04:08:08,582] {scheduler_job.py:189} INFO - Processing /home/airflow/.local/lib/python3.8/site-packages/airflow/example_dags/example_task_group.py took 0.605 seconds
[2021-02-10 04:08:12,022] {scheduler_job.py:181} INFO - Started process (PID=610) to work on /home/airflow/.local/lib/python3.8/site-packages/airflow/example_dags/example_task_group.py
[2021-02-10 04:08:12,053] {scheduler_job.py:629} INFO - Processing file /home/airflow/.local/lib/python3.8/site-packages/airflow/example_dags/example_task_group.py for tasks to queue
[2021-02-10 04:08:12,057] {logging_mixin.py:103} INFO - [2021-02-10 04:08:12,057] {dagbag.py:440} INFO - Filling up the DagBag from /home/airflow/.local/lib/python3.8/site-packages/airflow/example_dags/example_task_group.py
[2021-02-10 04:08:12,086] {scheduler_job.py:639} INFO - DAG(s) dict_keys(['example_task_group']) retrieved from /home/airflow/.local/lib/python3.8/site-packages/airflow/example_dags/example_task_group.py
[2021-02-10 04:08:12,093] {logging_mixin.py:103} INFO - [2021-02-10 04:08:12,093] {dag.py:1813} INFO - Sync 1 DAGs
[2021-02-10 04:08:12,165] {logging_mixin.py:103} INFO - [2021-02-10 04:08:12,165] {dag.py:2266} INFO - Setting next_dagrun for example_task_group to 2021-02-08 00:00:00+00:00
[2021-02-10 04:08:12,230] {scheduler_job.py:189} INFO - Processing /home/airflow/.local/lib/python3.8/site-packages/airflow/example_dags/example_task_group.py took 0.215 seconds
[2021-02-10 04:08:15,249] {scheduler_job.py:181} INFO - Started process (PID=635) to work on /home/airflow/.local/lib/python3.8/site-packages/airflow/example_dags/example_task_group.py
[2021-02-10 04:08:15,256] {scheduler_job.py:629} INFO - Processing file /home/airflow/.local/lib/python3.8/site-packages/airflow/example_dags/example_task_group.py for tasks to queue
[2021-02-10 04:08:15,261] {logging_mixin.py:103} INFO - [2021-02-10 04:08:15,260] {dagbag.py:440} INFO - Filling up the DagBag from /home/airflow/.local/lib/python3.8/site-packages/airflow/example_dags/example_task_group.py
[2021-02-10 04:08:15,377] {scheduler_job.py:639} INFO - DAG(s) dict_keys(['example_task_group']) retrieved from /home/airflow/.local/lib/python3.8/site-packages/airflow/example_dags/example_task_group.py
[2021-02-10 04:08:15,385] {logging_mixin.py:103} INFO - [2021-02-10 04:08:15,385] {dag.py:1813} INFO - Sync 1 DAGs
[2021-02-10 04:08:15,556] {logging_mixin.py:103} INFO - [2021-02-10 04:08:15,556] {dag.py:2266} INFO - Setting next_dagrun for example_task_group to 2021-02-08 00:00:00+00:00
[2021-02-10 04:08:15,691] {scheduler_job.py:189} INFO - Processing /home/airflow/.local/lib/python3.8/site-packages/airflow/example_dags/example_task_group.py took 0.452 seconds
[2021-02-10 04:08:18,677] {scheduler_job.py:181} INFO - Started process (PID=660) to work on /home/airflow/.local/lib/python3.8/site-packages/airflow/example_dags/example_task_group.py
[2021-02-10 04:08:18,684] {scheduler_job.py:629} INFO - Processing file /home/airflow/.local/lib/python3.8/site-packages/airflow/example_dags/example_task_group.py for tasks to queue
[2021-02-10 04:08:18,687] {logging_mixin.py:103} INFO - [2021-02-10 04:08:18,687] {dagbag.py:440} INFO - Filling up the DagBag from /home/airflow/.local/lib/python3.8/site-packages/airflow/example_dags/example_task_group.py
[2021-02-10 04:08:18,712] {scheduler_job.py:639} INFO - DAG(s) dict_keys(['example_task_group']) retrieved from /home/airflow/.local/lib/python3.8/site-packages/airflow/example_dags/example_task_group.py
[2021-02-10 04:08:18,715] {logging_mixin.py:103} INFO - [2021-02-10 04:08:18,715] {dag.py:1813} INFO - Sync 1 DAGs
[2021-02-10 04:08:18,762] {logging_mixin.py:103} INFO - [2021-02-10 04:08:18,762] {dag.py:2266} INFO - Setting next_dagrun for example_task_group to 2021-02-08 00:00:00+00:00
[2021-02-10 04:08:18,789] {scheduler_job.py:189} INFO - Processing /home/airflow/.local/lib/python3.8/site-packages/airflow/example_dags/example_task_group.py took 0.118 seconds
[2021-02-10 04:08:21,285] {scheduler_job.py:181} INFO - Started process (PID=685) to work on /home/airflow/.local/lib/python3.8/site-packages/airflow/example_dags/example_task_group.py
[2021-02-10 04:08:21,290] {scheduler_job.py:629} INFO - Processing file /home/airflow/.local/lib/python3.8/site-packages/airflow/example_dags/example_task_group.py for tasks to queue
[2021-02-10 04:08:21,292] {logging_mixin.py:103} INFO - [2021-02-10 04:08:21,292] {dagbag.py:440} INFO - Filling up the DagBag from /home/airflow/.local/lib/python3.8/site-packages/airflow/example_dags/example_task_group.py
[2021-02-10 04:08:21,316] {scheduler_job.py:639} INFO - DAG(s) dict_keys(['example_task_group']) retrieved from /home/airflow/.local/lib/python3.8/site-packages/airflow/example_dags/example_task_group.py
[2021-02-10 04:08:21,323] {logging_mixin.py:103} INFO - [2021-02-10 04:08:21,322] {dag.py:1813} INFO - Sync 1 DAGs
[2021-02-10 04:08:21,375] {logging_mixin.py:103} INFO - [2021-02-10 04:08:21,375] {dag.py:2266} INFO - Setting next_dagrun for example_task_group to 2021-02-08 00:00:00+00:00
[2021-02-10 04:08:21,445] {scheduler_job.py:189} INFO - Processing /home/airflow/.local/lib/python3.8/site-packages/airflow/example_dags/example_task_group.py took 0.166 seconds
[2021-02-10 04:08:24,165] {scheduler_job.py:181} INFO - Started process (PID=710) to work on /home/airflow/.local/lib/python3.8/site-packages/airflow/example_dags/example_task_group.py
[2021-02-10 04:08:24,169] {scheduler_job.py:629} INFO - Processing file /home/airflow/.local/lib/python3.8/site-packages/airflow/example_dags/example_task_group.py for tasks to queue
[2021-02-10 04:08:24,172] {logging_mixin.py:103} INFO - [2021-02-10 04:08:24,172] {dagbag.py:440} INFO - Filling up the DagBag from /home/airflow/.local/lib/python3.8/site-packages/airflow/example_dags/example_task_group.py
[2021-02-10 04:08:24,195] {scheduler_job.py:639} INFO - DAG(s) dict_keys(['example_task_group']) retrieved from /home/airflow/.local/lib/python3.8/site-packages/airflow/example_dags/example_task_group.py
[2021-02-10 04:08:24,198] {logging_mixin.py:103} INFO - [2021-02-10 04:08:24,198] {dag.py:1813} INFO - Sync 1 DAGs
[2021-02-10 04:08:24,263] {logging_mixin.py:103} INFO - [2021-02-10 04:08:24,263] {dag.py:2266} INFO - Setting next_dagrun for example_task_group to 2021-02-08 00:00:00+00:00
[2021-02-10 04:08:24,307] {scheduler_job.py:189} INFO - Processing /home/airflow/.local/lib/python3.8/site-packages/airflow/example_dags/example_task_group.py took 0.147 seconds
[2021-02-10 04:08:27,125] {scheduler_job.py:181} INFO - Started process (PID=735) to work on /home/airflow/.local/lib/python3.8/site-packages/airflow/example_dags/example_task_group.py
[2021-02-10 04:08:27,130] {scheduler_job.py:629} INFO - Processing file /home/airflow/.local/lib/python3.8/site-packages/airflow/example_dags/example_task_group.py for tasks to queue
[2021-02-10 04:08:27,133] {logging_mixin.py:103} INFO - [2021-02-10 04:08:27,133] {dagbag.py:440} INFO - Filling up the DagBag from /home/airflow/.local/lib/python3.8/site-packages/airflow/example_dags/example_task_group.py
[2021-02-10 04:08:27,161] {scheduler_job.py:639} INFO - DAG(s) dict_keys(['example_task_group']) retrieved from /home/airflow/.local/lib/python3.8/site-packages/airflow/example_dags/example_task_group.py
[2021-02-10 04:08:27,167] {logging_mixin.py:103} INFO - [2021-02-10 04:08:27,166] {dag.py:1813} INFO - Sync 1 DAGs
[2021-02-10 04:08:27,224] {logging_mixin.py:103} INFO - [2021-02-10 04:08:27,224] {dag.py:2266} INFO - Setting next_dagrun for example_task_group to 2021-02-08 00:00:00+00:00
[2021-02-10 04:08:27,312] {scheduler_job.py:189} INFO - Processing /home/airflow/.local/lib/python3.8/site-packages/airflow/example_dags/example_task_group.py took 0.193 seconds
[2021-02-10 04:08:29,959] {scheduler_job.py:181} INFO - Started process (PID=760) to work on /home/airflow/.local/lib/python3.8/site-packages/airflow/example_dags/example_task_group.py
[2021-02-10 04:08:29,980] {scheduler_job.py:629} INFO - Processing file /home/airflow/.local/lib/python3.8/site-packages/airflow/example_dags/example_task_group.py for tasks to queue
[2021-02-10 04:08:29,982] {logging_mixin.py:103} INFO - [2021-02-10 04:08:29,982] {dagbag.py:440} INFO - Filling up the DagBag from /home/airflow/.local/lib/python3.8/site-packages/airflow/example_dags/example_task_group.py
[2021-02-10 04:08:30,019] {scheduler_job.py:639} INFO - DAG(s) dict_keys(['example_task_group']) retrieved from /home/airflow/.local/lib/python3.8/site-packages/airflow/example_dags/example_task_group.py
[2021-02-10 04:08:30,023] {logging_mixin.py:103} INFO - [2021-02-10 04:08:30,023] {dag.py:1813} INFO - Sync 1 DAGs
[2021-02-10 04:08:30,080] {logging_mixin.py:103} INFO - [2021-02-10 04:08:30,080] {dag.py:2266} INFO - Setting next_dagrun for example_task_group to 2021-02-08 00:00:00+00:00
[2021-02-10 04:08:30,117] {scheduler_job.py:189} INFO - Processing /home/airflow/.local/lib/python3.8/site-packages/airflow/example_dags/example_task_group.py took 0.164 seconds
[2021-02-10 04:08:32,261] {scheduler_job.py:181} INFO - Started process (PID=785) to work on /home/airflow/.local/lib/python3.8/site-packages/airflow/example_dags/example_task_group.py
[2021-02-10 04:08:32,264] {scheduler_job.py:629} INFO - Processing file /home/airflow/.local/lib/python3.8/site-packages/airflow/example_dags/example_task_group.py for tasks to queue
[2021-02-10 04:08:32,266] {logging_mixin.py:103} INFO - [2021-02-10 04:08:32,266] {dagbag.py:440} INFO - Filling up the DagBag from /home/airflow/.local/lib/python3.8/site-packages/airflow/example_dags/example_task_group.py
[2021-02-10 04:08:32,290] {scheduler_job.py:639} INFO - DAG(s) dict_keys(['example_task_group']) retrieved from /home/airflow/.local/lib/python3.8/site-packages/airflow/example_dags/example_task_group.py
[2021-02-10 04:08:32,293] {logging_mixin.py:103} INFO - [2021-02-10 04:08:32,293] {dag.py:1813} INFO - Sync 1 DAGs
[2021-02-10 04:08:32,350] {logging_mixin.py:103} INFO - [2021-02-10 04:08:32,350] {dag.py:2266} INFO - Setting next_dagrun for example_task_group to 2021-02-08 00:00:00+00:00
[2021-02-10 04:08:32,390] {scheduler_job.py:189} INFO - Processing /home/airflow/.local/lib/python3.8/site-packages/airflow/example_dags/example_task_group.py took 0.135 seconds
[2021-02-10 04:08:34,454] {scheduler_job.py:181} INFO - Started process (PID=810) to work on /home/airflow/.local/lib/python3.8/site-packages/airflow/example_dags/example_task_group.py
[2021-02-10 04:08:34,457] {scheduler_job.py:629} INFO - Processing file /home/airflow/.local/lib/python3.8/site-packages/airflow/example_dags/example_task_group.py for tasks to queue
[2021-02-10 04:08:34,459] {logging_mixin.py:103} INFO - [2021-02-10 04:08:34,459] {dagbag.py:440} INFO - Filling up the DagBag from /home/airflow/.local/lib/python3.8/site-packages/airflow/example_dags/example_task_group.py
[2021-02-10 04:08:34,481] {scheduler_job.py:639} INFO - DAG(s) dict_keys(['example_task_group']) retrieved from /home/airflow/.local/lib/python3.8/site-packages/airflow/example_dags/example_task_group.py
[2021-02-10 04:08:34,483] {logging_mixin.py:103} INFO - [2021-02-10 04:08:34,483] {dag.py:1813} INFO - Sync 1 DAGs
[2021-02-10 04:08:34,541] {logging_mixin.py:103} INFO - [2021-02-10 04:08:34,540] {dag.py:2266} INFO - Setting next_dagrun for example_task_group to 2021-02-08 00:00:00+00:00
[2021-02-10 04:08:34,580] {scheduler_job.py:189} INFO - Processing /home/airflow/.local/lib/python3.8/site-packages/airflow/example_dags/example_task_group.py took 0.133 seconds
[2021-02-10 04:08:37,225] {scheduler_job.py:181} INFO - Started process (PID=835) to work on /home/airflow/.local/lib/python3.8/site-packages/airflow/example_dags/example_task_group.py
[2021-02-10 04:08:37,229] {scheduler_job.py:629} INFO - Processing file /home/airflow/.local/lib/python3.8/site-packages/airflow/example_dags/example_task_group.py for tasks to queue
[2021-02-10 04:08:37,231] {logging_mixin.py:103} INFO - [2021-02-10 04:08:37,231] {dagbag.py:440} INFO - Filling up the DagBag from /home/airflow/.local/lib/python3.8/site-packages/airflow/example_dags/example_task_group.py
[2021-02-10 04:08:37,247] {scheduler_job.py:639} INFO - DAG(s) dict_keys(['example_task_group']) retrieved from /home/airflow/.local/lib/python3.8/site-packages/airflow/example_dags/example_task_group.py
[2021-02-10 04:08:37,249] {logging_mixin.py:103} INFO - [2021-02-10 04:08:37,249] {dag.py:1813} INFO - Sync 1 DAGs
[2021-02-10 04:08:37,294] {logging_mixin.py:103} INFO - [2021-02-10 04:08:37,294] {dag.py:2266} INFO - Setting next_dagrun for example_task_group to 2021-02-08 00:00:00+00:00
[2021-02-10 04:08:37,321] {scheduler_job.py:189} INFO - Processing /home/airflow/.local/lib/python3.8/site-packages/airflow/example_dags/example_task_group.py took 0.102 seconds
[2021-02-10 04:08:39,286] {scheduler_job.py:181} INFO - Started process (PID=860) to work on /home/airflow/.local/lib/python3.8/site-packages/airflow/example_dags/example_task_group.py
[2021-02-10 04:08:39,289] {scheduler_job.py:629} INFO - Processing file /home/airflow/.local/lib/python3.8/site-packages/airflow/example_dags/example_task_group.py for tasks to queue
[2021-02-10 04:08:39,291] {logging_mixin.py:103} INFO - [2021-02-10 04:08:39,291] {dagbag.py:440} INFO - Filling up the DagBag from /home/airflow/.local/lib/python3.8/site-packages/airflow/example_dags/example_task_group.py
[2021-02-10 04:08:39,306] {scheduler_job.py:639} INFO - DAG(s) dict_keys(['example_task_group']) retrieved from /home/airflow/.local/lib/python3.8/site-packages/airflow/example_dags/example_task_group.py
[2021-02-10 04:08:39,308] {logging_mixin.py:103} INFO - [2021-02-10 04:08:39,308] {dag.py:1813} INFO - Sync 1 DAGs
[2021-02-10 04:08:39,346] {logging_mixin.py:103} INFO - [2021-02-10 04:08:39,346] {dag.py:2266} INFO - Setting next_dagrun for example_task_group to 2021-02-08 00:00:00+00:00
[2021-02-10 04:08:39,372] {scheduler_job.py:189} INFO - Processing /home/airflow/.local/lib/python3.8/site-packages/airflow/example_dags/example_task_group.py took 0.090 seconds
[2021-02-10 04:08:41,181] {scheduler_job.py:181} INFO - Started process (PID=886) to work on /home/airflow/.local/lib/python3.8/site-packages/airflow/example_dags/example_task_group.py
[2021-02-10 04:08:41,183] {scheduler_job.py:629} INFO - Processing file /home/airflow/.local/lib/python3.8/site-packages/airflow/example_dags/example_task_group.py for tasks to queue
[2021-02-10 04:08:41,185] {logging_mixin.py:103} INFO - [2021-02-10 04:08:41,185] {dagbag.py:440} INFO - Filling up the DagBag from /home/airflow/.local/lib/python3.8/site-packages/airflow/example_dags/example_task_group.py
[2021-02-10 04:08:41,201] {scheduler_job.py:639} INFO - DAG(s) dict_keys(['example_task_group']) retrieved from /home/airflow/.local/lib/python3.8/site-packages/airflow/example_dags/example_task_group.py
[2021-02-10 04:08:41,203] {logging_mixin.py:103} INFO - [2021-02-10 04:08:41,203] {dag.py:1813} INFO - Sync 1 DAGs
[2021-02-10 04:08:41,243] {logging_mixin.py:103} INFO - [2021-02-10 04:08:41,243] {dag.py:2266} INFO - Setting next_dagrun for example_task_group to 2021-02-08 00:00:00+00:00
[2021-02-10 04:08:41,272] {scheduler_job.py:189} INFO - Processing /home/airflow/.local/lib/python3.8/site-packages/airflow/example_dags/example_task_group.py took 0.098 seconds
[2021-02-10 04:08:42,826] {scheduler_job.py:181} INFO - Started process (PID=912) to work on /home/airflow/.local/lib/python3.8/site-packages/airflow/example_dags/example_task_group.py
[2021-02-10 04:08:42,829] {scheduler_job.py:629} INFO - Processing file /home/airflow/.local/lib/python3.8/site-packages/airflow/example_dags/example_task_group.py for tasks to queue
[2021-02-10 04:08:42,831] {logging_mixin.py:103} INFO - [2021-02-10 04:08:42,831] {dagbag.py:440} INFO - Filling up the DagBag from /home/airflow/.local/lib/python3.8/site-packages/airflow/example_dags/example_task_group.py
[2021-02-10 04:08:42,845] {scheduler_job.py:639} INFO - DAG(s) dict_keys(['example_task_group']) retrieved from /home/airflow/.local/lib/python3.8/site-packages/airflow/example_dags/example_task_group.py
[2021-02-10 04:08:42,848] {logging_mixin.py:103} INFO - [2021-02-10 04:08:42,848] {dag.py:1813} INFO - Sync 1 DAGs
[2021-02-10 04:08:42,887] {logging_mixin.py:103} INFO - [2021-02-10 04:08:42,887] {dag.py:2266} INFO - Setting next_dagrun for example_task_group to 2021-02-08 00:00:00+00:00
[2021-02-10 04:08:42,909] {scheduler_job.py:189} INFO - Processing /home/airflow/.local/lib/python3.8/site-packages/airflow/example_dags/example_task_group.py took 0.087 seconds
[2021-02-10 04:08:44,430] {scheduler_job.py:181} INFO - Started process (PID=937) to work on /home/airflow/.local/lib/python3.8/site-packages/airflow/example_dags/example_task_group.py
[2021-02-10 04:08:44,433] {scheduler_job.py:629} INFO - Processing file /home/airflow/.local/lib/python3.8/site-packages/airflow/example_dags/example_task_group.py for tasks to queue
[2021-02-10 04:08:44,435] {logging_mixin.py:103} INFO - [2021-02-10 04:08:44,435] {dagbag.py:440} INFO - Filling up the DagBag from /home/airflow/.local/lib/python3.8/site-packages/airflow/example_dags/example_task_group.py
[2021-02-10 04:08:44,451] {scheduler_job.py:639} INFO - DAG(s) dict_keys(['example_task_group']) retrieved from /home/airflow/.local/lib/python3.8/site-packages/airflow/example_dags/example_task_group.py
[2021-02-10 04:08:44,489] {logging_mixin.py:103} INFO - [2021-02-10 04:08:44,489] {dag.py:1813} INFO - Sync 1 DAGs
[2021-02-10 04:08:44,520] {logging_mixin.py:103} INFO - [2021-02-10 04:08:44,520] {dag.py:2266} INFO - Setting next_dagrun for example_task_group to 2021-02-08 00:00:00+00:00
[2021-02-10 04:08:44,541] {scheduler_job.py:189} INFO - Processing /home/airflow/.local/lib/python3.8/site-packages/airflow/example_dags/example_task_group.py took 0.115 seconds
[2021-02-10 04:08:45,963] {scheduler_job.py:181} INFO - Started process (PID=962) to work on /home/airflow/.local/lib/python3.8/site-packages/airflow/example_dags/example_task_group.py
[2021-02-10 04:08:45,966] {scheduler_job.py:629} INFO - Processing file /home/airflow/.local/lib/python3.8/site-packages/airflow/example_dags/example_task_group.py for tasks to queue
[2021-02-10 04:08:45,968] {logging_mixin.py:103} INFO - [2021-02-10 04:08:45,968] {dagbag.py:440} INFO - Filling up the DagBag from /home/airflow/.local/lib/python3.8/site-packages/airflow/example_dags/example_task_group.py
[2021-02-10 04:08:45,983] {scheduler_job.py:639} INFO - DAG(s) dict_keys(['example_task_group']) retrieved from /home/airflow/.local/lib/python3.8/site-packages/airflow/example_dags/example_task_group.py
[2021-02-10 04:08:45,986] {logging_mixin.py:103} INFO - [2021-02-10 04:08:45,986] {dag.py:1813} INFO - Sync 1 DAGs
[2021-02-10 04:08:46,025] {logging_mixin.py:103} INFO - [2021-02-10 04:08:46,025] {dag.py:2266} INFO - Setting next_dagrun for example_task_group to 2021-02-08 00:00:00+00:00
[2021-02-10 04:08:46,050] {scheduler_job.py:189} INFO - Processing /home/airflow/.local/lib/python3.8/site-packages/airflow/example_dags/example_task_group.py took 0.091 seconds
[2021-02-10 04:08:47,587] {scheduler_job.py:181} INFO - Started process (PID=987) to work on /home/airflow/.local/lib/python3.8/site-packages/airflow/example_dags/example_task_group.py
[2021-02-10 04:08:47,590] {scheduler_job.py:629} INFO - Processing file /home/airflow/.local/lib/python3.8/site-packages/airflow/example_dags/example_task_group.py for tasks to queue
[2021-02-10 04:08:47,593] {logging_mixin.py:103} INFO - [2021-02-10 04:08:47,593] {dagbag.py:440} INFO - Filling up the DagBag from /home/airflow/.local/lib/python3.8/site-packages/airflow/example_dags/example_task_group.py
[2021-02-10 04:08:47,610] {scheduler_job.py:639} INFO - DAG(s) dict_keys(['example_task_group']) retrieved from /home/airflow/.local/lib/python3.8/site-packages/airflow/example_dags/example_task_group.py
[2021-02-10 04:08:47,612] {logging_mixin.py:103} INFO - [2021-02-10 04:08:47,612] {dag.py:1813} INFO - Sync 1 DAGs
[2021-02-10 04:08:47,650] {logging_mixin.py:103} INFO - [2021-02-10 04:08:47,650] {dag.py:2266} INFO - Setting next_dagrun for example_task_group to 2021-02-08 00:00:00+00:00
[2021-02-10 04:08:47,672] {scheduler_job.py:189} INFO - Processing /home/airflow/.local/lib/python3.8/site-packages/airflow/example_dags/example_task_group.py took 0.091 seconds
[2021-02-10 04:08:49,196] {scheduler_job.py:181} INFO - Started process (PID=1012) to work on /home/airflow/.local/lib/python3.8/site-packages/airflow/example_dags/example_task_group.py
[2021-02-10 04:08:49,199] {scheduler_job.py:629} INFO - Processing file /home/airflow/.local/lib/python3.8/site-packages/airflow/example_dags/example_task_group.py for tasks to queue
[2021-02-10 04:08:49,200] {logging_mixin.py:103} INFO - [2021-02-10 04:08:49,200] {dagbag.py:440} INFO - Filling up the DagBag from /home/airflow/.local/lib/python3.8/site-packages/airflow/example_dags/example_task_group.py
[2021-02-10 04:08:49,223] {scheduler_job.py:639} INFO - DAG(s) dict_keys(['example_task_group']) retrieved from /home/airflow/.local/lib/python3.8/site-packages/airflow/example_dags/example_task_group.py
[2021-02-10 04:08:49,226] {logging_mixin.py:103} INFO - [2021-02-10 04:08:49,226] {dag.py:1813} INFO - Sync 1 DAGs
[2021-02-10 04:08:49,269] {logging_mixin.py:103} INFO - [2021-02-10 04:08:49,269] {dag.py:2266} INFO - Setting next_dagrun for example_task_group to 2021-02-08 00:00:00+00:00
[2021-02-10 04:08:49,298] {scheduler_job.py:189} INFO - Processing /home/airflow/.local/lib/python3.8/site-packages/airflow/example_dags/example_task_group.py took 0.106 seconds
[2021-02-10 04:08:50,722] {scheduler_job.py:181} INFO - Started process (PID=1037) to work on /home/airflow/.local/lib/python3.8/site-packages/airflow/example_dags/example_task_group.py
[2021-02-10 04:08:50,725] {scheduler_job.py:629} INFO - Processing file /home/airflow/.local/lib/python3.8/site-packages/airflow/example_dags/example_task_group.py for tasks to queue
[2021-02-10 04:08:50,727] {logging_mixin.py:103} INFO - [2021-02-10 04:08:50,727] {dagbag.py:440} INFO - Filling up the DagBag from /home/airflow/.local/lib/python3.8/site-packages/airflow/example_dags/example_task_group.py
[2021-02-10 04:08:50,743] {scheduler_job.py:639} INFO - DAG(s) dict_keys(['example_task_group']) retrieved from /home/airflow/.local/lib/python3.8/site-packages/airflow/example_dags/example_task_group.py
[2021-02-10 04:08:50,746] {logging_mixin.py:103} INFO - [2021-02-10 04:08:50,746] {dag.py:1813} INFO - Sync 1 DAGs
[2021-02-10 04:08:50,787] {logging_mixin.py:103} INFO - [2021-02-10 04:08:50,787] {dag.py:2266} INFO - Setting next_dagrun for example_task_group to 2021-02-08 00:00:00+00:00
[2021-02-10 04:08:50,813] {scheduler_job.py:189} INFO - Processing /home/airflow/.local/lib/python3.8/site-packages/airflow/example_dags/example_task_group.py took 0.099 seconds
[2021-02-10 04:08:52,246] {scheduler_job.py:181} INFO - Started process (PID=1062) to work on /home/airflow/.local/lib/python3.8/site-packages/airflow/example_dags/example_task_group.py
[2021-02-10 04:08:52,250] {scheduler_job.py:629} INFO - Processing file /home/airflow/.local/lib/python3.8/site-packages/airflow/example_dags/example_task_group.py for tasks to queue
[2021-02-10 04:08:52,257] {logging_mixin.py:103} INFO - [2021-02-10 04:08:52,254] {dagbag.py:440} INFO - Filling up the DagBag from /home/airflow/.local/lib/python3.8/site-packages/airflow/example_dags/example_task_group.py
[2021-02-10 04:08:52,279] {scheduler_job.py:639} INFO - DAG(s) dict_keys(['example_task_group']) retrieved from /home/airflow/.local/lib/python3.8/site-packages/airflow/example_dags/example_task_group.py
[2021-02-10 04:08:52,281] {logging_mixin.py:103} INFO - [2021-02-10 04:08:52,281] {dag.py:1813} INFO - Sync 1 DAGs
[2021-02-10 04:08:52,318] {logging_mixin.py:103} INFO - [2021-02-10 04:08:52,318] {dag.py:2266} INFO - Setting next_dagrun for example_task_group to 2021-02-08 00:00:00+00:00
[2021-02-10 04:08:52,342] {scheduler_job.py:189} INFO - Processing /home/airflow/.local/lib/python3.8/site-packages/airflow/example_dags/example_task_group.py took 0.105 seconds
[2021-02-10 04:08:53,824] {scheduler_job.py:181} INFO - Started process (PID=1087) to work on /home/airflow/.local/lib/python3.8/site-packages/airflow/example_dags/example_task_group.py
[2021-02-10 04:08:53,828] {scheduler_job.py:629} INFO - Processing file /home/airflow/.local/lib/python3.8/site-packages/airflow/example_dags/example_task_group.py for tasks to queue
[2021-02-10 04:08:53,830] {logging_mixin.py:103} INFO - [2021-02-10 04:08:53,829] {dagbag.py:440} INFO - Filling up the DagBag from /home/airflow/.local/lib/python3.8/site-packages/airflow/example_dags/example_task_group.py
[2021-02-10 04:08:53,845] {scheduler_job.py:639} INFO - DAG(s) dict_keys(['example_task_group']) retrieved from /home/airflow/.local/lib/python3.8/site-packages/airflow/example_dags/example_task_group.py
[2021-02-10 04:08:53,848] {logging_mixin.py:103} INFO - [2021-02-10 04:08:53,847] {dag.py:1813} INFO - Sync 1 DAGs
[2021-02-10 04:08:53,883] {logging_mixin.py:103} INFO - [2021-02-10 04:08:53,883] {dag.py:2266} INFO - Setting next_dagrun for example_task_group to 2021-02-08 00:00:00+00:00
[2021-02-10 04:08:53,905] {scheduler_job.py:189} INFO - Processing /home/airflow/.local/lib/python3.8/site-packages/airflow/example_dags/example_task_group.py took 0.086 seconds
[2021-02-10 04:08:55,289] {scheduler_job.py:181} INFO - Started process (PID=1112) to work on /home/airflow/.local/lib/python3.8/site-packages/airflow/example_dags/example_task_group.py
[2021-02-10 04:08:55,291] {scheduler_job.py:629} INFO - Processing file /home/airflow/.local/lib/python3.8/site-packages/airflow/example_dags/example_task_group.py for tasks to queue
[2021-02-10 04:08:55,293] {logging_mixin.py:103} INFO - [2021-02-10 04:08:55,293] {dagbag.py:440} INFO - Filling up the DagBag from /home/airflow/.local/lib/python3.8/site-packages/airflow/example_dags/example_task_group.py
[2021-02-10 04:08:55,312] {scheduler_job.py:639} INFO - DAG(s) dict_keys(['example_task_group']) retrieved from /home/airflow/.local/lib/python3.8/site-packages/airflow/example_dags/example_task_group.py
[2021-02-10 04:08:55,315] {logging_mixin.py:103} INFO - [2021-02-10 04:08:55,315] {dag.py:1813} INFO - Sync 1 DAGs
[2021-02-10 04:08:55,355] {logging_mixin.py:103} INFO - [2021-02-10 04:08:55,355] {dag.py:2266} INFO - Setting next_dagrun for example_task_group to 2021-02-08 00:00:00+00:00
[2021-02-10 04:08:55,380] {scheduler_job.py:189} INFO - Processing /home/airflow/.local/lib/python3.8/site-packages/airflow/example_dags/example_task_group.py took 0.097 seconds
[2021-02-10 04:27:16,465] {scheduler_job.py:181} INFO - Started process (PID=1149) to work on /home/airflow/.local/lib/python3.8/site-packages/airflow/example_dags/example_task_group.py
[2021-02-10 04:27:16,469] {scheduler_job.py:629} INFO - Processing file /home/airflow/.local/lib/python3.8/site-packages/airflow/example_dags/example_task_group.py for tasks to queue
[2021-02-10 04:27:16,471] {logging_mixin.py:103} INFO - [2021-02-10 04:27:16,471] {dagbag.py:440} INFO - Filling up the DagBag from /home/airflow/.local/lib/python3.8/site-packages/airflow/example_dags/example_task_group.py
[2021-02-10 04:27:16,490] {scheduler_job.py:639} INFO - DAG(s) dict_keys(['example_task_group']) retrieved from /home/airflow/.local/lib/python3.8/site-packages/airflow/example_dags/example_task_group.py
[2021-02-10 04:27:16,493] {logging_mixin.py:103} INFO - [2021-02-10 04:27:16,493] {dag.py:1813} INFO - Sync 1 DAGs
[2021-02-10 04:27:16,538] {logging_mixin.py:103} INFO - [2021-02-10 04:27:16,538] {dag.py:2266} INFO - Setting next_dagrun for example_task_group to 2021-02-08 00:00:00+00:00
[2021-02-10 04:27:16,611] {scheduler_job.py:189} INFO - Processing /home/airflow/.local/lib/python3.8/site-packages/airflow/example_dags/example_task_group.py took 0.150 seconds
[2021-02-10 04:27:22,545] {scheduler_job.py:181} INFO - Started process (PID=1175) to work on /home/airflow/.local/lib/python3.8/site-packages/airflow/example_dags/example_task_group.py
[2021-02-10 04:27:22,549] {scheduler_job.py:629} INFO - Processing file /home/airflow/.local/lib/python3.8/site-packages/airflow/example_dags/example_task_group.py for tasks to queue
[2021-02-10 04:27:22,551] {logging_mixin.py:103} INFO - [2021-02-10 04:27:22,551] {dagbag.py:440} INFO - Filling up the DagBag from /home/airflow/.local/lib/python3.8/site-packages/airflow/example_dags/example_task_group.py
[2021-02-10 04:27:22,580] {scheduler_job.py:639} INFO - DAG(s) dict_keys(['example_task_group']) retrieved from /home/airflow/.local/lib/python3.8/site-packages/airflow/example_dags/example_task_group.py
[2021-02-10 04:27:22,584] {logging_mixin.py:103} INFO - [2021-02-10 04:27:22,584] {dag.py:1813} INFO - Sync 1 DAGs
[2021-02-10 04:27:22,640] {logging_mixin.py:103} INFO - [2021-02-10 04:27:22,640] {dag.py:2266} INFO - Setting next_dagrun for example_task_group to 2021-02-08 00:00:00+00:00
[2021-02-10 04:27:22,676] {scheduler_job.py:189} INFO - Processing /home/airflow/.local/lib/python3.8/site-packages/airflow/example_dags/example_task_group.py took 0.135 seconds
[2021-02-10 04:27:26,948] {scheduler_job.py:181} INFO - Started process (PID=1200) to work on /home/airflow/.local/lib/python3.8/site-packages/airflow/example_dags/example_task_group.py
[2021-02-10 04:27:26,952] {scheduler_job.py:629} INFO - Processing file /home/airflow/.local/lib/python3.8/site-packages/airflow/example_dags/example_task_group.py for tasks to queue
[2021-02-10 04:27:26,956] {logging_mixin.py:103} INFO - [2021-02-10 04:27:26,956] {dagbag.py:440} INFO - Filling up the DagBag from /home/airflow/.local/lib/python3.8/site-packages/airflow/example_dags/example_task_group.py
[2021-02-10 04:27:27,011] {scheduler_job.py:639} INFO - DAG(s) dict_keys(['example_task_group']) retrieved from /home/airflow/.local/lib/python3.8/site-packages/airflow/example_dags/example_task_group.py
[2021-02-10 04:27:27,014] {logging_mixin.py:103} INFO - [2021-02-10 04:27:27,014] {dag.py:1813} INFO - Sync 1 DAGs
[2021-02-10 04:27:27,088] {logging_mixin.py:103} INFO - [2021-02-10 04:27:27,088] {dag.py:2266} INFO - Setting next_dagrun for example_task_group to 2021-02-08 00:00:00+00:00
[2021-02-10 04:27:27,174] {scheduler_job.py:189} INFO - Processing /home/airflow/.local/lib/python3.8/site-packages/airflow/example_dags/example_task_group.py took 0.231 seconds
[2021-02-10 04:27:30,774] {scheduler_job.py:181} INFO - Started process (PID=1225) to work on /home/airflow/.local/lib/python3.8/site-packages/airflow/example_dags/example_task_group.py
[2021-02-10 04:27:30,790] {scheduler_job.py:629} INFO - Processing file /home/airflow/.local/lib/python3.8/site-packages/airflow/example_dags/example_task_group.py for tasks to queue
[2021-02-10 04:27:30,793] {logging_mixin.py:103} INFO - [2021-02-10 04:27:30,793] {dagbag.py:440} INFO - Filling up the DagBag from /home/airflow/.local/lib/python3.8/site-packages/airflow/example_dags/example_task_group.py
[2021-02-10 04:27:30,864] {scheduler_job.py:639} INFO - DAG(s) dict_keys(['example_task_group']) retrieved from /home/airflow/.local/lib/python3.8/site-packages/airflow/example_dags/example_task_group.py
[2021-02-10 04:27:30,868] {logging_mixin.py:103} INFO - [2021-02-10 04:27:30,868] {dag.py:1813} INFO - Sync 1 DAGs
[2021-02-10 04:27:30,976] {logging_mixin.py:103} INFO - [2021-02-10 04:27:30,976] {dag.py:2266} INFO - Setting next_dagrun for example_task_group to 2021-02-08 00:00:00+00:00
[2021-02-10 04:27:31,031] {scheduler_job.py:189} INFO - Processing /home/airflow/.local/lib/python3.8/site-packages/airflow/example_dags/example_task_group.py took 0.269 seconds
