[2021-02-10 04:39:18,967] {scheduler_job.py:181} INFO - Started process (PID=34) to work on /home/airflow/.local/lib/python3.8/site-packages/airflow/example_dags/example_branch_python_dop_operator_3.py
[2021-02-10 04:39:18,979] {scheduler_job.py:629} INFO - Processing file /home/airflow/.local/lib/python3.8/site-packages/airflow/example_dags/example_branch_python_dop_operator_3.py for tasks to queue
[2021-02-10 04:39:18,981] {logging_mixin.py:103} INFO - [2021-02-10 04:39:18,981] {dagbag.py:440} INFO - Filling up the DagBag from /home/airflow/.local/lib/python3.8/site-packages/airflow/example_dags/example_branch_python_dop_operator_3.py
[2021-02-10 04:39:19,007] {scheduler_job.py:639} INFO - DAG(s) dict_keys(['example_branch_dop_operator_v3']) retrieved from /home/airflow/.local/lib/python3.8/site-packages/airflow/example_dags/example_branch_python_dop_operator_3.py
[2021-02-10 04:39:19,011] {logging_mixin.py:103} INFO - [2021-02-10 04:39:19,011] {dag.py:1813} INFO - Sync 1 DAGs
[2021-02-10 04:39:19,111] {logging_mixin.py:103} INFO - [2021-02-10 04:39:19,111] {dag.py:2266} INFO - Setting next_dagrun for example_branch_dop_operator_v3 to 2021-02-08 00:00:00+00:00
[2021-02-10 04:39:19,223] {scheduler_job.py:189} INFO - Processing /home/airflow/.local/lib/python3.8/site-packages/airflow/example_dags/example_branch_python_dop_operator_3.py took 0.262 seconds
[2021-02-10 04:39:27,816] {scheduler_job.py:181} INFO - Started process (PID=61) to work on /home/airflow/.local/lib/python3.8/site-packages/airflow/example_dags/example_branch_python_dop_operator_3.py
[2021-02-10 04:39:27,849] {scheduler_job.py:629} INFO - Processing file /home/airflow/.local/lib/python3.8/site-packages/airflow/example_dags/example_branch_python_dop_operator_3.py for tasks to queue
[2021-02-10 04:39:27,859] {logging_mixin.py:103} INFO - [2021-02-10 04:39:27,859] {dagbag.py:440} INFO - Filling up the DagBag from /home/airflow/.local/lib/python3.8/site-packages/airflow/example_dags/example_branch_python_dop_operator_3.py
[2021-02-10 04:39:27,972] {scheduler_job.py:639} INFO - DAG(s) dict_keys(['example_branch_dop_operator_v3']) retrieved from /home/airflow/.local/lib/python3.8/site-packages/airflow/example_dags/example_branch_python_dop_operator_3.py
[2021-02-10 04:39:27,976] {logging_mixin.py:103} INFO - [2021-02-10 04:39:27,976] {dag.py:1813} INFO - Sync 1 DAGs
[2021-02-10 04:39:28,371] {logging_mixin.py:103} INFO - [2021-02-10 04:39:28,371] {dag.py:2266} INFO - Setting next_dagrun for example_branch_dop_operator_v3 to 2021-02-08 00:00:00+00:00
[2021-02-10 04:39:28,479] {scheduler_job.py:189} INFO - Processing /home/airflow/.local/lib/python3.8/site-packages/airflow/example_dags/example_branch_python_dop_operator_3.py took 0.696 seconds
[2021-02-10 04:39:35,784] {scheduler_job.py:181} INFO - Started process (PID=85) to work on /home/airflow/.local/lib/python3.8/site-packages/airflow/example_dags/example_branch_python_dop_operator_3.py
[2021-02-10 04:39:35,796] {scheduler_job.py:629} INFO - Processing file /home/airflow/.local/lib/python3.8/site-packages/airflow/example_dags/example_branch_python_dop_operator_3.py for tasks to queue
[2021-02-10 04:39:35,814] {logging_mixin.py:103} INFO - [2021-02-10 04:39:35,814] {dagbag.py:440} INFO - Filling up the DagBag from /home/airflow/.local/lib/python3.8/site-packages/airflow/example_dags/example_branch_python_dop_operator_3.py
[2021-02-10 04:39:35,932] {scheduler_job.py:639} INFO - DAG(s) dict_keys(['example_branch_dop_operator_v3']) retrieved from /home/airflow/.local/lib/python3.8/site-packages/airflow/example_dags/example_branch_python_dop_operator_3.py
[2021-02-10 04:39:35,940] {logging_mixin.py:103} INFO - [2021-02-10 04:39:35,939] {dag.py:1813} INFO - Sync 1 DAGs
[2021-02-10 04:39:36,134] {logging_mixin.py:103} INFO - [2021-02-10 04:39:36,134] {dag.py:2266} INFO - Setting next_dagrun for example_branch_dop_operator_v3 to 2021-02-08 00:00:00+00:00
[2021-02-10 04:39:36,250] {scheduler_job.py:189} INFO - Processing /home/airflow/.local/lib/python3.8/site-packages/airflow/example_dags/example_branch_python_dop_operator_3.py took 0.477 seconds
[2021-02-10 04:39:39,466] {scheduler_job.py:181} INFO - Started process (PID=111) to work on /home/airflow/.local/lib/python3.8/site-packages/airflow/example_dags/example_branch_python_dop_operator_3.py
[2021-02-10 04:39:39,470] {scheduler_job.py:629} INFO - Processing file /home/airflow/.local/lib/python3.8/site-packages/airflow/example_dags/example_branch_python_dop_operator_3.py for tasks to queue
[2021-02-10 04:39:39,473] {logging_mixin.py:103} INFO - [2021-02-10 04:39:39,473] {dagbag.py:440} INFO - Filling up the DagBag from /home/airflow/.local/lib/python3.8/site-packages/airflow/example_dags/example_branch_python_dop_operator_3.py
[2021-02-10 04:39:39,511] {scheduler_job.py:639} INFO - DAG(s) dict_keys(['example_branch_dop_operator_v3']) retrieved from /home/airflow/.local/lib/python3.8/site-packages/airflow/example_dags/example_branch_python_dop_operator_3.py
[2021-02-10 04:39:39,514] {logging_mixin.py:103} INFO - [2021-02-10 04:39:39,513] {dag.py:1813} INFO - Sync 1 DAGs
[2021-02-10 04:39:39,642] {logging_mixin.py:103} INFO - [2021-02-10 04:39:39,642] {dag.py:2266} INFO - Setting next_dagrun for example_branch_dop_operator_v3 to 2021-02-08 00:00:00+00:00
[2021-02-10 04:39:39,667] {scheduler_job.py:189} INFO - Processing /home/airflow/.local/lib/python3.8/site-packages/airflow/example_dags/example_branch_python_dop_operator_3.py took 0.206 seconds
[2021-02-10 04:39:42,052] {scheduler_job.py:181} INFO - Started process (PID=135) to work on /home/airflow/.local/lib/python3.8/site-packages/airflow/example_dags/example_branch_python_dop_operator_3.py
[2021-02-10 04:39:42,055] {scheduler_job.py:629} INFO - Processing file /home/airflow/.local/lib/python3.8/site-packages/airflow/example_dags/example_branch_python_dop_operator_3.py for tasks to queue
[2021-02-10 04:39:42,064] {logging_mixin.py:103} INFO - [2021-02-10 04:39:42,062] {dagbag.py:440} INFO - Filling up the DagBag from /home/airflow/.local/lib/python3.8/site-packages/airflow/example_dags/example_branch_python_dop_operator_3.py
[2021-02-10 04:39:42,096] {scheduler_job.py:639} INFO - DAG(s) dict_keys(['example_branch_dop_operator_v3']) retrieved from /home/airflow/.local/lib/python3.8/site-packages/airflow/example_dags/example_branch_python_dop_operator_3.py
[2021-02-10 04:39:42,099] {logging_mixin.py:103} INFO - [2021-02-10 04:39:42,099] {dag.py:1813} INFO - Sync 1 DAGs
[2021-02-10 04:39:42,214] {logging_mixin.py:103} INFO - [2021-02-10 04:39:42,214] {dag.py:2266} INFO - Setting next_dagrun for example_branch_dop_operator_v3 to 2021-02-08 00:00:00+00:00
[2021-02-10 04:39:42,239] {scheduler_job.py:189} INFO - Processing /home/airflow/.local/lib/python3.8/site-packages/airflow/example_dags/example_branch_python_dop_operator_3.py took 0.195 seconds
[2021-02-10 04:39:44,932] {scheduler_job.py:181} INFO - Started process (PID=161) to work on /home/airflow/.local/lib/python3.8/site-packages/airflow/example_dags/example_branch_python_dop_operator_3.py
[2021-02-10 04:39:44,935] {scheduler_job.py:629} INFO - Processing file /home/airflow/.local/lib/python3.8/site-packages/airflow/example_dags/example_branch_python_dop_operator_3.py for tasks to queue
[2021-02-10 04:39:44,938] {logging_mixin.py:103} INFO - [2021-02-10 04:39:44,938] {dagbag.py:440} INFO - Filling up the DagBag from /home/airflow/.local/lib/python3.8/site-packages/airflow/example_dags/example_branch_python_dop_operator_3.py
[2021-02-10 04:39:44,967] {scheduler_job.py:639} INFO - DAG(s) dict_keys(['example_branch_dop_operator_v3']) retrieved from /home/airflow/.local/lib/python3.8/site-packages/airflow/example_dags/example_branch_python_dop_operator_3.py
[2021-02-10 04:39:44,972] {logging_mixin.py:103} INFO - [2021-02-10 04:39:44,971] {dag.py:1813} INFO - Sync 1 DAGs
[2021-02-10 04:39:45,079] {logging_mixin.py:103} INFO - [2021-02-10 04:39:45,079] {dag.py:2266} INFO - Setting next_dagrun for example_branch_dop_operator_v3 to 2021-02-08 00:00:00+00:00
[2021-02-10 04:39:45,112] {scheduler_job.py:189} INFO - Processing /home/airflow/.local/lib/python3.8/site-packages/airflow/example_dags/example_branch_python_dop_operator_3.py took 0.187 seconds
[2021-02-10 04:39:48,020] {scheduler_job.py:181} INFO - Started process (PID=185) to work on /home/airflow/.local/lib/python3.8/site-packages/airflow/example_dags/example_branch_python_dop_operator_3.py
[2021-02-10 04:39:48,027] {scheduler_job.py:629} INFO - Processing file /home/airflow/.local/lib/python3.8/site-packages/airflow/example_dags/example_branch_python_dop_operator_3.py for tasks to queue
[2021-02-10 04:39:48,029] {logging_mixin.py:103} INFO - [2021-02-10 04:39:48,028] {dagbag.py:440} INFO - Filling up the DagBag from /home/airflow/.local/lib/python3.8/site-packages/airflow/example_dags/example_branch_python_dop_operator_3.py
[2021-02-10 04:39:48,077] {scheduler_job.py:639} INFO - DAG(s) dict_keys(['example_branch_dop_operator_v3']) retrieved from /home/airflow/.local/lib/python3.8/site-packages/airflow/example_dags/example_branch_python_dop_operator_3.py
[2021-02-10 04:39:48,083] {logging_mixin.py:103} INFO - [2021-02-10 04:39:48,082] {dag.py:1813} INFO - Sync 1 DAGs
[2021-02-10 04:39:48,254] {logging_mixin.py:103} INFO - [2021-02-10 04:39:48,253] {dag.py:2266} INFO - Setting next_dagrun for example_branch_dop_operator_v3 to 2021-02-08 00:00:00+00:00
[2021-02-10 04:39:48,329] {scheduler_job.py:189} INFO - Processing /home/airflow/.local/lib/python3.8/site-packages/airflow/example_dags/example_branch_python_dop_operator_3.py took 0.316 seconds
[2021-02-10 04:39:51,568] {scheduler_job.py:181} INFO - Started process (PID=211) to work on /home/airflow/.local/lib/python3.8/site-packages/airflow/example_dags/example_branch_python_dop_operator_3.py
[2021-02-10 04:39:51,576] {scheduler_job.py:629} INFO - Processing file /home/airflow/.local/lib/python3.8/site-packages/airflow/example_dags/example_branch_python_dop_operator_3.py for tasks to queue
[2021-02-10 04:39:51,578] {logging_mixin.py:103} INFO - [2021-02-10 04:39:51,578] {dagbag.py:440} INFO - Filling up the DagBag from /home/airflow/.local/lib/python3.8/site-packages/airflow/example_dags/example_branch_python_dop_operator_3.py
[2021-02-10 04:39:51,677] {scheduler_job.py:639} INFO - DAG(s) dict_keys(['example_branch_dop_operator_v3']) retrieved from /home/airflow/.local/lib/python3.8/site-packages/airflow/example_dags/example_branch_python_dop_operator_3.py
[2021-02-10 04:39:51,680] {logging_mixin.py:103} INFO - [2021-02-10 04:39:51,680] {dag.py:1813} INFO - Sync 1 DAGs
[2021-02-10 04:39:51,836] {logging_mixin.py:103} INFO - [2021-02-10 04:39:51,836] {dag.py:2266} INFO - Setting next_dagrun for example_branch_dop_operator_v3 to 2021-02-08 00:00:00+00:00
[2021-02-10 04:39:51,925] {scheduler_job.py:189} INFO - Processing /home/airflow/.local/lib/python3.8/site-packages/airflow/example_dags/example_branch_python_dop_operator_3.py took 0.365 seconds
[2021-02-10 04:39:55,031] {scheduler_job.py:181} INFO - Started process (PID=235) to work on /home/airflow/.local/lib/python3.8/site-packages/airflow/example_dags/example_branch_python_dop_operator_3.py
[2021-02-10 04:39:55,035] {scheduler_job.py:629} INFO - Processing file /home/airflow/.local/lib/python3.8/site-packages/airflow/example_dags/example_branch_python_dop_operator_3.py for tasks to queue
[2021-02-10 04:39:55,037] {logging_mixin.py:103} INFO - [2021-02-10 04:39:55,037] {dagbag.py:440} INFO - Filling up the DagBag from /home/airflow/.local/lib/python3.8/site-packages/airflow/example_dags/example_branch_python_dop_operator_3.py
[2021-02-10 04:39:55,060] {scheduler_job.py:639} INFO - DAG(s) dict_keys(['example_branch_dop_operator_v3']) retrieved from /home/airflow/.local/lib/python3.8/site-packages/airflow/example_dags/example_branch_python_dop_operator_3.py
[2021-02-10 04:39:55,064] {logging_mixin.py:103} INFO - [2021-02-10 04:39:55,064] {dag.py:1813} INFO - Sync 1 DAGs
[2021-02-10 04:39:55,169] {logging_mixin.py:103} INFO - [2021-02-10 04:39:55,169] {dag.py:2266} INFO - Setting next_dagrun for example_branch_dop_operator_v3 to 2021-02-08 00:00:00+00:00
[2021-02-10 04:39:55,240] {scheduler_job.py:189} INFO - Processing /home/airflow/.local/lib/python3.8/site-packages/airflow/example_dags/example_branch_python_dop_operator_3.py took 0.214 seconds
[2021-02-10 04:39:58,409] {scheduler_job.py:181} INFO - Started process (PID=260) to work on /home/airflow/.local/lib/python3.8/site-packages/airflow/example_dags/example_branch_python_dop_operator_3.py
[2021-02-10 04:39:58,414] {scheduler_job.py:629} INFO - Processing file /home/airflow/.local/lib/python3.8/site-packages/airflow/example_dags/example_branch_python_dop_operator_3.py for tasks to queue
[2021-02-10 04:39:58,419] {logging_mixin.py:103} INFO - [2021-02-10 04:39:58,419] {dagbag.py:440} INFO - Filling up the DagBag from /home/airflow/.local/lib/python3.8/site-packages/airflow/example_dags/example_branch_python_dop_operator_3.py
[2021-02-10 04:39:58,464] {scheduler_job.py:639} INFO - DAG(s) dict_keys(['example_branch_dop_operator_v3']) retrieved from /home/airflow/.local/lib/python3.8/site-packages/airflow/example_dags/example_branch_python_dop_operator_3.py
[2021-02-10 04:39:58,471] {logging_mixin.py:103} INFO - [2021-02-10 04:39:58,471] {dag.py:1813} INFO - Sync 1 DAGs
[2021-02-10 04:39:58,589] {logging_mixin.py:103} INFO - [2021-02-10 04:39:58,589] {dag.py:2266} INFO - Setting next_dagrun for example_branch_dop_operator_v3 to 2021-02-08 00:00:00+00:00
[2021-02-10 04:39:58,654] {scheduler_job.py:189} INFO - Processing /home/airflow/.local/lib/python3.8/site-packages/airflow/example_dags/example_branch_python_dop_operator_3.py took 0.251 seconds
[2021-02-10 04:40:03,468] {scheduler_job.py:181} INFO - Started process (PID=287) to work on /home/airflow/.local/lib/python3.8/site-packages/airflow/example_dags/example_branch_python_dop_operator_3.py
[2021-02-10 04:40:03,474] {scheduler_job.py:629} INFO - Processing file /home/airflow/.local/lib/python3.8/site-packages/airflow/example_dags/example_branch_python_dop_operator_3.py for tasks to queue
[2021-02-10 04:40:03,477] {logging_mixin.py:103} INFO - [2021-02-10 04:40:03,477] {dagbag.py:440} INFO - Filling up the DagBag from /home/airflow/.local/lib/python3.8/site-packages/airflow/example_dags/example_branch_python_dop_operator_3.py
[2021-02-10 04:40:03,509] {scheduler_job.py:639} INFO - DAG(s) dict_keys(['example_branch_dop_operator_v3']) retrieved from /home/airflow/.local/lib/python3.8/site-packages/airflow/example_dags/example_branch_python_dop_operator_3.py
[2021-02-10 04:40:03,524] {logging_mixin.py:103} INFO - [2021-02-10 04:40:03,523] {dag.py:1813} INFO - Sync 1 DAGs
[2021-02-10 04:40:03,652] {logging_mixin.py:103} INFO - [2021-02-10 04:40:03,651] {dag.py:2266} INFO - Setting next_dagrun for example_branch_dop_operator_v3 to 2021-02-08 00:00:00+00:00
[2021-02-10 04:40:03,816] {scheduler_job.py:189} INFO - Processing /home/airflow/.local/lib/python3.8/site-packages/airflow/example_dags/example_branch_python_dop_operator_3.py took 0.356 seconds
[2021-02-10 04:40:09,298] {scheduler_job.py:181} INFO - Started process (PID=311) to work on /home/airflow/.local/lib/python3.8/site-packages/airflow/example_dags/example_branch_python_dop_operator_3.py
[2021-02-10 04:40:09,307] {scheduler_job.py:629} INFO - Processing file /home/airflow/.local/lib/python3.8/site-packages/airflow/example_dags/example_branch_python_dop_operator_3.py for tasks to queue
[2021-02-10 04:40:09,312] {logging_mixin.py:103} INFO - [2021-02-10 04:40:09,312] {dagbag.py:440} INFO - Filling up the DagBag from /home/airflow/.local/lib/python3.8/site-packages/airflow/example_dags/example_branch_python_dop_operator_3.py
[2021-02-10 04:40:09,344] {scheduler_job.py:639} INFO - DAG(s) dict_keys(['example_branch_dop_operator_v3']) retrieved from /home/airflow/.local/lib/python3.8/site-packages/airflow/example_dags/example_branch_python_dop_operator_3.py
[2021-02-10 04:40:09,347] {logging_mixin.py:103} INFO - [2021-02-10 04:40:09,347] {dag.py:1813} INFO - Sync 1 DAGs
[2021-02-10 04:40:09,455] {logging_mixin.py:103} INFO - [2021-02-10 04:40:09,454] {dag.py:2266} INFO - Setting next_dagrun for example_branch_dop_operator_v3 to 2021-02-08 00:00:00+00:00
[2021-02-10 04:40:09,489] {scheduler_job.py:189} INFO - Processing /home/airflow/.local/lib/python3.8/site-packages/airflow/example_dags/example_branch_python_dop_operator_3.py took 0.202 seconds
[2021-02-10 04:40:13,121] {scheduler_job.py:181} INFO - Started process (PID=337) to work on /home/airflow/.local/lib/python3.8/site-packages/airflow/example_dags/example_branch_python_dop_operator_3.py
[2021-02-10 04:40:13,124] {scheduler_job.py:629} INFO - Processing file /home/airflow/.local/lib/python3.8/site-packages/airflow/example_dags/example_branch_python_dop_operator_3.py for tasks to queue
[2021-02-10 04:40:13,127] {logging_mixin.py:103} INFO - [2021-02-10 04:40:13,127] {dagbag.py:440} INFO - Filling up the DagBag from /home/airflow/.local/lib/python3.8/site-packages/airflow/example_dags/example_branch_python_dop_operator_3.py
[2021-02-10 04:40:13,175] {scheduler_job.py:639} INFO - DAG(s) dict_keys(['example_branch_dop_operator_v3']) retrieved from /home/airflow/.local/lib/python3.8/site-packages/airflow/example_dags/example_branch_python_dop_operator_3.py
[2021-02-10 04:40:13,186] {logging_mixin.py:103} INFO - [2021-02-10 04:40:13,185] {dag.py:1813} INFO - Sync 1 DAGs
[2021-02-10 04:40:13,291] {logging_mixin.py:103} INFO - [2021-02-10 04:40:13,291] {dag.py:2266} INFO - Setting next_dagrun for example_branch_dop_operator_v3 to 2021-02-08 00:00:00+00:00
[2021-02-10 04:40:13,329] {scheduler_job.py:189} INFO - Processing /home/airflow/.local/lib/python3.8/site-packages/airflow/example_dags/example_branch_python_dop_operator_3.py took 0.216 seconds
[2021-02-10 04:40:15,983] {scheduler_job.py:181} INFO - Started process (PID=361) to work on /home/airflow/.local/lib/python3.8/site-packages/airflow/example_dags/example_branch_python_dop_operator_3.py
[2021-02-10 04:40:15,987] {scheduler_job.py:629} INFO - Processing file /home/airflow/.local/lib/python3.8/site-packages/airflow/example_dags/example_branch_python_dop_operator_3.py for tasks to queue
[2021-02-10 04:40:15,989] {logging_mixin.py:103} INFO - [2021-02-10 04:40:15,989] {dagbag.py:440} INFO - Filling up the DagBag from /home/airflow/.local/lib/python3.8/site-packages/airflow/example_dags/example_branch_python_dop_operator_3.py
[2021-02-10 04:40:16,021] {scheduler_job.py:639} INFO - DAG(s) dict_keys(['example_branch_dop_operator_v3']) retrieved from /home/airflow/.local/lib/python3.8/site-packages/airflow/example_dags/example_branch_python_dop_operator_3.py
[2021-02-10 04:40:16,024] {logging_mixin.py:103} INFO - [2021-02-10 04:40:16,024] {dag.py:1813} INFO - Sync 1 DAGs
[2021-02-10 04:40:16,128] {logging_mixin.py:103} INFO - [2021-02-10 04:40:16,127] {dag.py:2266} INFO - Setting next_dagrun for example_branch_dop_operator_v3 to 2021-02-08 00:00:00+00:00
[2021-02-10 04:40:16,165] {scheduler_job.py:189} INFO - Processing /home/airflow/.local/lib/python3.8/site-packages/airflow/example_dags/example_branch_python_dop_operator_3.py took 0.189 seconds
[2021-02-10 04:40:18,658] {scheduler_job.py:181} INFO - Started process (PID=387) to work on /home/airflow/.local/lib/python3.8/site-packages/airflow/example_dags/example_branch_python_dop_operator_3.py
[2021-02-10 04:40:18,661] {scheduler_job.py:629} INFO - Processing file /home/airflow/.local/lib/python3.8/site-packages/airflow/example_dags/example_branch_python_dop_operator_3.py for tasks to queue
[2021-02-10 04:40:18,664] {logging_mixin.py:103} INFO - [2021-02-10 04:40:18,664] {dagbag.py:440} INFO - Filling up the DagBag from /home/airflow/.local/lib/python3.8/site-packages/airflow/example_dags/example_branch_python_dop_operator_3.py
[2021-02-10 04:40:18,689] {scheduler_job.py:639} INFO - DAG(s) dict_keys(['example_branch_dop_operator_v3']) retrieved from /home/airflow/.local/lib/python3.8/site-packages/airflow/example_dags/example_branch_python_dop_operator_3.py
[2021-02-10 04:40:18,692] {logging_mixin.py:103} INFO - [2021-02-10 04:40:18,692] {dag.py:1813} INFO - Sync 1 DAGs
[2021-02-10 04:40:18,796] {logging_mixin.py:103} INFO - [2021-02-10 04:40:18,796] {dag.py:2266} INFO - Setting next_dagrun for example_branch_dop_operator_v3 to 2021-02-08 00:00:00+00:00
[2021-02-10 04:40:18,844] {scheduler_job.py:189} INFO - Processing /home/airflow/.local/lib/python3.8/site-packages/airflow/example_dags/example_branch_python_dop_operator_3.py took 0.191 seconds
[2021-02-10 04:40:21,539] {scheduler_job.py:181} INFO - Started process (PID=411) to work on /home/airflow/.local/lib/python3.8/site-packages/airflow/example_dags/example_branch_python_dop_operator_3.py
[2021-02-10 04:40:21,544] {scheduler_job.py:629} INFO - Processing file /home/airflow/.local/lib/python3.8/site-packages/airflow/example_dags/example_branch_python_dop_operator_3.py for tasks to queue
[2021-02-10 04:40:21,548] {logging_mixin.py:103} INFO - [2021-02-10 04:40:21,548] {dagbag.py:440} INFO - Filling up the DagBag from /home/airflow/.local/lib/python3.8/site-packages/airflow/example_dags/example_branch_python_dop_operator_3.py
[2021-02-10 04:40:21,593] {scheduler_job.py:639} INFO - DAG(s) dict_keys(['example_branch_dop_operator_v3']) retrieved from /home/airflow/.local/lib/python3.8/site-packages/airflow/example_dags/example_branch_python_dop_operator_3.py
[2021-02-10 04:40:21,597] {logging_mixin.py:103} INFO - [2021-02-10 04:40:21,596] {dag.py:1813} INFO - Sync 1 DAGs
[2021-02-10 04:40:21,712] {logging_mixin.py:103} INFO - [2021-02-10 04:40:21,712] {dag.py:2266} INFO - Setting next_dagrun for example_branch_dop_operator_v3 to 2021-02-08 00:00:00+00:00
[2021-02-10 04:40:21,755] {scheduler_job.py:189} INFO - Processing /home/airflow/.local/lib/python3.8/site-packages/airflow/example_dags/example_branch_python_dop_operator_3.py took 0.225 seconds
[2021-02-10 04:40:24,627] {scheduler_job.py:181} INFO - Started process (PID=437) to work on /home/airflow/.local/lib/python3.8/site-packages/airflow/example_dags/example_branch_python_dop_operator_3.py
[2021-02-10 04:40:24,630] {scheduler_job.py:629} INFO - Processing file /home/airflow/.local/lib/python3.8/site-packages/airflow/example_dags/example_branch_python_dop_operator_3.py for tasks to queue
[2021-02-10 04:40:24,632] {logging_mixin.py:103} INFO - [2021-02-10 04:40:24,632] {dagbag.py:440} INFO - Filling up the DagBag from /home/airflow/.local/lib/python3.8/site-packages/airflow/example_dags/example_branch_python_dop_operator_3.py
[2021-02-10 04:40:24,661] {scheduler_job.py:639} INFO - DAG(s) dict_keys(['example_branch_dop_operator_v3']) retrieved from /home/airflow/.local/lib/python3.8/site-packages/airflow/example_dags/example_branch_python_dop_operator_3.py
[2021-02-10 04:40:24,666] {logging_mixin.py:103} INFO - [2021-02-10 04:40:24,666] {dag.py:1813} INFO - Sync 1 DAGs
[2021-02-10 04:40:24,759] {logging_mixin.py:103} INFO - [2021-02-10 04:40:24,759] {dag.py:2266} INFO - Setting next_dagrun for example_branch_dop_operator_v3 to 2021-02-08 00:00:00+00:00
[2021-02-10 04:40:24,801] {scheduler_job.py:189} INFO - Processing /home/airflow/.local/lib/python3.8/site-packages/airflow/example_dags/example_branch_python_dop_operator_3.py took 0.181 seconds
[2021-02-10 04:40:28,175] {scheduler_job.py:181} INFO - Started process (PID=461) to work on /home/airflow/.local/lib/python3.8/site-packages/airflow/example_dags/example_branch_python_dop_operator_3.py
[2021-02-10 04:40:28,178] {scheduler_job.py:629} INFO - Processing file /home/airflow/.local/lib/python3.8/site-packages/airflow/example_dags/example_branch_python_dop_operator_3.py for tasks to queue
[2021-02-10 04:40:28,181] {logging_mixin.py:103} INFO - [2021-02-10 04:40:28,181] {dagbag.py:440} INFO - Filling up the DagBag from /home/airflow/.local/lib/python3.8/site-packages/airflow/example_dags/example_branch_python_dop_operator_3.py
[2021-02-10 04:40:28,211] {scheduler_job.py:639} INFO - DAG(s) dict_keys(['example_branch_dop_operator_v3']) retrieved from /home/airflow/.local/lib/python3.8/site-packages/airflow/example_dags/example_branch_python_dop_operator_3.py
[2021-02-10 04:40:28,214] {logging_mixin.py:103} INFO - [2021-02-10 04:40:28,214] {dag.py:1813} INFO - Sync 1 DAGs
[2021-02-10 04:40:28,328] {logging_mixin.py:103} INFO - [2021-02-10 04:40:28,327] {dag.py:2266} INFO - Setting next_dagrun for example_branch_dop_operator_v3 to 2021-02-08 00:00:00+00:00
[2021-02-10 04:40:28,382] {scheduler_job.py:189} INFO - Processing /home/airflow/.local/lib/python3.8/site-packages/airflow/example_dags/example_branch_python_dop_operator_3.py took 0.212 seconds
[2021-02-10 04:40:31,076] {scheduler_job.py:181} INFO - Started process (PID=487) to work on /home/airflow/.local/lib/python3.8/site-packages/airflow/example_dags/example_branch_python_dop_operator_3.py
[2021-02-10 04:40:31,079] {scheduler_job.py:629} INFO - Processing file /home/airflow/.local/lib/python3.8/site-packages/airflow/example_dags/example_branch_python_dop_operator_3.py for tasks to queue
[2021-02-10 04:40:31,080] {logging_mixin.py:103} INFO - [2021-02-10 04:40:31,080] {dagbag.py:440} INFO - Filling up the DagBag from /home/airflow/.local/lib/python3.8/site-packages/airflow/example_dags/example_branch_python_dop_operator_3.py
[2021-02-10 04:40:31,101] {scheduler_job.py:639} INFO - DAG(s) dict_keys(['example_branch_dop_operator_v3']) retrieved from /home/airflow/.local/lib/python3.8/site-packages/airflow/example_dags/example_branch_python_dop_operator_3.py
[2021-02-10 04:40:31,104] {logging_mixin.py:103} INFO - [2021-02-10 04:40:31,104] {dag.py:1813} INFO - Sync 1 DAGs
[2021-02-10 04:40:31,179] {logging_mixin.py:103} INFO - [2021-02-10 04:40:31,179] {dag.py:2266} INFO - Setting next_dagrun for example_branch_dop_operator_v3 to 2021-02-08 00:00:00+00:00
[2021-02-10 04:40:31,217] {scheduler_job.py:189} INFO - Processing /home/airflow/.local/lib/python3.8/site-packages/airflow/example_dags/example_branch_python_dop_operator_3.py took 0.147 seconds
[2021-02-10 04:40:34,245] {scheduler_job.py:181} INFO - Started process (PID=511) to work on /home/airflow/.local/lib/python3.8/site-packages/airflow/example_dags/example_branch_python_dop_operator_3.py
[2021-02-10 04:40:34,248] {scheduler_job.py:629} INFO - Processing file /home/airflow/.local/lib/python3.8/site-packages/airflow/example_dags/example_branch_python_dop_operator_3.py for tasks to queue
[2021-02-10 04:40:34,250] {logging_mixin.py:103} INFO - [2021-02-10 04:40:34,250] {dagbag.py:440} INFO - Filling up the DagBag from /home/airflow/.local/lib/python3.8/site-packages/airflow/example_dags/example_branch_python_dop_operator_3.py
[2021-02-10 04:40:34,275] {scheduler_job.py:639} INFO - DAG(s) dict_keys(['example_branch_dop_operator_v3']) retrieved from /home/airflow/.local/lib/python3.8/site-packages/airflow/example_dags/example_branch_python_dop_operator_3.py
[2021-02-10 04:40:34,278] {logging_mixin.py:103} INFO - [2021-02-10 04:40:34,278] {dag.py:1813} INFO - Sync 1 DAGs
[2021-02-10 04:40:34,380] {logging_mixin.py:103} INFO - [2021-02-10 04:40:34,380] {dag.py:2266} INFO - Setting next_dagrun for example_branch_dop_operator_v3 to 2021-02-08 00:00:00+00:00
[2021-02-10 04:40:34,441] {scheduler_job.py:189} INFO - Processing /home/airflow/.local/lib/python3.8/site-packages/airflow/example_dags/example_branch_python_dop_operator_3.py took 0.201 seconds
[2021-02-10 04:40:36,917] {scheduler_job.py:181} INFO - Started process (PID=537) to work on /home/airflow/.local/lib/python3.8/site-packages/airflow/example_dags/example_branch_python_dop_operator_3.py
[2021-02-10 04:40:36,921] {scheduler_job.py:629} INFO - Processing file /home/airflow/.local/lib/python3.8/site-packages/airflow/example_dags/example_branch_python_dop_operator_3.py for tasks to queue
[2021-02-10 04:40:36,924] {logging_mixin.py:103} INFO - [2021-02-10 04:40:36,923] {dagbag.py:440} INFO - Filling up the DagBag from /home/airflow/.local/lib/python3.8/site-packages/airflow/example_dags/example_branch_python_dop_operator_3.py
[2021-02-10 04:40:36,952] {scheduler_job.py:639} INFO - DAG(s) dict_keys(['example_branch_dop_operator_v3']) retrieved from /home/airflow/.local/lib/python3.8/site-packages/airflow/example_dags/example_branch_python_dop_operator_3.py
[2021-02-10 04:40:36,955] {logging_mixin.py:103} INFO - [2021-02-10 04:40:36,955] {dag.py:1813} INFO - Sync 1 DAGs
[2021-02-10 04:40:37,040] {logging_mixin.py:103} INFO - [2021-02-10 04:40:37,040] {dag.py:2266} INFO - Setting next_dagrun for example_branch_dop_operator_v3 to 2021-02-08 00:00:00+00:00
[2021-02-10 04:40:37,072] {scheduler_job.py:189} INFO - Processing /home/airflow/.local/lib/python3.8/site-packages/airflow/example_dags/example_branch_python_dop_operator_3.py took 0.161 seconds
[2021-02-10 04:40:40,069] {scheduler_job.py:181} INFO - Started process (PID=561) to work on /home/airflow/.local/lib/python3.8/site-packages/airflow/example_dags/example_branch_python_dop_operator_3.py
[2021-02-10 04:40:40,072] {scheduler_job.py:629} INFO - Processing file /home/airflow/.local/lib/python3.8/site-packages/airflow/example_dags/example_branch_python_dop_operator_3.py for tasks to queue
[2021-02-10 04:40:40,075] {logging_mixin.py:103} INFO - [2021-02-10 04:40:40,075] {dagbag.py:440} INFO - Filling up the DagBag from /home/airflow/.local/lib/python3.8/site-packages/airflow/example_dags/example_branch_python_dop_operator_3.py
[2021-02-10 04:40:40,104] {scheduler_job.py:639} INFO - DAG(s) dict_keys(['example_branch_dop_operator_v3']) retrieved from /home/airflow/.local/lib/python3.8/site-packages/airflow/example_dags/example_branch_python_dop_operator_3.py
[2021-02-10 04:40:40,107] {logging_mixin.py:103} INFO - [2021-02-10 04:40:40,107] {dag.py:1813} INFO - Sync 1 DAGs
[2021-02-10 04:40:40,237] {logging_mixin.py:103} INFO - [2021-02-10 04:40:40,236] {dag.py:2266} INFO - Setting next_dagrun for example_branch_dop_operator_v3 to 2021-02-08 00:00:00+00:00
[2021-02-10 04:40:40,416] {scheduler_job.py:189} INFO - Processing /home/airflow/.local/lib/python3.8/site-packages/airflow/example_dags/example_branch_python_dop_operator_3.py took 0.354 seconds
[2021-02-10 04:40:42,980] {scheduler_job.py:181} INFO - Started process (PID=587) to work on /home/airflow/.local/lib/python3.8/site-packages/airflow/example_dags/example_branch_python_dop_operator_3.py
[2021-02-10 04:40:42,982] {scheduler_job.py:629} INFO - Processing file /home/airflow/.local/lib/python3.8/site-packages/airflow/example_dags/example_branch_python_dop_operator_3.py for tasks to queue
[2021-02-10 04:40:42,984] {logging_mixin.py:103} INFO - [2021-02-10 04:40:42,984] {dagbag.py:440} INFO - Filling up the DagBag from /home/airflow/.local/lib/python3.8/site-packages/airflow/example_dags/example_branch_python_dop_operator_3.py
[2021-02-10 04:40:43,019] {scheduler_job.py:639} INFO - DAG(s) dict_keys(['example_branch_dop_operator_v3']) retrieved from /home/airflow/.local/lib/python3.8/site-packages/airflow/example_dags/example_branch_python_dop_operator_3.py
[2021-02-10 04:40:43,022] {logging_mixin.py:103} INFO - [2021-02-10 04:40:43,021] {dag.py:1813} INFO - Sync 1 DAGs
[2021-02-10 04:40:43,149] {logging_mixin.py:103} INFO - [2021-02-10 04:40:43,148] {dag.py:2266} INFO - Setting next_dagrun for example_branch_dop_operator_v3 to 2021-02-08 00:00:00+00:00
[2021-02-10 04:40:43,215] {scheduler_job.py:189} INFO - Processing /home/airflow/.local/lib/python3.8/site-packages/airflow/example_dags/example_branch_python_dop_operator_3.py took 0.241 seconds
[2021-02-10 04:40:45,400] {scheduler_job.py:181} INFO - Started process (PID=611) to work on /home/airflow/.local/lib/python3.8/site-packages/airflow/example_dags/example_branch_python_dop_operator_3.py
[2021-02-10 04:40:45,403] {scheduler_job.py:629} INFO - Processing file /home/airflow/.local/lib/python3.8/site-packages/airflow/example_dags/example_branch_python_dop_operator_3.py for tasks to queue
[2021-02-10 04:40:45,406] {logging_mixin.py:103} INFO - [2021-02-10 04:40:45,406] {dagbag.py:440} INFO - Filling up the DagBag from /home/airflow/.local/lib/python3.8/site-packages/airflow/example_dags/example_branch_python_dop_operator_3.py
[2021-02-10 04:40:45,439] {scheduler_job.py:639} INFO - DAG(s) dict_keys(['example_branch_dop_operator_v3']) retrieved from /home/airflow/.local/lib/python3.8/site-packages/airflow/example_dags/example_branch_python_dop_operator_3.py
[2021-02-10 04:40:45,442] {logging_mixin.py:103} INFO - [2021-02-10 04:40:45,442] {dag.py:1813} INFO - Sync 1 DAGs
[2021-02-10 04:40:45,528] {logging_mixin.py:103} INFO - [2021-02-10 04:40:45,527] {dag.py:2266} INFO - Setting next_dagrun for example_branch_dop_operator_v3 to 2021-02-08 00:00:00+00:00
[2021-02-10 04:40:45,560] {scheduler_job.py:189} INFO - Processing /home/airflow/.local/lib/python3.8/site-packages/airflow/example_dags/example_branch_python_dop_operator_3.py took 0.166 seconds
[2021-02-10 04:40:48,385] {scheduler_job.py:181} INFO - Started process (PID=637) to work on /home/airflow/.local/lib/python3.8/site-packages/airflow/example_dags/example_branch_python_dop_operator_3.py
[2021-02-10 04:40:48,394] {scheduler_job.py:629} INFO - Processing file /home/airflow/.local/lib/python3.8/site-packages/airflow/example_dags/example_branch_python_dop_operator_3.py for tasks to queue
[2021-02-10 04:40:48,399] {logging_mixin.py:103} INFO - [2021-02-10 04:40:48,398] {dagbag.py:440} INFO - Filling up the DagBag from /home/airflow/.local/lib/python3.8/site-packages/airflow/example_dags/example_branch_python_dop_operator_3.py
[2021-02-10 04:40:48,435] {scheduler_job.py:639} INFO - DAG(s) dict_keys(['example_branch_dop_operator_v3']) retrieved from /home/airflow/.local/lib/python3.8/site-packages/airflow/example_dags/example_branch_python_dop_operator_3.py
[2021-02-10 04:40:48,439] {logging_mixin.py:103} INFO - [2021-02-10 04:40:48,439] {dag.py:1813} INFO - Sync 1 DAGs
[2021-02-10 04:40:48,534] {logging_mixin.py:103} INFO - [2021-02-10 04:40:48,534] {dag.py:2266} INFO - Setting next_dagrun for example_branch_dop_operator_v3 to 2021-02-08 00:00:00+00:00
[2021-02-10 04:40:48,570] {scheduler_job.py:189} INFO - Processing /home/airflow/.local/lib/python3.8/site-packages/airflow/example_dags/example_branch_python_dop_operator_3.py took 0.200 seconds
[2021-02-10 04:40:51,561] {scheduler_job.py:181} INFO - Started process (PID=661) to work on /home/airflow/.local/lib/python3.8/site-packages/airflow/example_dags/example_branch_python_dop_operator_3.py
[2021-02-10 04:40:51,565] {scheduler_job.py:629} INFO - Processing file /home/airflow/.local/lib/python3.8/site-packages/airflow/example_dags/example_branch_python_dop_operator_3.py for tasks to queue
[2021-02-10 04:40:51,568] {logging_mixin.py:103} INFO - [2021-02-10 04:40:51,568] {dagbag.py:440} INFO - Filling up the DagBag from /home/airflow/.local/lib/python3.8/site-packages/airflow/example_dags/example_branch_python_dop_operator_3.py
[2021-02-10 04:40:51,611] {scheduler_job.py:639} INFO - DAG(s) dict_keys(['example_branch_dop_operator_v3']) retrieved from /home/airflow/.local/lib/python3.8/site-packages/airflow/example_dags/example_branch_python_dop_operator_3.py
[2021-02-10 04:40:51,615] {logging_mixin.py:103} INFO - [2021-02-10 04:40:51,615] {dag.py:1813} INFO - Sync 1 DAGs
[2021-02-10 04:40:51,720] {logging_mixin.py:103} INFO - [2021-02-10 04:40:51,719] {dag.py:2266} INFO - Setting next_dagrun for example_branch_dop_operator_v3 to 2021-02-08 00:00:00+00:00
[2021-02-10 04:40:51,763] {scheduler_job.py:189} INFO - Processing /home/airflow/.local/lib/python3.8/site-packages/airflow/example_dags/example_branch_python_dop_operator_3.py took 0.211 seconds
[2021-02-10 04:40:54,270] {scheduler_job.py:181} INFO - Started process (PID=687) to work on /home/airflow/.local/lib/python3.8/site-packages/airflow/example_dags/example_branch_python_dop_operator_3.py
[2021-02-10 04:40:54,274] {scheduler_job.py:629} INFO - Processing file /home/airflow/.local/lib/python3.8/site-packages/airflow/example_dags/example_branch_python_dop_operator_3.py for tasks to queue
[2021-02-10 04:40:54,277] {logging_mixin.py:103} INFO - [2021-02-10 04:40:54,277] {dagbag.py:440} INFO - Filling up the DagBag from /home/airflow/.local/lib/python3.8/site-packages/airflow/example_dags/example_branch_python_dop_operator_3.py
[2021-02-10 04:40:54,306] {scheduler_job.py:639} INFO - DAG(s) dict_keys(['example_branch_dop_operator_v3']) retrieved from /home/airflow/.local/lib/python3.8/site-packages/airflow/example_dags/example_branch_python_dop_operator_3.py
[2021-02-10 04:40:54,309] {logging_mixin.py:103} INFO - [2021-02-10 04:40:54,309] {dag.py:1813} INFO - Sync 1 DAGs
[2021-02-10 04:40:54,401] {logging_mixin.py:103} INFO - [2021-02-10 04:40:54,400] {dag.py:2266} INFO - Setting next_dagrun for example_branch_dop_operator_v3 to 2021-02-08 00:00:00+00:00
[2021-02-10 04:40:54,436] {scheduler_job.py:189} INFO - Processing /home/airflow/.local/lib/python3.8/site-packages/airflow/example_dags/example_branch_python_dop_operator_3.py took 0.173 seconds
[2021-02-10 04:40:56,557] {scheduler_job.py:181} INFO - Started process (PID=711) to work on /home/airflow/.local/lib/python3.8/site-packages/airflow/example_dags/example_branch_python_dop_operator_3.py
[2021-02-10 04:40:56,561] {scheduler_job.py:629} INFO - Processing file /home/airflow/.local/lib/python3.8/site-packages/airflow/example_dags/example_branch_python_dop_operator_3.py for tasks to queue
[2021-02-10 04:40:56,564] {logging_mixin.py:103} INFO - [2021-02-10 04:40:56,564] {dagbag.py:440} INFO - Filling up the DagBag from /home/airflow/.local/lib/python3.8/site-packages/airflow/example_dags/example_branch_python_dop_operator_3.py
[2021-02-10 04:40:56,589] {scheduler_job.py:639} INFO - DAG(s) dict_keys(['example_branch_dop_operator_v3']) retrieved from /home/airflow/.local/lib/python3.8/site-packages/airflow/example_dags/example_branch_python_dop_operator_3.py
[2021-02-10 04:40:56,592] {logging_mixin.py:103} INFO - [2021-02-10 04:40:56,592] {dag.py:1813} INFO - Sync 1 DAGs
[2021-02-10 04:40:56,684] {logging_mixin.py:103} INFO - [2021-02-10 04:40:56,683] {dag.py:2266} INFO - Setting next_dagrun for example_branch_dop_operator_v3 to 2021-02-08 00:00:00+00:00
[2021-02-10 04:40:56,727] {scheduler_job.py:189} INFO - Processing /home/airflow/.local/lib/python3.8/site-packages/airflow/example_dags/example_branch_python_dop_operator_3.py took 0.176 seconds
[2021-02-10 04:40:58,975] {scheduler_job.py:181} INFO - Started process (PID=737) to work on /home/airflow/.local/lib/python3.8/site-packages/airflow/example_dags/example_branch_python_dop_operator_3.py
[2021-02-10 04:40:58,977] {scheduler_job.py:629} INFO - Processing file /home/airflow/.local/lib/python3.8/site-packages/airflow/example_dags/example_branch_python_dop_operator_3.py for tasks to queue
[2021-02-10 04:40:58,979] {logging_mixin.py:103} INFO - [2021-02-10 04:40:58,979] {dagbag.py:440} INFO - Filling up the DagBag from /home/airflow/.local/lib/python3.8/site-packages/airflow/example_dags/example_branch_python_dop_operator_3.py
[2021-02-10 04:40:59,000] {scheduler_job.py:639} INFO - DAG(s) dict_keys(['example_branch_dop_operator_v3']) retrieved from /home/airflow/.local/lib/python3.8/site-packages/airflow/example_dags/example_branch_python_dop_operator_3.py
[2021-02-10 04:40:59,003] {logging_mixin.py:103} INFO - [2021-02-10 04:40:59,003] {dag.py:1813} INFO - Sync 1 DAGs
[2021-02-10 04:40:59,090] {logging_mixin.py:103} INFO - [2021-02-10 04:40:59,090] {dag.py:2266} INFO - Setting next_dagrun for example_branch_dop_operator_v3 to 2021-02-08 00:00:00+00:00
[2021-02-10 04:40:59,122] {scheduler_job.py:189} INFO - Processing /home/airflow/.local/lib/python3.8/site-packages/airflow/example_dags/example_branch_python_dop_operator_3.py took 0.153 seconds
[2021-02-10 04:41:01,750] {scheduler_job.py:181} INFO - Started process (PID=761) to work on /home/airflow/.local/lib/python3.8/site-packages/airflow/example_dags/example_branch_python_dop_operator_3.py
[2021-02-10 04:41:01,762] {scheduler_job.py:629} INFO - Processing file /home/airflow/.local/lib/python3.8/site-packages/airflow/example_dags/example_branch_python_dop_operator_3.py for tasks to queue
[2021-02-10 04:41:01,769] {logging_mixin.py:103} INFO - [2021-02-10 04:41:01,768] {dagbag.py:440} INFO - Filling up the DagBag from /home/airflow/.local/lib/python3.8/site-packages/airflow/example_dags/example_branch_python_dop_operator_3.py
[2021-02-10 04:41:01,846] {scheduler_job.py:639} INFO - DAG(s) dict_keys(['example_branch_dop_operator_v3']) retrieved from /home/airflow/.local/lib/python3.8/site-packages/airflow/example_dags/example_branch_python_dop_operator_3.py
[2021-02-10 04:41:01,849] {logging_mixin.py:103} INFO - [2021-02-10 04:41:01,848] {dag.py:1813} INFO - Sync 1 DAGs
[2021-02-10 04:41:02,055] {logging_mixin.py:103} INFO - [2021-02-10 04:41:02,055] {dag.py:2266} INFO - Setting next_dagrun for example_branch_dop_operator_v3 to 2021-02-08 00:00:00+00:00
[2021-02-10 04:41:02,181] {scheduler_job.py:189} INFO - Processing /home/airflow/.local/lib/python3.8/site-packages/airflow/example_dags/example_branch_python_dop_operator_3.py took 0.440 seconds
