[2021-02-10 04:51:14,803] {scheduler_job.py:181} INFO - Started process (PID=24) to work on /home/airflow/.local/lib/python3.8/site-packages/airflow/example_dags/example_trigger_target_dag.py
[2021-02-10 04:51:14,819] {scheduler_job.py:629} INFO - Processing file /home/airflow/.local/lib/python3.8/site-packages/airflow/example_dags/example_trigger_target_dag.py for tasks to queue
[2021-02-10 04:51:14,834] {logging_mixin.py:103} INFO - [2021-02-10 04:51:14,833] {dagbag.py:440} INFO - Filling up the DagBag from /home/airflow/.local/lib/python3.8/site-packages/airflow/example_dags/example_trigger_target_dag.py
[2021-02-10 04:51:14,922] {scheduler_job.py:639} INFO - DAG(s) dict_keys(['example_trigger_target_dag']) retrieved from /home/airflow/.local/lib/python3.8/site-packages/airflow/example_dags/example_trigger_target_dag.py
[2021-02-10 04:51:14,936] {logging_mixin.py:103} INFO - [2021-02-10 04:51:14,936] {dag.py:1813} INFO - Sync 1 DAGs
[2021-02-10 04:51:15,071] {logging_mixin.py:103} INFO - [2021-02-10 04:51:15,071] {dag.py:2266} INFO - Setting next_dagrun for example_trigger_target_dag to None
[2021-02-10 04:51:15,158] {scheduler_job.py:189} INFO - Processing /home/airflow/.local/lib/python3.8/site-packages/airflow/example_dags/example_trigger_target_dag.py took 0.369 seconds
[2021-02-10 04:51:22,268] {scheduler_job.py:181} INFO - Started process (PID=50) to work on /home/airflow/.local/lib/python3.8/site-packages/airflow/example_dags/example_trigger_target_dag.py
[2021-02-10 04:51:22,274] {scheduler_job.py:629} INFO - Processing file /home/airflow/.local/lib/python3.8/site-packages/airflow/example_dags/example_trigger_target_dag.py for tasks to queue
[2021-02-10 04:51:22,276] {logging_mixin.py:103} INFO - [2021-02-10 04:51:22,276] {dagbag.py:440} INFO - Filling up the DagBag from /home/airflow/.local/lib/python3.8/site-packages/airflow/example_dags/example_trigger_target_dag.py
[2021-02-10 04:51:22,313] {scheduler_job.py:639} INFO - DAG(s) dict_keys(['example_trigger_target_dag']) retrieved from /home/airflow/.local/lib/python3.8/site-packages/airflow/example_dags/example_trigger_target_dag.py
[2021-02-10 04:51:22,316] {logging_mixin.py:103} INFO - [2021-02-10 04:51:22,315] {dag.py:1813} INFO - Sync 1 DAGs
[2021-02-10 04:51:22,363] {logging_mixin.py:103} INFO - [2021-02-10 04:51:22,362] {dag.py:2266} INFO - Setting next_dagrun for example_trigger_target_dag to None
[2021-02-10 04:51:22,409] {scheduler_job.py:189} INFO - Processing /home/airflow/.local/lib/python3.8/site-packages/airflow/example_dags/example_trigger_target_dag.py took 0.162 seconds
[2021-02-10 04:51:25,287] {scheduler_job.py:181} INFO - Started process (PID=75) to work on /home/airflow/.local/lib/python3.8/site-packages/airflow/example_dags/example_trigger_target_dag.py
[2021-02-10 04:51:25,290] {scheduler_job.py:629} INFO - Processing file /home/airflow/.local/lib/python3.8/site-packages/airflow/example_dags/example_trigger_target_dag.py for tasks to queue
[2021-02-10 04:51:25,293] {logging_mixin.py:103} INFO - [2021-02-10 04:51:25,292] {dagbag.py:440} INFO - Filling up the DagBag from /home/airflow/.local/lib/python3.8/site-packages/airflow/example_dags/example_trigger_target_dag.py
[2021-02-10 04:51:25,322] {scheduler_job.py:639} INFO - DAG(s) dict_keys(['example_trigger_target_dag']) retrieved from /home/airflow/.local/lib/python3.8/site-packages/airflow/example_dags/example_trigger_target_dag.py
[2021-02-10 04:51:25,328] {logging_mixin.py:103} INFO - [2021-02-10 04:51:25,328] {dag.py:1813} INFO - Sync 1 DAGs
[2021-02-10 04:51:25,389] {logging_mixin.py:103} INFO - [2021-02-10 04:51:25,389] {dag.py:2266} INFO - Setting next_dagrun for example_trigger_target_dag to None
[2021-02-10 04:51:25,453] {scheduler_job.py:189} INFO - Processing /home/airflow/.local/lib/python3.8/site-packages/airflow/example_dags/example_trigger_target_dag.py took 0.174 seconds
[2021-02-10 04:51:31,375] {scheduler_job.py:181} INFO - Started process (PID=100) to work on /home/airflow/.local/lib/python3.8/site-packages/airflow/example_dags/example_trigger_target_dag.py
[2021-02-10 04:51:31,435] {scheduler_job.py:629} INFO - Processing file /home/airflow/.local/lib/python3.8/site-packages/airflow/example_dags/example_trigger_target_dag.py for tasks to queue
[2021-02-10 04:51:31,450] {logging_mixin.py:103} INFO - [2021-02-10 04:51:31,449] {dagbag.py:440} INFO - Filling up the DagBag from /home/airflow/.local/lib/python3.8/site-packages/airflow/example_dags/example_trigger_target_dag.py
[2021-02-10 04:51:31,509] {scheduler_job.py:639} INFO - DAG(s) dict_keys(['example_trigger_target_dag']) retrieved from /home/airflow/.local/lib/python3.8/site-packages/airflow/example_dags/example_trigger_target_dag.py
[2021-02-10 04:51:31,523] {logging_mixin.py:103} INFO - [2021-02-10 04:51:31,523] {dag.py:1813} INFO - Sync 1 DAGs
[2021-02-10 04:51:31,822] {logging_mixin.py:103} INFO - [2021-02-10 04:51:31,822] {dag.py:2266} INFO - Setting next_dagrun for example_trigger_target_dag to None
[2021-02-10 04:51:31,973] {scheduler_job.py:189} INFO - Processing /home/airflow/.local/lib/python3.8/site-packages/airflow/example_dags/example_trigger_target_dag.py took 0.652 seconds
[2021-02-10 04:51:40,185] {scheduler_job.py:181} INFO - Started process (PID=125) to work on /home/airflow/.local/lib/python3.8/site-packages/airflow/example_dags/example_trigger_target_dag.py
[2021-02-10 04:51:40,216] {scheduler_job.py:629} INFO - Processing file /home/airflow/.local/lib/python3.8/site-packages/airflow/example_dags/example_trigger_target_dag.py for tasks to queue
[2021-02-10 04:51:40,224] {logging_mixin.py:103} INFO - [2021-02-10 04:51:40,224] {dagbag.py:440} INFO - Filling up the DagBag from /home/airflow/.local/lib/python3.8/site-packages/airflow/example_dags/example_trigger_target_dag.py
[2021-02-10 04:51:40,326] {scheduler_job.py:639} INFO - DAG(s) dict_keys(['example_trigger_target_dag']) retrieved from /home/airflow/.local/lib/python3.8/site-packages/airflow/example_dags/example_trigger_target_dag.py
[2021-02-10 04:51:40,360] {logging_mixin.py:103} INFO - [2021-02-10 04:51:40,359] {dag.py:1813} INFO - Sync 1 DAGs
[2021-02-10 04:51:40,698] {logging_mixin.py:103} INFO - [2021-02-10 04:51:40,698] {dag.py:2266} INFO - Setting next_dagrun for example_trigger_target_dag to None
[2021-02-10 04:51:40,979] {scheduler_job.py:189} INFO - Processing /home/airflow/.local/lib/python3.8/site-packages/airflow/example_dags/example_trigger_target_dag.py took 0.835 seconds
[2021-02-10 04:51:46,394] {scheduler_job.py:181} INFO - Started process (PID=150) to work on /home/airflow/.local/lib/python3.8/site-packages/airflow/example_dags/example_trigger_target_dag.py
[2021-02-10 04:51:46,397] {scheduler_job.py:629} INFO - Processing file /home/airflow/.local/lib/python3.8/site-packages/airflow/example_dags/example_trigger_target_dag.py for tasks to queue
[2021-02-10 04:51:46,400] {logging_mixin.py:103} INFO - [2021-02-10 04:51:46,400] {dagbag.py:440} INFO - Filling up the DagBag from /home/airflow/.local/lib/python3.8/site-packages/airflow/example_dags/example_trigger_target_dag.py
[2021-02-10 04:51:46,425] {scheduler_job.py:639} INFO - DAG(s) dict_keys(['example_trigger_target_dag']) retrieved from /home/airflow/.local/lib/python3.8/site-packages/airflow/example_dags/example_trigger_target_dag.py
[2021-02-10 04:51:46,436] {logging_mixin.py:103} INFO - [2021-02-10 04:51:46,436] {dag.py:1813} INFO - Sync 1 DAGs
[2021-02-10 04:51:46,520] {logging_mixin.py:103} INFO - [2021-02-10 04:51:46,519] {dag.py:2266} INFO - Setting next_dagrun for example_trigger_target_dag to None
[2021-02-10 04:51:46,560] {scheduler_job.py:189} INFO - Processing /home/airflow/.local/lib/python3.8/site-packages/airflow/example_dags/example_trigger_target_dag.py took 0.173 seconds
[2021-02-10 04:51:49,145] {scheduler_job.py:181} INFO - Started process (PID=175) to work on /home/airflow/.local/lib/python3.8/site-packages/airflow/example_dags/example_trigger_target_dag.py
[2021-02-10 04:51:49,150] {scheduler_job.py:629} INFO - Processing file /home/airflow/.local/lib/python3.8/site-packages/airflow/example_dags/example_trigger_target_dag.py for tasks to queue
[2021-02-10 04:51:49,153] {logging_mixin.py:103} INFO - [2021-02-10 04:51:49,153] {dagbag.py:440} INFO - Filling up the DagBag from /home/airflow/.local/lib/python3.8/site-packages/airflow/example_dags/example_trigger_target_dag.py
[2021-02-10 04:51:49,177] {scheduler_job.py:639} INFO - DAG(s) dict_keys(['example_trigger_target_dag']) retrieved from /home/airflow/.local/lib/python3.8/site-packages/airflow/example_dags/example_trigger_target_dag.py
[2021-02-10 04:51:49,180] {logging_mixin.py:103} INFO - [2021-02-10 04:51:49,180] {dag.py:1813} INFO - Sync 1 DAGs
[2021-02-10 04:51:49,249] {logging_mixin.py:103} INFO - [2021-02-10 04:51:49,249] {dag.py:2266} INFO - Setting next_dagrun for example_trigger_target_dag to None
[2021-02-10 04:51:49,285] {scheduler_job.py:189} INFO - Processing /home/airflow/.local/lib/python3.8/site-packages/airflow/example_dags/example_trigger_target_dag.py took 0.146 seconds
[2021-02-10 04:51:53,002] {scheduler_job.py:181} INFO - Started process (PID=200) to work on /home/airflow/.local/lib/python3.8/site-packages/airflow/example_dags/example_trigger_target_dag.py
[2021-02-10 04:51:53,014] {scheduler_job.py:629} INFO - Processing file /home/airflow/.local/lib/python3.8/site-packages/airflow/example_dags/example_trigger_target_dag.py for tasks to queue
[2021-02-10 04:51:53,019] {logging_mixin.py:103} INFO - [2021-02-10 04:51:53,019] {dagbag.py:440} INFO - Filling up the DagBag from /home/airflow/.local/lib/python3.8/site-packages/airflow/example_dags/example_trigger_target_dag.py
[2021-02-10 04:51:53,084] {scheduler_job.py:639} INFO - DAG(s) dict_keys(['example_trigger_target_dag']) retrieved from /home/airflow/.local/lib/python3.8/site-packages/airflow/example_dags/example_trigger_target_dag.py
[2021-02-10 04:51:53,091] {logging_mixin.py:103} INFO - [2021-02-10 04:51:53,091] {dag.py:1813} INFO - Sync 1 DAGs
[2021-02-10 04:51:53,238] {logging_mixin.py:103} INFO - [2021-02-10 04:51:53,238] {dag.py:2266} INFO - Setting next_dagrun for example_trigger_target_dag to None
[2021-02-10 04:51:53,325] {scheduler_job.py:189} INFO - Processing /home/airflow/.local/lib/python3.8/site-packages/airflow/example_dags/example_trigger_target_dag.py took 0.342 seconds
[2021-02-10 04:51:59,806] {scheduler_job.py:181} INFO - Started process (PID=225) to work on /home/airflow/.local/lib/python3.8/site-packages/airflow/example_dags/example_trigger_target_dag.py
[2021-02-10 04:51:59,815] {scheduler_job.py:629} INFO - Processing file /home/airflow/.local/lib/python3.8/site-packages/airflow/example_dags/example_trigger_target_dag.py for tasks to queue
[2021-02-10 04:51:59,819] {logging_mixin.py:103} INFO - [2021-02-10 04:51:59,819] {dagbag.py:440} INFO - Filling up the DagBag from /home/airflow/.local/lib/python3.8/site-packages/airflow/example_dags/example_trigger_target_dag.py
[2021-02-10 04:51:59,900] {scheduler_job.py:639} INFO - DAG(s) dict_keys(['example_trigger_target_dag']) retrieved from /home/airflow/.local/lib/python3.8/site-packages/airflow/example_dags/example_trigger_target_dag.py
[2021-02-10 04:51:59,907] {logging_mixin.py:103} INFO - [2021-02-10 04:51:59,906] {dag.py:1813} INFO - Sync 1 DAGs
[2021-02-10 04:52:00,040] {logging_mixin.py:103} INFO - [2021-02-10 04:52:00,040] {dag.py:2266} INFO - Setting next_dagrun for example_trigger_target_dag to None
[2021-02-10 04:52:00,144] {scheduler_job.py:189} INFO - Processing /home/airflow/.local/lib/python3.8/site-packages/airflow/example_dags/example_trigger_target_dag.py took 0.350 seconds
[2021-02-10 04:52:06,633] {scheduler_job.py:181} INFO - Started process (PID=250) to work on /home/airflow/.local/lib/python3.8/site-packages/airflow/example_dags/example_trigger_target_dag.py
[2021-02-10 04:52:06,639] {scheduler_job.py:629} INFO - Processing file /home/airflow/.local/lib/python3.8/site-packages/airflow/example_dags/example_trigger_target_dag.py for tasks to queue
[2021-02-10 04:52:06,642] {logging_mixin.py:103} INFO - [2021-02-10 04:52:06,641] {dagbag.py:440} INFO - Filling up the DagBag from /home/airflow/.local/lib/python3.8/site-packages/airflow/example_dags/example_trigger_target_dag.py
[2021-02-10 04:52:06,689] {scheduler_job.py:639} INFO - DAG(s) dict_keys(['example_trigger_target_dag']) retrieved from /home/airflow/.local/lib/python3.8/site-packages/airflow/example_dags/example_trigger_target_dag.py
[2021-02-10 04:52:06,692] {logging_mixin.py:103} INFO - [2021-02-10 04:52:06,692] {dag.py:1813} INFO - Sync 1 DAGs
[2021-02-10 04:52:06,768] {logging_mixin.py:103} INFO - [2021-02-10 04:52:06,768] {dag.py:2266} INFO - Setting next_dagrun for example_trigger_target_dag to None
[2021-02-10 04:52:06,809] {scheduler_job.py:189} INFO - Processing /home/airflow/.local/lib/python3.8/site-packages/airflow/example_dags/example_trigger_target_dag.py took 0.186 seconds
[2021-02-10 04:52:11,627] {scheduler_job.py:181} INFO - Started process (PID=276) to work on /home/airflow/.local/lib/python3.8/site-packages/airflow/example_dags/example_trigger_target_dag.py
[2021-02-10 04:52:11,640] {scheduler_job.py:629} INFO - Processing file /home/airflow/.local/lib/python3.8/site-packages/airflow/example_dags/example_trigger_target_dag.py for tasks to queue
[2021-02-10 04:52:11,661] {logging_mixin.py:103} INFO - [2021-02-10 04:52:11,660] {dagbag.py:440} INFO - Filling up the DagBag from /home/airflow/.local/lib/python3.8/site-packages/airflow/example_dags/example_trigger_target_dag.py
[2021-02-10 04:52:11,724] {scheduler_job.py:639} INFO - DAG(s) dict_keys(['example_trigger_target_dag']) retrieved from /home/airflow/.local/lib/python3.8/site-packages/airflow/example_dags/example_trigger_target_dag.py
[2021-02-10 04:52:11,743] {logging_mixin.py:103} INFO - [2021-02-10 04:52:11,742] {dag.py:1813} INFO - Sync 1 DAGs
[2021-02-10 04:52:11,909] {logging_mixin.py:103} INFO - [2021-02-10 04:52:11,909] {dag.py:2266} INFO - Setting next_dagrun for example_trigger_target_dag to None
[2021-02-10 04:52:12,023] {scheduler_job.py:189} INFO - Processing /home/airflow/.local/lib/python3.8/site-packages/airflow/example_dags/example_trigger_target_dag.py took 0.417 seconds
[2021-02-10 04:52:17,085] {scheduler_job.py:181} INFO - Started process (PID=301) to work on /home/airflow/.local/lib/python3.8/site-packages/airflow/example_dags/example_trigger_target_dag.py
[2021-02-10 04:52:17,095] {scheduler_job.py:629} INFO - Processing file /home/airflow/.local/lib/python3.8/site-packages/airflow/example_dags/example_trigger_target_dag.py for tasks to queue
[2021-02-10 04:52:17,102] {logging_mixin.py:103} INFO - [2021-02-10 04:52:17,101] {dagbag.py:440} INFO - Filling up the DagBag from /home/airflow/.local/lib/python3.8/site-packages/airflow/example_dags/example_trigger_target_dag.py
[2021-02-10 04:52:17,138] {scheduler_job.py:639} INFO - DAG(s) dict_keys(['example_trigger_target_dag']) retrieved from /home/airflow/.local/lib/python3.8/site-packages/airflow/example_dags/example_trigger_target_dag.py
[2021-02-10 04:52:17,147] {logging_mixin.py:103} INFO - [2021-02-10 04:52:17,147] {dag.py:1813} INFO - Sync 1 DAGs
[2021-02-10 04:52:17,205] {logging_mixin.py:103} INFO - [2021-02-10 04:52:17,205] {dag.py:2266} INFO - Setting next_dagrun for example_trigger_target_dag to None
[2021-02-10 04:52:17,256] {scheduler_job.py:189} INFO - Processing /home/airflow/.local/lib/python3.8/site-packages/airflow/example_dags/example_trigger_target_dag.py took 0.185 seconds
[2021-02-10 04:52:22,920] {scheduler_job.py:181} INFO - Started process (PID=327) to work on /home/airflow/.local/lib/python3.8/site-packages/airflow/example_dags/example_trigger_target_dag.py
[2021-02-10 04:52:22,926] {scheduler_job.py:629} INFO - Processing file /home/airflow/.local/lib/python3.8/site-packages/airflow/example_dags/example_trigger_target_dag.py for tasks to queue
[2021-02-10 04:52:22,929] {logging_mixin.py:103} INFO - [2021-02-10 04:52:22,929] {dagbag.py:440} INFO - Filling up the DagBag from /home/airflow/.local/lib/python3.8/site-packages/airflow/example_dags/example_trigger_target_dag.py
[2021-02-10 04:52:22,980] {scheduler_job.py:639} INFO - DAG(s) dict_keys(['example_trigger_target_dag']) retrieved from /home/airflow/.local/lib/python3.8/site-packages/airflow/example_dags/example_trigger_target_dag.py
[2021-02-10 04:52:22,988] {logging_mixin.py:103} INFO - [2021-02-10 04:52:22,988] {dag.py:1813} INFO - Sync 1 DAGs
[2021-02-10 04:52:23,110] {logging_mixin.py:103} INFO - [2021-02-10 04:52:23,110] {dag.py:2266} INFO - Setting next_dagrun for example_trigger_target_dag to None
[2021-02-10 04:52:23,160] {scheduler_job.py:189} INFO - Processing /home/airflow/.local/lib/python3.8/site-packages/airflow/example_dags/example_trigger_target_dag.py took 0.249 seconds
[2021-02-10 04:52:27,682] {scheduler_job.py:181} INFO - Started process (PID=352) to work on /home/airflow/.local/lib/python3.8/site-packages/airflow/example_dags/example_trigger_target_dag.py
[2021-02-10 04:52:27,690] {scheduler_job.py:629} INFO - Processing file /home/airflow/.local/lib/python3.8/site-packages/airflow/example_dags/example_trigger_target_dag.py for tasks to queue
[2021-02-10 04:52:27,696] {logging_mixin.py:103} INFO - [2021-02-10 04:52:27,696] {dagbag.py:440} INFO - Filling up the DagBag from /home/airflow/.local/lib/python3.8/site-packages/airflow/example_dags/example_trigger_target_dag.py
[2021-02-10 04:52:27,737] {scheduler_job.py:639} INFO - DAG(s) dict_keys(['example_trigger_target_dag']) retrieved from /home/airflow/.local/lib/python3.8/site-packages/airflow/example_dags/example_trigger_target_dag.py
[2021-02-10 04:52:27,743] {logging_mixin.py:103} INFO - [2021-02-10 04:52:27,742] {dag.py:1813} INFO - Sync 1 DAGs
[2021-02-10 04:52:27,823] {logging_mixin.py:103} INFO - [2021-02-10 04:52:27,822] {dag.py:2266} INFO - Setting next_dagrun for example_trigger_target_dag to None
[2021-02-10 04:52:27,868] {scheduler_job.py:189} INFO - Processing /home/airflow/.local/lib/python3.8/site-packages/airflow/example_dags/example_trigger_target_dag.py took 0.196 seconds
[2021-02-10 04:52:30,060] {scheduler_job.py:181} INFO - Started process (PID=377) to work on /home/airflow/.local/lib/python3.8/site-packages/airflow/example_dags/example_trigger_target_dag.py
[2021-02-10 04:52:30,063] {scheduler_job.py:629} INFO - Processing file /home/airflow/.local/lib/python3.8/site-packages/airflow/example_dags/example_trigger_target_dag.py for tasks to queue
[2021-02-10 04:52:30,066] {logging_mixin.py:103} INFO - [2021-02-10 04:52:30,066] {dagbag.py:440} INFO - Filling up the DagBag from /home/airflow/.local/lib/python3.8/site-packages/airflow/example_dags/example_trigger_target_dag.py
[2021-02-10 04:52:30,088] {scheduler_job.py:639} INFO - DAG(s) dict_keys(['example_trigger_target_dag']) retrieved from /home/airflow/.local/lib/python3.8/site-packages/airflow/example_dags/example_trigger_target_dag.py
[2021-02-10 04:52:30,091] {logging_mixin.py:103} INFO - [2021-02-10 04:52:30,091] {dag.py:1813} INFO - Sync 1 DAGs
[2021-02-10 04:52:30,153] {logging_mixin.py:103} INFO - [2021-02-10 04:52:30,153] {dag.py:2266} INFO - Setting next_dagrun for example_trigger_target_dag to None
[2021-02-10 04:52:30,189] {scheduler_job.py:189} INFO - Processing /home/airflow/.local/lib/python3.8/site-packages/airflow/example_dags/example_trigger_target_dag.py took 0.135 seconds
[2021-02-10 04:52:33,071] {scheduler_job.py:181} INFO - Started process (PID=402) to work on /home/airflow/.local/lib/python3.8/site-packages/airflow/example_dags/example_trigger_target_dag.py
[2021-02-10 04:52:33,078] {scheduler_job.py:629} INFO - Processing file /home/airflow/.local/lib/python3.8/site-packages/airflow/example_dags/example_trigger_target_dag.py for tasks to queue
[2021-02-10 04:52:33,081] {logging_mixin.py:103} INFO - [2021-02-10 04:52:33,081] {dagbag.py:440} INFO - Filling up the DagBag from /home/airflow/.local/lib/python3.8/site-packages/airflow/example_dags/example_trigger_target_dag.py
[2021-02-10 04:52:33,125] {scheduler_job.py:639} INFO - DAG(s) dict_keys(['example_trigger_target_dag']) retrieved from /home/airflow/.local/lib/python3.8/site-packages/airflow/example_dags/example_trigger_target_dag.py
[2021-02-10 04:52:33,130] {logging_mixin.py:103} INFO - [2021-02-10 04:52:33,129] {dag.py:1813} INFO - Sync 1 DAGs
[2021-02-10 04:52:33,276] {logging_mixin.py:103} INFO - [2021-02-10 04:52:33,275] {dag.py:2266} INFO - Setting next_dagrun for example_trigger_target_dag to None
[2021-02-10 04:52:33,391] {scheduler_job.py:189} INFO - Processing /home/airflow/.local/lib/python3.8/site-packages/airflow/example_dags/example_trigger_target_dag.py took 0.331 seconds
[2021-02-10 04:52:36,814] {scheduler_job.py:181} INFO - Started process (PID=427) to work on /home/airflow/.local/lib/python3.8/site-packages/airflow/example_dags/example_trigger_target_dag.py
[2021-02-10 04:52:36,819] {scheduler_job.py:629} INFO - Processing file /home/airflow/.local/lib/python3.8/site-packages/airflow/example_dags/example_trigger_target_dag.py for tasks to queue
[2021-02-10 04:52:36,824] {logging_mixin.py:103} INFO - [2021-02-10 04:52:36,823] {dagbag.py:440} INFO - Filling up the DagBag from /home/airflow/.local/lib/python3.8/site-packages/airflow/example_dags/example_trigger_target_dag.py
[2021-02-10 04:52:36,923] {scheduler_job.py:639} INFO - DAG(s) dict_keys(['example_trigger_target_dag']) retrieved from /home/airflow/.local/lib/python3.8/site-packages/airflow/example_dags/example_trigger_target_dag.py
[2021-02-10 04:52:36,945] {logging_mixin.py:103} INFO - [2021-02-10 04:52:36,944] {dag.py:1813} INFO - Sync 1 DAGs
[2021-02-10 04:52:37,039] {logging_mixin.py:103} INFO - [2021-02-10 04:52:37,039] {dag.py:2266} INFO - Setting next_dagrun for example_trigger_target_dag to None
[2021-02-10 04:52:37,070] {scheduler_job.py:189} INFO - Processing /home/airflow/.local/lib/python3.8/site-packages/airflow/example_dags/example_trigger_target_dag.py took 0.265 seconds
[2021-02-10 04:52:40,675] {scheduler_job.py:181} INFO - Started process (PID=452) to work on /home/airflow/.local/lib/python3.8/site-packages/airflow/example_dags/example_trigger_target_dag.py
[2021-02-10 04:52:40,679] {scheduler_job.py:629} INFO - Processing file /home/airflow/.local/lib/python3.8/site-packages/airflow/example_dags/example_trigger_target_dag.py for tasks to queue
[2021-02-10 04:52:40,681] {logging_mixin.py:103} INFO - [2021-02-10 04:52:40,681] {dagbag.py:440} INFO - Filling up the DagBag from /home/airflow/.local/lib/python3.8/site-packages/airflow/example_dags/example_trigger_target_dag.py
[2021-02-10 04:52:40,705] {scheduler_job.py:639} INFO - DAG(s) dict_keys(['example_trigger_target_dag']) retrieved from /home/airflow/.local/lib/python3.8/site-packages/airflow/example_dags/example_trigger_target_dag.py
[2021-02-10 04:52:40,709] {logging_mixin.py:103} INFO - [2021-02-10 04:52:40,709] {dag.py:1813} INFO - Sync 1 DAGs
[2021-02-10 04:52:40,774] {logging_mixin.py:103} INFO - [2021-02-10 04:52:40,774] {dag.py:2266} INFO - Setting next_dagrun for example_trigger_target_dag to None
[2021-02-10 04:52:40,809] {scheduler_job.py:189} INFO - Processing /home/airflow/.local/lib/python3.8/site-packages/airflow/example_dags/example_trigger_target_dag.py took 0.140 seconds
[2021-02-10 04:52:43,345] {scheduler_job.py:181} INFO - Started process (PID=477) to work on /home/airflow/.local/lib/python3.8/site-packages/airflow/example_dags/example_trigger_target_dag.py
[2021-02-10 04:52:43,348] {scheduler_job.py:629} INFO - Processing file /home/airflow/.local/lib/python3.8/site-packages/airflow/example_dags/example_trigger_target_dag.py for tasks to queue
[2021-02-10 04:52:43,351] {logging_mixin.py:103} INFO - [2021-02-10 04:52:43,350] {dagbag.py:440} INFO - Filling up the DagBag from /home/airflow/.local/lib/python3.8/site-packages/airflow/example_dags/example_trigger_target_dag.py
[2021-02-10 04:52:43,388] {scheduler_job.py:639} INFO - DAG(s) dict_keys(['example_trigger_target_dag']) retrieved from /home/airflow/.local/lib/python3.8/site-packages/airflow/example_dags/example_trigger_target_dag.py
[2021-02-10 04:52:43,393] {logging_mixin.py:103} INFO - [2021-02-10 04:52:43,392] {dag.py:1813} INFO - Sync 1 DAGs
[2021-02-10 04:52:43,473] {logging_mixin.py:103} INFO - [2021-02-10 04:52:43,472] {dag.py:2266} INFO - Setting next_dagrun for example_trigger_target_dag to None
[2021-02-10 04:52:43,508] {scheduler_job.py:189} INFO - Processing /home/airflow/.local/lib/python3.8/site-packages/airflow/example_dags/example_trigger_target_dag.py took 0.170 seconds
[2021-02-10 04:52:46,023] {scheduler_job.py:181} INFO - Started process (PID=502) to work on /home/airflow/.local/lib/python3.8/site-packages/airflow/example_dags/example_trigger_target_dag.py
[2021-02-10 04:52:46,026] {scheduler_job.py:629} INFO - Processing file /home/airflow/.local/lib/python3.8/site-packages/airflow/example_dags/example_trigger_target_dag.py for tasks to queue
[2021-02-10 04:52:46,028] {logging_mixin.py:103} INFO - [2021-02-10 04:52:46,027] {dagbag.py:440} INFO - Filling up the DagBag from /home/airflow/.local/lib/python3.8/site-packages/airflow/example_dags/example_trigger_target_dag.py
[2021-02-10 04:52:46,046] {scheduler_job.py:639} INFO - DAG(s) dict_keys(['example_trigger_target_dag']) retrieved from /home/airflow/.local/lib/python3.8/site-packages/airflow/example_dags/example_trigger_target_dag.py
[2021-02-10 04:52:46,048] {logging_mixin.py:103} INFO - [2021-02-10 04:52:46,048] {dag.py:1813} INFO - Sync 1 DAGs
[2021-02-10 04:52:46,094] {logging_mixin.py:103} INFO - [2021-02-10 04:52:46,094] {dag.py:2266} INFO - Setting next_dagrun for example_trigger_target_dag to None
[2021-02-10 04:52:46,127] {scheduler_job.py:189} INFO - Processing /home/airflow/.local/lib/python3.8/site-packages/airflow/example_dags/example_trigger_target_dag.py took 0.110 seconds
[2021-02-10 04:52:48,866] {scheduler_job.py:181} INFO - Started process (PID=527) to work on /home/airflow/.local/lib/python3.8/site-packages/airflow/example_dags/example_trigger_target_dag.py
[2021-02-10 04:52:48,869] {scheduler_job.py:629} INFO - Processing file /home/airflow/.local/lib/python3.8/site-packages/airflow/example_dags/example_trigger_target_dag.py for tasks to queue
[2021-02-10 04:52:48,871] {logging_mixin.py:103} INFO - [2021-02-10 04:52:48,871] {dagbag.py:440} INFO - Filling up the DagBag from /home/airflow/.local/lib/python3.8/site-packages/airflow/example_dags/example_trigger_target_dag.py
[2021-02-10 04:52:48,888] {scheduler_job.py:639} INFO - DAG(s) dict_keys(['example_trigger_target_dag']) retrieved from /home/airflow/.local/lib/python3.8/site-packages/airflow/example_dags/example_trigger_target_dag.py
[2021-02-10 04:52:48,891] {logging_mixin.py:103} INFO - [2021-02-10 04:52:48,890] {dag.py:1813} INFO - Sync 1 DAGs
[2021-02-10 04:52:48,934] {logging_mixin.py:103} INFO - [2021-02-10 04:52:48,934] {dag.py:2266} INFO - Setting next_dagrun for example_trigger_target_dag to None
[2021-02-10 04:52:48,970] {scheduler_job.py:189} INFO - Processing /home/airflow/.local/lib/python3.8/site-packages/airflow/example_dags/example_trigger_target_dag.py took 0.110 seconds
[2021-02-10 04:52:50,917] {scheduler_job.py:181} INFO - Started process (PID=552) to work on /home/airflow/.local/lib/python3.8/site-packages/airflow/example_dags/example_trigger_target_dag.py
[2021-02-10 04:52:50,922] {scheduler_job.py:629} INFO - Processing file /home/airflow/.local/lib/python3.8/site-packages/airflow/example_dags/example_trigger_target_dag.py for tasks to queue
[2021-02-10 04:52:50,925] {logging_mixin.py:103} INFO - [2021-02-10 04:52:50,925] {dagbag.py:440} INFO - Filling up the DagBag from /home/airflow/.local/lib/python3.8/site-packages/airflow/example_dags/example_trigger_target_dag.py
[2021-02-10 04:52:50,955] {scheduler_job.py:639} INFO - DAG(s) dict_keys(['example_trigger_target_dag']) retrieved from /home/airflow/.local/lib/python3.8/site-packages/airflow/example_dags/example_trigger_target_dag.py
[2021-02-10 04:52:50,958] {logging_mixin.py:103} INFO - [2021-02-10 04:52:50,958] {dag.py:1813} INFO - Sync 1 DAGs
[2021-02-10 04:52:51,032] {logging_mixin.py:103} INFO - [2021-02-10 04:52:51,031] {dag.py:2266} INFO - Setting next_dagrun for example_trigger_target_dag to None
[2021-02-10 04:52:51,080] {scheduler_job.py:189} INFO - Processing /home/airflow/.local/lib/python3.8/site-packages/airflow/example_dags/example_trigger_target_dag.py took 0.170 seconds
[2021-02-10 04:52:53,416] {scheduler_job.py:181} INFO - Started process (PID=577) to work on /home/airflow/.local/lib/python3.8/site-packages/airflow/example_dags/example_trigger_target_dag.py
[2021-02-10 04:52:53,419] {scheduler_job.py:629} INFO - Processing file /home/airflow/.local/lib/python3.8/site-packages/airflow/example_dags/example_trigger_target_dag.py for tasks to queue
[2021-02-10 04:52:53,422] {logging_mixin.py:103} INFO - [2021-02-10 04:52:53,422] {dagbag.py:440} INFO - Filling up the DagBag from /home/airflow/.local/lib/python3.8/site-packages/airflow/example_dags/example_trigger_target_dag.py
[2021-02-10 04:52:53,443] {scheduler_job.py:639} INFO - DAG(s) dict_keys(['example_trigger_target_dag']) retrieved from /home/airflow/.local/lib/python3.8/site-packages/airflow/example_dags/example_trigger_target_dag.py
[2021-02-10 04:52:53,446] {logging_mixin.py:103} INFO - [2021-02-10 04:52:53,446] {dag.py:1813} INFO - Sync 1 DAGs
[2021-02-10 04:52:53,530] {logging_mixin.py:103} INFO - [2021-02-10 04:52:53,530] {dag.py:2266} INFO - Setting next_dagrun for example_trigger_target_dag to None
[2021-02-10 04:52:53,571] {scheduler_job.py:189} INFO - Processing /home/airflow/.local/lib/python3.8/site-packages/airflow/example_dags/example_trigger_target_dag.py took 0.162 seconds
[2021-02-10 04:52:56,570] {scheduler_job.py:181} INFO - Started process (PID=602) to work on /home/airflow/.local/lib/python3.8/site-packages/airflow/example_dags/example_trigger_target_dag.py
[2021-02-10 04:52:56,573] {scheduler_job.py:629} INFO - Processing file /home/airflow/.local/lib/python3.8/site-packages/airflow/example_dags/example_trigger_target_dag.py for tasks to queue
[2021-02-10 04:52:56,575] {logging_mixin.py:103} INFO - [2021-02-10 04:52:56,575] {dagbag.py:440} INFO - Filling up the DagBag from /home/airflow/.local/lib/python3.8/site-packages/airflow/example_dags/example_trigger_target_dag.py
[2021-02-10 04:52:56,595] {scheduler_job.py:639} INFO - DAG(s) dict_keys(['example_trigger_target_dag']) retrieved from /home/airflow/.local/lib/python3.8/site-packages/airflow/example_dags/example_trigger_target_dag.py
[2021-02-10 04:52:56,598] {logging_mixin.py:103} INFO - [2021-02-10 04:52:56,598] {dag.py:1813} INFO - Sync 1 DAGs
[2021-02-10 04:52:56,660] {logging_mixin.py:103} INFO - [2021-02-10 04:52:56,659] {dag.py:2266} INFO - Setting next_dagrun for example_trigger_target_dag to None
[2021-02-10 04:52:56,699] {scheduler_job.py:189} INFO - Processing /home/airflow/.local/lib/python3.8/site-packages/airflow/example_dags/example_trigger_target_dag.py took 0.135 seconds
[2021-02-10 04:52:58,766] {scheduler_job.py:181} INFO - Started process (PID=627) to work on /home/airflow/.local/lib/python3.8/site-packages/airflow/example_dags/example_trigger_target_dag.py
[2021-02-10 04:52:58,770] {scheduler_job.py:629} INFO - Processing file /home/airflow/.local/lib/python3.8/site-packages/airflow/example_dags/example_trigger_target_dag.py for tasks to queue
[2021-02-10 04:52:58,773] {logging_mixin.py:103} INFO - [2021-02-10 04:52:58,773] {dagbag.py:440} INFO - Filling up the DagBag from /home/airflow/.local/lib/python3.8/site-packages/airflow/example_dags/example_trigger_target_dag.py
[2021-02-10 04:52:58,795] {scheduler_job.py:639} INFO - DAG(s) dict_keys(['example_trigger_target_dag']) retrieved from /home/airflow/.local/lib/python3.8/site-packages/airflow/example_dags/example_trigger_target_dag.py
[2021-02-10 04:52:58,798] {logging_mixin.py:103} INFO - [2021-02-10 04:52:58,798] {dag.py:1813} INFO - Sync 1 DAGs
[2021-02-10 04:52:58,880] {logging_mixin.py:103} INFO - [2021-02-10 04:52:58,880] {dag.py:2266} INFO - Setting next_dagrun for example_trigger_target_dag to None
[2021-02-10 04:52:58,933] {scheduler_job.py:189} INFO - Processing /home/airflow/.local/lib/python3.8/site-packages/airflow/example_dags/example_trigger_target_dag.py took 0.182 seconds
[2021-02-10 04:53:01,364] {scheduler_job.py:181} INFO - Started process (PID=652) to work on /home/airflow/.local/lib/python3.8/site-packages/airflow/example_dags/example_trigger_target_dag.py
[2021-02-10 04:53:01,370] {scheduler_job.py:629} INFO - Processing file /home/airflow/.local/lib/python3.8/site-packages/airflow/example_dags/example_trigger_target_dag.py for tasks to queue
[2021-02-10 04:53:01,373] {logging_mixin.py:103} INFO - [2021-02-10 04:53:01,373] {dagbag.py:440} INFO - Filling up the DagBag from /home/airflow/.local/lib/python3.8/site-packages/airflow/example_dags/example_trigger_target_dag.py
[2021-02-10 04:53:01,400] {scheduler_job.py:639} INFO - DAG(s) dict_keys(['example_trigger_target_dag']) retrieved from /home/airflow/.local/lib/python3.8/site-packages/airflow/example_dags/example_trigger_target_dag.py
[2021-02-10 04:53:01,403] {logging_mixin.py:103} INFO - [2021-02-10 04:53:01,403] {dag.py:1813} INFO - Sync 1 DAGs
[2021-02-10 04:53:01,456] {logging_mixin.py:103} INFO - [2021-02-10 04:53:01,456] {dag.py:2266} INFO - Setting next_dagrun for example_trigger_target_dag to None
[2021-02-10 04:53:01,500] {scheduler_job.py:189} INFO - Processing /home/airflow/.local/lib/python3.8/site-packages/airflow/example_dags/example_trigger_target_dag.py took 0.146 seconds
[2021-02-10 04:53:04,518] {scheduler_job.py:181} INFO - Started process (PID=678) to work on /home/airflow/.local/lib/python3.8/site-packages/airflow/example_dags/example_trigger_target_dag.py
[2021-02-10 04:53:04,521] {scheduler_job.py:629} INFO - Processing file /home/airflow/.local/lib/python3.8/site-packages/airflow/example_dags/example_trigger_target_dag.py for tasks to queue
[2021-02-10 04:53:04,524] {logging_mixin.py:103} INFO - [2021-02-10 04:53:04,524] {dagbag.py:440} INFO - Filling up the DagBag from /home/airflow/.local/lib/python3.8/site-packages/airflow/example_dags/example_trigger_target_dag.py
[2021-02-10 04:53:04,548] {scheduler_job.py:639} INFO - DAG(s) dict_keys(['example_trigger_target_dag']) retrieved from /home/airflow/.local/lib/python3.8/site-packages/airflow/example_dags/example_trigger_target_dag.py
[2021-02-10 04:53:04,551] {logging_mixin.py:103} INFO - [2021-02-10 04:53:04,551] {dag.py:1813} INFO - Sync 1 DAGs
[2021-02-10 04:53:04,606] {logging_mixin.py:103} INFO - [2021-02-10 04:53:04,606] {dag.py:2266} INFO - Setting next_dagrun for example_trigger_target_dag to None
[2021-02-10 04:53:04,648] {scheduler_job.py:189} INFO - Processing /home/airflow/.local/lib/python3.8/site-packages/airflow/example_dags/example_trigger_target_dag.py took 0.139 seconds
[2021-02-10 04:53:08,302] {scheduler_job.py:181} INFO - Started process (PID=703) to work on /home/airflow/.local/lib/python3.8/site-packages/airflow/example_dags/example_trigger_target_dag.py
[2021-02-10 04:53:08,307] {scheduler_job.py:629} INFO - Processing file /home/airflow/.local/lib/python3.8/site-packages/airflow/example_dags/example_trigger_target_dag.py for tasks to queue
[2021-02-10 04:53:08,310] {logging_mixin.py:103} INFO - [2021-02-10 04:53:08,309] {dagbag.py:440} INFO - Filling up the DagBag from /home/airflow/.local/lib/python3.8/site-packages/airflow/example_dags/example_trigger_target_dag.py
[2021-02-10 04:53:08,351] {scheduler_job.py:639} INFO - DAG(s) dict_keys(['example_trigger_target_dag']) retrieved from /home/airflow/.local/lib/python3.8/site-packages/airflow/example_dags/example_trigger_target_dag.py
[2021-02-10 04:53:08,355] {logging_mixin.py:103} INFO - [2021-02-10 04:53:08,354] {dag.py:1813} INFO - Sync 1 DAGs
[2021-02-10 04:53:08,431] {logging_mixin.py:103} INFO - [2021-02-10 04:53:08,430] {dag.py:2266} INFO - Setting next_dagrun for example_trigger_target_dag to None
[2021-02-10 04:53:08,479] {scheduler_job.py:189} INFO - Processing /home/airflow/.local/lib/python3.8/site-packages/airflow/example_dags/example_trigger_target_dag.py took 0.187 seconds
[2021-02-10 04:53:12,756] {scheduler_job.py:181} INFO - Started process (PID=728) to work on /home/airflow/.local/lib/python3.8/site-packages/airflow/example_dags/example_trigger_target_dag.py
[2021-02-10 04:53:12,759] {scheduler_job.py:629} INFO - Processing file /home/airflow/.local/lib/python3.8/site-packages/airflow/example_dags/example_trigger_target_dag.py for tasks to queue
[2021-02-10 04:53:12,762] {logging_mixin.py:103} INFO - [2021-02-10 04:53:12,762] {dagbag.py:440} INFO - Filling up the DagBag from /home/airflow/.local/lib/python3.8/site-packages/airflow/example_dags/example_trigger_target_dag.py
[2021-02-10 04:53:12,787] {scheduler_job.py:639} INFO - DAG(s) dict_keys(['example_trigger_target_dag']) retrieved from /home/airflow/.local/lib/python3.8/site-packages/airflow/example_dags/example_trigger_target_dag.py
[2021-02-10 04:53:12,791] {logging_mixin.py:103} INFO - [2021-02-10 04:53:12,791] {dag.py:1813} INFO - Sync 1 DAGs
[2021-02-10 04:53:12,941] {logging_mixin.py:103} INFO - [2021-02-10 04:53:12,941] {dag.py:2266} INFO - Setting next_dagrun for example_trigger_target_dag to None
[2021-02-10 04:53:12,974] {scheduler_job.py:189} INFO - Processing /home/airflow/.local/lib/python3.8/site-packages/airflow/example_dags/example_trigger_target_dag.py took 0.223 seconds
[2021-02-10 04:53:16,483] {scheduler_job.py:181} INFO - Started process (PID=753) to work on /home/airflow/.local/lib/python3.8/site-packages/airflow/example_dags/example_trigger_target_dag.py
[2021-02-10 04:53:16,486] {scheduler_job.py:629} INFO - Processing file /home/airflow/.local/lib/python3.8/site-packages/airflow/example_dags/example_trigger_target_dag.py for tasks to queue
[2021-02-10 04:53:16,489] {logging_mixin.py:103} INFO - [2021-02-10 04:53:16,489] {dagbag.py:440} INFO - Filling up the DagBag from /home/airflow/.local/lib/python3.8/site-packages/airflow/example_dags/example_trigger_target_dag.py
[2021-02-10 04:53:16,517] {scheduler_job.py:639} INFO - DAG(s) dict_keys(['example_trigger_target_dag']) retrieved from /home/airflow/.local/lib/python3.8/site-packages/airflow/example_dags/example_trigger_target_dag.py
[2021-02-10 04:53:16,519] {logging_mixin.py:103} INFO - [2021-02-10 04:53:16,519] {dag.py:1813} INFO - Sync 1 DAGs
[2021-02-10 04:53:16,572] {logging_mixin.py:103} INFO - [2021-02-10 04:53:16,572] {dag.py:2266} INFO - Setting next_dagrun for example_trigger_target_dag to None
[2021-02-10 04:53:16,707] {scheduler_job.py:189} INFO - Processing /home/airflow/.local/lib/python3.8/site-packages/airflow/example_dags/example_trigger_target_dag.py took 0.231 seconds
[2021-02-10 04:53:22,489] {scheduler_job.py:181} INFO - Started process (PID=778) to work on /home/airflow/.local/lib/python3.8/site-packages/airflow/example_dags/example_trigger_target_dag.py
[2021-02-10 04:53:22,494] {scheduler_job.py:629} INFO - Processing file /home/airflow/.local/lib/python3.8/site-packages/airflow/example_dags/example_trigger_target_dag.py for tasks to queue
[2021-02-10 04:53:22,496] {logging_mixin.py:103} INFO - [2021-02-10 04:53:22,496] {dagbag.py:440} INFO - Filling up the DagBag from /home/airflow/.local/lib/python3.8/site-packages/airflow/example_dags/example_trigger_target_dag.py
[2021-02-10 04:53:22,526] {scheduler_job.py:639} INFO - DAG(s) dict_keys(['example_trigger_target_dag']) retrieved from /home/airflow/.local/lib/python3.8/site-packages/airflow/example_dags/example_trigger_target_dag.py
[2021-02-10 04:53:22,531] {logging_mixin.py:103} INFO - [2021-02-10 04:53:22,531] {dag.py:1813} INFO - Sync 1 DAGs
[2021-02-10 04:53:22,605] {logging_mixin.py:103} INFO - [2021-02-10 04:53:22,604] {dag.py:2266} INFO - Setting next_dagrun for example_trigger_target_dag to None
[2021-02-10 04:53:22,663] {scheduler_job.py:189} INFO - Processing /home/airflow/.local/lib/python3.8/site-packages/airflow/example_dags/example_trigger_target_dag.py took 0.180 seconds
[2021-02-10 04:53:24,986] {scheduler_job.py:181} INFO - Started process (PID=803) to work on /home/airflow/.local/lib/python3.8/site-packages/airflow/example_dags/example_trigger_target_dag.py
[2021-02-10 04:53:24,988] {scheduler_job.py:629} INFO - Processing file /home/airflow/.local/lib/python3.8/site-packages/airflow/example_dags/example_trigger_target_dag.py for tasks to queue
[2021-02-10 04:53:24,990] {logging_mixin.py:103} INFO - [2021-02-10 04:53:24,990] {dagbag.py:440} INFO - Filling up the DagBag from /home/airflow/.local/lib/python3.8/site-packages/airflow/example_dags/example_trigger_target_dag.py
[2021-02-10 04:53:25,007] {scheduler_job.py:639} INFO - DAG(s) dict_keys(['example_trigger_target_dag']) retrieved from /home/airflow/.local/lib/python3.8/site-packages/airflow/example_dags/example_trigger_target_dag.py
[2021-02-10 04:53:25,010] {logging_mixin.py:103} INFO - [2021-02-10 04:53:25,010] {dag.py:1813} INFO - Sync 1 DAGs
[2021-02-10 04:53:25,055] {logging_mixin.py:103} INFO - [2021-02-10 04:53:25,055] {dag.py:2266} INFO - Setting next_dagrun for example_trigger_target_dag to None
[2021-02-10 04:53:25,084] {scheduler_job.py:189} INFO - Processing /home/airflow/.local/lib/python3.8/site-packages/airflow/example_dags/example_trigger_target_dag.py took 0.103 seconds
[2021-02-10 04:53:27,717] {scheduler_job.py:181} INFO - Started process (PID=828) to work on /home/airflow/.local/lib/python3.8/site-packages/airflow/example_dags/example_trigger_target_dag.py
[2021-02-10 04:53:27,721] {scheduler_job.py:629} INFO - Processing file /home/airflow/.local/lib/python3.8/site-packages/airflow/example_dags/example_trigger_target_dag.py for tasks to queue
[2021-02-10 04:53:27,724] {logging_mixin.py:103} INFO - [2021-02-10 04:53:27,723] {dagbag.py:440} INFO - Filling up the DagBag from /home/airflow/.local/lib/python3.8/site-packages/airflow/example_dags/example_trigger_target_dag.py
[2021-02-10 04:53:27,753] {scheduler_job.py:639} INFO - DAG(s) dict_keys(['example_trigger_target_dag']) retrieved from /home/airflow/.local/lib/python3.8/site-packages/airflow/example_dags/example_trigger_target_dag.py
[2021-02-10 04:53:27,757] {logging_mixin.py:103} INFO - [2021-02-10 04:53:27,756] {dag.py:1813} INFO - Sync 1 DAGs
[2021-02-10 04:53:27,825] {logging_mixin.py:103} INFO - [2021-02-10 04:53:27,824] {dag.py:2266} INFO - Setting next_dagrun for example_trigger_target_dag to None
[2021-02-10 04:53:27,858] {scheduler_job.py:189} INFO - Processing /home/airflow/.local/lib/python3.8/site-packages/airflow/example_dags/example_trigger_target_dag.py took 0.149 seconds
[2021-02-10 04:53:30,619] {scheduler_job.py:181} INFO - Started process (PID=853) to work on /home/airflow/.local/lib/python3.8/site-packages/airflow/example_dags/example_trigger_target_dag.py
[2021-02-10 04:53:30,624] {scheduler_job.py:629} INFO - Processing file /home/airflow/.local/lib/python3.8/site-packages/airflow/example_dags/example_trigger_target_dag.py for tasks to queue
[2021-02-10 04:53:30,626] {logging_mixin.py:103} INFO - [2021-02-10 04:53:30,626] {dagbag.py:440} INFO - Filling up the DagBag from /home/airflow/.local/lib/python3.8/site-packages/airflow/example_dags/example_trigger_target_dag.py
[2021-02-10 04:53:30,648] {scheduler_job.py:639} INFO - DAG(s) dict_keys(['example_trigger_target_dag']) retrieved from /home/airflow/.local/lib/python3.8/site-packages/airflow/example_dags/example_trigger_target_dag.py
[2021-02-10 04:53:30,655] {logging_mixin.py:103} INFO - [2021-02-10 04:53:30,655] {dag.py:1813} INFO - Sync 1 DAGs
[2021-02-10 04:53:30,865] {logging_mixin.py:103} INFO - [2021-02-10 04:53:30,865] {dag.py:2266} INFO - Setting next_dagrun for example_trigger_target_dag to None
[2021-02-10 04:53:30,950] {scheduler_job.py:189} INFO - Processing /home/airflow/.local/lib/python3.8/site-packages/airflow/example_dags/example_trigger_target_dag.py took 0.346 seconds
[2021-02-10 04:53:33,834] {scheduler_job.py:181} INFO - Started process (PID=879) to work on /home/airflow/.local/lib/python3.8/site-packages/airflow/example_dags/example_trigger_target_dag.py
[2021-02-10 04:53:33,837] {scheduler_job.py:629} INFO - Processing file /home/airflow/.local/lib/python3.8/site-packages/airflow/example_dags/example_trigger_target_dag.py for tasks to queue
[2021-02-10 04:53:33,839] {logging_mixin.py:103} INFO - [2021-02-10 04:53:33,839] {dagbag.py:440} INFO - Filling up the DagBag from /home/airflow/.local/lib/python3.8/site-packages/airflow/example_dags/example_trigger_target_dag.py
[2021-02-10 04:53:33,862] {scheduler_job.py:639} INFO - DAG(s) dict_keys(['example_trigger_target_dag']) retrieved from /home/airflow/.local/lib/python3.8/site-packages/airflow/example_dags/example_trigger_target_dag.py
[2021-02-10 04:53:33,865] {logging_mixin.py:103} INFO - [2021-02-10 04:53:33,865] {dag.py:1813} INFO - Sync 1 DAGs
[2021-02-10 04:53:33,996] {logging_mixin.py:103} INFO - [2021-02-10 04:53:33,995] {dag.py:2266} INFO - Setting next_dagrun for example_trigger_target_dag to None
[2021-02-10 04:53:34,071] {scheduler_job.py:189} INFO - Processing /home/airflow/.local/lib/python3.8/site-packages/airflow/example_dags/example_trigger_target_dag.py took 0.244 seconds
[2021-02-10 04:53:36,698] {scheduler_job.py:181} INFO - Started process (PID=904) to work on /home/airflow/.local/lib/python3.8/site-packages/airflow/example_dags/example_trigger_target_dag.py
[2021-02-10 04:53:36,702] {scheduler_job.py:629} INFO - Processing file /home/airflow/.local/lib/python3.8/site-packages/airflow/example_dags/example_trigger_target_dag.py for tasks to queue
[2021-02-10 04:53:36,707] {logging_mixin.py:103} INFO - [2021-02-10 04:53:36,706] {dagbag.py:440} INFO - Filling up the DagBag from /home/airflow/.local/lib/python3.8/site-packages/airflow/example_dags/example_trigger_target_dag.py
[2021-02-10 04:53:36,760] {scheduler_job.py:639} INFO - DAG(s) dict_keys(['example_trigger_target_dag']) retrieved from /home/airflow/.local/lib/python3.8/site-packages/airflow/example_dags/example_trigger_target_dag.py
[2021-02-10 04:53:36,764] {logging_mixin.py:103} INFO - [2021-02-10 04:53:36,764] {dag.py:1813} INFO - Sync 1 DAGs
[2021-02-10 04:53:36,847] {logging_mixin.py:103} INFO - [2021-02-10 04:53:36,847] {dag.py:2266} INFO - Setting next_dagrun for example_trigger_target_dag to None
[2021-02-10 04:53:36,896] {scheduler_job.py:189} INFO - Processing /home/airflow/.local/lib/python3.8/site-packages/airflow/example_dags/example_trigger_target_dag.py took 0.207 seconds
[2021-02-10 04:53:39,815] {scheduler_job.py:181} INFO - Started process (PID=930) to work on /home/airflow/.local/lib/python3.8/site-packages/airflow/example_dags/example_trigger_target_dag.py
[2021-02-10 04:53:39,819] {scheduler_job.py:629} INFO - Processing file /home/airflow/.local/lib/python3.8/site-packages/airflow/example_dags/example_trigger_target_dag.py for tasks to queue
[2021-02-10 04:53:39,823] {logging_mixin.py:103} INFO - [2021-02-10 04:53:39,822] {dagbag.py:440} INFO - Filling up the DagBag from /home/airflow/.local/lib/python3.8/site-packages/airflow/example_dags/example_trigger_target_dag.py
[2021-02-10 04:53:39,845] {scheduler_job.py:639} INFO - DAG(s) dict_keys(['example_trigger_target_dag']) retrieved from /home/airflow/.local/lib/python3.8/site-packages/airflow/example_dags/example_trigger_target_dag.py
[2021-02-10 04:53:39,848] {logging_mixin.py:103} INFO - [2021-02-10 04:53:39,848] {dag.py:1813} INFO - Sync 1 DAGs
[2021-02-10 04:53:39,911] {logging_mixin.py:103} INFO - [2021-02-10 04:53:39,911] {dag.py:2266} INFO - Setting next_dagrun for example_trigger_target_dag to None
[2021-02-10 04:53:39,966] {scheduler_job.py:189} INFO - Processing /home/airflow/.local/lib/python3.8/site-packages/airflow/example_dags/example_trigger_target_dag.py took 0.160 seconds
[2021-02-10 04:53:42,470] {scheduler_job.py:181} INFO - Started process (PID=955) to work on /home/airflow/.local/lib/python3.8/site-packages/airflow/example_dags/example_trigger_target_dag.py
[2021-02-10 04:53:42,487] {scheduler_job.py:629} INFO - Processing file /home/airflow/.local/lib/python3.8/site-packages/airflow/example_dags/example_trigger_target_dag.py for tasks to queue
[2021-02-10 04:53:42,501] {logging_mixin.py:103} INFO - [2021-02-10 04:53:42,495] {dagbag.py:440} INFO - Filling up the DagBag from /home/airflow/.local/lib/python3.8/site-packages/airflow/example_dags/example_trigger_target_dag.py
[2021-02-10 04:53:42,562] {scheduler_job.py:639} INFO - DAG(s) dict_keys(['example_trigger_target_dag']) retrieved from /home/airflow/.local/lib/python3.8/site-packages/airflow/example_dags/example_trigger_target_dag.py
[2021-02-10 04:53:42,568] {logging_mixin.py:103} INFO - [2021-02-10 04:53:42,567] {dag.py:1813} INFO - Sync 1 DAGs
[2021-02-10 04:53:42,646] {logging_mixin.py:103} INFO - [2021-02-10 04:53:42,645] {dag.py:2266} INFO - Setting next_dagrun for example_trigger_target_dag to None
[2021-02-10 04:53:42,688] {scheduler_job.py:189} INFO - Processing /home/airflow/.local/lib/python3.8/site-packages/airflow/example_dags/example_trigger_target_dag.py took 0.253 seconds
[2021-02-10 04:53:46,998] {scheduler_job.py:181} INFO - Started process (PID=980) to work on /home/airflow/.local/lib/python3.8/site-packages/airflow/example_dags/example_trigger_target_dag.py
[2021-02-10 04:53:47,008] {scheduler_job.py:629} INFO - Processing file /home/airflow/.local/lib/python3.8/site-packages/airflow/example_dags/example_trigger_target_dag.py for tasks to queue
[2021-02-10 04:53:47,019] {logging_mixin.py:103} INFO - [2021-02-10 04:53:47,018] {dagbag.py:440} INFO - Filling up the DagBag from /home/airflow/.local/lib/python3.8/site-packages/airflow/example_dags/example_trigger_target_dag.py
