[2021-02-10 04:39:14,414] {scheduler_job.py:181} INFO - Started process (PID=24) to work on /home/airflow/.local/lib/python3.8/site-packages/airflow/example_dags/example_skip_dag.py
[2021-02-10 04:39:14,445] {scheduler_job.py:629} INFO - Processing file /home/airflow/.local/lib/python3.8/site-packages/airflow/example_dags/example_skip_dag.py for tasks to queue
[2021-02-10 04:39:14,452] {logging_mixin.py:103} INFO - [2021-02-10 04:39:14,452] {dagbag.py:440} INFO - Filling up the DagBag from /home/airflow/.local/lib/python3.8/site-packages/airflow/example_dags/example_skip_dag.py
[2021-02-10 04:39:14,501] {scheduler_job.py:639} INFO - DAG(s) dict_keys(['example_skip_dag']) retrieved from /home/airflow/.local/lib/python3.8/site-packages/airflow/example_dags/example_skip_dag.py
[2021-02-10 04:39:14,515] {logging_mixin.py:103} INFO - [2021-02-10 04:39:14,515] {dag.py:1813} INFO - Sync 1 DAGs
[2021-02-10 04:39:14,639] {logging_mixin.py:103} INFO - [2021-02-10 04:39:14,639] {dag.py:2266} INFO - Setting next_dagrun for example_skip_dag to 2021-02-08 00:00:00+00:00
[2021-02-10 04:39:14,708] {scheduler_job.py:189} INFO - Processing /home/airflow/.local/lib/python3.8/site-packages/airflow/example_dags/example_skip_dag.py took 0.314 seconds
[2021-02-10 04:39:24,063] {scheduler_job.py:181} INFO - Started process (PID=50) to work on /home/airflow/.local/lib/python3.8/site-packages/airflow/example_dags/example_skip_dag.py
[2021-02-10 04:39:24,098] {scheduler_job.py:629} INFO - Processing file /home/airflow/.local/lib/python3.8/site-packages/airflow/example_dags/example_skip_dag.py for tasks to queue
[2021-02-10 04:39:24,118] {logging_mixin.py:103} INFO - [2021-02-10 04:39:24,114] {dagbag.py:440} INFO - Filling up the DagBag from /home/airflow/.local/lib/python3.8/site-packages/airflow/example_dags/example_skip_dag.py
[2021-02-10 04:39:24,273] {scheduler_job.py:639} INFO - DAG(s) dict_keys(['example_skip_dag']) retrieved from /home/airflow/.local/lib/python3.8/site-packages/airflow/example_dags/example_skip_dag.py
[2021-02-10 04:39:24,309] {logging_mixin.py:103} INFO - [2021-02-10 04:39:24,309] {dag.py:1813} INFO - Sync 1 DAGs
[2021-02-10 04:39:24,501] {logging_mixin.py:103} INFO - [2021-02-10 04:39:24,500] {dag.py:2266} INFO - Setting next_dagrun for example_skip_dag to 2021-02-08 00:00:00+00:00
[2021-02-10 04:39:24,601] {scheduler_job.py:189} INFO - Processing /home/airflow/.local/lib/python3.8/site-packages/airflow/example_dags/example_skip_dag.py took 0.594 seconds
[2021-02-10 04:39:32,761] {scheduler_job.py:181} INFO - Started process (PID=75) to work on /home/airflow/.local/lib/python3.8/site-packages/airflow/example_dags/example_skip_dag.py
[2021-02-10 04:39:32,776] {scheduler_job.py:629} INFO - Processing file /home/airflow/.local/lib/python3.8/site-packages/airflow/example_dags/example_skip_dag.py for tasks to queue
[2021-02-10 04:39:32,784] {logging_mixin.py:103} INFO - [2021-02-10 04:39:32,784] {dagbag.py:440} INFO - Filling up the DagBag from /home/airflow/.local/lib/python3.8/site-packages/airflow/example_dags/example_skip_dag.py
[2021-02-10 04:39:32,850] {scheduler_job.py:639} INFO - DAG(s) dict_keys(['example_skip_dag']) retrieved from /home/airflow/.local/lib/python3.8/site-packages/airflow/example_dags/example_skip_dag.py
[2021-02-10 04:39:32,856] {logging_mixin.py:103} INFO - [2021-02-10 04:39:32,855] {dag.py:1813} INFO - Sync 1 DAGs
[2021-02-10 04:39:32,994] {logging_mixin.py:103} INFO - [2021-02-10 04:39:32,994] {dag.py:2266} INFO - Setting next_dagrun for example_skip_dag to 2021-02-08 00:00:00+00:00
[2021-02-10 04:39:33,100] {scheduler_job.py:189} INFO - Processing /home/airflow/.local/lib/python3.8/site-packages/airflow/example_dags/example_skip_dag.py took 0.351 seconds
[2021-02-10 04:39:38,192] {scheduler_job.py:181} INFO - Started process (PID=100) to work on /home/airflow/.local/lib/python3.8/site-packages/airflow/example_dags/example_skip_dag.py
[2021-02-10 04:39:38,201] {scheduler_job.py:629} INFO - Processing file /home/airflow/.local/lib/python3.8/site-packages/airflow/example_dags/example_skip_dag.py for tasks to queue
[2021-02-10 04:39:38,204] {logging_mixin.py:103} INFO - [2021-02-10 04:39:38,204] {dagbag.py:440} INFO - Filling up the DagBag from /home/airflow/.local/lib/python3.8/site-packages/airflow/example_dags/example_skip_dag.py
[2021-02-10 04:39:38,223] {scheduler_job.py:639} INFO - DAG(s) dict_keys(['example_skip_dag']) retrieved from /home/airflow/.local/lib/python3.8/site-packages/airflow/example_dags/example_skip_dag.py
[2021-02-10 04:39:38,227] {logging_mixin.py:103} INFO - [2021-02-10 04:39:38,226] {dag.py:1813} INFO - Sync 1 DAGs
[2021-02-10 04:39:38,275] {logging_mixin.py:103} INFO - [2021-02-10 04:39:38,275] {dag.py:2266} INFO - Setting next_dagrun for example_skip_dag to 2021-02-08 00:00:00+00:00
[2021-02-10 04:39:38,323] {scheduler_job.py:189} INFO - Processing /home/airflow/.local/lib/python3.8/site-packages/airflow/example_dags/example_skip_dag.py took 0.137 seconds
[2021-02-10 04:39:41,039] {scheduler_job.py:181} INFO - Started process (PID=125) to work on /home/airflow/.local/lib/python3.8/site-packages/airflow/example_dags/example_skip_dag.py
[2021-02-10 04:39:41,044] {scheduler_job.py:629} INFO - Processing file /home/airflow/.local/lib/python3.8/site-packages/airflow/example_dags/example_skip_dag.py for tasks to queue
[2021-02-10 04:39:41,048] {logging_mixin.py:103} INFO - [2021-02-10 04:39:41,047] {dagbag.py:440} INFO - Filling up the DagBag from /home/airflow/.local/lib/python3.8/site-packages/airflow/example_dags/example_skip_dag.py
[2021-02-10 04:39:41,073] {scheduler_job.py:639} INFO - DAG(s) dict_keys(['example_skip_dag']) retrieved from /home/airflow/.local/lib/python3.8/site-packages/airflow/example_dags/example_skip_dag.py
[2021-02-10 04:39:41,077] {logging_mixin.py:103} INFO - [2021-02-10 04:39:41,076] {dag.py:1813} INFO - Sync 1 DAGs
[2021-02-10 04:39:41,145] {logging_mixin.py:103} INFO - [2021-02-10 04:39:41,145] {dag.py:2266} INFO - Setting next_dagrun for example_skip_dag to 2021-02-08 00:00:00+00:00
[2021-02-10 04:39:41,183] {scheduler_job.py:189} INFO - Processing /home/airflow/.local/lib/python3.8/site-packages/airflow/example_dags/example_skip_dag.py took 0.150 seconds
[2021-02-10 04:39:43,677] {scheduler_job.py:181} INFO - Started process (PID=150) to work on /home/airflow/.local/lib/python3.8/site-packages/airflow/example_dags/example_skip_dag.py
[2021-02-10 04:39:43,681] {scheduler_job.py:629} INFO - Processing file /home/airflow/.local/lib/python3.8/site-packages/airflow/example_dags/example_skip_dag.py for tasks to queue
[2021-02-10 04:39:43,684] {logging_mixin.py:103} INFO - [2021-02-10 04:39:43,683] {dagbag.py:440} INFO - Filling up the DagBag from /home/airflow/.local/lib/python3.8/site-packages/airflow/example_dags/example_skip_dag.py
[2021-02-10 04:39:43,704] {scheduler_job.py:639} INFO - DAG(s) dict_keys(['example_skip_dag']) retrieved from /home/airflow/.local/lib/python3.8/site-packages/airflow/example_dags/example_skip_dag.py
[2021-02-10 04:39:43,710] {logging_mixin.py:103} INFO - [2021-02-10 04:39:43,710] {dag.py:1813} INFO - Sync 1 DAGs
[2021-02-10 04:39:43,777] {logging_mixin.py:103} INFO - [2021-02-10 04:39:43,777] {dag.py:2266} INFO - Setting next_dagrun for example_skip_dag to 2021-02-08 00:00:00+00:00
[2021-02-10 04:39:43,819] {scheduler_job.py:189} INFO - Processing /home/airflow/.local/lib/python3.8/site-packages/airflow/example_dags/example_skip_dag.py took 0.148 seconds
[2021-02-10 04:39:46,627] {scheduler_job.py:181} INFO - Started process (PID=175) to work on /home/airflow/.local/lib/python3.8/site-packages/airflow/example_dags/example_skip_dag.py
[2021-02-10 04:39:46,635] {scheduler_job.py:629} INFO - Processing file /home/airflow/.local/lib/python3.8/site-packages/airflow/example_dags/example_skip_dag.py for tasks to queue
[2021-02-10 04:39:46,637] {logging_mixin.py:103} INFO - [2021-02-10 04:39:46,637] {dagbag.py:440} INFO - Filling up the DagBag from /home/airflow/.local/lib/python3.8/site-packages/airflow/example_dags/example_skip_dag.py
[2021-02-10 04:39:46,663] {scheduler_job.py:639} INFO - DAG(s) dict_keys(['example_skip_dag']) retrieved from /home/airflow/.local/lib/python3.8/site-packages/airflow/example_dags/example_skip_dag.py
[2021-02-10 04:39:46,682] {logging_mixin.py:103} INFO - [2021-02-10 04:39:46,682] {dag.py:1813} INFO - Sync 1 DAGs
[2021-02-10 04:39:46,745] {logging_mixin.py:103} INFO - [2021-02-10 04:39:46,745] {dag.py:2266} INFO - Setting next_dagrun for example_skip_dag to 2021-02-08 00:00:00+00:00
[2021-02-10 04:39:46,785] {scheduler_job.py:189} INFO - Processing /home/airflow/.local/lib/python3.8/site-packages/airflow/example_dags/example_skip_dag.py took 0.165 seconds
[2021-02-10 04:39:50,121] {scheduler_job.py:181} INFO - Started process (PID=200) to work on /home/airflow/.local/lib/python3.8/site-packages/airflow/example_dags/example_skip_dag.py
[2021-02-10 04:39:50,129] {scheduler_job.py:629} INFO - Processing file /home/airflow/.local/lib/python3.8/site-packages/airflow/example_dags/example_skip_dag.py for tasks to queue
[2021-02-10 04:39:50,132] {logging_mixin.py:103} INFO - [2021-02-10 04:39:50,132] {dagbag.py:440} INFO - Filling up the DagBag from /home/airflow/.local/lib/python3.8/site-packages/airflow/example_dags/example_skip_dag.py
[2021-02-10 04:39:50,163] {scheduler_job.py:639} INFO - DAG(s) dict_keys(['example_skip_dag']) retrieved from /home/airflow/.local/lib/python3.8/site-packages/airflow/example_dags/example_skip_dag.py
[2021-02-10 04:39:50,170] {logging_mixin.py:103} INFO - [2021-02-10 04:39:50,170] {dag.py:1813} INFO - Sync 1 DAGs
[2021-02-10 04:39:50,264] {logging_mixin.py:103} INFO - [2021-02-10 04:39:50,264] {dag.py:2266} INFO - Setting next_dagrun for example_skip_dag to 2021-02-08 00:00:00+00:00
[2021-02-10 04:39:50,294] {scheduler_job.py:189} INFO - Processing /home/airflow/.local/lib/python3.8/site-packages/airflow/example_dags/example_skip_dag.py took 0.179 seconds
[2021-02-10 04:39:53,244] {scheduler_job.py:181} INFO - Started process (PID=225) to work on /home/airflow/.local/lib/python3.8/site-packages/airflow/example_dags/example_skip_dag.py
[2021-02-10 04:39:53,249] {scheduler_job.py:629} INFO - Processing file /home/airflow/.local/lib/python3.8/site-packages/airflow/example_dags/example_skip_dag.py for tasks to queue
[2021-02-10 04:39:53,251] {logging_mixin.py:103} INFO - [2021-02-10 04:39:53,251] {dagbag.py:440} INFO - Filling up the DagBag from /home/airflow/.local/lib/python3.8/site-packages/airflow/example_dags/example_skip_dag.py
[2021-02-10 04:39:53,282] {scheduler_job.py:639} INFO - DAG(s) dict_keys(['example_skip_dag']) retrieved from /home/airflow/.local/lib/python3.8/site-packages/airflow/example_dags/example_skip_dag.py
[2021-02-10 04:39:53,292] {logging_mixin.py:103} INFO - [2021-02-10 04:39:53,291] {dag.py:1813} INFO - Sync 1 DAGs
[2021-02-10 04:39:53,389] {logging_mixin.py:103} INFO - [2021-02-10 04:39:53,389] {dag.py:2266} INFO - Setting next_dagrun for example_skip_dag to 2021-02-08 00:00:00+00:00
[2021-02-10 04:39:53,460] {scheduler_job.py:189} INFO - Processing /home/airflow/.local/lib/python3.8/site-packages/airflow/example_dags/example_skip_dag.py took 0.227 seconds
[2021-02-10 04:39:56,884] {scheduler_job.py:181} INFO - Started process (PID=250) to work on /home/airflow/.local/lib/python3.8/site-packages/airflow/example_dags/example_skip_dag.py
[2021-02-10 04:39:56,888] {scheduler_job.py:629} INFO - Processing file /home/airflow/.local/lib/python3.8/site-packages/airflow/example_dags/example_skip_dag.py for tasks to queue
[2021-02-10 04:39:56,893] {logging_mixin.py:103} INFO - [2021-02-10 04:39:56,892] {dagbag.py:440} INFO - Filling up the DagBag from /home/airflow/.local/lib/python3.8/site-packages/airflow/example_dags/example_skip_dag.py
[2021-02-10 04:39:56,950] {scheduler_job.py:639} INFO - DAG(s) dict_keys(['example_skip_dag']) retrieved from /home/airflow/.local/lib/python3.8/site-packages/airflow/example_dags/example_skip_dag.py
[2021-02-10 04:39:56,959] {logging_mixin.py:103} INFO - [2021-02-10 04:39:56,959] {dag.py:1813} INFO - Sync 1 DAGs
[2021-02-10 04:39:57,059] {logging_mixin.py:103} INFO - [2021-02-10 04:39:57,059] {dag.py:2266} INFO - Setting next_dagrun for example_skip_dag to 2021-02-08 00:00:00+00:00
[2021-02-10 04:39:57,172] {scheduler_job.py:189} INFO - Processing /home/airflow/.local/lib/python3.8/site-packages/airflow/example_dags/example_skip_dag.py took 0.314 seconds
[2021-02-10 04:40:01,007] {scheduler_job.py:181} INFO - Started process (PID=276) to work on /home/airflow/.local/lib/python3.8/site-packages/airflow/example_dags/example_skip_dag.py
[2021-02-10 04:40:01,012] {scheduler_job.py:629} INFO - Processing file /home/airflow/.local/lib/python3.8/site-packages/airflow/example_dags/example_skip_dag.py for tasks to queue
[2021-02-10 04:40:01,019] {logging_mixin.py:103} INFO - [2021-02-10 04:40:01,018] {dagbag.py:440} INFO - Filling up the DagBag from /home/airflow/.local/lib/python3.8/site-packages/airflow/example_dags/example_skip_dag.py
[2021-02-10 04:40:01,051] {scheduler_job.py:639} INFO - DAG(s) dict_keys(['example_skip_dag']) retrieved from /home/airflow/.local/lib/python3.8/site-packages/airflow/example_dags/example_skip_dag.py
[2021-02-10 04:40:01,059] {logging_mixin.py:103} INFO - [2021-02-10 04:40:01,059] {dag.py:1813} INFO - Sync 1 DAGs
[2021-02-10 04:40:01,140] {logging_mixin.py:103} INFO - [2021-02-10 04:40:01,140] {dag.py:2266} INFO - Setting next_dagrun for example_skip_dag to 2021-02-08 00:00:00+00:00
[2021-02-10 04:40:01,213] {scheduler_job.py:189} INFO - Processing /home/airflow/.local/lib/python3.8/site-packages/airflow/example_dags/example_skip_dag.py took 0.221 seconds
[2021-02-10 04:40:07,284] {scheduler_job.py:181} INFO - Started process (PID=301) to work on /home/airflow/.local/lib/python3.8/site-packages/airflow/example_dags/example_skip_dag.py
[2021-02-10 04:40:07,289] {scheduler_job.py:629} INFO - Processing file /home/airflow/.local/lib/python3.8/site-packages/airflow/example_dags/example_skip_dag.py for tasks to queue
[2021-02-10 04:40:07,294] {logging_mixin.py:103} INFO - [2021-02-10 04:40:07,293] {dagbag.py:440} INFO - Filling up the DagBag from /home/airflow/.local/lib/python3.8/site-packages/airflow/example_dags/example_skip_dag.py
[2021-02-10 04:40:07,321] {scheduler_job.py:639} INFO - DAG(s) dict_keys(['example_skip_dag']) retrieved from /home/airflow/.local/lib/python3.8/site-packages/airflow/example_dags/example_skip_dag.py
[2021-02-10 04:40:07,331] {logging_mixin.py:103} INFO - [2021-02-10 04:40:07,331] {dag.py:1813} INFO - Sync 1 DAGs
[2021-02-10 04:40:07,425] {logging_mixin.py:103} INFO - [2021-02-10 04:40:07,424] {dag.py:2266} INFO - Setting next_dagrun for example_skip_dag to 2021-02-08 00:00:00+00:00
[2021-02-10 04:40:07,722] {scheduler_job.py:189} INFO - Processing /home/airflow/.local/lib/python3.8/site-packages/airflow/example_dags/example_skip_dag.py took 0.448 seconds
[2021-02-10 04:40:11,859] {scheduler_job.py:181} INFO - Started process (PID=326) to work on /home/airflow/.local/lib/python3.8/site-packages/airflow/example_dags/example_skip_dag.py
[2021-02-10 04:40:11,863] {scheduler_job.py:629} INFO - Processing file /home/airflow/.local/lib/python3.8/site-packages/airflow/example_dags/example_skip_dag.py for tasks to queue
[2021-02-10 04:40:11,866] {logging_mixin.py:103} INFO - [2021-02-10 04:40:11,866] {dagbag.py:440} INFO - Filling up the DagBag from /home/airflow/.local/lib/python3.8/site-packages/airflow/example_dags/example_skip_dag.py
[2021-02-10 04:40:11,891] {scheduler_job.py:639} INFO - DAG(s) dict_keys(['example_skip_dag']) retrieved from /home/airflow/.local/lib/python3.8/site-packages/airflow/example_dags/example_skip_dag.py
[2021-02-10 04:40:11,894] {logging_mixin.py:103} INFO - [2021-02-10 04:40:11,894] {dag.py:1813} INFO - Sync 1 DAGs
[2021-02-10 04:40:12,023] {logging_mixin.py:103} INFO - [2021-02-10 04:40:12,023] {dag.py:2266} INFO - Setting next_dagrun for example_skip_dag to 2021-02-08 00:00:00+00:00
[2021-02-10 04:40:12,070] {scheduler_job.py:189} INFO - Processing /home/airflow/.local/lib/python3.8/site-packages/airflow/example_dags/example_skip_dag.py took 0.218 seconds
[2021-02-10 04:40:14,793] {scheduler_job.py:181} INFO - Started process (PID=351) to work on /home/airflow/.local/lib/python3.8/site-packages/airflow/example_dags/example_skip_dag.py
[2021-02-10 04:40:14,803] {scheduler_job.py:629} INFO - Processing file /home/airflow/.local/lib/python3.8/site-packages/airflow/example_dags/example_skip_dag.py for tasks to queue
[2021-02-10 04:40:14,809] {logging_mixin.py:103} INFO - [2021-02-10 04:40:14,809] {dagbag.py:440} INFO - Filling up the DagBag from /home/airflow/.local/lib/python3.8/site-packages/airflow/example_dags/example_skip_dag.py
[2021-02-10 04:40:14,855] {scheduler_job.py:639} INFO - DAG(s) dict_keys(['example_skip_dag']) retrieved from /home/airflow/.local/lib/python3.8/site-packages/airflow/example_dags/example_skip_dag.py
[2021-02-10 04:40:14,861] {logging_mixin.py:103} INFO - [2021-02-10 04:40:14,860] {dag.py:1813} INFO - Sync 1 DAGs
[2021-02-10 04:40:14,982] {logging_mixin.py:103} INFO - [2021-02-10 04:40:14,981] {dag.py:2266} INFO - Setting next_dagrun for example_skip_dag to 2021-02-08 00:00:00+00:00
[2021-02-10 04:40:15,104] {scheduler_job.py:189} INFO - Processing /home/airflow/.local/lib/python3.8/site-packages/airflow/example_dags/example_skip_dag.py took 0.325 seconds
[2021-02-10 04:40:17,627] {scheduler_job.py:181} INFO - Started process (PID=376) to work on /home/airflow/.local/lib/python3.8/site-packages/airflow/example_dags/example_skip_dag.py
[2021-02-10 04:40:17,632] {scheduler_job.py:629} INFO - Processing file /home/airflow/.local/lib/python3.8/site-packages/airflow/example_dags/example_skip_dag.py for tasks to queue
[2021-02-10 04:40:17,635] {logging_mixin.py:103} INFO - [2021-02-10 04:40:17,635] {dagbag.py:440} INFO - Filling up the DagBag from /home/airflow/.local/lib/python3.8/site-packages/airflow/example_dags/example_skip_dag.py
[2021-02-10 04:40:17,655] {scheduler_job.py:639} INFO - DAG(s) dict_keys(['example_skip_dag']) retrieved from /home/airflow/.local/lib/python3.8/site-packages/airflow/example_dags/example_skip_dag.py
[2021-02-10 04:40:17,659] {logging_mixin.py:103} INFO - [2021-02-10 04:40:17,658] {dag.py:1813} INFO - Sync 1 DAGs
[2021-02-10 04:40:17,717] {logging_mixin.py:103} INFO - [2021-02-10 04:40:17,716] {dag.py:2266} INFO - Setting next_dagrun for example_skip_dag to 2021-02-08 00:00:00+00:00
[2021-02-10 04:40:17,753] {scheduler_job.py:189} INFO - Processing /home/airflow/.local/lib/python3.8/site-packages/airflow/example_dags/example_skip_dag.py took 0.131 seconds
[2021-02-10 04:40:20,288] {scheduler_job.py:181} INFO - Started process (PID=401) to work on /home/airflow/.local/lib/python3.8/site-packages/airflow/example_dags/example_skip_dag.py
[2021-02-10 04:40:20,311] {scheduler_job.py:629} INFO - Processing file /home/airflow/.local/lib/python3.8/site-packages/airflow/example_dags/example_skip_dag.py for tasks to queue
[2021-02-10 04:40:20,317] {logging_mixin.py:103} INFO - [2021-02-10 04:40:20,317] {dagbag.py:440} INFO - Filling up the DagBag from /home/airflow/.local/lib/python3.8/site-packages/airflow/example_dags/example_skip_dag.py
[2021-02-10 04:40:20,363] {scheduler_job.py:639} INFO - DAG(s) dict_keys(['example_skip_dag']) retrieved from /home/airflow/.local/lib/python3.8/site-packages/airflow/example_dags/example_skip_dag.py
[2021-02-10 04:40:20,370] {logging_mixin.py:103} INFO - [2021-02-10 04:40:20,370] {dag.py:1813} INFO - Sync 1 DAGs
[2021-02-10 04:40:20,465] {logging_mixin.py:103} INFO - [2021-02-10 04:40:20,465] {dag.py:2266} INFO - Setting next_dagrun for example_skip_dag to 2021-02-08 00:00:00+00:00
[2021-02-10 04:40:20,510] {scheduler_job.py:189} INFO - Processing /home/airflow/.local/lib/python3.8/site-packages/airflow/example_dags/example_skip_dag.py took 0.261 seconds
[2021-02-10 04:40:23,251] {scheduler_job.py:181} INFO - Started process (PID=426) to work on /home/airflow/.local/lib/python3.8/site-packages/airflow/example_dags/example_skip_dag.py
[2021-02-10 04:40:23,258] {scheduler_job.py:629} INFO - Processing file /home/airflow/.local/lib/python3.8/site-packages/airflow/example_dags/example_skip_dag.py for tasks to queue
[2021-02-10 04:40:23,266] {logging_mixin.py:103} INFO - [2021-02-10 04:40:23,266] {dagbag.py:440} INFO - Filling up the DagBag from /home/airflow/.local/lib/python3.8/site-packages/airflow/example_dags/example_skip_dag.py
[2021-02-10 04:40:23,319] {scheduler_job.py:639} INFO - DAG(s) dict_keys(['example_skip_dag']) retrieved from /home/airflow/.local/lib/python3.8/site-packages/airflow/example_dags/example_skip_dag.py
[2021-02-10 04:40:23,330] {logging_mixin.py:103} INFO - [2021-02-10 04:40:23,329] {dag.py:1813} INFO - Sync 1 DAGs
[2021-02-10 04:40:23,455] {logging_mixin.py:103} INFO - [2021-02-10 04:40:23,454] {dag.py:2266} INFO - Setting next_dagrun for example_skip_dag to 2021-02-08 00:00:00+00:00
[2021-02-10 04:40:23,516] {scheduler_job.py:189} INFO - Processing /home/airflow/.local/lib/python3.8/site-packages/airflow/example_dags/example_skip_dag.py took 0.278 seconds
[2021-02-10 04:40:27,195] {scheduler_job.py:181} INFO - Started process (PID=451) to work on /home/airflow/.local/lib/python3.8/site-packages/airflow/example_dags/example_skip_dag.py
[2021-02-10 04:40:27,202] {scheduler_job.py:629} INFO - Processing file /home/airflow/.local/lib/python3.8/site-packages/airflow/example_dags/example_skip_dag.py for tasks to queue
[2021-02-10 04:40:27,205] {logging_mixin.py:103} INFO - [2021-02-10 04:40:27,204] {dagbag.py:440} INFO - Filling up the DagBag from /home/airflow/.local/lib/python3.8/site-packages/airflow/example_dags/example_skip_dag.py
[2021-02-10 04:40:27,225] {scheduler_job.py:639} INFO - DAG(s) dict_keys(['example_skip_dag']) retrieved from /home/airflow/.local/lib/python3.8/site-packages/airflow/example_dags/example_skip_dag.py
[2021-02-10 04:40:27,231] {logging_mixin.py:103} INFO - [2021-02-10 04:40:27,231] {dag.py:1813} INFO - Sync 1 DAGs
[2021-02-10 04:40:27,292] {logging_mixin.py:103} INFO - [2021-02-10 04:40:27,292] {dag.py:2266} INFO - Setting next_dagrun for example_skip_dag to 2021-02-08 00:00:00+00:00
[2021-02-10 04:40:27,346] {scheduler_job.py:189} INFO - Processing /home/airflow/.local/lib/python3.8/site-packages/airflow/example_dags/example_skip_dag.py took 0.169 seconds
[2021-02-10 04:40:29,854] {scheduler_job.py:181} INFO - Started process (PID=476) to work on /home/airflow/.local/lib/python3.8/site-packages/airflow/example_dags/example_skip_dag.py
[2021-02-10 04:40:29,859] {scheduler_job.py:629} INFO - Processing file /home/airflow/.local/lib/python3.8/site-packages/airflow/example_dags/example_skip_dag.py for tasks to queue
[2021-02-10 04:40:29,862] {logging_mixin.py:103} INFO - [2021-02-10 04:40:29,862] {dagbag.py:440} INFO - Filling up the DagBag from /home/airflow/.local/lib/python3.8/site-packages/airflow/example_dags/example_skip_dag.py
[2021-02-10 04:40:29,884] {scheduler_job.py:639} INFO - DAG(s) dict_keys(['example_skip_dag']) retrieved from /home/airflow/.local/lib/python3.8/site-packages/airflow/example_dags/example_skip_dag.py
[2021-02-10 04:40:29,886] {logging_mixin.py:103} INFO - [2021-02-10 04:40:29,886] {dag.py:1813} INFO - Sync 1 DAGs
[2021-02-10 04:40:29,936] {logging_mixin.py:103} INFO - [2021-02-10 04:40:29,936] {dag.py:2266} INFO - Setting next_dagrun for example_skip_dag to 2021-02-08 00:00:00+00:00
[2021-02-10 04:40:29,980] {scheduler_job.py:189} INFO - Processing /home/airflow/.local/lib/python3.8/site-packages/airflow/example_dags/example_skip_dag.py took 0.132 seconds
[2021-02-10 04:40:33,173] {scheduler_job.py:181} INFO - Started process (PID=501) to work on /home/airflow/.local/lib/python3.8/site-packages/airflow/example_dags/example_skip_dag.py
[2021-02-10 04:40:33,177] {scheduler_job.py:629} INFO - Processing file /home/airflow/.local/lib/python3.8/site-packages/airflow/example_dags/example_skip_dag.py for tasks to queue
[2021-02-10 04:40:33,179] {logging_mixin.py:103} INFO - [2021-02-10 04:40:33,179] {dagbag.py:440} INFO - Filling up the DagBag from /home/airflow/.local/lib/python3.8/site-packages/airflow/example_dags/example_skip_dag.py
[2021-02-10 04:40:33,195] {scheduler_job.py:639} INFO - DAG(s) dict_keys(['example_skip_dag']) retrieved from /home/airflow/.local/lib/python3.8/site-packages/airflow/example_dags/example_skip_dag.py
[2021-02-10 04:40:33,198] {logging_mixin.py:103} INFO - [2021-02-10 04:40:33,197] {dag.py:1813} INFO - Sync 1 DAGs
[2021-02-10 04:40:33,255] {logging_mixin.py:103} INFO - [2021-02-10 04:40:33,255] {dag.py:2266} INFO - Setting next_dagrun for example_skip_dag to 2021-02-08 00:00:00+00:00
[2021-02-10 04:40:33,297] {scheduler_job.py:189} INFO - Processing /home/airflow/.local/lib/python3.8/site-packages/airflow/example_dags/example_skip_dag.py took 0.131 seconds
[2021-02-10 04:40:35,791] {scheduler_job.py:181} INFO - Started process (PID=526) to work on /home/airflow/.local/lib/python3.8/site-packages/airflow/example_dags/example_skip_dag.py
[2021-02-10 04:40:35,795] {scheduler_job.py:629} INFO - Processing file /home/airflow/.local/lib/python3.8/site-packages/airflow/example_dags/example_skip_dag.py for tasks to queue
[2021-02-10 04:40:35,797] {logging_mixin.py:103} INFO - [2021-02-10 04:40:35,797] {dagbag.py:440} INFO - Filling up the DagBag from /home/airflow/.local/lib/python3.8/site-packages/airflow/example_dags/example_skip_dag.py
[2021-02-10 04:40:35,823] {scheduler_job.py:639} INFO - DAG(s) dict_keys(['example_skip_dag']) retrieved from /home/airflow/.local/lib/python3.8/site-packages/airflow/example_dags/example_skip_dag.py
[2021-02-10 04:40:35,828] {logging_mixin.py:103} INFO - [2021-02-10 04:40:35,828] {dag.py:1813} INFO - Sync 1 DAGs
[2021-02-10 04:40:35,874] {logging_mixin.py:103} INFO - [2021-02-10 04:40:35,874] {dag.py:2266} INFO - Setting next_dagrun for example_skip_dag to 2021-02-08 00:00:00+00:00
[2021-02-10 04:40:35,913] {scheduler_job.py:189} INFO - Processing /home/airflow/.local/lib/python3.8/site-packages/airflow/example_dags/example_skip_dag.py took 0.128 seconds
[2021-02-10 04:40:38,703] {scheduler_job.py:181} INFO - Started process (PID=551) to work on /home/airflow/.local/lib/python3.8/site-packages/airflow/example_dags/example_skip_dag.py
[2021-02-10 04:40:38,711] {scheduler_job.py:629} INFO - Processing file /home/airflow/.local/lib/python3.8/site-packages/airflow/example_dags/example_skip_dag.py for tasks to queue
[2021-02-10 04:40:38,717] {logging_mixin.py:103} INFO - [2021-02-10 04:40:38,716] {dagbag.py:440} INFO - Filling up the DagBag from /home/airflow/.local/lib/python3.8/site-packages/airflow/example_dags/example_skip_dag.py
[2021-02-10 04:40:38,740] {scheduler_job.py:639} INFO - DAG(s) dict_keys(['example_skip_dag']) retrieved from /home/airflow/.local/lib/python3.8/site-packages/airflow/example_dags/example_skip_dag.py
[2021-02-10 04:40:38,743] {logging_mixin.py:103} INFO - [2021-02-10 04:40:38,743] {dag.py:1813} INFO - Sync 1 DAGs
[2021-02-10 04:40:38,809] {logging_mixin.py:103} INFO - [2021-02-10 04:40:38,809] {dag.py:2266} INFO - Setting next_dagrun for example_skip_dag to 2021-02-08 00:00:00+00:00
[2021-02-10 04:40:38,854] {scheduler_job.py:189} INFO - Processing /home/airflow/.local/lib/python3.8/site-packages/airflow/example_dags/example_skip_dag.py took 0.162 seconds
[2021-02-10 04:40:41,887] {scheduler_job.py:181} INFO - Started process (PID=576) to work on /home/airflow/.local/lib/python3.8/site-packages/airflow/example_dags/example_skip_dag.py
[2021-02-10 04:40:41,894] {scheduler_job.py:629} INFO - Processing file /home/airflow/.local/lib/python3.8/site-packages/airflow/example_dags/example_skip_dag.py for tasks to queue
[2021-02-10 04:40:41,906] {logging_mixin.py:103} INFO - [2021-02-10 04:40:41,904] {dagbag.py:440} INFO - Filling up the DagBag from /home/airflow/.local/lib/python3.8/site-packages/airflow/example_dags/example_skip_dag.py
[2021-02-10 04:40:41,962] {scheduler_job.py:639} INFO - DAG(s) dict_keys(['example_skip_dag']) retrieved from /home/airflow/.local/lib/python3.8/site-packages/airflow/example_dags/example_skip_dag.py
[2021-02-10 04:40:41,970] {logging_mixin.py:103} INFO - [2021-02-10 04:40:41,969] {dag.py:1813} INFO - Sync 1 DAGs
[2021-02-10 04:40:42,036] {logging_mixin.py:103} INFO - [2021-02-10 04:40:42,036] {dag.py:2266} INFO - Setting next_dagrun for example_skip_dag to 2021-02-08 00:00:00+00:00
[2021-02-10 04:40:42,117] {scheduler_job.py:189} INFO - Processing /home/airflow/.local/lib/python3.8/site-packages/airflow/example_dags/example_skip_dag.py took 0.238 seconds
[2021-02-10 04:40:44,291] {scheduler_job.py:181} INFO - Started process (PID=601) to work on /home/airflow/.local/lib/python3.8/site-packages/airflow/example_dags/example_skip_dag.py
[2021-02-10 04:40:44,295] {scheduler_job.py:629} INFO - Processing file /home/airflow/.local/lib/python3.8/site-packages/airflow/example_dags/example_skip_dag.py for tasks to queue
[2021-02-10 04:40:44,298] {logging_mixin.py:103} INFO - [2021-02-10 04:40:44,298] {dagbag.py:440} INFO - Filling up the DagBag from /home/airflow/.local/lib/python3.8/site-packages/airflow/example_dags/example_skip_dag.py
[2021-02-10 04:40:44,330] {scheduler_job.py:639} INFO - DAG(s) dict_keys(['example_skip_dag']) retrieved from /home/airflow/.local/lib/python3.8/site-packages/airflow/example_dags/example_skip_dag.py
[2021-02-10 04:40:44,334] {logging_mixin.py:103} INFO - [2021-02-10 04:40:44,333] {dag.py:1813} INFO - Sync 1 DAGs
[2021-02-10 04:40:44,425] {logging_mixin.py:103} INFO - [2021-02-10 04:40:44,425] {dag.py:2266} INFO - Setting next_dagrun for example_skip_dag to 2021-02-08 00:00:00+00:00
[2021-02-10 04:40:44,457] {scheduler_job.py:189} INFO - Processing /home/airflow/.local/lib/python3.8/site-packages/airflow/example_dags/example_skip_dag.py took 0.176 seconds
[2021-02-10 04:40:47,124] {scheduler_job.py:181} INFO - Started process (PID=626) to work on /home/airflow/.local/lib/python3.8/site-packages/airflow/example_dags/example_skip_dag.py
[2021-02-10 04:40:47,128] {scheduler_job.py:629} INFO - Processing file /home/airflow/.local/lib/python3.8/site-packages/airflow/example_dags/example_skip_dag.py for tasks to queue
[2021-02-10 04:40:47,130] {logging_mixin.py:103} INFO - [2021-02-10 04:40:47,130] {dagbag.py:440} INFO - Filling up the DagBag from /home/airflow/.local/lib/python3.8/site-packages/airflow/example_dags/example_skip_dag.py
[2021-02-10 04:40:47,153] {scheduler_job.py:639} INFO - DAG(s) dict_keys(['example_skip_dag']) retrieved from /home/airflow/.local/lib/python3.8/site-packages/airflow/example_dags/example_skip_dag.py
[2021-02-10 04:40:47,156] {logging_mixin.py:103} INFO - [2021-02-10 04:40:47,156] {dag.py:1813} INFO - Sync 1 DAGs
[2021-02-10 04:40:47,245] {logging_mixin.py:103} INFO - [2021-02-10 04:40:47,245] {dag.py:2266} INFO - Setting next_dagrun for example_skip_dag to 2021-02-08 00:00:00+00:00
[2021-02-10 04:40:47,284] {scheduler_job.py:189} INFO - Processing /home/airflow/.local/lib/python3.8/site-packages/airflow/example_dags/example_skip_dag.py took 0.173 seconds
[2021-02-10 04:40:50,117] {scheduler_job.py:181} INFO - Started process (PID=651) to work on /home/airflow/.local/lib/python3.8/site-packages/airflow/example_dags/example_skip_dag.py
[2021-02-10 04:40:50,122] {scheduler_job.py:629} INFO - Processing file /home/airflow/.local/lib/python3.8/site-packages/airflow/example_dags/example_skip_dag.py for tasks to queue
[2021-02-10 04:40:50,125] {logging_mixin.py:103} INFO - [2021-02-10 04:40:50,125] {dagbag.py:440} INFO - Filling up the DagBag from /home/airflow/.local/lib/python3.8/site-packages/airflow/example_dags/example_skip_dag.py
[2021-02-10 04:40:50,147] {scheduler_job.py:639} INFO - DAG(s) dict_keys(['example_skip_dag']) retrieved from /home/airflow/.local/lib/python3.8/site-packages/airflow/example_dags/example_skip_dag.py
[2021-02-10 04:40:50,151] {logging_mixin.py:103} INFO - [2021-02-10 04:40:50,150] {dag.py:1813} INFO - Sync 1 DAGs
[2021-02-10 04:40:50,500] {logging_mixin.py:103} INFO - [2021-02-10 04:40:50,498] {dag.py:2266} INFO - Setting next_dagrun for example_skip_dag to 2021-02-08 00:00:00+00:00
[2021-02-10 04:40:50,617] {scheduler_job.py:189} INFO - Processing /home/airflow/.local/lib/python3.8/site-packages/airflow/example_dags/example_skip_dag.py took 0.507 seconds
[2021-02-10 04:40:53,234] {scheduler_job.py:181} INFO - Started process (PID=676) to work on /home/airflow/.local/lib/python3.8/site-packages/airflow/example_dags/example_skip_dag.py
[2021-02-10 04:40:53,237] {scheduler_job.py:629} INFO - Processing file /home/airflow/.local/lib/python3.8/site-packages/airflow/example_dags/example_skip_dag.py for tasks to queue
[2021-02-10 04:40:53,239] {logging_mixin.py:103} INFO - [2021-02-10 04:40:53,239] {dagbag.py:440} INFO - Filling up the DagBag from /home/airflow/.local/lib/python3.8/site-packages/airflow/example_dags/example_skip_dag.py
[2021-02-10 04:40:53,268] {scheduler_job.py:639} INFO - DAG(s) dict_keys(['example_skip_dag']) retrieved from /home/airflow/.local/lib/python3.8/site-packages/airflow/example_dags/example_skip_dag.py
[2021-02-10 04:40:53,271] {logging_mixin.py:103} INFO - [2021-02-10 04:40:53,271] {dag.py:1813} INFO - Sync 1 DAGs
[2021-02-10 04:40:53,355] {logging_mixin.py:103} INFO - [2021-02-10 04:40:53,355] {dag.py:2266} INFO - Setting next_dagrun for example_skip_dag to 2021-02-08 00:00:00+00:00
[2021-02-10 04:40:53,385] {scheduler_job.py:189} INFO - Processing /home/airflow/.local/lib/python3.8/site-packages/airflow/example_dags/example_skip_dag.py took 0.158 seconds
[2021-02-10 04:40:55,455] {scheduler_job.py:181} INFO - Started process (PID=701) to work on /home/airflow/.local/lib/python3.8/site-packages/airflow/example_dags/example_skip_dag.py
[2021-02-10 04:40:55,458] {scheduler_job.py:629} INFO - Processing file /home/airflow/.local/lib/python3.8/site-packages/airflow/example_dags/example_skip_dag.py for tasks to queue
[2021-02-10 04:40:55,460] {logging_mixin.py:103} INFO - [2021-02-10 04:40:55,460] {dagbag.py:440} INFO - Filling up the DagBag from /home/airflow/.local/lib/python3.8/site-packages/airflow/example_dags/example_skip_dag.py
[2021-02-10 04:40:55,485] {scheduler_job.py:639} INFO - DAG(s) dict_keys(['example_skip_dag']) retrieved from /home/airflow/.local/lib/python3.8/site-packages/airflow/example_dags/example_skip_dag.py
[2021-02-10 04:40:55,488] {logging_mixin.py:103} INFO - [2021-02-10 04:40:55,488] {dag.py:1813} INFO - Sync 1 DAGs
[2021-02-10 04:40:55,540] {logging_mixin.py:103} INFO - [2021-02-10 04:40:55,540] {dag.py:2266} INFO - Setting next_dagrun for example_skip_dag to 2021-02-08 00:00:00+00:00
[2021-02-10 04:40:55,578] {scheduler_job.py:189} INFO - Processing /home/airflow/.local/lib/python3.8/site-packages/airflow/example_dags/example_skip_dag.py took 0.129 seconds
[2021-02-10 04:40:58,016] {scheduler_job.py:181} INFO - Started process (PID=726) to work on /home/airflow/.local/lib/python3.8/site-packages/airflow/example_dags/example_skip_dag.py
[2021-02-10 04:40:58,020] {scheduler_job.py:629} INFO - Processing file /home/airflow/.local/lib/python3.8/site-packages/airflow/example_dags/example_skip_dag.py for tasks to queue
[2021-02-10 04:40:58,023] {logging_mixin.py:103} INFO - [2021-02-10 04:40:58,023] {dagbag.py:440} INFO - Filling up the DagBag from /home/airflow/.local/lib/python3.8/site-packages/airflow/example_dags/example_skip_dag.py
[2021-02-10 04:40:58,047] {scheduler_job.py:639} INFO - DAG(s) dict_keys(['example_skip_dag']) retrieved from /home/airflow/.local/lib/python3.8/site-packages/airflow/example_dags/example_skip_dag.py
[2021-02-10 04:40:58,050] {logging_mixin.py:103} INFO - [2021-02-10 04:40:58,050] {dag.py:1813} INFO - Sync 1 DAGs
[2021-02-10 04:40:58,102] {logging_mixin.py:103} INFO - [2021-02-10 04:40:58,102] {dag.py:2266} INFO - Setting next_dagrun for example_skip_dag to 2021-02-08 00:00:00+00:00
[2021-02-10 04:40:58,133] {scheduler_job.py:189} INFO - Processing /home/airflow/.local/lib/python3.8/site-packages/airflow/example_dags/example_skip_dag.py took 0.128 seconds
[2021-02-10 04:41:00,267] {scheduler_job.py:181} INFO - Started process (PID=751) to work on /home/airflow/.local/lib/python3.8/site-packages/airflow/example_dags/example_skip_dag.py
[2021-02-10 04:41:00,270] {scheduler_job.py:629} INFO - Processing file /home/airflow/.local/lib/python3.8/site-packages/airflow/example_dags/example_skip_dag.py for tasks to queue
[2021-02-10 04:41:00,272] {logging_mixin.py:103} INFO - [2021-02-10 04:41:00,272] {dagbag.py:440} INFO - Filling up the DagBag from /home/airflow/.local/lib/python3.8/site-packages/airflow/example_dags/example_skip_dag.py
[2021-02-10 04:41:00,291] {scheduler_job.py:639} INFO - DAG(s) dict_keys(['example_skip_dag']) retrieved from /home/airflow/.local/lib/python3.8/site-packages/airflow/example_dags/example_skip_dag.py
[2021-02-10 04:41:00,293] {logging_mixin.py:103} INFO - [2021-02-10 04:41:00,293] {dag.py:1813} INFO - Sync 1 DAGs
[2021-02-10 04:41:00,340] {logging_mixin.py:103} INFO - [2021-02-10 04:41:00,340] {dag.py:2266} INFO - Setting next_dagrun for example_skip_dag to 2021-02-08 00:00:00+00:00
[2021-02-10 04:41:00,372] {scheduler_job.py:189} INFO - Processing /home/airflow/.local/lib/python3.8/site-packages/airflow/example_dags/example_skip_dag.py took 0.111 seconds
