[2021-02-10 04:39:17,917] {scheduler_job.py:181} INFO - Started process (PID=32) to work on /home/airflow/.local/lib/python3.8/site-packages/airflow/example_dags/example_subdag_operator.py
[2021-02-10 04:39:17,924] {scheduler_job.py:629} INFO - Processing file /home/airflow/.local/lib/python3.8/site-packages/airflow/example_dags/example_subdag_operator.py for tasks to queue
[2021-02-10 04:39:17,927] {logging_mixin.py:103} INFO - [2021-02-10 04:39:17,927] {dagbag.py:440} INFO - Filling up the DagBag from /home/airflow/.local/lib/python3.8/site-packages/airflow/example_dags/example_subdag_operator.py
[2021-02-10 04:39:18,339] {scheduler_job.py:639} INFO - DAG(s) dict_keys(['example_subdag_operator.section-1', 'example_subdag_operator.section-2', 'example_subdag_operator']) retrieved from /home/airflow/.local/lib/python3.8/site-packages/airflow/example_dags/example_subdag_operator.py
[2021-02-10 04:39:18,342] {logging_mixin.py:103} INFO - [2021-02-10 04:39:18,342] {dag.py:1813} INFO - Sync 3 DAGs
[2021-02-10 04:39:18,395] {logging_mixin.py:103} INFO - [2021-02-10 04:39:18,395] {dag.py:2266} INFO - Setting next_dagrun for example_subdag_operator to 2021-02-08 00:00:00+00:00
[2021-02-10 04:39:18,399] {logging_mixin.py:103} INFO - [2021-02-10 04:39:18,399] {dag.py:2266} INFO - Setting next_dagrun for example_subdag_operator.section-1 to None
[2021-02-10 04:39:18,404] {logging_mixin.py:103} INFO - [2021-02-10 04:39:18,404] {dag.py:2266} INFO - Setting next_dagrun for example_subdag_operator.section-2 to None
[2021-02-10 04:39:18,668] {logging_mixin.py:103} INFO - [2021-02-10 04:39:18,668] {dag.py:1813} INFO - Sync 2 DAGs
[2021-02-10 04:39:18,782] {logging_mixin.py:103} INFO - [2021-02-10 04:39:18,775] {dag.py:2266} INFO - Setting next_dagrun for example_subdag_operator.section-1 to None
[2021-02-10 04:39:18,786] {logging_mixin.py:103} INFO - [2021-02-10 04:39:18,786] {dag.py:2266} INFO - Setting next_dagrun for example_subdag_operator.section-2 to None
[2021-02-10 04:39:18,903] {scheduler_job.py:189} INFO - Processing /home/airflow/.local/lib/python3.8/site-packages/airflow/example_dags/example_subdag_operator.py took 1.062 seconds
[2021-02-10 04:39:26,933] {scheduler_job.py:181} INFO - Started process (PID=59) to work on /home/airflow/.local/lib/python3.8/site-packages/airflow/example_dags/example_subdag_operator.py
[2021-02-10 04:39:26,946] {scheduler_job.py:629} INFO - Processing file /home/airflow/.local/lib/python3.8/site-packages/airflow/example_dags/example_subdag_operator.py for tasks to queue
[2021-02-10 04:39:26,956] {logging_mixin.py:103} INFO - [2021-02-10 04:39:26,956] {dagbag.py:440} INFO - Filling up the DagBag from /home/airflow/.local/lib/python3.8/site-packages/airflow/example_dags/example_subdag_operator.py
[2021-02-10 04:39:27,131] {scheduler_job.py:639} INFO - DAG(s) dict_keys(['example_subdag_operator.section-1', 'example_subdag_operator.section-2', 'example_subdag_operator']) retrieved from /home/airflow/.local/lib/python3.8/site-packages/airflow/example_dags/example_subdag_operator.py
[2021-02-10 04:39:27,148] {logging_mixin.py:103} INFO - [2021-02-10 04:39:27,147] {dag.py:1813} INFO - Sync 3 DAGs
[2021-02-10 04:39:27,392] {logging_mixin.py:103} INFO - [2021-02-10 04:39:27,391] {dag.py:2266} INFO - Setting next_dagrun for example_subdag_operator to 2021-02-08 00:00:00+00:00
[2021-02-10 04:39:27,396] {logging_mixin.py:103} INFO - [2021-02-10 04:39:27,396] {dag.py:2266} INFO - Setting next_dagrun for example_subdag_operator.section-1 to None
[2021-02-10 04:39:27,398] {logging_mixin.py:103} INFO - [2021-02-10 04:39:27,398] {dag.py:2266} INFO - Setting next_dagrun for example_subdag_operator.section-2 to None
[2021-02-10 04:39:27,425] {logging_mixin.py:103} INFO - [2021-02-10 04:39:27,425] {dag.py:1813} INFO - Sync 2 DAGs
[2021-02-10 04:39:27,474] {logging_mixin.py:103} INFO - [2021-02-10 04:39:27,474] {dag.py:2266} INFO - Setting next_dagrun for example_subdag_operator.section-1 to None
[2021-02-10 04:39:27,476] {logging_mixin.py:103} INFO - [2021-02-10 04:39:27,476] {dag.py:2266} INFO - Setting next_dagrun for example_subdag_operator.section-2 to None
[2021-02-10 04:39:27,622] {scheduler_job.py:189} INFO - Processing /home/airflow/.local/lib/python3.8/site-packages/airflow/example_dags/example_subdag_operator.py took 0.707 seconds
[2021-02-10 04:39:35,333] {scheduler_job.py:181} INFO - Started process (PID=83) to work on /home/airflow/.local/lib/python3.8/site-packages/airflow/example_dags/example_subdag_operator.py
[2021-02-10 04:39:35,341] {scheduler_job.py:629} INFO - Processing file /home/airflow/.local/lib/python3.8/site-packages/airflow/example_dags/example_subdag_operator.py for tasks to queue
[2021-02-10 04:39:35,348] {logging_mixin.py:103} INFO - [2021-02-10 04:39:35,347] {dagbag.py:440} INFO - Filling up the DagBag from /home/airflow/.local/lib/python3.8/site-packages/airflow/example_dags/example_subdag_operator.py
[2021-02-10 04:39:35,494] {scheduler_job.py:639} INFO - DAG(s) dict_keys(['example_subdag_operator.section-1', 'example_subdag_operator.section-2', 'example_subdag_operator']) retrieved from /home/airflow/.local/lib/python3.8/site-packages/airflow/example_dags/example_subdag_operator.py
[2021-02-10 04:39:35,507] {logging_mixin.py:103} INFO - [2021-02-10 04:39:35,507] {dag.py:1813} INFO - Sync 3 DAGs
[2021-02-10 04:39:35,601] {logging_mixin.py:103} INFO - [2021-02-10 04:39:35,601] {dag.py:2266} INFO - Setting next_dagrun for example_subdag_operator to 2021-02-08 00:00:00+00:00
[2021-02-10 04:39:35,605] {logging_mixin.py:103} INFO - [2021-02-10 04:39:35,605] {dag.py:2266} INFO - Setting next_dagrun for example_subdag_operator.section-1 to None
[2021-02-10 04:39:35,607] {logging_mixin.py:103} INFO - [2021-02-10 04:39:35,607] {dag.py:2266} INFO - Setting next_dagrun for example_subdag_operator.section-2 to None
[2021-02-10 04:39:35,625] {logging_mixin.py:103} INFO - [2021-02-10 04:39:35,624] {dag.py:1813} INFO - Sync 2 DAGs
[2021-02-10 04:39:35,665] {logging_mixin.py:103} INFO - [2021-02-10 04:39:35,664] {dag.py:2266} INFO - Setting next_dagrun for example_subdag_operator.section-1 to None
[2021-02-10 04:39:35,667] {logging_mixin.py:103} INFO - [2021-02-10 04:39:35,667] {dag.py:2266} INFO - Setting next_dagrun for example_subdag_operator.section-2 to None
[2021-02-10 04:39:35,718] {scheduler_job.py:189} INFO - Processing /home/airflow/.local/lib/python3.8/site-packages/airflow/example_dags/example_subdag_operator.py took 0.395 seconds
[2021-02-10 04:39:39,237] {scheduler_job.py:181} INFO - Started process (PID=109) to work on /home/airflow/.local/lib/python3.8/site-packages/airflow/example_dags/example_subdag_operator.py
[2021-02-10 04:39:39,243] {scheduler_job.py:629} INFO - Processing file /home/airflow/.local/lib/python3.8/site-packages/airflow/example_dags/example_subdag_operator.py for tasks to queue
[2021-02-10 04:39:39,251] {logging_mixin.py:103} INFO - [2021-02-10 04:39:39,245] {dagbag.py:440} INFO - Filling up the DagBag from /home/airflow/.local/lib/python3.8/site-packages/airflow/example_dags/example_subdag_operator.py
[2021-02-10 04:39:39,330] {scheduler_job.py:639} INFO - DAG(s) dict_keys(['example_subdag_operator.section-1', 'example_subdag_operator.section-2', 'example_subdag_operator']) retrieved from /home/airflow/.local/lib/python3.8/site-packages/airflow/example_dags/example_subdag_operator.py
[2021-02-10 04:39:39,333] {logging_mixin.py:103} INFO - [2021-02-10 04:39:39,333] {dag.py:1813} INFO - Sync 3 DAGs
[2021-02-10 04:39:39,391] {logging_mixin.py:103} INFO - [2021-02-10 04:39:39,391] {dag.py:2266} INFO - Setting next_dagrun for example_subdag_operator to 2021-02-08 00:00:00+00:00
[2021-02-10 04:39:39,395] {logging_mixin.py:103} INFO - [2021-02-10 04:39:39,395] {dag.py:2266} INFO - Setting next_dagrun for example_subdag_operator.section-1 to None
[2021-02-10 04:39:39,396] {logging_mixin.py:103} INFO - [2021-02-10 04:39:39,396] {dag.py:2266} INFO - Setting next_dagrun for example_subdag_operator.section-2 to None
[2021-02-10 04:39:39,413] {logging_mixin.py:103} INFO - [2021-02-10 04:39:39,412] {dag.py:1813} INFO - Sync 2 DAGs
[2021-02-10 04:39:39,431] {logging_mixin.py:103} INFO - [2021-02-10 04:39:39,431] {dag.py:2266} INFO - Setting next_dagrun for example_subdag_operator.section-1 to None
[2021-02-10 04:39:39,434] {logging_mixin.py:103} INFO - [2021-02-10 04:39:39,433] {dag.py:2266} INFO - Setting next_dagrun for example_subdag_operator.section-2 to None
[2021-02-10 04:39:39,504] {scheduler_job.py:189} INFO - Processing /home/airflow/.local/lib/python3.8/site-packages/airflow/example_dags/example_subdag_operator.py took 0.278 seconds
[2021-02-10 04:39:41,809] {scheduler_job.py:181} INFO - Started process (PID=133) to work on /home/airflow/.local/lib/python3.8/site-packages/airflow/example_dags/example_subdag_operator.py
[2021-02-10 04:39:41,812] {scheduler_job.py:629} INFO - Processing file /home/airflow/.local/lib/python3.8/site-packages/airflow/example_dags/example_subdag_operator.py for tasks to queue
[2021-02-10 04:39:41,815] {logging_mixin.py:103} INFO - [2021-02-10 04:39:41,815] {dagbag.py:440} INFO - Filling up the DagBag from /home/airflow/.local/lib/python3.8/site-packages/airflow/example_dags/example_subdag_operator.py
[2021-02-10 04:39:41,879] {scheduler_job.py:639} INFO - DAG(s) dict_keys(['example_subdag_operator.section-1', 'example_subdag_operator.section-2', 'example_subdag_operator']) retrieved from /home/airflow/.local/lib/python3.8/site-packages/airflow/example_dags/example_subdag_operator.py
[2021-02-10 04:39:41,883] {logging_mixin.py:103} INFO - [2021-02-10 04:39:41,883] {dag.py:1813} INFO - Sync 3 DAGs
[2021-02-10 04:39:41,919] {logging_mixin.py:103} INFO - [2021-02-10 04:39:41,919] {dag.py:2266} INFO - Setting next_dagrun for example_subdag_operator to 2021-02-08 00:00:00+00:00
[2021-02-10 04:39:41,923] {logging_mixin.py:103} INFO - [2021-02-10 04:39:41,923] {dag.py:2266} INFO - Setting next_dagrun for example_subdag_operator.section-1 to None
[2021-02-10 04:39:41,926] {logging_mixin.py:103} INFO - [2021-02-10 04:39:41,925] {dag.py:2266} INFO - Setting next_dagrun for example_subdag_operator.section-2 to None
[2021-02-10 04:39:41,941] {logging_mixin.py:103} INFO - [2021-02-10 04:39:41,941] {dag.py:1813} INFO - Sync 2 DAGs
[2021-02-10 04:39:41,961] {logging_mixin.py:103} INFO - [2021-02-10 04:39:41,961] {dag.py:2266} INFO - Setting next_dagrun for example_subdag_operator.section-1 to None
[2021-02-10 04:39:41,972] {logging_mixin.py:103} INFO - [2021-02-10 04:39:41,972] {dag.py:2266} INFO - Setting next_dagrun for example_subdag_operator.section-2 to None
[2021-02-10 04:39:42,010] {scheduler_job.py:189} INFO - Processing /home/airflow/.local/lib/python3.8/site-packages/airflow/example_dags/example_subdag_operator.py took 0.209 seconds
[2021-02-10 04:39:44,703] {scheduler_job.py:181} INFO - Started process (PID=159) to work on /home/airflow/.local/lib/python3.8/site-packages/airflow/example_dags/example_subdag_operator.py
[2021-02-10 04:39:44,708] {scheduler_job.py:629} INFO - Processing file /home/airflow/.local/lib/python3.8/site-packages/airflow/example_dags/example_subdag_operator.py for tasks to queue
[2021-02-10 04:39:44,711] {logging_mixin.py:103} INFO - [2021-02-10 04:39:44,711] {dagbag.py:440} INFO - Filling up the DagBag from /home/airflow/.local/lib/python3.8/site-packages/airflow/example_dags/example_subdag_operator.py
[2021-02-10 04:39:44,780] {scheduler_job.py:639} INFO - DAG(s) dict_keys(['example_subdag_operator.section-1', 'example_subdag_operator.section-2', 'example_subdag_operator']) retrieved from /home/airflow/.local/lib/python3.8/site-packages/airflow/example_dags/example_subdag_operator.py
[2021-02-10 04:39:44,783] {logging_mixin.py:103} INFO - [2021-02-10 04:39:44,783] {dag.py:1813} INFO - Sync 3 DAGs
[2021-02-10 04:39:44,813] {logging_mixin.py:103} INFO - [2021-02-10 04:39:44,813] {dag.py:2266} INFO - Setting next_dagrun for example_subdag_operator to 2021-02-08 00:00:00+00:00
[2021-02-10 04:39:44,816] {logging_mixin.py:103} INFO - [2021-02-10 04:39:44,816] {dag.py:2266} INFO - Setting next_dagrun for example_subdag_operator.section-1 to None
[2021-02-10 04:39:44,818] {logging_mixin.py:103} INFO - [2021-02-10 04:39:44,817] {dag.py:2266} INFO - Setting next_dagrun for example_subdag_operator.section-2 to None
[2021-02-10 04:39:44,832] {logging_mixin.py:103} INFO - [2021-02-10 04:39:44,832] {dag.py:1813} INFO - Sync 2 DAGs
[2021-02-10 04:39:44,850] {logging_mixin.py:103} INFO - [2021-02-10 04:39:44,850] {dag.py:2266} INFO - Setting next_dagrun for example_subdag_operator.section-1 to None
[2021-02-10 04:39:44,852] {logging_mixin.py:103} INFO - [2021-02-10 04:39:44,852] {dag.py:2266} INFO - Setting next_dagrun for example_subdag_operator.section-2 to None
[2021-02-10 04:39:44,887] {scheduler_job.py:189} INFO - Processing /home/airflow/.local/lib/python3.8/site-packages/airflow/example_dags/example_subdag_operator.py took 0.194 seconds
[2021-02-10 04:39:47,714] {scheduler_job.py:181} INFO - Started process (PID=183) to work on /home/airflow/.local/lib/python3.8/site-packages/airflow/example_dags/example_subdag_operator.py
[2021-02-10 04:39:47,718] {scheduler_job.py:629} INFO - Processing file /home/airflow/.local/lib/python3.8/site-packages/airflow/example_dags/example_subdag_operator.py for tasks to queue
[2021-02-10 04:39:47,725] {logging_mixin.py:103} INFO - [2021-02-10 04:39:47,725] {dagbag.py:440} INFO - Filling up the DagBag from /home/airflow/.local/lib/python3.8/site-packages/airflow/example_dags/example_subdag_operator.py
[2021-02-10 04:39:47,813] {scheduler_job.py:639} INFO - DAG(s) dict_keys(['example_subdag_operator.section-1', 'example_subdag_operator.section-2', 'example_subdag_operator']) retrieved from /home/airflow/.local/lib/python3.8/site-packages/airflow/example_dags/example_subdag_operator.py
[2021-02-10 04:39:47,817] {logging_mixin.py:103} INFO - [2021-02-10 04:39:47,817] {dag.py:1813} INFO - Sync 3 DAGs
[2021-02-10 04:39:47,887] {logging_mixin.py:103} INFO - [2021-02-10 04:39:47,887] {dag.py:2266} INFO - Setting next_dagrun for example_subdag_operator to 2021-02-08 00:00:00+00:00
[2021-02-10 04:39:47,893] {logging_mixin.py:103} INFO - [2021-02-10 04:39:47,893] {dag.py:2266} INFO - Setting next_dagrun for example_subdag_operator.section-1 to None
[2021-02-10 04:39:47,895] {logging_mixin.py:103} INFO - [2021-02-10 04:39:47,895] {dag.py:2266} INFO - Setting next_dagrun for example_subdag_operator.section-2 to None
[2021-02-10 04:39:47,911] {logging_mixin.py:103} INFO - [2021-02-10 04:39:47,910] {dag.py:1813} INFO - Sync 2 DAGs
[2021-02-10 04:39:47,938] {logging_mixin.py:103} INFO - [2021-02-10 04:39:47,934] {dag.py:2266} INFO - Setting next_dagrun for example_subdag_operator.section-1 to None
[2021-02-10 04:39:47,939] {logging_mixin.py:103} INFO - [2021-02-10 04:39:47,939] {dag.py:2266} INFO - Setting next_dagrun for example_subdag_operator.section-2 to None
[2021-02-10 04:39:47,967] {scheduler_job.py:189} INFO - Processing /home/airflow/.local/lib/python3.8/site-packages/airflow/example_dags/example_subdag_operator.py took 0.263 seconds
[2021-02-10 04:39:51,243] {scheduler_job.py:181} INFO - Started process (PID=209) to work on /home/airflow/.local/lib/python3.8/site-packages/airflow/example_dags/example_subdag_operator.py
[2021-02-10 04:39:51,249] {scheduler_job.py:629} INFO - Processing file /home/airflow/.local/lib/python3.8/site-packages/airflow/example_dags/example_subdag_operator.py for tasks to queue
[2021-02-10 04:39:51,255] {logging_mixin.py:103} INFO - [2021-02-10 04:39:51,254] {dagbag.py:440} INFO - Filling up the DagBag from /home/airflow/.local/lib/python3.8/site-packages/airflow/example_dags/example_subdag_operator.py
[2021-02-10 04:39:51,342] {scheduler_job.py:639} INFO - DAG(s) dict_keys(['example_subdag_operator.section-1', 'example_subdag_operator.section-2', 'example_subdag_operator']) retrieved from /home/airflow/.local/lib/python3.8/site-packages/airflow/example_dags/example_subdag_operator.py
[2021-02-10 04:39:51,350] {logging_mixin.py:103} INFO - [2021-02-10 04:39:51,345] {dag.py:1813} INFO - Sync 3 DAGs
[2021-02-10 04:39:51,390] {logging_mixin.py:103} INFO - [2021-02-10 04:39:51,390] {dag.py:2266} INFO - Setting next_dagrun for example_subdag_operator to 2021-02-08 00:00:00+00:00
[2021-02-10 04:39:51,393] {logging_mixin.py:103} INFO - [2021-02-10 04:39:51,393] {dag.py:2266} INFO - Setting next_dagrun for example_subdag_operator.section-1 to None
[2021-02-10 04:39:51,395] {logging_mixin.py:103} INFO - [2021-02-10 04:39:51,395] {dag.py:2266} INFO - Setting next_dagrun for example_subdag_operator.section-2 to None
[2021-02-10 04:39:51,417] {logging_mixin.py:103} INFO - [2021-02-10 04:39:51,417] {dag.py:1813} INFO - Sync 2 DAGs
[2021-02-10 04:39:51,440] {logging_mixin.py:103} INFO - [2021-02-10 04:39:51,440] {dag.py:2266} INFO - Setting next_dagrun for example_subdag_operator.section-1 to None
[2021-02-10 04:39:51,442] {logging_mixin.py:103} INFO - [2021-02-10 04:39:51,442] {dag.py:2266} INFO - Setting next_dagrun for example_subdag_operator.section-2 to None
[2021-02-10 04:39:51,533] {scheduler_job.py:189} INFO - Processing /home/airflow/.local/lib/python3.8/site-packages/airflow/example_dags/example_subdag_operator.py took 0.297 seconds
[2021-02-10 04:39:54,521] {scheduler_job.py:181} INFO - Started process (PID=233) to work on /home/airflow/.local/lib/python3.8/site-packages/airflow/example_dags/example_subdag_operator.py
[2021-02-10 04:39:54,526] {scheduler_job.py:629} INFO - Processing file /home/airflow/.local/lib/python3.8/site-packages/airflow/example_dags/example_subdag_operator.py for tasks to queue
[2021-02-10 04:39:54,532] {logging_mixin.py:103} INFO - [2021-02-10 04:39:54,531] {dagbag.py:440} INFO - Filling up the DagBag from /home/airflow/.local/lib/python3.8/site-packages/airflow/example_dags/example_subdag_operator.py
[2021-02-10 04:39:54,670] {scheduler_job.py:639} INFO - DAG(s) dict_keys(['example_subdag_operator.section-1', 'example_subdag_operator.section-2', 'example_subdag_operator']) retrieved from /home/airflow/.local/lib/python3.8/site-packages/airflow/example_dags/example_subdag_operator.py
[2021-02-10 04:39:54,734] {logging_mixin.py:103} INFO - [2021-02-10 04:39:54,731] {dag.py:1813} INFO - Sync 3 DAGs
[2021-02-10 04:39:54,822] {logging_mixin.py:103} INFO - [2021-02-10 04:39:54,822] {dag.py:2266} INFO - Setting next_dagrun for example_subdag_operator to 2021-02-08 00:00:00+00:00
[2021-02-10 04:39:54,848] {logging_mixin.py:103} INFO - [2021-02-10 04:39:54,848] {dag.py:2266} INFO - Setting next_dagrun for example_subdag_operator.section-1 to None
[2021-02-10 04:39:54,864] {logging_mixin.py:103} INFO - [2021-02-10 04:39:54,862] {dag.py:2266} INFO - Setting next_dagrun for example_subdag_operator.section-2 to None
[2021-02-10 04:39:54,905] {logging_mixin.py:103} INFO - [2021-02-10 04:39:54,904] {dag.py:1813} INFO - Sync 2 DAGs
[2021-02-10 04:39:54,928] {logging_mixin.py:103} INFO - [2021-02-10 04:39:54,928] {dag.py:2266} INFO - Setting next_dagrun for example_subdag_operator.section-1 to None
[2021-02-10 04:39:54,931] {logging_mixin.py:103} INFO - [2021-02-10 04:39:54,930] {dag.py:2266} INFO - Setting next_dagrun for example_subdag_operator.section-2 to None
[2021-02-10 04:39:54,968] {scheduler_job.py:189} INFO - Processing /home/airflow/.local/lib/python3.8/site-packages/airflow/example_dags/example_subdag_operator.py took 0.498 seconds
[2021-02-10 04:39:58,056] {scheduler_job.py:181} INFO - Started process (PID=258) to work on /home/airflow/.local/lib/python3.8/site-packages/airflow/example_dags/example_subdag_operator.py
[2021-02-10 04:39:58,060] {scheduler_job.py:629} INFO - Processing file /home/airflow/.local/lib/python3.8/site-packages/airflow/example_dags/example_subdag_operator.py for tasks to queue
[2021-02-10 04:39:58,063] {logging_mixin.py:103} INFO - [2021-02-10 04:39:58,062] {dagbag.py:440} INFO - Filling up the DagBag from /home/airflow/.local/lib/python3.8/site-packages/airflow/example_dags/example_subdag_operator.py
[2021-02-10 04:39:58,186] {scheduler_job.py:639} INFO - DAG(s) dict_keys(['example_subdag_operator.section-1', 'example_subdag_operator.section-2', 'example_subdag_operator']) retrieved from /home/airflow/.local/lib/python3.8/site-packages/airflow/example_dags/example_subdag_operator.py
[2021-02-10 04:39:58,189] {logging_mixin.py:103} INFO - [2021-02-10 04:39:58,189] {dag.py:1813} INFO - Sync 3 DAGs
[2021-02-10 04:39:58,230] {logging_mixin.py:103} INFO - [2021-02-10 04:39:58,230] {dag.py:2266} INFO - Setting next_dagrun for example_subdag_operator to 2021-02-08 00:00:00+00:00
[2021-02-10 04:39:58,233] {logging_mixin.py:103} INFO - [2021-02-10 04:39:58,233] {dag.py:2266} INFO - Setting next_dagrun for example_subdag_operator.section-1 to None
[2021-02-10 04:39:58,235] {logging_mixin.py:103} INFO - [2021-02-10 04:39:58,235] {dag.py:2266} INFO - Setting next_dagrun for example_subdag_operator.section-2 to None
[2021-02-10 04:39:58,275] {logging_mixin.py:103} INFO - [2021-02-10 04:39:58,275] {dag.py:1813} INFO - Sync 2 DAGs
[2021-02-10 04:39:58,310] {logging_mixin.py:103} INFO - [2021-02-10 04:39:58,309] {dag.py:2266} INFO - Setting next_dagrun for example_subdag_operator.section-1 to None
[2021-02-10 04:39:58,312] {logging_mixin.py:103} INFO - [2021-02-10 04:39:58,312] {dag.py:2266} INFO - Setting next_dagrun for example_subdag_operator.section-2 to None
[2021-02-10 04:39:58,362] {scheduler_job.py:189} INFO - Processing /home/airflow/.local/lib/python3.8/site-packages/airflow/example_dags/example_subdag_operator.py took 0.315 seconds
[2021-02-10 04:40:03,051] {scheduler_job.py:181} INFO - Started process (PID=285) to work on /home/airflow/.local/lib/python3.8/site-packages/airflow/example_dags/example_subdag_operator.py
[2021-02-10 04:40:03,057] {scheduler_job.py:629} INFO - Processing file /home/airflow/.local/lib/python3.8/site-packages/airflow/example_dags/example_subdag_operator.py for tasks to queue
[2021-02-10 04:40:03,060] {logging_mixin.py:103} INFO - [2021-02-10 04:40:03,060] {dagbag.py:440} INFO - Filling up the DagBag from /home/airflow/.local/lib/python3.8/site-packages/airflow/example_dags/example_subdag_operator.py
[2021-02-10 04:40:03,184] {scheduler_job.py:639} INFO - DAG(s) dict_keys(['example_subdag_operator.section-1', 'example_subdag_operator.section-2', 'example_subdag_operator']) retrieved from /home/airflow/.local/lib/python3.8/site-packages/airflow/example_dags/example_subdag_operator.py
[2021-02-10 04:40:03,187] {logging_mixin.py:103} INFO - [2021-02-10 04:40:03,187] {dag.py:1813} INFO - Sync 3 DAGs
[2021-02-10 04:40:03,245] {logging_mixin.py:103} INFO - [2021-02-10 04:40:03,245] {dag.py:2266} INFO - Setting next_dagrun for example_subdag_operator to 2021-02-08 00:00:00+00:00
[2021-02-10 04:40:03,274] {logging_mixin.py:103} INFO - [2021-02-10 04:40:03,273] {dag.py:2266} INFO - Setting next_dagrun for example_subdag_operator.section-1 to None
[2021-02-10 04:40:03,281] {logging_mixin.py:103} INFO - [2021-02-10 04:40:03,281] {dag.py:2266} INFO - Setting next_dagrun for example_subdag_operator.section-2 to None
[2021-02-10 04:40:03,302] {logging_mixin.py:103} INFO - [2021-02-10 04:40:03,301] {dag.py:1813} INFO - Sync 2 DAGs
[2021-02-10 04:40:03,341] {logging_mixin.py:103} INFO - [2021-02-10 04:40:03,340] {dag.py:2266} INFO - Setting next_dagrun for example_subdag_operator.section-1 to None
[2021-02-10 04:40:03,348] {logging_mixin.py:103} INFO - [2021-02-10 04:40:03,348] {dag.py:2266} INFO - Setting next_dagrun for example_subdag_operator.section-2 to None
[2021-02-10 04:40:03,416] {scheduler_job.py:189} INFO - Processing /home/airflow/.local/lib/python3.8/site-packages/airflow/example_dags/example_subdag_operator.py took 0.372 seconds
[2021-02-10 04:40:09,023] {scheduler_job.py:181} INFO - Started process (PID=309) to work on /home/airflow/.local/lib/python3.8/site-packages/airflow/example_dags/example_subdag_operator.py
[2021-02-10 04:40:09,026] {scheduler_job.py:629} INFO - Processing file /home/airflow/.local/lib/python3.8/site-packages/airflow/example_dags/example_subdag_operator.py for tasks to queue
[2021-02-10 04:40:09,029] {logging_mixin.py:103} INFO - [2021-02-10 04:40:09,029] {dagbag.py:440} INFO - Filling up the DagBag from /home/airflow/.local/lib/python3.8/site-packages/airflow/example_dags/example_subdag_operator.py
[2021-02-10 04:40:09,140] {scheduler_job.py:639} INFO - DAG(s) dict_keys(['example_subdag_operator.section-1', 'example_subdag_operator.section-2', 'example_subdag_operator']) retrieved from /home/airflow/.local/lib/python3.8/site-packages/airflow/example_dags/example_subdag_operator.py
[2021-02-10 04:40:09,145] {logging_mixin.py:103} INFO - [2021-02-10 04:40:09,145] {dag.py:1813} INFO - Sync 3 DAGs
[2021-02-10 04:40:09,175] {logging_mixin.py:103} INFO - [2021-02-10 04:40:09,175] {dag.py:2266} INFO - Setting next_dagrun for example_subdag_operator to 2021-02-08 00:00:00+00:00
[2021-02-10 04:40:09,180] {logging_mixin.py:103} INFO - [2021-02-10 04:40:09,180] {dag.py:2266} INFO - Setting next_dagrun for example_subdag_operator.section-1 to None
[2021-02-10 04:40:09,185] {logging_mixin.py:103} INFO - [2021-02-10 04:40:09,185] {dag.py:2266} INFO - Setting next_dagrun for example_subdag_operator.section-2 to None
[2021-02-10 04:40:09,201] {logging_mixin.py:103} INFO - [2021-02-10 04:40:09,201] {dag.py:1813} INFO - Sync 2 DAGs
[2021-02-10 04:40:09,230] {logging_mixin.py:103} INFO - [2021-02-10 04:40:09,229] {dag.py:2266} INFO - Setting next_dagrun for example_subdag_operator.section-1 to None
[2021-02-10 04:40:09,237] {logging_mixin.py:103} INFO - [2021-02-10 04:40:09,237] {dag.py:2266} INFO - Setting next_dagrun for example_subdag_operator.section-2 to None
[2021-02-10 04:40:09,294] {scheduler_job.py:189} INFO - Processing /home/airflow/.local/lib/python3.8/site-packages/airflow/example_dags/example_subdag_operator.py took 0.276 seconds
[2021-02-10 04:40:12,886] {scheduler_job.py:181} INFO - Started process (PID=335) to work on /home/airflow/.local/lib/python3.8/site-packages/airflow/example_dags/example_subdag_operator.py
[2021-02-10 04:40:12,889] {scheduler_job.py:629} INFO - Processing file /home/airflow/.local/lib/python3.8/site-packages/airflow/example_dags/example_subdag_operator.py for tasks to queue
[2021-02-10 04:40:12,892] {logging_mixin.py:103} INFO - [2021-02-10 04:40:12,892] {dagbag.py:440} INFO - Filling up the DagBag from /home/airflow/.local/lib/python3.8/site-packages/airflow/example_dags/example_subdag_operator.py
[2021-02-10 04:40:12,959] {scheduler_job.py:639} INFO - DAG(s) dict_keys(['example_subdag_operator.section-1', 'example_subdag_operator.section-2', 'example_subdag_operator']) retrieved from /home/airflow/.local/lib/python3.8/site-packages/airflow/example_dags/example_subdag_operator.py
[2021-02-10 04:40:12,963] {logging_mixin.py:103} INFO - [2021-02-10 04:40:12,963] {dag.py:1813} INFO - Sync 3 DAGs
[2021-02-10 04:40:12,996] {logging_mixin.py:103} INFO - [2021-02-10 04:40:12,996] {dag.py:2266} INFO - Setting next_dagrun for example_subdag_operator to 2021-02-08 00:00:00+00:00
[2021-02-10 04:40:13,001] {logging_mixin.py:103} INFO - [2021-02-10 04:40:13,001] {dag.py:2266} INFO - Setting next_dagrun for example_subdag_operator.section-1 to None
[2021-02-10 04:40:13,003] {logging_mixin.py:103} INFO - [2021-02-10 04:40:13,003] {dag.py:2266} INFO - Setting next_dagrun for example_subdag_operator.section-2 to None
[2021-02-10 04:40:13,024] {logging_mixin.py:103} INFO - [2021-02-10 04:40:13,024] {dag.py:1813} INFO - Sync 2 DAGs
[2021-02-10 04:40:13,041] {logging_mixin.py:103} INFO - [2021-02-10 04:40:13,041] {dag.py:2266} INFO - Setting next_dagrun for example_subdag_operator.section-1 to None
[2021-02-10 04:40:13,043] {logging_mixin.py:103} INFO - [2021-02-10 04:40:13,043] {dag.py:2266} INFO - Setting next_dagrun for example_subdag_operator.section-2 to None
[2021-02-10 04:40:13,080] {scheduler_job.py:189} INFO - Processing /home/airflow/.local/lib/python3.8/site-packages/airflow/example_dags/example_subdag_operator.py took 0.201 seconds
[2021-02-10 04:40:15,782] {scheduler_job.py:181} INFO - Started process (PID=359) to work on /home/airflow/.local/lib/python3.8/site-packages/airflow/example_dags/example_subdag_operator.py
[2021-02-10 04:40:15,785] {scheduler_job.py:629} INFO - Processing file /home/airflow/.local/lib/python3.8/site-packages/airflow/example_dags/example_subdag_operator.py for tasks to queue
[2021-02-10 04:40:15,790] {logging_mixin.py:103} INFO - [2021-02-10 04:40:15,790] {dagbag.py:440} INFO - Filling up the DagBag from /home/airflow/.local/lib/python3.8/site-packages/airflow/example_dags/example_subdag_operator.py
[2021-02-10 04:40:15,834] {scheduler_job.py:639} INFO - DAG(s) dict_keys(['example_subdag_operator.section-1', 'example_subdag_operator.section-2', 'example_subdag_operator']) retrieved from /home/airflow/.local/lib/python3.8/site-packages/airflow/example_dags/example_subdag_operator.py
[2021-02-10 04:40:15,837] {logging_mixin.py:103} INFO - [2021-02-10 04:40:15,837] {dag.py:1813} INFO - Sync 3 DAGs
[2021-02-10 04:40:15,868] {logging_mixin.py:103} INFO - [2021-02-10 04:40:15,867] {dag.py:2266} INFO - Setting next_dagrun for example_subdag_operator to 2021-02-08 00:00:00+00:00
[2021-02-10 04:40:15,870] {logging_mixin.py:103} INFO - [2021-02-10 04:40:15,870] {dag.py:2266} INFO - Setting next_dagrun for example_subdag_operator.section-1 to None
[2021-02-10 04:40:15,872] {logging_mixin.py:103} INFO - [2021-02-10 04:40:15,872] {dag.py:2266} INFO - Setting next_dagrun for example_subdag_operator.section-2 to None
[2021-02-10 04:40:15,883] {logging_mixin.py:103} INFO - [2021-02-10 04:40:15,882] {dag.py:1813} INFO - Sync 2 DAGs
[2021-02-10 04:40:15,900] {logging_mixin.py:103} INFO - [2021-02-10 04:40:15,899] {dag.py:2266} INFO - Setting next_dagrun for example_subdag_operator.section-1 to None
[2021-02-10 04:40:15,902] {logging_mixin.py:103} INFO - [2021-02-10 04:40:15,902] {dag.py:2266} INFO - Setting next_dagrun for example_subdag_operator.section-2 to None
[2021-02-10 04:40:15,938] {scheduler_job.py:189} INFO - Processing /home/airflow/.local/lib/python3.8/site-packages/airflow/example_dags/example_subdag_operator.py took 0.164 seconds
[2021-02-10 04:40:18,475] {scheduler_job.py:181} INFO - Started process (PID=385) to work on /home/airflow/.local/lib/python3.8/site-packages/airflow/example_dags/example_subdag_operator.py
[2021-02-10 04:40:18,479] {scheduler_job.py:629} INFO - Processing file /home/airflow/.local/lib/python3.8/site-packages/airflow/example_dags/example_subdag_operator.py for tasks to queue
[2021-02-10 04:40:18,482] {logging_mixin.py:103} INFO - [2021-02-10 04:40:18,482] {dagbag.py:440} INFO - Filling up the DagBag from /home/airflow/.local/lib/python3.8/site-packages/airflow/example_dags/example_subdag_operator.py
[2021-02-10 04:40:18,546] {scheduler_job.py:639} INFO - DAG(s) dict_keys(['example_subdag_operator.section-1', 'example_subdag_operator.section-2', 'example_subdag_operator']) retrieved from /home/airflow/.local/lib/python3.8/site-packages/airflow/example_dags/example_subdag_operator.py
[2021-02-10 04:40:18,549] {logging_mixin.py:103} INFO - [2021-02-10 04:40:18,549] {dag.py:1813} INFO - Sync 3 DAGs
[2021-02-10 04:40:18,580] {logging_mixin.py:103} INFO - [2021-02-10 04:40:18,580] {dag.py:2266} INFO - Setting next_dagrun for example_subdag_operator to 2021-02-08 00:00:00+00:00
[2021-02-10 04:40:18,582] {logging_mixin.py:103} INFO - [2021-02-10 04:40:18,582] {dag.py:2266} INFO - Setting next_dagrun for example_subdag_operator.section-1 to None
[2021-02-10 04:40:18,584] {logging_mixin.py:103} INFO - [2021-02-10 04:40:18,584] {dag.py:2266} INFO - Setting next_dagrun for example_subdag_operator.section-2 to None
[2021-02-10 04:40:18,596] {logging_mixin.py:103} INFO - [2021-02-10 04:40:18,596] {dag.py:1813} INFO - Sync 2 DAGs
[2021-02-10 04:40:18,613] {logging_mixin.py:103} INFO - [2021-02-10 04:40:18,613] {dag.py:2266} INFO - Setting next_dagrun for example_subdag_operator.section-1 to None
[2021-02-10 04:40:18,616] {logging_mixin.py:103} INFO - [2021-02-10 04:40:18,615] {dag.py:2266} INFO - Setting next_dagrun for example_subdag_operator.section-2 to None
[2021-02-10 04:40:18,668] {scheduler_job.py:189} INFO - Processing /home/airflow/.local/lib/python3.8/site-packages/airflow/example_dags/example_subdag_operator.py took 0.199 seconds
[2021-02-10 04:40:21,142] {scheduler_job.py:181} INFO - Started process (PID=409) to work on /home/airflow/.local/lib/python3.8/site-packages/airflow/example_dags/example_subdag_operator.py
[2021-02-10 04:40:21,145] {scheduler_job.py:629} INFO - Processing file /home/airflow/.local/lib/python3.8/site-packages/airflow/example_dags/example_subdag_operator.py for tasks to queue
[2021-02-10 04:40:21,148] {logging_mixin.py:103} INFO - [2021-02-10 04:40:21,148] {dagbag.py:440} INFO - Filling up the DagBag from /home/airflow/.local/lib/python3.8/site-packages/airflow/example_dags/example_subdag_operator.py
[2021-02-10 04:40:21,239] {scheduler_job.py:639} INFO - DAG(s) dict_keys(['example_subdag_operator.section-1', 'example_subdag_operator.section-2', 'example_subdag_operator']) retrieved from /home/airflow/.local/lib/python3.8/site-packages/airflow/example_dags/example_subdag_operator.py
[2021-02-10 04:40:21,249] {logging_mixin.py:103} INFO - [2021-02-10 04:40:21,249] {dag.py:1813} INFO - Sync 3 DAGs
[2021-02-10 04:40:21,333] {logging_mixin.py:103} INFO - [2021-02-10 04:40:21,332] {dag.py:2266} INFO - Setting next_dagrun for example_subdag_operator to 2021-02-08 00:00:00+00:00
[2021-02-10 04:40:21,338] {logging_mixin.py:103} INFO - [2021-02-10 04:40:21,338] {dag.py:2266} INFO - Setting next_dagrun for example_subdag_operator.section-1 to None
[2021-02-10 04:40:21,341] {logging_mixin.py:103} INFO - [2021-02-10 04:40:21,341] {dag.py:2266} INFO - Setting next_dagrun for example_subdag_operator.section-2 to None
[2021-02-10 04:40:21,364] {logging_mixin.py:103} INFO - [2021-02-10 04:40:21,363] {dag.py:1813} INFO - Sync 2 DAGs
[2021-02-10 04:40:21,397] {logging_mixin.py:103} INFO - [2021-02-10 04:40:21,397] {dag.py:2266} INFO - Setting next_dagrun for example_subdag_operator.section-1 to None
[2021-02-10 04:40:21,403] {logging_mixin.py:103} INFO - [2021-02-10 04:40:21,402] {dag.py:2266} INFO - Setting next_dagrun for example_subdag_operator.section-2 to None
[2021-02-10 04:40:21,482] {scheduler_job.py:189} INFO - Processing /home/airflow/.local/lib/python3.8/site-packages/airflow/example_dags/example_subdag_operator.py took 0.346 seconds
[2021-02-10 04:40:24,397] {scheduler_job.py:181} INFO - Started process (PID=435) to work on /home/airflow/.local/lib/python3.8/site-packages/airflow/example_dags/example_subdag_operator.py
[2021-02-10 04:40:24,401] {scheduler_job.py:629} INFO - Processing file /home/airflow/.local/lib/python3.8/site-packages/airflow/example_dags/example_subdag_operator.py for tasks to queue
[2021-02-10 04:40:24,403] {logging_mixin.py:103} INFO - [2021-02-10 04:40:24,403] {dagbag.py:440} INFO - Filling up the DagBag from /home/airflow/.local/lib/python3.8/site-packages/airflow/example_dags/example_subdag_operator.py
[2021-02-10 04:40:24,476] {scheduler_job.py:639} INFO - DAG(s) dict_keys(['example_subdag_operator.section-1', 'example_subdag_operator.section-2', 'example_subdag_operator']) retrieved from /home/airflow/.local/lib/python3.8/site-packages/airflow/example_dags/example_subdag_operator.py
[2021-02-10 04:40:24,479] {logging_mixin.py:103} INFO - [2021-02-10 04:40:24,479] {dag.py:1813} INFO - Sync 3 DAGs
[2021-02-10 04:40:24,512] {logging_mixin.py:103} INFO - [2021-02-10 04:40:24,512] {dag.py:2266} INFO - Setting next_dagrun for example_subdag_operator to 2021-02-08 00:00:00+00:00
[2021-02-10 04:40:24,515] {logging_mixin.py:103} INFO - [2021-02-10 04:40:24,515] {dag.py:2266} INFO - Setting next_dagrun for example_subdag_operator.section-1 to None
[2021-02-10 04:40:24,517] {logging_mixin.py:103} INFO - [2021-02-10 04:40:24,517] {dag.py:2266} INFO - Setting next_dagrun for example_subdag_operator.section-2 to None
[2021-02-10 04:40:24,530] {logging_mixin.py:103} INFO - [2021-02-10 04:40:24,530] {dag.py:1813} INFO - Sync 2 DAGs
[2021-02-10 04:40:24,546] {logging_mixin.py:103} INFO - [2021-02-10 04:40:24,545] {dag.py:2266} INFO - Setting next_dagrun for example_subdag_operator.section-1 to None
[2021-02-10 04:40:24,549] {logging_mixin.py:103} INFO - [2021-02-10 04:40:24,549] {dag.py:2266} INFO - Setting next_dagrun for example_subdag_operator.section-2 to None
[2021-02-10 04:40:24,581] {scheduler_job.py:189} INFO - Processing /home/airflow/.local/lib/python3.8/site-packages/airflow/example_dags/example_subdag_operator.py took 0.193 seconds
[2021-02-10 04:40:27,951] {scheduler_job.py:181} INFO - Started process (PID=459) to work on /home/airflow/.local/lib/python3.8/site-packages/airflow/example_dags/example_subdag_operator.py
[2021-02-10 04:40:27,956] {scheduler_job.py:629} INFO - Processing file /home/airflow/.local/lib/python3.8/site-packages/airflow/example_dags/example_subdag_operator.py for tasks to queue
[2021-02-10 04:40:27,958] {logging_mixin.py:103} INFO - [2021-02-10 04:40:27,958] {dagbag.py:440} INFO - Filling up the DagBag from /home/airflow/.local/lib/python3.8/site-packages/airflow/example_dags/example_subdag_operator.py
[2021-02-10 04:40:28,023] {scheduler_job.py:639} INFO - DAG(s) dict_keys(['example_subdag_operator.section-1', 'example_subdag_operator.section-2', 'example_subdag_operator']) retrieved from /home/airflow/.local/lib/python3.8/site-packages/airflow/example_dags/example_subdag_operator.py
[2021-02-10 04:40:28,026] {logging_mixin.py:103} INFO - [2021-02-10 04:40:28,026] {dag.py:1813} INFO - Sync 3 DAGs
[2021-02-10 04:40:28,059] {logging_mixin.py:103} INFO - [2021-02-10 04:40:28,059] {dag.py:2266} INFO - Setting next_dagrun for example_subdag_operator to 2021-02-08 00:00:00+00:00
[2021-02-10 04:40:28,064] {logging_mixin.py:103} INFO - [2021-02-10 04:40:28,064] {dag.py:2266} INFO - Setting next_dagrun for example_subdag_operator.section-1 to None
[2021-02-10 04:40:28,067] {logging_mixin.py:103} INFO - [2021-02-10 04:40:28,067] {dag.py:2266} INFO - Setting next_dagrun for example_subdag_operator.section-2 to None
[2021-02-10 04:40:28,079] {logging_mixin.py:103} INFO - [2021-02-10 04:40:28,079] {dag.py:1813} INFO - Sync 2 DAGs
[2021-02-10 04:40:28,095] {logging_mixin.py:103} INFO - [2021-02-10 04:40:28,095] {dag.py:2266} INFO - Setting next_dagrun for example_subdag_operator.section-1 to None
[2021-02-10 04:40:28,097] {logging_mixin.py:103} INFO - [2021-02-10 04:40:28,097] {dag.py:2266} INFO - Setting next_dagrun for example_subdag_operator.section-2 to None
[2021-02-10 04:40:28,132] {scheduler_job.py:189} INFO - Processing /home/airflow/.local/lib/python3.8/site-packages/airflow/example_dags/example_subdag_operator.py took 0.186 seconds
[2021-02-10 04:40:30,843] {scheduler_job.py:181} INFO - Started process (PID=485) to work on /home/airflow/.local/lib/python3.8/site-packages/airflow/example_dags/example_subdag_operator.py
[2021-02-10 04:40:30,846] {scheduler_job.py:629} INFO - Processing file /home/airflow/.local/lib/python3.8/site-packages/airflow/example_dags/example_subdag_operator.py for tasks to queue
[2021-02-10 04:40:30,849] {logging_mixin.py:103} INFO - [2021-02-10 04:40:30,849] {dagbag.py:440} INFO - Filling up the DagBag from /home/airflow/.local/lib/python3.8/site-packages/airflow/example_dags/example_subdag_operator.py
[2021-02-10 04:40:30,908] {scheduler_job.py:639} INFO - DAG(s) dict_keys(['example_subdag_operator.section-1', 'example_subdag_operator.section-2', 'example_subdag_operator']) retrieved from /home/airflow/.local/lib/python3.8/site-packages/airflow/example_dags/example_subdag_operator.py
[2021-02-10 04:40:30,910] {logging_mixin.py:103} INFO - [2021-02-10 04:40:30,910] {dag.py:1813} INFO - Sync 3 DAGs
[2021-02-10 04:40:30,935] {logging_mixin.py:103} INFO - [2021-02-10 04:40:30,935] {dag.py:2266} INFO - Setting next_dagrun for example_subdag_operator to 2021-02-08 00:00:00+00:00
[2021-02-10 04:40:30,938] {logging_mixin.py:103} INFO - [2021-02-10 04:40:30,937] {dag.py:2266} INFO - Setting next_dagrun for example_subdag_operator.section-1 to None
[2021-02-10 04:40:30,940] {logging_mixin.py:103} INFO - [2021-02-10 04:40:30,939] {dag.py:2266} INFO - Setting next_dagrun for example_subdag_operator.section-2 to None
[2021-02-10 04:40:30,951] {logging_mixin.py:103} INFO - [2021-02-10 04:40:30,951] {dag.py:1813} INFO - Sync 2 DAGs
[2021-02-10 04:40:30,967] {logging_mixin.py:103} INFO - [2021-02-10 04:40:30,967] {dag.py:2266} INFO - Setting next_dagrun for example_subdag_operator.section-1 to None
[2021-02-10 04:40:30,969] {logging_mixin.py:103} INFO - [2021-02-10 04:40:30,969] {dag.py:2266} INFO - Setting next_dagrun for example_subdag_operator.section-2 to None
[2021-02-10 04:40:31,023] {scheduler_job.py:189} INFO - Processing /home/airflow/.local/lib/python3.8/site-packages/airflow/example_dags/example_subdag_operator.py took 0.186 seconds
[2021-02-10 04:40:33,951] {scheduler_job.py:181} INFO - Started process (PID=509) to work on /home/airflow/.local/lib/python3.8/site-packages/airflow/example_dags/example_subdag_operator.py
[2021-02-10 04:40:33,956] {scheduler_job.py:629} INFO - Processing file /home/airflow/.local/lib/python3.8/site-packages/airflow/example_dags/example_subdag_operator.py for tasks to queue
[2021-02-10 04:40:33,960] {logging_mixin.py:103} INFO - [2021-02-10 04:40:33,960] {dagbag.py:440} INFO - Filling up the DagBag from /home/airflow/.local/lib/python3.8/site-packages/airflow/example_dags/example_subdag_operator.py
[2021-02-10 04:40:34,073] {scheduler_job.py:639} INFO - DAG(s) dict_keys(['example_subdag_operator.section-1', 'example_subdag_operator.section-2', 'example_subdag_operator']) retrieved from /home/airflow/.local/lib/python3.8/site-packages/airflow/example_dags/example_subdag_operator.py
[2021-02-10 04:40:34,088] {logging_mixin.py:103} INFO - [2021-02-10 04:40:34,087] {dag.py:1813} INFO - Sync 3 DAGs
[2021-02-10 04:40:34,130] {logging_mixin.py:103} INFO - [2021-02-10 04:40:34,130] {dag.py:2266} INFO - Setting next_dagrun for example_subdag_operator to 2021-02-08 00:00:00+00:00
[2021-02-10 04:40:34,134] {logging_mixin.py:103} INFO - [2021-02-10 04:40:34,134] {dag.py:2266} INFO - Setting next_dagrun for example_subdag_operator.section-1 to None
[2021-02-10 04:40:34,136] {logging_mixin.py:103} INFO - [2021-02-10 04:40:34,136] {dag.py:2266} INFO - Setting next_dagrun for example_subdag_operator.section-2 to None
[2021-02-10 04:40:34,151] {logging_mixin.py:103} INFO - [2021-02-10 04:40:34,149] {dag.py:1813} INFO - Sync 2 DAGs
[2021-02-10 04:40:34,177] {logging_mixin.py:103} INFO - [2021-02-10 04:40:34,176] {dag.py:2266} INFO - Setting next_dagrun for example_subdag_operator.section-1 to None
[2021-02-10 04:40:34,178] {logging_mixin.py:103} INFO - [2021-02-10 04:40:34,178] {dag.py:2266} INFO - Setting next_dagrun for example_subdag_operator.section-2 to None
[2021-02-10 04:40:34,205] {scheduler_job.py:189} INFO - Processing /home/airflow/.local/lib/python3.8/site-packages/airflow/example_dags/example_subdag_operator.py took 0.260 seconds
[2021-02-10 04:40:36,725] {scheduler_job.py:181} INFO - Started process (PID=535) to work on /home/airflow/.local/lib/python3.8/site-packages/airflow/example_dags/example_subdag_operator.py
[2021-02-10 04:40:36,729] {scheduler_job.py:629} INFO - Processing file /home/airflow/.local/lib/python3.8/site-packages/airflow/example_dags/example_subdag_operator.py for tasks to queue
[2021-02-10 04:40:36,731] {logging_mixin.py:103} INFO - [2021-02-10 04:40:36,731] {dagbag.py:440} INFO - Filling up the DagBag from /home/airflow/.local/lib/python3.8/site-packages/airflow/example_dags/example_subdag_operator.py
[2021-02-10 04:40:36,793] {scheduler_job.py:639} INFO - DAG(s) dict_keys(['example_subdag_operator.section-1', 'example_subdag_operator.section-2', 'example_subdag_operator']) retrieved from /home/airflow/.local/lib/python3.8/site-packages/airflow/example_dags/example_subdag_operator.py
[2021-02-10 04:40:36,796] {logging_mixin.py:103} INFO - [2021-02-10 04:40:36,795] {dag.py:1813} INFO - Sync 3 DAGs
[2021-02-10 04:40:36,819] {logging_mixin.py:103} INFO - [2021-02-10 04:40:36,819] {dag.py:2266} INFO - Setting next_dagrun for example_subdag_operator to 2021-02-08 00:00:00+00:00
[2021-02-10 04:40:36,824] {logging_mixin.py:103} INFO - [2021-02-10 04:40:36,824] {dag.py:2266} INFO - Setting next_dagrun for example_subdag_operator.section-1 to None
[2021-02-10 04:40:36,826] {logging_mixin.py:103} INFO - [2021-02-10 04:40:36,826] {dag.py:2266} INFO - Setting next_dagrun for example_subdag_operator.section-2 to None
[2021-02-10 04:40:36,838] {logging_mixin.py:103} INFO - [2021-02-10 04:40:36,837] {dag.py:1813} INFO - Sync 2 DAGs
[2021-02-10 04:40:36,851] {logging_mixin.py:103} INFO - [2021-02-10 04:40:36,850] {dag.py:2266} INFO - Setting next_dagrun for example_subdag_operator.section-1 to None
[2021-02-10 04:40:36,852] {logging_mixin.py:103} INFO - [2021-02-10 04:40:36,852] {dag.py:2266} INFO - Setting next_dagrun for example_subdag_operator.section-2 to None
[2021-02-10 04:40:36,880] {scheduler_job.py:189} INFO - Processing /home/airflow/.local/lib/python3.8/site-packages/airflow/example_dags/example_subdag_operator.py took 0.162 seconds
[2021-02-10 04:40:39,719] {scheduler_job.py:181} INFO - Started process (PID=559) to work on /home/airflow/.local/lib/python3.8/site-packages/airflow/example_dags/example_subdag_operator.py
[2021-02-10 04:40:39,728] {scheduler_job.py:629} INFO - Processing file /home/airflow/.local/lib/python3.8/site-packages/airflow/example_dags/example_subdag_operator.py for tasks to queue
[2021-02-10 04:40:39,735] {logging_mixin.py:103} INFO - [2021-02-10 04:40:39,735] {dagbag.py:440} INFO - Filling up the DagBag from /home/airflow/.local/lib/python3.8/site-packages/airflow/example_dags/example_subdag_operator.py
[2021-02-10 04:40:39,849] {scheduler_job.py:639} INFO - DAG(s) dict_keys(['example_subdag_operator.section-1', 'example_subdag_operator.section-2', 'example_subdag_operator']) retrieved from /home/airflow/.local/lib/python3.8/site-packages/airflow/example_dags/example_subdag_operator.py
[2021-02-10 04:40:39,852] {logging_mixin.py:103} INFO - [2021-02-10 04:40:39,852] {dag.py:1813} INFO - Sync 3 DAGs
[2021-02-10 04:40:39,883] {logging_mixin.py:103} INFO - [2021-02-10 04:40:39,883] {dag.py:2266} INFO - Setting next_dagrun for example_subdag_operator to 2021-02-08 00:00:00+00:00
[2021-02-10 04:40:39,887] {logging_mixin.py:103} INFO - [2021-02-10 04:40:39,887] {dag.py:2266} INFO - Setting next_dagrun for example_subdag_operator.section-1 to None
[2021-02-10 04:40:39,889] {logging_mixin.py:103} INFO - [2021-02-10 04:40:39,889] {dag.py:2266} INFO - Setting next_dagrun for example_subdag_operator.section-2 to None
[2021-02-10 04:40:39,919] {logging_mixin.py:103} INFO - [2021-02-10 04:40:39,919] {dag.py:1813} INFO - Sync 2 DAGs
[2021-02-10 04:40:39,971] {logging_mixin.py:103} INFO - [2021-02-10 04:40:39,970] {dag.py:2266} INFO - Setting next_dagrun for example_subdag_operator.section-1 to None
[2021-02-10 04:40:39,979] {logging_mixin.py:103} INFO - [2021-02-10 04:40:39,975] {dag.py:2266} INFO - Setting next_dagrun for example_subdag_operator.section-2 to None
[2021-02-10 04:40:40,025] {scheduler_job.py:189} INFO - Processing /home/airflow/.local/lib/python3.8/site-packages/airflow/example_dags/example_subdag_operator.py took 0.327 seconds
[2021-02-10 04:40:42,794] {scheduler_job.py:181} INFO - Started process (PID=585) to work on /home/airflow/.local/lib/python3.8/site-packages/airflow/example_dags/example_subdag_operator.py
[2021-02-10 04:40:42,797] {scheduler_job.py:629} INFO - Processing file /home/airflow/.local/lib/python3.8/site-packages/airflow/example_dags/example_subdag_operator.py for tasks to queue
[2021-02-10 04:40:42,806] {logging_mixin.py:103} INFO - [2021-02-10 04:40:42,805] {dagbag.py:440} INFO - Filling up the DagBag from /home/airflow/.local/lib/python3.8/site-packages/airflow/example_dags/example_subdag_operator.py
[2021-02-10 04:40:42,861] {scheduler_job.py:639} INFO - DAG(s) dict_keys(['example_subdag_operator.section-1', 'example_subdag_operator.section-2', 'example_subdag_operator']) retrieved from /home/airflow/.local/lib/python3.8/site-packages/airflow/example_dags/example_subdag_operator.py
[2021-02-10 04:40:42,863] {logging_mixin.py:103} INFO - [2021-02-10 04:40:42,863] {dag.py:1813} INFO - Sync 3 DAGs
[2021-02-10 04:40:42,885] {logging_mixin.py:103} INFO - [2021-02-10 04:40:42,885] {dag.py:2266} INFO - Setting next_dagrun for example_subdag_operator to 2021-02-08 00:00:00+00:00
[2021-02-10 04:40:42,888] {logging_mixin.py:103} INFO - [2021-02-10 04:40:42,888] {dag.py:2266} INFO - Setting next_dagrun for example_subdag_operator.section-1 to None
[2021-02-10 04:40:42,890] {logging_mixin.py:103} INFO - [2021-02-10 04:40:42,890] {dag.py:2266} INFO - Setting next_dagrun for example_subdag_operator.section-2 to None
[2021-02-10 04:40:42,901] {logging_mixin.py:103} INFO - [2021-02-10 04:40:42,901] {dag.py:1813} INFO - Sync 2 DAGs
[2021-02-10 04:40:42,917] {logging_mixin.py:103} INFO - [2021-02-10 04:40:42,917] {dag.py:2266} INFO - Setting next_dagrun for example_subdag_operator.section-1 to None
[2021-02-10 04:40:42,919] {logging_mixin.py:103} INFO - [2021-02-10 04:40:42,918] {dag.py:2266} INFO - Setting next_dagrun for example_subdag_operator.section-2 to None
[2021-02-10 04:40:42,944] {scheduler_job.py:189} INFO - Processing /home/airflow/.local/lib/python3.8/site-packages/airflow/example_dags/example_subdag_operator.py took 0.156 seconds
[2021-02-10 04:40:45,158] {scheduler_job.py:181} INFO - Started process (PID=609) to work on /home/airflow/.local/lib/python3.8/site-packages/airflow/example_dags/example_subdag_operator.py
[2021-02-10 04:40:45,162] {scheduler_job.py:629} INFO - Processing file /home/airflow/.local/lib/python3.8/site-packages/airflow/example_dags/example_subdag_operator.py for tasks to queue
[2021-02-10 04:40:45,164] {logging_mixin.py:103} INFO - [2021-02-10 04:40:45,164] {dagbag.py:440} INFO - Filling up the DagBag from /home/airflow/.local/lib/python3.8/site-packages/airflow/example_dags/example_subdag_operator.py
[2021-02-10 04:40:45,256] {scheduler_job.py:639} INFO - DAG(s) dict_keys(['example_subdag_operator.section-1', 'example_subdag_operator.section-2', 'example_subdag_operator']) retrieved from /home/airflow/.local/lib/python3.8/site-packages/airflow/example_dags/example_subdag_operator.py
[2021-02-10 04:40:45,261] {logging_mixin.py:103} INFO - [2021-02-10 04:40:45,259] {dag.py:1813} INFO - Sync 3 DAGs
[2021-02-10 04:40:45,293] {logging_mixin.py:103} INFO - [2021-02-10 04:40:45,293] {dag.py:2266} INFO - Setting next_dagrun for example_subdag_operator to 2021-02-08 00:00:00+00:00
[2021-02-10 04:40:45,297] {logging_mixin.py:103} INFO - [2021-02-10 04:40:45,297] {dag.py:2266} INFO - Setting next_dagrun for example_subdag_operator.section-1 to None
[2021-02-10 04:40:45,299] {logging_mixin.py:103} INFO - [2021-02-10 04:40:45,299] {dag.py:2266} INFO - Setting next_dagrun for example_subdag_operator.section-2 to None
[2021-02-10 04:40:45,310] {logging_mixin.py:103} INFO - [2021-02-10 04:40:45,310] {dag.py:1813} INFO - Sync 2 DAGs
[2021-02-10 04:40:45,326] {logging_mixin.py:103} INFO - [2021-02-10 04:40:45,326] {dag.py:2266} INFO - Setting next_dagrun for example_subdag_operator.section-1 to None
[2021-02-10 04:40:45,328] {logging_mixin.py:103} INFO - [2021-02-10 04:40:45,328] {dag.py:2266} INFO - Setting next_dagrun for example_subdag_operator.section-2 to None
[2021-02-10 04:40:45,360] {scheduler_job.py:189} INFO - Processing /home/airflow/.local/lib/python3.8/site-packages/airflow/example_dags/example_subdag_operator.py took 0.209 seconds
[2021-02-10 04:40:48,066] {scheduler_job.py:181} INFO - Started process (PID=635) to work on /home/airflow/.local/lib/python3.8/site-packages/airflow/example_dags/example_subdag_operator.py
[2021-02-10 04:40:48,070] {scheduler_job.py:629} INFO - Processing file /home/airflow/.local/lib/python3.8/site-packages/airflow/example_dags/example_subdag_operator.py for tasks to queue
[2021-02-10 04:40:48,073] {logging_mixin.py:103} INFO - [2021-02-10 04:40:48,072] {dagbag.py:440} INFO - Filling up the DagBag from /home/airflow/.local/lib/python3.8/site-packages/airflow/example_dags/example_subdag_operator.py
[2021-02-10 04:40:48,171] {scheduler_job.py:639} INFO - DAG(s) dict_keys(['example_subdag_operator.section-1', 'example_subdag_operator.section-2', 'example_subdag_operator']) retrieved from /home/airflow/.local/lib/python3.8/site-packages/airflow/example_dags/example_subdag_operator.py
[2021-02-10 04:40:48,178] {logging_mixin.py:103} INFO - [2021-02-10 04:40:48,177] {dag.py:1813} INFO - Sync 3 DAGs
[2021-02-10 04:40:48,248] {logging_mixin.py:103} INFO - [2021-02-10 04:40:48,248] {dag.py:2266} INFO - Setting next_dagrun for example_subdag_operator to 2021-02-08 00:00:00+00:00
[2021-02-10 04:40:48,252] {logging_mixin.py:103} INFO - [2021-02-10 04:40:48,252] {dag.py:2266} INFO - Setting next_dagrun for example_subdag_operator.section-1 to None
[2021-02-10 04:40:48,254] {logging_mixin.py:103} INFO - [2021-02-10 04:40:48,254] {dag.py:2266} INFO - Setting next_dagrun for example_subdag_operator.section-2 to None
[2021-02-10 04:40:48,292] {logging_mixin.py:103} INFO - [2021-02-10 04:40:48,292] {dag.py:1813} INFO - Sync 2 DAGs
[2021-02-10 04:40:48,318] {logging_mixin.py:103} INFO - [2021-02-10 04:40:48,317] {dag.py:2266} INFO - Setting next_dagrun for example_subdag_operator.section-1 to None
[2021-02-10 04:40:48,320] {logging_mixin.py:103} INFO - [2021-02-10 04:40:48,320] {dag.py:2266} INFO - Setting next_dagrun for example_subdag_operator.section-2 to None
[2021-02-10 04:40:48,364] {scheduler_job.py:189} INFO - Processing /home/airflow/.local/lib/python3.8/site-packages/airflow/example_dags/example_subdag_operator.py took 0.308 seconds
[2021-02-10 04:40:51,319] {scheduler_job.py:181} INFO - Started process (PID=659) to work on /home/airflow/.local/lib/python3.8/site-packages/airflow/example_dags/example_subdag_operator.py
[2021-02-10 04:40:51,322] {scheduler_job.py:629} INFO - Processing file /home/airflow/.local/lib/python3.8/site-packages/airflow/example_dags/example_subdag_operator.py for tasks to queue
[2021-02-10 04:40:51,324] {logging_mixin.py:103} INFO - [2021-02-10 04:40:51,324] {dagbag.py:440} INFO - Filling up the DagBag from /home/airflow/.local/lib/python3.8/site-packages/airflow/example_dags/example_subdag_operator.py
[2021-02-10 04:40:51,402] {scheduler_job.py:639} INFO - DAG(s) dict_keys(['example_subdag_operator.section-1', 'example_subdag_operator.section-2', 'example_subdag_operator']) retrieved from /home/airflow/.local/lib/python3.8/site-packages/airflow/example_dags/example_subdag_operator.py
[2021-02-10 04:40:51,404] {logging_mixin.py:103} INFO - [2021-02-10 04:40:51,404] {dag.py:1813} INFO - Sync 3 DAGs
[2021-02-10 04:40:51,440] {logging_mixin.py:103} INFO - [2021-02-10 04:40:51,439] {dag.py:2266} INFO - Setting next_dagrun for example_subdag_operator to 2021-02-08 00:00:00+00:00
[2021-02-10 04:40:51,443] {logging_mixin.py:103} INFO - [2021-02-10 04:40:51,442] {dag.py:2266} INFO - Setting next_dagrun for example_subdag_operator.section-1 to None
[2021-02-10 04:40:51,445] {logging_mixin.py:103} INFO - [2021-02-10 04:40:51,445] {dag.py:2266} INFO - Setting next_dagrun for example_subdag_operator.section-2 to None
[2021-02-10 04:40:51,475] {logging_mixin.py:103} INFO - [2021-02-10 04:40:51,473] {dag.py:1813} INFO - Sync 2 DAGs
[2021-02-10 04:40:51,516] {logging_mixin.py:103} INFO - [2021-02-10 04:40:51,515] {dag.py:2266} INFO - Setting next_dagrun for example_subdag_operator.section-1 to None
[2021-02-10 04:40:51,518] {logging_mixin.py:103} INFO - [2021-02-10 04:40:51,518] {dag.py:2266} INFO - Setting next_dagrun for example_subdag_operator.section-2 to None
[2021-02-10 04:40:51,568] {scheduler_job.py:189} INFO - Processing /home/airflow/.local/lib/python3.8/site-packages/airflow/example_dags/example_subdag_operator.py took 0.254 seconds
[2021-02-10 04:40:54,120] {scheduler_job.py:181} INFO - Started process (PID=685) to work on /home/airflow/.local/lib/python3.8/site-packages/airflow/example_dags/example_subdag_operator.py
[2021-02-10 04:40:54,122] {scheduler_job.py:629} INFO - Processing file /home/airflow/.local/lib/python3.8/site-packages/airflow/example_dags/example_subdag_operator.py for tasks to queue
[2021-02-10 04:40:54,124] {logging_mixin.py:103} INFO - [2021-02-10 04:40:54,124] {dagbag.py:440} INFO - Filling up the DagBag from /home/airflow/.local/lib/python3.8/site-packages/airflow/example_dags/example_subdag_operator.py
[2021-02-10 04:40:54,181] {scheduler_job.py:639} INFO - DAG(s) dict_keys(['example_subdag_operator.section-1', 'example_subdag_operator.section-2', 'example_subdag_operator']) retrieved from /home/airflow/.local/lib/python3.8/site-packages/airflow/example_dags/example_subdag_operator.py
[2021-02-10 04:40:54,184] {logging_mixin.py:103} INFO - [2021-02-10 04:40:54,184] {dag.py:1813} INFO - Sync 3 DAGs
[2021-02-10 04:40:54,216] {logging_mixin.py:103} INFO - [2021-02-10 04:40:54,215] {dag.py:2266} INFO - Setting next_dagrun for example_subdag_operator to 2021-02-08 00:00:00+00:00
[2021-02-10 04:40:54,220] {logging_mixin.py:103} INFO - [2021-02-10 04:40:54,220] {dag.py:2266} INFO - Setting next_dagrun for example_subdag_operator.section-1 to None
[2021-02-10 04:40:54,222] {logging_mixin.py:103} INFO - [2021-02-10 04:40:54,222] {dag.py:2266} INFO - Setting next_dagrun for example_subdag_operator.section-2 to None
[2021-02-10 04:40:54,241] {logging_mixin.py:103} INFO - [2021-02-10 04:40:54,241] {dag.py:1813} INFO - Sync 2 DAGs
[2021-02-10 04:40:54,272] {logging_mixin.py:103} INFO - [2021-02-10 04:40:54,272] {dag.py:2266} INFO - Setting next_dagrun for example_subdag_operator.section-1 to None
[2021-02-10 04:40:54,274] {logging_mixin.py:103} INFO - [2021-02-10 04:40:54,274] {dag.py:2266} INFO - Setting next_dagrun for example_subdag_operator.section-2 to None
[2021-02-10 04:40:54,312] {scheduler_job.py:189} INFO - Processing /home/airflow/.local/lib/python3.8/site-packages/airflow/example_dags/example_subdag_operator.py took 0.198 seconds
[2021-02-10 04:40:56,391] {scheduler_job.py:181} INFO - Started process (PID=709) to work on /home/airflow/.local/lib/python3.8/site-packages/airflow/example_dags/example_subdag_operator.py
[2021-02-10 04:40:56,393] {scheduler_job.py:629} INFO - Processing file /home/airflow/.local/lib/python3.8/site-packages/airflow/example_dags/example_subdag_operator.py for tasks to queue
[2021-02-10 04:40:56,395] {logging_mixin.py:103} INFO - [2021-02-10 04:40:56,395] {dagbag.py:440} INFO - Filling up the DagBag from /home/airflow/.local/lib/python3.8/site-packages/airflow/example_dags/example_subdag_operator.py
[2021-02-10 04:40:56,442] {scheduler_job.py:639} INFO - DAG(s) dict_keys(['example_subdag_operator.section-1', 'example_subdag_operator.section-2', 'example_subdag_operator']) retrieved from /home/airflow/.local/lib/python3.8/site-packages/airflow/example_dags/example_subdag_operator.py
[2021-02-10 04:40:56,444] {logging_mixin.py:103} INFO - [2021-02-10 04:40:56,444] {dag.py:1813} INFO - Sync 3 DAGs
[2021-02-10 04:40:56,465] {logging_mixin.py:103} INFO - [2021-02-10 04:40:56,465] {dag.py:2266} INFO - Setting next_dagrun for example_subdag_operator to 2021-02-08 00:00:00+00:00
[2021-02-10 04:40:56,467] {logging_mixin.py:103} INFO - [2021-02-10 04:40:56,467] {dag.py:2266} INFO - Setting next_dagrun for example_subdag_operator.section-1 to None
[2021-02-10 04:40:56,469] {logging_mixin.py:103} INFO - [2021-02-10 04:40:56,469] {dag.py:2266} INFO - Setting next_dagrun for example_subdag_operator.section-2 to None
[2021-02-10 04:40:56,478] {logging_mixin.py:103} INFO - [2021-02-10 04:40:56,477] {dag.py:1813} INFO - Sync 2 DAGs
[2021-02-10 04:40:56,492] {logging_mixin.py:103} INFO - [2021-02-10 04:40:56,492] {dag.py:2266} INFO - Setting next_dagrun for example_subdag_operator.section-1 to None
[2021-02-10 04:40:56,494] {logging_mixin.py:103} INFO - [2021-02-10 04:40:56,494] {dag.py:2266} INFO - Setting next_dagrun for example_subdag_operator.section-2 to None
[2021-02-10 04:40:56,523] {scheduler_job.py:189} INFO - Processing /home/airflow/.local/lib/python3.8/site-packages/airflow/example_dags/example_subdag_operator.py took 0.139 seconds
[2021-02-10 04:40:58,764] {scheduler_job.py:181} INFO - Started process (PID=735) to work on /home/airflow/.local/lib/python3.8/site-packages/airflow/example_dags/example_subdag_operator.py
[2021-02-10 04:40:58,768] {scheduler_job.py:629} INFO - Processing file /home/airflow/.local/lib/python3.8/site-packages/airflow/example_dags/example_subdag_operator.py for tasks to queue
[2021-02-10 04:40:58,771] {logging_mixin.py:103} INFO - [2021-02-10 04:40:58,771] {dagbag.py:440} INFO - Filling up the DagBag from /home/airflow/.local/lib/python3.8/site-packages/airflow/example_dags/example_subdag_operator.py
[2021-02-10 04:40:58,832] {scheduler_job.py:639} INFO - DAG(s) dict_keys(['example_subdag_operator.section-1', 'example_subdag_operator.section-2', 'example_subdag_operator']) retrieved from /home/airflow/.local/lib/python3.8/site-packages/airflow/example_dags/example_subdag_operator.py
[2021-02-10 04:40:58,836] {logging_mixin.py:103} INFO - [2021-02-10 04:40:58,836] {dag.py:1813} INFO - Sync 3 DAGs
[2021-02-10 04:40:58,867] {logging_mixin.py:103} INFO - [2021-02-10 04:40:58,867] {dag.py:2266} INFO - Setting next_dagrun for example_subdag_operator to 2021-02-08 00:00:00+00:00
[2021-02-10 04:40:58,871] {logging_mixin.py:103} INFO - [2021-02-10 04:40:58,871] {dag.py:2266} INFO - Setting next_dagrun for example_subdag_operator.section-1 to None
[2021-02-10 04:40:58,873] {logging_mixin.py:103} INFO - [2021-02-10 04:40:58,873] {dag.py:2266} INFO - Setting next_dagrun for example_subdag_operator.section-2 to None
[2021-02-10 04:40:58,888] {logging_mixin.py:103} INFO - [2021-02-10 04:40:58,888] {dag.py:1813} INFO - Sync 2 DAGs
[2021-02-10 04:40:58,905] {logging_mixin.py:103} INFO - [2021-02-10 04:40:58,905] {dag.py:2266} INFO - Setting next_dagrun for example_subdag_operator.section-1 to None
[2021-02-10 04:40:58,907] {logging_mixin.py:103} INFO - [2021-02-10 04:40:58,907] {dag.py:2266} INFO - Setting next_dagrun for example_subdag_operator.section-2 to None
[2021-02-10 04:40:58,938] {scheduler_job.py:189} INFO - Processing /home/airflow/.local/lib/python3.8/site-packages/airflow/example_dags/example_subdag_operator.py took 0.181 seconds
[2021-02-10 04:41:01,190] {scheduler_job.py:181} INFO - Started process (PID=759) to work on /home/airflow/.local/lib/python3.8/site-packages/airflow/example_dags/example_subdag_operator.py
[2021-02-10 04:41:01,195] {scheduler_job.py:629} INFO - Processing file /home/airflow/.local/lib/python3.8/site-packages/airflow/example_dags/example_subdag_operator.py for tasks to queue
[2021-02-10 04:41:01,198] {logging_mixin.py:103} INFO - [2021-02-10 04:41:01,198] {dagbag.py:440} INFO - Filling up the DagBag from /home/airflow/.local/lib/python3.8/site-packages/airflow/example_dags/example_subdag_operator.py
[2021-02-10 04:41:01,284] {scheduler_job.py:639} INFO - DAG(s) dict_keys(['example_subdag_operator.section-1', 'example_subdag_operator.section-2', 'example_subdag_operator']) retrieved from /home/airflow/.local/lib/python3.8/site-packages/airflow/example_dags/example_subdag_operator.py
[2021-02-10 04:41:01,287] {logging_mixin.py:103} INFO - [2021-02-10 04:41:01,287] {dag.py:1813} INFO - Sync 3 DAGs
[2021-02-10 04:41:01,367] {logging_mixin.py:103} INFO - [2021-02-10 04:41:01,366] {dag.py:2266} INFO - Setting next_dagrun for example_subdag_operator to 2021-02-08 00:00:00+00:00
[2021-02-10 04:41:01,378] {logging_mixin.py:103} INFO - [2021-02-10 04:41:01,377] {dag.py:2266} INFO - Setting next_dagrun for example_subdag_operator.section-1 to None
[2021-02-10 04:41:01,384] {logging_mixin.py:103} INFO - [2021-02-10 04:41:01,383] {dag.py:2266} INFO - Setting next_dagrun for example_subdag_operator.section-2 to None
[2021-02-10 04:41:01,462] {logging_mixin.py:103} INFO - [2021-02-10 04:41:01,462] {dag.py:1813} INFO - Sync 2 DAGs
[2021-02-10 04:41:01,495] {logging_mixin.py:103} INFO - [2021-02-10 04:41:01,493] {dag.py:2266} INFO - Setting next_dagrun for example_subdag_operator.section-1 to None
[2021-02-10 04:41:01,502] {logging_mixin.py:103} INFO - [2021-02-10 04:41:01,501] {dag.py:2266} INFO - Setting next_dagrun for example_subdag_operator.section-2 to None
[2021-02-10 04:41:01,669] {scheduler_job.py:189} INFO - Processing /home/airflow/.local/lib/python3.8/site-packages/airflow/example_dags/example_subdag_operator.py took 0.488 seconds
