[2021-02-10 04:39:14,842] {scheduler_job.py:181} INFO - Started process (PID=26) to work on /home/airflow/.local/lib/python3.8/site-packages/airflow/example_dags/example_kubernetes_executor.py
[2021-02-10 04:39:14,865] {scheduler_job.py:629} INFO - Processing file /home/airflow/.local/lib/python3.8/site-packages/airflow/example_dags/example_kubernetes_executor.py for tasks to queue
[2021-02-10 04:39:14,868] {logging_mixin.py:103} INFO - [2021-02-10 04:39:14,867] {dagbag.py:440} INFO - Filling up the DagBag from /home/airflow/.local/lib/python3.8/site-packages/airflow/example_dags/example_kubernetes_executor.py
[2021-02-10 04:39:14,957] {scheduler_job.py:639} INFO - DAG(s) dict_keys(['example_kubernetes_executor']) retrieved from /home/airflow/.local/lib/python3.8/site-packages/airflow/example_dags/example_kubernetes_executor.py
[2021-02-10 04:39:14,964] {logging_mixin.py:103} INFO - [2021-02-10 04:39:14,964] {dag.py:1813} INFO - Sync 1 DAGs
[2021-02-10 04:39:15,112] {logging_mixin.py:103} INFO - [2021-02-10 04:39:15,112] {dag.py:2266} INFO - Setting next_dagrun for example_kubernetes_executor to None
[2021-02-10 04:39:15,183] {scheduler_job.py:189} INFO - Processing /home/airflow/.local/lib/python3.8/site-packages/airflow/example_dags/example_kubernetes_executor.py took 0.397 seconds
[2021-02-10 04:39:25,232] {scheduler_job.py:181} INFO - Started process (PID=53) to work on /home/airflow/.local/lib/python3.8/site-packages/airflow/example_dags/example_kubernetes_executor.py
[2021-02-10 04:39:25,242] {scheduler_job.py:629} INFO - Processing file /home/airflow/.local/lib/python3.8/site-packages/airflow/example_dags/example_kubernetes_executor.py for tasks to queue
[2021-02-10 04:39:25,272] {logging_mixin.py:103} INFO - [2021-02-10 04:39:25,260] {dagbag.py:440} INFO - Filling up the DagBag from /home/airflow/.local/lib/python3.8/site-packages/airflow/example_dags/example_kubernetes_executor.py
[2021-02-10 04:39:25,498] {scheduler_job.py:639} INFO - DAG(s) dict_keys(['example_kubernetes_executor']) retrieved from /home/airflow/.local/lib/python3.8/site-packages/airflow/example_dags/example_kubernetes_executor.py
[2021-02-10 04:39:25,513] {logging_mixin.py:103} INFO - [2021-02-10 04:39:25,513] {dag.py:1813} INFO - Sync 1 DAGs
[2021-02-10 04:39:25,677] {logging_mixin.py:103} INFO - [2021-02-10 04:39:25,677] {dag.py:2266} INFO - Setting next_dagrun for example_kubernetes_executor to None
[2021-02-10 04:39:25,808] {scheduler_job.py:189} INFO - Processing /home/airflow/.local/lib/python3.8/site-packages/airflow/example_dags/example_kubernetes_executor.py took 0.588 seconds
[2021-02-10 04:39:33,242] {scheduler_job.py:181} INFO - Started process (PID=77) to work on /home/airflow/.local/lib/python3.8/site-packages/airflow/example_dags/example_kubernetes_executor.py
[2021-02-10 04:39:33,257] {scheduler_job.py:629} INFO - Processing file /home/airflow/.local/lib/python3.8/site-packages/airflow/example_dags/example_kubernetes_executor.py for tasks to queue
[2021-02-10 04:39:33,278] {logging_mixin.py:103} INFO - [2021-02-10 04:39:33,277] {dagbag.py:440} INFO - Filling up the DagBag from /home/airflow/.local/lib/python3.8/site-packages/airflow/example_dags/example_kubernetes_executor.py
[2021-02-10 04:39:33,350] {scheduler_job.py:639} INFO - DAG(s) dict_keys(['example_kubernetes_executor']) retrieved from /home/airflow/.local/lib/python3.8/site-packages/airflow/example_dags/example_kubernetes_executor.py
[2021-02-10 04:39:33,359] {logging_mixin.py:103} INFO - [2021-02-10 04:39:33,359] {dag.py:1813} INFO - Sync 1 DAGs
[2021-02-10 04:39:33,549] {logging_mixin.py:103} INFO - [2021-02-10 04:39:33,548] {dag.py:2266} INFO - Setting next_dagrun for example_kubernetes_executor to None
[2021-02-10 04:39:33,649] {scheduler_job.py:189} INFO - Processing /home/airflow/.local/lib/python3.8/site-packages/airflow/example_dags/example_kubernetes_executor.py took 0.419 seconds
[2021-02-10 04:39:38,538] {scheduler_job.py:181} INFO - Started process (PID=103) to work on /home/airflow/.local/lib/python3.8/site-packages/airflow/example_dags/example_kubernetes_executor.py
[2021-02-10 04:39:38,544] {scheduler_job.py:629} INFO - Processing file /home/airflow/.local/lib/python3.8/site-packages/airflow/example_dags/example_kubernetes_executor.py for tasks to queue
[2021-02-10 04:39:38,546] {logging_mixin.py:103} INFO - [2021-02-10 04:39:38,546] {dagbag.py:440} INFO - Filling up the DagBag from /home/airflow/.local/lib/python3.8/site-packages/airflow/example_dags/example_kubernetes_executor.py
[2021-02-10 04:39:38,576] {scheduler_job.py:639} INFO - DAG(s) dict_keys(['example_kubernetes_executor']) retrieved from /home/airflow/.local/lib/python3.8/site-packages/airflow/example_dags/example_kubernetes_executor.py
[2021-02-10 04:39:38,582] {logging_mixin.py:103} INFO - [2021-02-10 04:39:38,582] {dag.py:1813} INFO - Sync 1 DAGs
[2021-02-10 04:39:38,662] {logging_mixin.py:103} INFO - [2021-02-10 04:39:38,661] {dag.py:2266} INFO - Setting next_dagrun for example_kubernetes_executor to None
[2021-02-10 04:39:38,715] {scheduler_job.py:189} INFO - Processing /home/airflow/.local/lib/python3.8/site-packages/airflow/example_dags/example_kubernetes_executor.py took 0.182 seconds
[2021-02-10 04:39:41,228] {scheduler_job.py:181} INFO - Started process (PID=127) to work on /home/airflow/.local/lib/python3.8/site-packages/airflow/example_dags/example_kubernetes_executor.py
[2021-02-10 04:39:41,231] {scheduler_job.py:629} INFO - Processing file /home/airflow/.local/lib/python3.8/site-packages/airflow/example_dags/example_kubernetes_executor.py for tasks to queue
[2021-02-10 04:39:41,234] {logging_mixin.py:103} INFO - [2021-02-10 04:39:41,234] {dagbag.py:440} INFO - Filling up the DagBag from /home/airflow/.local/lib/python3.8/site-packages/airflow/example_dags/example_kubernetes_executor.py
[2021-02-10 04:39:41,263] {scheduler_job.py:639} INFO - DAG(s) dict_keys(['example_kubernetes_executor']) retrieved from /home/airflow/.local/lib/python3.8/site-packages/airflow/example_dags/example_kubernetes_executor.py
[2021-02-10 04:39:41,268] {logging_mixin.py:103} INFO - [2021-02-10 04:39:41,268] {dag.py:1813} INFO - Sync 1 DAGs
[2021-02-10 04:39:41,337] {logging_mixin.py:103} INFO - [2021-02-10 04:39:41,337] {dag.py:2266} INFO - Setting next_dagrun for example_kubernetes_executor to None
[2021-02-10 04:39:41,360] {scheduler_job.py:189} INFO - Processing /home/airflow/.local/lib/python3.8/site-packages/airflow/example_dags/example_kubernetes_executor.py took 0.141 seconds
[2021-02-10 04:39:43,938] {scheduler_job.py:181} INFO - Started process (PID=153) to work on /home/airflow/.local/lib/python3.8/site-packages/airflow/example_dags/example_kubernetes_executor.py
[2021-02-10 04:39:43,942] {scheduler_job.py:629} INFO - Processing file /home/airflow/.local/lib/python3.8/site-packages/airflow/example_dags/example_kubernetes_executor.py for tasks to queue
[2021-02-10 04:39:43,945] {logging_mixin.py:103} INFO - [2021-02-10 04:39:43,944] {dagbag.py:440} INFO - Filling up the DagBag from /home/airflow/.local/lib/python3.8/site-packages/airflow/example_dags/example_kubernetes_executor.py
[2021-02-10 04:39:44,022] {scheduler_job.py:639} INFO - DAG(s) dict_keys(['example_kubernetes_executor']) retrieved from /home/airflow/.local/lib/python3.8/site-packages/airflow/example_dags/example_kubernetes_executor.py
[2021-02-10 04:39:44,025] {logging_mixin.py:103} INFO - [2021-02-10 04:39:44,025] {dag.py:1813} INFO - Sync 1 DAGs
[2021-02-10 04:39:44,132] {logging_mixin.py:103} INFO - [2021-02-10 04:39:44,132] {dag.py:2266} INFO - Setting next_dagrun for example_kubernetes_executor to None
[2021-02-10 04:39:44,157] {scheduler_job.py:189} INFO - Processing /home/airflow/.local/lib/python3.8/site-packages/airflow/example_dags/example_kubernetes_executor.py took 0.229 seconds
[2021-02-10 04:39:46,834] {scheduler_job.py:181} INFO - Started process (PID=177) to work on /home/airflow/.local/lib/python3.8/site-packages/airflow/example_dags/example_kubernetes_executor.py
[2021-02-10 04:39:46,838] {scheduler_job.py:629} INFO - Processing file /home/airflow/.local/lib/python3.8/site-packages/airflow/example_dags/example_kubernetes_executor.py for tasks to queue
[2021-02-10 04:39:46,842] {logging_mixin.py:103} INFO - [2021-02-10 04:39:46,840] {dagbag.py:440} INFO - Filling up the DagBag from /home/airflow/.local/lib/python3.8/site-packages/airflow/example_dags/example_kubernetes_executor.py
[2021-02-10 04:39:46,895] {scheduler_job.py:639} INFO - DAG(s) dict_keys(['example_kubernetes_executor']) retrieved from /home/airflow/.local/lib/python3.8/site-packages/airflow/example_dags/example_kubernetes_executor.py
[2021-02-10 04:39:46,904] {logging_mixin.py:103} INFO - [2021-02-10 04:39:46,904] {dag.py:1813} INFO - Sync 1 DAGs
[2021-02-10 04:39:46,991] {logging_mixin.py:103} INFO - [2021-02-10 04:39:46,991] {dag.py:2266} INFO - Setting next_dagrun for example_kubernetes_executor to None
[2021-02-10 04:39:47,028] {scheduler_job.py:189} INFO - Processing /home/airflow/.local/lib/python3.8/site-packages/airflow/example_dags/example_kubernetes_executor.py took 0.206 seconds
[2021-02-10 04:39:50,429] {scheduler_job.py:181} INFO - Started process (PID=203) to work on /home/airflow/.local/lib/python3.8/site-packages/airflow/example_dags/example_kubernetes_executor.py
[2021-02-10 04:39:50,432] {scheduler_job.py:629} INFO - Processing file /home/airflow/.local/lib/python3.8/site-packages/airflow/example_dags/example_kubernetes_executor.py for tasks to queue
[2021-02-10 04:39:50,435] {logging_mixin.py:103} INFO - [2021-02-10 04:39:50,435] {dagbag.py:440} INFO - Filling up the DagBag from /home/airflow/.local/lib/python3.8/site-packages/airflow/example_dags/example_kubernetes_executor.py
[2021-02-10 04:39:50,464] {scheduler_job.py:639} INFO - DAG(s) dict_keys(['example_kubernetes_executor']) retrieved from /home/airflow/.local/lib/python3.8/site-packages/airflow/example_dags/example_kubernetes_executor.py
[2021-02-10 04:39:50,471] {logging_mixin.py:103} INFO - [2021-02-10 04:39:50,471] {dag.py:1813} INFO - Sync 1 DAGs
[2021-02-10 04:39:50,552] {logging_mixin.py:103} INFO - [2021-02-10 04:39:50,551] {dag.py:2266} INFO - Setting next_dagrun for example_kubernetes_executor to None
[2021-02-10 04:39:50,589] {scheduler_job.py:189} INFO - Processing /home/airflow/.local/lib/python3.8/site-packages/airflow/example_dags/example_kubernetes_executor.py took 0.168 seconds
[2021-02-10 04:39:53,515] {scheduler_job.py:181} INFO - Started process (PID=227) to work on /home/airflow/.local/lib/python3.8/site-packages/airflow/example_dags/example_kubernetes_executor.py
[2021-02-10 04:39:53,521] {scheduler_job.py:629} INFO - Processing file /home/airflow/.local/lib/python3.8/site-packages/airflow/example_dags/example_kubernetes_executor.py for tasks to queue
[2021-02-10 04:39:53,527] {logging_mixin.py:103} INFO - [2021-02-10 04:39:53,527] {dagbag.py:440} INFO - Filling up the DagBag from /home/airflow/.local/lib/python3.8/site-packages/airflow/example_dags/example_kubernetes_executor.py
[2021-02-10 04:39:53,552] {scheduler_job.py:639} INFO - DAG(s) dict_keys(['example_kubernetes_executor']) retrieved from /home/airflow/.local/lib/python3.8/site-packages/airflow/example_dags/example_kubernetes_executor.py
[2021-02-10 04:39:53,556] {logging_mixin.py:103} INFO - [2021-02-10 04:39:53,556] {dag.py:1813} INFO - Sync 1 DAGs
[2021-02-10 04:39:53,607] {logging_mixin.py:103} INFO - [2021-02-10 04:39:53,607] {dag.py:2266} INFO - Setting next_dagrun for example_kubernetes_executor to None
[2021-02-10 04:39:53,650] {scheduler_job.py:189} INFO - Processing /home/airflow/.local/lib/python3.8/site-packages/airflow/example_dags/example_kubernetes_executor.py took 0.141 seconds
[2021-02-10 04:39:57,221] {scheduler_job.py:181} INFO - Started process (PID=252) to work on /home/airflow/.local/lib/python3.8/site-packages/airflow/example_dags/example_kubernetes_executor.py
[2021-02-10 04:39:57,226] {scheduler_job.py:629} INFO - Processing file /home/airflow/.local/lib/python3.8/site-packages/airflow/example_dags/example_kubernetes_executor.py for tasks to queue
[2021-02-10 04:39:57,230] {logging_mixin.py:103} INFO - [2021-02-10 04:39:57,230] {dagbag.py:440} INFO - Filling up the DagBag from /home/airflow/.local/lib/python3.8/site-packages/airflow/example_dags/example_kubernetes_executor.py
[2021-02-10 04:39:57,285] {scheduler_job.py:639} INFO - DAG(s) dict_keys(['example_kubernetes_executor']) retrieved from /home/airflow/.local/lib/python3.8/site-packages/airflow/example_dags/example_kubernetes_executor.py
[2021-02-10 04:39:57,291] {logging_mixin.py:103} INFO - [2021-02-10 04:39:57,291] {dag.py:1813} INFO - Sync 1 DAGs
[2021-02-10 04:39:57,382] {logging_mixin.py:103} INFO - [2021-02-10 04:39:57,382] {dag.py:2266} INFO - Setting next_dagrun for example_kubernetes_executor to None
[2021-02-10 04:39:57,431] {scheduler_job.py:189} INFO - Processing /home/airflow/.local/lib/python3.8/site-packages/airflow/example_dags/example_kubernetes_executor.py took 0.221 seconds
[2021-02-10 04:40:01,862] {scheduler_job.py:181} INFO - Started process (PID=279) to work on /home/airflow/.local/lib/python3.8/site-packages/airflow/example_dags/example_kubernetes_executor.py
[2021-02-10 04:40:01,933] {scheduler_job.py:629} INFO - Processing file /home/airflow/.local/lib/python3.8/site-packages/airflow/example_dags/example_kubernetes_executor.py for tasks to queue
[2021-02-10 04:40:01,955] {logging_mixin.py:103} INFO - [2021-02-10 04:40:01,955] {dagbag.py:440} INFO - Filling up the DagBag from /home/airflow/.local/lib/python3.8/site-packages/airflow/example_dags/example_kubernetes_executor.py
[2021-02-10 04:40:01,992] {scheduler_job.py:639} INFO - DAG(s) dict_keys(['example_kubernetes_executor']) retrieved from /home/airflow/.local/lib/python3.8/site-packages/airflow/example_dags/example_kubernetes_executor.py
[2021-02-10 04:40:01,997] {logging_mixin.py:103} INFO - [2021-02-10 04:40:01,997] {dag.py:1813} INFO - Sync 1 DAGs
[2021-02-10 04:40:02,119] {logging_mixin.py:103} INFO - [2021-02-10 04:40:02,116] {dag.py:2266} INFO - Setting next_dagrun for example_kubernetes_executor to None
[2021-02-10 04:40:02,193] {scheduler_job.py:189} INFO - Processing /home/airflow/.local/lib/python3.8/site-packages/airflow/example_dags/example_kubernetes_executor.py took 0.343 seconds
[2021-02-10 04:40:07,972] {scheduler_job.py:181} INFO - Started process (PID=303) to work on /home/airflow/.local/lib/python3.8/site-packages/airflow/example_dags/example_kubernetes_executor.py
[2021-02-10 04:40:07,991] {scheduler_job.py:629} INFO - Processing file /home/airflow/.local/lib/python3.8/site-packages/airflow/example_dags/example_kubernetes_executor.py for tasks to queue
[2021-02-10 04:40:08,001] {logging_mixin.py:103} INFO - [2021-02-10 04:40:08,000] {dagbag.py:440} INFO - Filling up the DagBag from /home/airflow/.local/lib/python3.8/site-packages/airflow/example_dags/example_kubernetes_executor.py
[2021-02-10 04:40:08,030] {scheduler_job.py:639} INFO - DAG(s) dict_keys(['example_kubernetes_executor']) retrieved from /home/airflow/.local/lib/python3.8/site-packages/airflow/example_dags/example_kubernetes_executor.py
[2021-02-10 04:40:08,038] {logging_mixin.py:103} INFO - [2021-02-10 04:40:08,038] {dag.py:1813} INFO - Sync 1 DAGs
[2021-02-10 04:40:08,185] {logging_mixin.py:103} INFO - [2021-02-10 04:40:08,185] {dag.py:2266} INFO - Setting next_dagrun for example_kubernetes_executor to None
[2021-02-10 04:40:08,241] {scheduler_job.py:189} INFO - Processing /home/airflow/.local/lib/python3.8/site-packages/airflow/example_dags/example_kubernetes_executor.py took 0.304 seconds
[2021-02-10 04:40:12,311] {scheduler_job.py:181} INFO - Started process (PID=329) to work on /home/airflow/.local/lib/python3.8/site-packages/airflow/example_dags/example_kubernetes_executor.py
[2021-02-10 04:40:12,316] {scheduler_job.py:629} INFO - Processing file /home/airflow/.local/lib/python3.8/site-packages/airflow/example_dags/example_kubernetes_executor.py for tasks to queue
[2021-02-10 04:40:12,318] {logging_mixin.py:103} INFO - [2021-02-10 04:40:12,318] {dagbag.py:440} INFO - Filling up the DagBag from /home/airflow/.local/lib/python3.8/site-packages/airflow/example_dags/example_kubernetes_executor.py
[2021-02-10 04:40:12,342] {scheduler_job.py:639} INFO - DAG(s) dict_keys(['example_kubernetes_executor']) retrieved from /home/airflow/.local/lib/python3.8/site-packages/airflow/example_dags/example_kubernetes_executor.py
[2021-02-10 04:40:12,346] {logging_mixin.py:103} INFO - [2021-02-10 04:40:12,345] {dag.py:1813} INFO - Sync 1 DAGs
[2021-02-10 04:40:12,393] {logging_mixin.py:103} INFO - [2021-02-10 04:40:12,393] {dag.py:2266} INFO - Setting next_dagrun for example_kubernetes_executor to None
[2021-02-10 04:40:12,425] {scheduler_job.py:189} INFO - Processing /home/airflow/.local/lib/python3.8/site-packages/airflow/example_dags/example_kubernetes_executor.py took 0.123 seconds
[2021-02-10 04:40:15,198] {scheduler_job.py:181} INFO - Started process (PID=353) to work on /home/airflow/.local/lib/python3.8/site-packages/airflow/example_dags/example_kubernetes_executor.py
[2021-02-10 04:40:15,202] {scheduler_job.py:629} INFO - Processing file /home/airflow/.local/lib/python3.8/site-packages/airflow/example_dags/example_kubernetes_executor.py for tasks to queue
[2021-02-10 04:40:15,205] {logging_mixin.py:103} INFO - [2021-02-10 04:40:15,205] {dagbag.py:440} INFO - Filling up the DagBag from /home/airflow/.local/lib/python3.8/site-packages/airflow/example_dags/example_kubernetes_executor.py
[2021-02-10 04:40:15,234] {scheduler_job.py:639} INFO - DAG(s) dict_keys(['example_kubernetes_executor']) retrieved from /home/airflow/.local/lib/python3.8/site-packages/airflow/example_dags/example_kubernetes_executor.py
[2021-02-10 04:40:15,238] {logging_mixin.py:103} INFO - [2021-02-10 04:40:15,237] {dag.py:1813} INFO - Sync 1 DAGs
[2021-02-10 04:40:15,300] {logging_mixin.py:103} INFO - [2021-02-10 04:40:15,300] {dag.py:2266} INFO - Setting next_dagrun for example_kubernetes_executor to None
[2021-02-10 04:40:15,342] {scheduler_job.py:189} INFO - Processing /home/airflow/.local/lib/python3.8/site-packages/airflow/example_dags/example_kubernetes_executor.py took 0.151 seconds
[2021-02-10 04:40:17,970] {scheduler_job.py:181} INFO - Started process (PID=379) to work on /home/airflow/.local/lib/python3.8/site-packages/airflow/example_dags/example_kubernetes_executor.py
[2021-02-10 04:40:17,973] {scheduler_job.py:629} INFO - Processing file /home/airflow/.local/lib/python3.8/site-packages/airflow/example_dags/example_kubernetes_executor.py for tasks to queue
[2021-02-10 04:40:17,975] {logging_mixin.py:103} INFO - [2021-02-10 04:40:17,975] {dagbag.py:440} INFO - Filling up the DagBag from /home/airflow/.local/lib/python3.8/site-packages/airflow/example_dags/example_kubernetes_executor.py
[2021-02-10 04:40:18,000] {scheduler_job.py:639} INFO - DAG(s) dict_keys(['example_kubernetes_executor']) retrieved from /home/airflow/.local/lib/python3.8/site-packages/airflow/example_dags/example_kubernetes_executor.py
[2021-02-10 04:40:18,003] {logging_mixin.py:103} INFO - [2021-02-10 04:40:18,002] {dag.py:1813} INFO - Sync 1 DAGs
[2021-02-10 04:40:18,053] {logging_mixin.py:103} INFO - [2021-02-10 04:40:18,053] {dag.py:2266} INFO - Setting next_dagrun for example_kubernetes_executor to None
[2021-02-10 04:40:18,084] {scheduler_job.py:189} INFO - Processing /home/airflow/.local/lib/python3.8/site-packages/airflow/example_dags/example_kubernetes_executor.py took 0.120 seconds
[2021-02-10 04:40:20,559] {scheduler_job.py:181} INFO - Started process (PID=403) to work on /home/airflow/.local/lib/python3.8/site-packages/airflow/example_dags/example_kubernetes_executor.py
[2021-02-10 04:40:20,564] {scheduler_job.py:629} INFO - Processing file /home/airflow/.local/lib/python3.8/site-packages/airflow/example_dags/example_kubernetes_executor.py for tasks to queue
[2021-02-10 04:40:20,567] {logging_mixin.py:103} INFO - [2021-02-10 04:40:20,567] {dagbag.py:440} INFO - Filling up the DagBag from /home/airflow/.local/lib/python3.8/site-packages/airflow/example_dags/example_kubernetes_executor.py
[2021-02-10 04:40:20,597] {scheduler_job.py:639} INFO - DAG(s) dict_keys(['example_kubernetes_executor']) retrieved from /home/airflow/.local/lib/python3.8/site-packages/airflow/example_dags/example_kubernetes_executor.py
[2021-02-10 04:40:20,600] {logging_mixin.py:103} INFO - [2021-02-10 04:40:20,600] {dag.py:1813} INFO - Sync 1 DAGs
[2021-02-10 04:40:20,647] {logging_mixin.py:103} INFO - [2021-02-10 04:40:20,647] {dag.py:2266} INFO - Setting next_dagrun for example_kubernetes_executor to None
[2021-02-10 04:40:20,687] {scheduler_job.py:189} INFO - Processing /home/airflow/.local/lib/python3.8/site-packages/airflow/example_dags/example_kubernetes_executor.py took 0.136 seconds
[2021-02-10 04:40:23,780] {scheduler_job.py:181} INFO - Started process (PID=429) to work on /home/airflow/.local/lib/python3.8/site-packages/airflow/example_dags/example_kubernetes_executor.py
[2021-02-10 04:40:23,783] {scheduler_job.py:629} INFO - Processing file /home/airflow/.local/lib/python3.8/site-packages/airflow/example_dags/example_kubernetes_executor.py for tasks to queue
[2021-02-10 04:40:23,786] {logging_mixin.py:103} INFO - [2021-02-10 04:40:23,785] {dagbag.py:440} INFO - Filling up the DagBag from /home/airflow/.local/lib/python3.8/site-packages/airflow/example_dags/example_kubernetes_executor.py
[2021-02-10 04:40:23,810] {scheduler_job.py:639} INFO - DAG(s) dict_keys(['example_kubernetes_executor']) retrieved from /home/airflow/.local/lib/python3.8/site-packages/airflow/example_dags/example_kubernetes_executor.py
[2021-02-10 04:40:23,813] {logging_mixin.py:103} INFO - [2021-02-10 04:40:23,813] {dag.py:1813} INFO - Sync 1 DAGs
[2021-02-10 04:40:23,868] {logging_mixin.py:103} INFO - [2021-02-10 04:40:23,867] {dag.py:2266} INFO - Setting next_dagrun for example_kubernetes_executor to None
[2021-02-10 04:40:23,906] {scheduler_job.py:189} INFO - Processing /home/airflow/.local/lib/python3.8/site-packages/airflow/example_dags/example_kubernetes_executor.py took 0.133 seconds
[2021-02-10 04:40:27,403] {scheduler_job.py:181} INFO - Started process (PID=453) to work on /home/airflow/.local/lib/python3.8/site-packages/airflow/example_dags/example_kubernetes_executor.py
[2021-02-10 04:40:27,406] {scheduler_job.py:629} INFO - Processing file /home/airflow/.local/lib/python3.8/site-packages/airflow/example_dags/example_kubernetes_executor.py for tasks to queue
[2021-02-10 04:40:27,408] {logging_mixin.py:103} INFO - [2021-02-10 04:40:27,408] {dagbag.py:440} INFO - Filling up the DagBag from /home/airflow/.local/lib/python3.8/site-packages/airflow/example_dags/example_kubernetes_executor.py
[2021-02-10 04:40:27,431] {scheduler_job.py:639} INFO - DAG(s) dict_keys(['example_kubernetes_executor']) retrieved from /home/airflow/.local/lib/python3.8/site-packages/airflow/example_dags/example_kubernetes_executor.py
[2021-02-10 04:40:27,434] {logging_mixin.py:103} INFO - [2021-02-10 04:40:27,433] {dag.py:1813} INFO - Sync 1 DAGs
[2021-02-10 04:40:27,487] {logging_mixin.py:103} INFO - [2021-02-10 04:40:27,487] {dag.py:2266} INFO - Setting next_dagrun for example_kubernetes_executor to None
[2021-02-10 04:40:27,531] {scheduler_job.py:189} INFO - Processing /home/airflow/.local/lib/python3.8/site-packages/airflow/example_dags/example_kubernetes_executor.py took 0.132 seconds
[2021-02-10 04:40:30,194] {scheduler_job.py:181} INFO - Started process (PID=479) to work on /home/airflow/.local/lib/python3.8/site-packages/airflow/example_dags/example_kubernetes_executor.py
[2021-02-10 04:40:30,197] {scheduler_job.py:629} INFO - Processing file /home/airflow/.local/lib/python3.8/site-packages/airflow/example_dags/example_kubernetes_executor.py for tasks to queue
[2021-02-10 04:40:30,201] {logging_mixin.py:103} INFO - [2021-02-10 04:40:30,200] {dagbag.py:440} INFO - Filling up the DagBag from /home/airflow/.local/lib/python3.8/site-packages/airflow/example_dags/example_kubernetes_executor.py
[2021-02-10 04:40:30,226] {scheduler_job.py:639} INFO - DAG(s) dict_keys(['example_kubernetes_executor']) retrieved from /home/airflow/.local/lib/python3.8/site-packages/airflow/example_dags/example_kubernetes_executor.py
[2021-02-10 04:40:30,229] {logging_mixin.py:103} INFO - [2021-02-10 04:40:30,229] {dag.py:1813} INFO - Sync 1 DAGs
[2021-02-10 04:40:30,284] {logging_mixin.py:103} INFO - [2021-02-10 04:40:30,284] {dag.py:2266} INFO - Setting next_dagrun for example_kubernetes_executor to None
[2021-02-10 04:40:30,318] {scheduler_job.py:189} INFO - Processing /home/airflow/.local/lib/python3.8/site-packages/airflow/example_dags/example_kubernetes_executor.py took 0.134 seconds
[2021-02-10 04:40:33,344] {scheduler_job.py:181} INFO - Started process (PID=503) to work on /home/airflow/.local/lib/python3.8/site-packages/airflow/example_dags/example_kubernetes_executor.py
[2021-02-10 04:40:33,348] {scheduler_job.py:629} INFO - Processing file /home/airflow/.local/lib/python3.8/site-packages/airflow/example_dags/example_kubernetes_executor.py for tasks to queue
[2021-02-10 04:40:33,351] {logging_mixin.py:103} INFO - [2021-02-10 04:40:33,350] {dagbag.py:440} INFO - Filling up the DagBag from /home/airflow/.local/lib/python3.8/site-packages/airflow/example_dags/example_kubernetes_executor.py
[2021-02-10 04:40:33,386] {scheduler_job.py:639} INFO - DAG(s) dict_keys(['example_kubernetes_executor']) retrieved from /home/airflow/.local/lib/python3.8/site-packages/airflow/example_dags/example_kubernetes_executor.py
[2021-02-10 04:40:33,397] {logging_mixin.py:103} INFO - [2021-02-10 04:40:33,396] {dag.py:1813} INFO - Sync 1 DAGs
[2021-02-10 04:40:33,481] {logging_mixin.py:103} INFO - [2021-02-10 04:40:33,481] {dag.py:2266} INFO - Setting next_dagrun for example_kubernetes_executor to None
[2021-02-10 04:40:33,520] {scheduler_job.py:189} INFO - Processing /home/airflow/.local/lib/python3.8/site-packages/airflow/example_dags/example_kubernetes_executor.py took 0.186 seconds
[2021-02-10 04:40:36,095] {scheduler_job.py:181} INFO - Started process (PID=529) to work on /home/airflow/.local/lib/python3.8/site-packages/airflow/example_dags/example_kubernetes_executor.py
[2021-02-10 04:40:36,099] {scheduler_job.py:629} INFO - Processing file /home/airflow/.local/lib/python3.8/site-packages/airflow/example_dags/example_kubernetes_executor.py for tasks to queue
[2021-02-10 04:40:36,101] {logging_mixin.py:103} INFO - [2021-02-10 04:40:36,101] {dagbag.py:440} INFO - Filling up the DagBag from /home/airflow/.local/lib/python3.8/site-packages/airflow/example_dags/example_kubernetes_executor.py
[2021-02-10 04:40:36,126] {scheduler_job.py:639} INFO - DAG(s) dict_keys(['example_kubernetes_executor']) retrieved from /home/airflow/.local/lib/python3.8/site-packages/airflow/example_dags/example_kubernetes_executor.py
[2021-02-10 04:40:36,130] {logging_mixin.py:103} INFO - [2021-02-10 04:40:36,129] {dag.py:1813} INFO - Sync 1 DAGs
[2021-02-10 04:40:36,185] {logging_mixin.py:103} INFO - [2021-02-10 04:40:36,185] {dag.py:2266} INFO - Setting next_dagrun for example_kubernetes_executor to None
[2021-02-10 04:40:36,216] {scheduler_job.py:189} INFO - Processing /home/airflow/.local/lib/python3.8/site-packages/airflow/example_dags/example_kubernetes_executor.py took 0.128 seconds
[2021-02-10 04:40:38,895] {scheduler_job.py:181} INFO - Started process (PID=553) to work on /home/airflow/.local/lib/python3.8/site-packages/airflow/example_dags/example_kubernetes_executor.py
[2021-02-10 04:40:38,899] {scheduler_job.py:629} INFO - Processing file /home/airflow/.local/lib/python3.8/site-packages/airflow/example_dags/example_kubernetes_executor.py for tasks to queue
[2021-02-10 04:40:38,902] {logging_mixin.py:103} INFO - [2021-02-10 04:40:38,902] {dagbag.py:440} INFO - Filling up the DagBag from /home/airflow/.local/lib/python3.8/site-packages/airflow/example_dags/example_kubernetes_executor.py
[2021-02-10 04:40:38,953] {scheduler_job.py:639} INFO - DAG(s) dict_keys(['example_kubernetes_executor']) retrieved from /home/airflow/.local/lib/python3.8/site-packages/airflow/example_dags/example_kubernetes_executor.py
[2021-02-10 04:40:38,958] {logging_mixin.py:103} INFO - [2021-02-10 04:40:38,958] {dag.py:1813} INFO - Sync 1 DAGs
[2021-02-10 04:40:39,037] {logging_mixin.py:103} INFO - [2021-02-10 04:40:39,036] {dag.py:2266} INFO - Setting next_dagrun for example_kubernetes_executor to None
[2021-02-10 04:40:39,073] {scheduler_job.py:189} INFO - Processing /home/airflow/.local/lib/python3.8/site-packages/airflow/example_dags/example_kubernetes_executor.py took 0.183 seconds
[2021-02-10 04:40:42,369] {scheduler_job.py:181} INFO - Started process (PID=579) to work on /home/airflow/.local/lib/python3.8/site-packages/airflow/example_dags/example_kubernetes_executor.py
[2021-02-10 04:40:42,372] {scheduler_job.py:629} INFO - Processing file /home/airflow/.local/lib/python3.8/site-packages/airflow/example_dags/example_kubernetes_executor.py for tasks to queue
[2021-02-10 04:40:42,375] {logging_mixin.py:103} INFO - [2021-02-10 04:40:42,374] {dagbag.py:440} INFO - Filling up the DagBag from /home/airflow/.local/lib/python3.8/site-packages/airflow/example_dags/example_kubernetes_executor.py
[2021-02-10 04:40:42,390] {scheduler_job.py:639} INFO - DAG(s) dict_keys(['example_kubernetes_executor']) retrieved from /home/airflow/.local/lib/python3.8/site-packages/airflow/example_dags/example_kubernetes_executor.py
[2021-02-10 04:40:42,393] {logging_mixin.py:103} INFO - [2021-02-10 04:40:42,393] {dag.py:1813} INFO - Sync 1 DAGs
[2021-02-10 04:40:42,434] {logging_mixin.py:103} INFO - [2021-02-10 04:40:42,434] {dag.py:2266} INFO - Setting next_dagrun for example_kubernetes_executor to None
[2021-02-10 04:40:42,461] {scheduler_job.py:189} INFO - Processing /home/airflow/.local/lib/python3.8/site-packages/airflow/example_dags/example_kubernetes_executor.py took 0.098 seconds
[2021-02-10 04:40:44,487] {scheduler_job.py:181} INFO - Started process (PID=603) to work on /home/airflow/.local/lib/python3.8/site-packages/airflow/example_dags/example_kubernetes_executor.py
[2021-02-10 04:40:44,490] {scheduler_job.py:629} INFO - Processing file /home/airflow/.local/lib/python3.8/site-packages/airflow/example_dags/example_kubernetes_executor.py for tasks to queue
[2021-02-10 04:40:44,493] {logging_mixin.py:103} INFO - [2021-02-10 04:40:44,493] {dagbag.py:440} INFO - Filling up the DagBag from /home/airflow/.local/lib/python3.8/site-packages/airflow/example_dags/example_kubernetes_executor.py
[2021-02-10 04:40:44,513] {scheduler_job.py:639} INFO - DAG(s) dict_keys(['example_kubernetes_executor']) retrieved from /home/airflow/.local/lib/python3.8/site-packages/airflow/example_dags/example_kubernetes_executor.py
[2021-02-10 04:40:44,516] {logging_mixin.py:103} INFO - [2021-02-10 04:40:44,516] {dag.py:1813} INFO - Sync 1 DAGs
[2021-02-10 04:40:44,581] {logging_mixin.py:103} INFO - [2021-02-10 04:40:44,581] {dag.py:2266} INFO - Setting next_dagrun for example_kubernetes_executor to None
[2021-02-10 04:40:44,626] {scheduler_job.py:189} INFO - Processing /home/airflow/.local/lib/python3.8/site-packages/airflow/example_dags/example_kubernetes_executor.py took 0.143 seconds
[2021-02-10 04:40:47,510] {scheduler_job.py:181} INFO - Started process (PID=629) to work on /home/airflow/.local/lib/python3.8/site-packages/airflow/example_dags/example_kubernetes_executor.py
[2021-02-10 04:40:47,515] {scheduler_job.py:629} INFO - Processing file /home/airflow/.local/lib/python3.8/site-packages/airflow/example_dags/example_kubernetes_executor.py for tasks to queue
[2021-02-10 04:40:47,518] {logging_mixin.py:103} INFO - [2021-02-10 04:40:47,518] {dagbag.py:440} INFO - Filling up the DagBag from /home/airflow/.local/lib/python3.8/site-packages/airflow/example_dags/example_kubernetes_executor.py
[2021-02-10 04:40:47,549] {scheduler_job.py:639} INFO - DAG(s) dict_keys(['example_kubernetes_executor']) retrieved from /home/airflow/.local/lib/python3.8/site-packages/airflow/example_dags/example_kubernetes_executor.py
[2021-02-10 04:40:47,552] {logging_mixin.py:103} INFO - [2021-02-10 04:40:47,551] {dag.py:1813} INFO - Sync 1 DAGs
[2021-02-10 04:40:47,614] {logging_mixin.py:103} INFO - [2021-02-10 04:40:47,614] {dag.py:2266} INFO - Setting next_dagrun for example_kubernetes_executor to None
[2021-02-10 04:40:47,652] {scheduler_job.py:189} INFO - Processing /home/airflow/.local/lib/python3.8/site-packages/airflow/example_dags/example_kubernetes_executor.py took 0.149 seconds
[2021-02-10 04:40:50,675] {scheduler_job.py:181} INFO - Started process (PID=653) to work on /home/airflow/.local/lib/python3.8/site-packages/airflow/example_dags/example_kubernetes_executor.py
[2021-02-10 04:40:50,680] {scheduler_job.py:629} INFO - Processing file /home/airflow/.local/lib/python3.8/site-packages/airflow/example_dags/example_kubernetes_executor.py for tasks to queue
[2021-02-10 04:40:50,683] {logging_mixin.py:103} INFO - [2021-02-10 04:40:50,682] {dagbag.py:440} INFO - Filling up the DagBag from /home/airflow/.local/lib/python3.8/site-packages/airflow/example_dags/example_kubernetes_executor.py
[2021-02-10 04:40:50,708] {scheduler_job.py:639} INFO - DAG(s) dict_keys(['example_kubernetes_executor']) retrieved from /home/airflow/.local/lib/python3.8/site-packages/airflow/example_dags/example_kubernetes_executor.py
[2021-02-10 04:40:50,711] {logging_mixin.py:103} INFO - [2021-02-10 04:40:50,711] {dag.py:1813} INFO - Sync 1 DAGs
[2021-02-10 04:40:50,780] {logging_mixin.py:103} INFO - [2021-02-10 04:40:50,779] {dag.py:2266} INFO - Setting next_dagrun for example_kubernetes_executor to None
[2021-02-10 04:40:50,817] {scheduler_job.py:189} INFO - Processing /home/airflow/.local/lib/python3.8/site-packages/airflow/example_dags/example_kubernetes_executor.py took 0.153 seconds
[2021-02-10 04:40:53,503] {scheduler_job.py:181} INFO - Started process (PID=679) to work on /home/airflow/.local/lib/python3.8/site-packages/airflow/example_dags/example_kubernetes_executor.py
[2021-02-10 04:40:53,508] {scheduler_job.py:629} INFO - Processing file /home/airflow/.local/lib/python3.8/site-packages/airflow/example_dags/example_kubernetes_executor.py for tasks to queue
[2021-02-10 04:40:53,518] {logging_mixin.py:103} INFO - [2021-02-10 04:40:53,517] {dagbag.py:440} INFO - Filling up the DagBag from /home/airflow/.local/lib/python3.8/site-packages/airflow/example_dags/example_kubernetes_executor.py
[2021-02-10 04:40:53,574] {scheduler_job.py:639} INFO - DAG(s) dict_keys(['example_kubernetes_executor']) retrieved from /home/airflow/.local/lib/python3.8/site-packages/airflow/example_dags/example_kubernetes_executor.py
[2021-02-10 04:40:53,578] {logging_mixin.py:103} INFO - [2021-02-10 04:40:53,578] {dag.py:1813} INFO - Sync 1 DAGs
[2021-02-10 04:40:53,661] {logging_mixin.py:103} INFO - [2021-02-10 04:40:53,661] {dag.py:2266} INFO - Setting next_dagrun for example_kubernetes_executor to None
[2021-02-10 04:40:53,713] {scheduler_job.py:189} INFO - Processing /home/airflow/.local/lib/python3.8/site-packages/airflow/example_dags/example_kubernetes_executor.py took 0.218 seconds
[2021-02-10 04:40:55,620] {scheduler_job.py:181} INFO - Started process (PID=703) to work on /home/airflow/.local/lib/python3.8/site-packages/airflow/example_dags/example_kubernetes_executor.py
[2021-02-10 04:40:55,624] {scheduler_job.py:629} INFO - Processing file /home/airflow/.local/lib/python3.8/site-packages/airflow/example_dags/example_kubernetes_executor.py for tasks to queue
[2021-02-10 04:40:55,626] {logging_mixin.py:103} INFO - [2021-02-10 04:40:55,626] {dagbag.py:440} INFO - Filling up the DagBag from /home/airflow/.local/lib/python3.8/site-packages/airflow/example_dags/example_kubernetes_executor.py
[2021-02-10 04:40:55,649] {scheduler_job.py:639} INFO - DAG(s) dict_keys(['example_kubernetes_executor']) retrieved from /home/airflow/.local/lib/python3.8/site-packages/airflow/example_dags/example_kubernetes_executor.py
[2021-02-10 04:40:55,652] {logging_mixin.py:103} INFO - [2021-02-10 04:40:55,652] {dag.py:1813} INFO - Sync 1 DAGs
[2021-02-10 04:40:55,714] {logging_mixin.py:103} INFO - [2021-02-10 04:40:55,714] {dag.py:2266} INFO - Setting next_dagrun for example_kubernetes_executor to None
[2021-02-10 04:40:55,817] {scheduler_job.py:189} INFO - Processing /home/airflow/.local/lib/python3.8/site-packages/airflow/example_dags/example_kubernetes_executor.py took 0.204 seconds
[2021-02-10 04:40:58,218] {scheduler_job.py:181} INFO - Started process (PID=729) to work on /home/airflow/.local/lib/python3.8/site-packages/airflow/example_dags/example_kubernetes_executor.py
[2021-02-10 04:40:58,222] {scheduler_job.py:629} INFO - Processing file /home/airflow/.local/lib/python3.8/site-packages/airflow/example_dags/example_kubernetes_executor.py for tasks to queue
[2021-02-10 04:40:58,225] {logging_mixin.py:103} INFO - [2021-02-10 04:40:58,224] {dagbag.py:440} INFO - Filling up the DagBag from /home/airflow/.local/lib/python3.8/site-packages/airflow/example_dags/example_kubernetes_executor.py
[2021-02-10 04:40:58,245] {scheduler_job.py:639} INFO - DAG(s) dict_keys(['example_kubernetes_executor']) retrieved from /home/airflow/.local/lib/python3.8/site-packages/airflow/example_dags/example_kubernetes_executor.py
[2021-02-10 04:40:58,248] {logging_mixin.py:103} INFO - [2021-02-10 04:40:58,248] {dag.py:1813} INFO - Sync 1 DAGs
[2021-02-10 04:40:58,307] {logging_mixin.py:103} INFO - [2021-02-10 04:40:58,307] {dag.py:2266} INFO - Setting next_dagrun for example_kubernetes_executor to None
[2021-02-10 04:40:58,344] {scheduler_job.py:189} INFO - Processing /home/airflow/.local/lib/python3.8/site-packages/airflow/example_dags/example_kubernetes_executor.py took 0.134 seconds
[2021-02-10 04:41:00,438] {scheduler_job.py:181} INFO - Started process (PID=753) to work on /home/airflow/.local/lib/python3.8/site-packages/airflow/example_dags/example_kubernetes_executor.py
[2021-02-10 04:41:00,443] {scheduler_job.py:629} INFO - Processing file /home/airflow/.local/lib/python3.8/site-packages/airflow/example_dags/example_kubernetes_executor.py for tasks to queue
[2021-02-10 04:41:00,449] {logging_mixin.py:103} INFO - [2021-02-10 04:41:00,448] {dagbag.py:440} INFO - Filling up the DagBag from /home/airflow/.local/lib/python3.8/site-packages/airflow/example_dags/example_kubernetes_executor.py
[2021-02-10 04:41:00,544] {scheduler_job.py:639} INFO - DAG(s) dict_keys(['example_kubernetes_executor']) retrieved from /home/airflow/.local/lib/python3.8/site-packages/airflow/example_dags/example_kubernetes_executor.py
[2021-02-10 04:41:00,555] {logging_mixin.py:103} INFO - [2021-02-10 04:41:00,553] {dag.py:1813} INFO - Sync 1 DAGs
[2021-02-10 04:41:00,653] {logging_mixin.py:103} INFO - [2021-02-10 04:41:00,653] {dag.py:2266} INFO - Setting next_dagrun for example_kubernetes_executor to None
[2021-02-10 04:41:00,693] {scheduler_job.py:189} INFO - Processing /home/airflow/.local/lib/python3.8/site-packages/airflow/example_dags/example_kubernetes_executor.py took 0.265 seconds
