[2021-02-10 04:51:20,272] {scheduler_job.py:181} INFO - Started process (PID=41) to work on /home/airflow/.local/lib/python3.8/site-packages/airflow/example_dags/example_trigger_controller_dag.py
[2021-02-10 04:51:20,292] {scheduler_job.py:629} INFO - Processing file /home/airflow/.local/lib/python3.8/site-packages/airflow/example_dags/example_trigger_controller_dag.py for tasks to queue
[2021-02-10 04:51:20,308] {logging_mixin.py:103} INFO - [2021-02-10 04:51:20,308] {dagbag.py:440} INFO - Filling up the DagBag from /home/airflow/.local/lib/python3.8/site-packages/airflow/example_dags/example_trigger_controller_dag.py
[2021-02-10 04:51:20,399] {scheduler_job.py:639} INFO - DAG(s) dict_keys(['example_trigger_controller_dag']) retrieved from /home/airflow/.local/lib/python3.8/site-packages/airflow/example_dags/example_trigger_controller_dag.py
[2021-02-10 04:51:20,405] {logging_mixin.py:103} INFO - [2021-02-10 04:51:20,405] {dag.py:1813} INFO - Sync 1 DAGs
[2021-02-10 04:51:20,551] {logging_mixin.py:103} INFO - [2021-02-10 04:51:20,551] {dag.py:2266} INFO - Setting next_dagrun for example_trigger_controller_dag to 2021-02-08 00:00:00+00:00
[2021-02-10 04:51:20,622] {scheduler_job.py:189} INFO - Processing /home/airflow/.local/lib/python3.8/site-packages/airflow/example_dags/example_trigger_controller_dag.py took 0.378 seconds
[2021-02-10 04:51:24,562] {scheduler_job.py:181} INFO - Started process (PID=67) to work on /home/airflow/.local/lib/python3.8/site-packages/airflow/example_dags/example_trigger_controller_dag.py
[2021-02-10 04:51:24,568] {scheduler_job.py:629} INFO - Processing file /home/airflow/.local/lib/python3.8/site-packages/airflow/example_dags/example_trigger_controller_dag.py for tasks to queue
[2021-02-10 04:51:24,571] {logging_mixin.py:103} INFO - [2021-02-10 04:51:24,571] {dagbag.py:440} INFO - Filling up the DagBag from /home/airflow/.local/lib/python3.8/site-packages/airflow/example_dags/example_trigger_controller_dag.py
[2021-02-10 04:51:24,591] {scheduler_job.py:639} INFO - DAG(s) dict_keys(['example_trigger_controller_dag']) retrieved from /home/airflow/.local/lib/python3.8/site-packages/airflow/example_dags/example_trigger_controller_dag.py
[2021-02-10 04:51:24,597] {logging_mixin.py:103} INFO - [2021-02-10 04:51:24,597] {dag.py:1813} INFO - Sync 1 DAGs
[2021-02-10 04:51:24,667] {logging_mixin.py:103} INFO - [2021-02-10 04:51:24,667] {dag.py:2266} INFO - Setting next_dagrun for example_trigger_controller_dag to 2021-02-08 00:00:00+00:00
[2021-02-10 04:51:24,702] {scheduler_job.py:189} INFO - Processing /home/airflow/.local/lib/python3.8/site-packages/airflow/example_dags/example_trigger_controller_dag.py took 0.152 seconds
[2021-02-10 04:51:28,734] {scheduler_job.py:181} INFO - Started process (PID=92) to work on /home/airflow/.local/lib/python3.8/site-packages/airflow/example_dags/example_trigger_controller_dag.py
[2021-02-10 04:51:28,739] {scheduler_job.py:629} INFO - Processing file /home/airflow/.local/lib/python3.8/site-packages/airflow/example_dags/example_trigger_controller_dag.py for tasks to queue
[2021-02-10 04:51:28,747] {logging_mixin.py:103} INFO - [2021-02-10 04:51:28,746] {dagbag.py:440} INFO - Filling up the DagBag from /home/airflow/.local/lib/python3.8/site-packages/airflow/example_dags/example_trigger_controller_dag.py
[2021-02-10 04:51:28,825] {scheduler_job.py:639} INFO - DAG(s) dict_keys(['example_trigger_controller_dag']) retrieved from /home/airflow/.local/lib/python3.8/site-packages/airflow/example_dags/example_trigger_controller_dag.py
[2021-02-10 04:51:28,830] {logging_mixin.py:103} INFO - [2021-02-10 04:51:28,830] {dag.py:1813} INFO - Sync 1 DAGs
[2021-02-10 04:51:28,989] {logging_mixin.py:103} INFO - [2021-02-10 04:51:28,989] {dag.py:2266} INFO - Setting next_dagrun for example_trigger_controller_dag to 2021-02-08 00:00:00+00:00
[2021-02-10 04:51:29,076] {scheduler_job.py:189} INFO - Processing /home/airflow/.local/lib/python3.8/site-packages/airflow/example_dags/example_trigger_controller_dag.py took 0.386 seconds
[2021-02-10 04:51:38,165] {scheduler_job.py:181} INFO - Started process (PID=117) to work on /home/airflow/.local/lib/python3.8/site-packages/airflow/example_dags/example_trigger_controller_dag.py
[2021-02-10 04:51:38,173] {scheduler_job.py:629} INFO - Processing file /home/airflow/.local/lib/python3.8/site-packages/airflow/example_dags/example_trigger_controller_dag.py for tasks to queue
[2021-02-10 04:51:38,183] {logging_mixin.py:103} INFO - [2021-02-10 04:51:38,183] {dagbag.py:440} INFO - Filling up the DagBag from /home/airflow/.local/lib/python3.8/site-packages/airflow/example_dags/example_trigger_controller_dag.py
[2021-02-10 04:51:38,246] {scheduler_job.py:639} INFO - DAG(s) dict_keys(['example_trigger_controller_dag']) retrieved from /home/airflow/.local/lib/python3.8/site-packages/airflow/example_dags/example_trigger_controller_dag.py
[2021-02-10 04:51:38,258] {logging_mixin.py:103} INFO - [2021-02-10 04:51:38,258] {dag.py:1813} INFO - Sync 1 DAGs
[2021-02-10 04:51:38,392] {logging_mixin.py:103} INFO - [2021-02-10 04:51:38,392] {dag.py:2266} INFO - Setting next_dagrun for example_trigger_controller_dag to 2021-02-08 00:00:00+00:00
[2021-02-10 04:51:38,471] {scheduler_job.py:189} INFO - Processing /home/airflow/.local/lib/python3.8/site-packages/airflow/example_dags/example_trigger_controller_dag.py took 0.319 seconds
[2021-02-10 04:51:45,366] {scheduler_job.py:181} INFO - Started process (PID=142) to work on /home/airflow/.local/lib/python3.8/site-packages/airflow/example_dags/example_trigger_controller_dag.py
[2021-02-10 04:51:45,387] {scheduler_job.py:629} INFO - Processing file /home/airflow/.local/lib/python3.8/site-packages/airflow/example_dags/example_trigger_controller_dag.py for tasks to queue
[2021-02-10 04:51:45,393] {logging_mixin.py:103} INFO - [2021-02-10 04:51:45,393] {dagbag.py:440} INFO - Filling up the DagBag from /home/airflow/.local/lib/python3.8/site-packages/airflow/example_dags/example_trigger_controller_dag.py
[2021-02-10 04:51:45,432] {scheduler_job.py:639} INFO - DAG(s) dict_keys(['example_trigger_controller_dag']) retrieved from /home/airflow/.local/lib/python3.8/site-packages/airflow/example_dags/example_trigger_controller_dag.py
[2021-02-10 04:51:45,440] {logging_mixin.py:103} INFO - [2021-02-10 04:51:45,440] {dag.py:1813} INFO - Sync 1 DAGs
[2021-02-10 04:51:45,565] {logging_mixin.py:103} INFO - [2021-02-10 04:51:45,563] {dag.py:2266} INFO - Setting next_dagrun for example_trigger_controller_dag to 2021-02-08 00:00:00+00:00
[2021-02-10 04:51:45,617] {scheduler_job.py:189} INFO - Processing /home/airflow/.local/lib/python3.8/site-packages/airflow/example_dags/example_trigger_controller_dag.py took 0.258 seconds
[2021-02-10 04:51:48,375] {scheduler_job.py:181} INFO - Started process (PID=167) to work on /home/airflow/.local/lib/python3.8/site-packages/airflow/example_dags/example_trigger_controller_dag.py
[2021-02-10 04:51:48,378] {scheduler_job.py:629} INFO - Processing file /home/airflow/.local/lib/python3.8/site-packages/airflow/example_dags/example_trigger_controller_dag.py for tasks to queue
[2021-02-10 04:51:48,380] {logging_mixin.py:103} INFO - [2021-02-10 04:51:48,380] {dagbag.py:440} INFO - Filling up the DagBag from /home/airflow/.local/lib/python3.8/site-packages/airflow/example_dags/example_trigger_controller_dag.py
[2021-02-10 04:51:48,400] {scheduler_job.py:639} INFO - DAG(s) dict_keys(['example_trigger_controller_dag']) retrieved from /home/airflow/.local/lib/python3.8/site-packages/airflow/example_dags/example_trigger_controller_dag.py
[2021-02-10 04:51:48,403] {logging_mixin.py:103} INFO - [2021-02-10 04:51:48,403] {dag.py:1813} INFO - Sync 1 DAGs
[2021-02-10 04:51:48,453] {logging_mixin.py:103} INFO - [2021-02-10 04:51:48,453] {dag.py:2266} INFO - Setting next_dagrun for example_trigger_controller_dag to 2021-02-08 00:00:00+00:00
[2021-02-10 04:51:48,493] {scheduler_job.py:189} INFO - Processing /home/airflow/.local/lib/python3.8/site-packages/airflow/example_dags/example_trigger_controller_dag.py took 0.126 seconds
[2021-02-10 04:51:50,949] {scheduler_job.py:181} INFO - Started process (PID=192) to work on /home/airflow/.local/lib/python3.8/site-packages/airflow/example_dags/example_trigger_controller_dag.py
[2021-02-10 04:51:50,956] {scheduler_job.py:629} INFO - Processing file /home/airflow/.local/lib/python3.8/site-packages/airflow/example_dags/example_trigger_controller_dag.py for tasks to queue
[2021-02-10 04:51:50,964] {logging_mixin.py:103} INFO - [2021-02-10 04:51:50,963] {dagbag.py:440} INFO - Filling up the DagBag from /home/airflow/.local/lib/python3.8/site-packages/airflow/example_dags/example_trigger_controller_dag.py
[2021-02-10 04:51:51,008] {scheduler_job.py:639} INFO - DAG(s) dict_keys(['example_trigger_controller_dag']) retrieved from /home/airflow/.local/lib/python3.8/site-packages/airflow/example_dags/example_trigger_controller_dag.py
[2021-02-10 04:51:51,016] {logging_mixin.py:103} INFO - [2021-02-10 04:51:51,015] {dag.py:1813} INFO - Sync 1 DAGs
[2021-02-10 04:51:51,135] {logging_mixin.py:103} INFO - [2021-02-10 04:51:51,135] {dag.py:2266} INFO - Setting next_dagrun for example_trigger_controller_dag to 2021-02-08 00:00:00+00:00
[2021-02-10 04:51:51,206] {scheduler_job.py:189} INFO - Processing /home/airflow/.local/lib/python3.8/site-packages/airflow/example_dags/example_trigger_controller_dag.py took 0.269 seconds
[2021-02-10 04:51:57,965] {scheduler_job.py:181} INFO - Started process (PID=217) to work on /home/airflow/.local/lib/python3.8/site-packages/airflow/example_dags/example_trigger_controller_dag.py
[2021-02-10 04:51:57,984] {scheduler_job.py:629} INFO - Processing file /home/airflow/.local/lib/python3.8/site-packages/airflow/example_dags/example_trigger_controller_dag.py for tasks to queue
[2021-02-10 04:51:57,992] {logging_mixin.py:103} INFO - [2021-02-10 04:51:57,992] {dagbag.py:440} INFO - Filling up the DagBag from /home/airflow/.local/lib/python3.8/site-packages/airflow/example_dags/example_trigger_controller_dag.py
[2021-02-10 04:51:58,056] {scheduler_job.py:639} INFO - DAG(s) dict_keys(['example_trigger_controller_dag']) retrieved from /home/airflow/.local/lib/python3.8/site-packages/airflow/example_dags/example_trigger_controller_dag.py
[2021-02-10 04:51:58,073] {logging_mixin.py:103} INFO - [2021-02-10 04:51:58,073] {dag.py:1813} INFO - Sync 1 DAGs
[2021-02-10 04:51:58,340] {logging_mixin.py:103} INFO - [2021-02-10 04:51:58,340] {dag.py:2266} INFO - Setting next_dagrun for example_trigger_controller_dag to 2021-02-08 00:00:00+00:00
[2021-02-10 04:51:58,490] {scheduler_job.py:189} INFO - Processing /home/airflow/.local/lib/python3.8/site-packages/airflow/example_dags/example_trigger_controller_dag.py took 0.567 seconds
[2021-02-10 04:52:04,765] {scheduler_job.py:181} INFO - Started process (PID=242) to work on /home/airflow/.local/lib/python3.8/site-packages/airflow/example_dags/example_trigger_controller_dag.py
[2021-02-10 04:52:04,770] {scheduler_job.py:629} INFO - Processing file /home/airflow/.local/lib/python3.8/site-packages/airflow/example_dags/example_trigger_controller_dag.py for tasks to queue
[2021-02-10 04:52:04,777] {logging_mixin.py:103} INFO - [2021-02-10 04:52:04,777] {dagbag.py:440} INFO - Filling up the DagBag from /home/airflow/.local/lib/python3.8/site-packages/airflow/example_dags/example_trigger_controller_dag.py
[2021-02-10 04:52:04,846] {scheduler_job.py:639} INFO - DAG(s) dict_keys(['example_trigger_controller_dag']) retrieved from /home/airflow/.local/lib/python3.8/site-packages/airflow/example_dags/example_trigger_controller_dag.py
[2021-02-10 04:52:04,863] {logging_mixin.py:103} INFO - [2021-02-10 04:52:04,863] {dag.py:1813} INFO - Sync 1 DAGs
[2021-02-10 04:52:05,053] {logging_mixin.py:103} INFO - [2021-02-10 04:52:05,053] {dag.py:2266} INFO - Setting next_dagrun for example_trigger_controller_dag to 2021-02-08 00:00:00+00:00
[2021-02-10 04:52:05,122] {scheduler_job.py:189} INFO - Processing /home/airflow/.local/lib/python3.8/site-packages/airflow/example_dags/example_trigger_controller_dag.py took 0.366 seconds
[2021-02-10 04:52:09,355] {scheduler_job.py:181} INFO - Started process (PID=267) to work on /home/airflow/.local/lib/python3.8/site-packages/airflow/example_dags/example_trigger_controller_dag.py
[2021-02-10 04:52:09,363] {scheduler_job.py:629} INFO - Processing file /home/airflow/.local/lib/python3.8/site-packages/airflow/example_dags/example_trigger_controller_dag.py for tasks to queue
[2021-02-10 04:52:09,370] {logging_mixin.py:103} INFO - [2021-02-10 04:52:09,369] {dagbag.py:440} INFO - Filling up the DagBag from /home/airflow/.local/lib/python3.8/site-packages/airflow/example_dags/example_trigger_controller_dag.py
[2021-02-10 04:52:09,451] {scheduler_job.py:639} INFO - DAG(s) dict_keys(['example_trigger_controller_dag']) retrieved from /home/airflow/.local/lib/python3.8/site-packages/airflow/example_dags/example_trigger_controller_dag.py
[2021-02-10 04:52:09,483] {logging_mixin.py:103} INFO - [2021-02-10 04:52:09,482] {dag.py:1813} INFO - Sync 1 DAGs
[2021-02-10 04:52:09,831] {logging_mixin.py:103} INFO - [2021-02-10 04:52:09,831] {dag.py:2266} INFO - Setting next_dagrun for example_trigger_controller_dag to 2021-02-08 00:00:00+00:00
[2021-02-10 04:52:09,886] {scheduler_job.py:189} INFO - Processing /home/airflow/.local/lib/python3.8/site-packages/airflow/example_dags/example_trigger_controller_dag.py took 0.538 seconds
[2021-02-10 04:52:15,531] {scheduler_job.py:181} INFO - Started process (PID=293) to work on /home/airflow/.local/lib/python3.8/site-packages/airflow/example_dags/example_trigger_controller_dag.py
[2021-02-10 04:52:15,559] {scheduler_job.py:629} INFO - Processing file /home/airflow/.local/lib/python3.8/site-packages/airflow/example_dags/example_trigger_controller_dag.py for tasks to queue
[2021-02-10 04:52:15,603] {logging_mixin.py:103} INFO - [2021-02-10 04:52:15,603] {dagbag.py:440} INFO - Filling up the DagBag from /home/airflow/.local/lib/python3.8/site-packages/airflow/example_dags/example_trigger_controller_dag.py
[2021-02-10 04:52:15,719] {scheduler_job.py:639} INFO - DAG(s) dict_keys(['example_trigger_controller_dag']) retrieved from /home/airflow/.local/lib/python3.8/site-packages/airflow/example_dags/example_trigger_controller_dag.py
[2021-02-10 04:52:15,728] {logging_mixin.py:103} INFO - [2021-02-10 04:52:15,728] {dag.py:1813} INFO - Sync 1 DAGs
[2021-02-10 04:52:15,826] {logging_mixin.py:103} INFO - [2021-02-10 04:52:15,824] {dag.py:2266} INFO - Setting next_dagrun for example_trigger_controller_dag to 2021-02-08 00:00:00+00:00
[2021-02-10 04:52:15,912] {scheduler_job.py:189} INFO - Processing /home/airflow/.local/lib/python3.8/site-packages/airflow/example_dags/example_trigger_controller_dag.py took 0.405 seconds
[2021-02-10 04:52:21,002] {scheduler_job.py:181} INFO - Started process (PID=318) to work on /home/airflow/.local/lib/python3.8/site-packages/airflow/example_dags/example_trigger_controller_dag.py
[2021-02-10 04:52:21,013] {scheduler_job.py:629} INFO - Processing file /home/airflow/.local/lib/python3.8/site-packages/airflow/example_dags/example_trigger_controller_dag.py for tasks to queue
[2021-02-10 04:52:21,017] {logging_mixin.py:103} INFO - [2021-02-10 04:52:21,016] {dagbag.py:440} INFO - Filling up the DagBag from /home/airflow/.local/lib/python3.8/site-packages/airflow/example_dags/example_trigger_controller_dag.py
[2021-02-10 04:52:21,047] {scheduler_job.py:639} INFO - DAG(s) dict_keys(['example_trigger_controller_dag']) retrieved from /home/airflow/.local/lib/python3.8/site-packages/airflow/example_dags/example_trigger_controller_dag.py
[2021-02-10 04:52:21,093] {logging_mixin.py:103} INFO - [2021-02-10 04:52:21,092] {dag.py:1813} INFO - Sync 1 DAGs
[2021-02-10 04:52:21,259] {logging_mixin.py:103} INFO - [2021-02-10 04:52:21,259] {dag.py:2266} INFO - Setting next_dagrun for example_trigger_controller_dag to 2021-02-08 00:00:00+00:00
[2021-02-10 04:52:21,511] {scheduler_job.py:189} INFO - Processing /home/airflow/.local/lib/python3.8/site-packages/airflow/example_dags/example_trigger_controller_dag.py took 0.536 seconds
[2021-02-10 04:52:26,597] {scheduler_job.py:181} INFO - Started process (PID=344) to work on /home/airflow/.local/lib/python3.8/site-packages/airflow/example_dags/example_trigger_controller_dag.py
[2021-02-10 04:52:26,606] {scheduler_job.py:629} INFO - Processing file /home/airflow/.local/lib/python3.8/site-packages/airflow/example_dags/example_trigger_controller_dag.py for tasks to queue
[2021-02-10 04:52:26,621] {logging_mixin.py:103} INFO - [2021-02-10 04:52:26,612] {dagbag.py:440} INFO - Filling up the DagBag from /home/airflow/.local/lib/python3.8/site-packages/airflow/example_dags/example_trigger_controller_dag.py
[2021-02-10 04:52:26,658] {scheduler_job.py:639} INFO - DAG(s) dict_keys(['example_trigger_controller_dag']) retrieved from /home/airflow/.local/lib/python3.8/site-packages/airflow/example_dags/example_trigger_controller_dag.py
[2021-02-10 04:52:26,670] {logging_mixin.py:103} INFO - [2021-02-10 04:52:26,670] {dag.py:1813} INFO - Sync 1 DAGs
[2021-02-10 04:52:26,759] {logging_mixin.py:103} INFO - [2021-02-10 04:52:26,759] {dag.py:2266} INFO - Setting next_dagrun for example_trigger_controller_dag to 2021-02-08 00:00:00+00:00
[2021-02-10 04:52:26,818] {scheduler_job.py:189} INFO - Processing /home/airflow/.local/lib/python3.8/site-packages/airflow/example_dags/example_trigger_controller_dag.py took 0.243 seconds
[2021-02-10 04:52:29,386] {scheduler_job.py:181} INFO - Started process (PID=369) to work on /home/airflow/.local/lib/python3.8/site-packages/airflow/example_dags/example_trigger_controller_dag.py
[2021-02-10 04:52:29,390] {scheduler_job.py:629} INFO - Processing file /home/airflow/.local/lib/python3.8/site-packages/airflow/example_dags/example_trigger_controller_dag.py for tasks to queue
[2021-02-10 04:52:29,392] {logging_mixin.py:103} INFO - [2021-02-10 04:52:29,392] {dagbag.py:440} INFO - Filling up the DagBag from /home/airflow/.local/lib/python3.8/site-packages/airflow/example_dags/example_trigger_controller_dag.py
[2021-02-10 04:52:29,414] {scheduler_job.py:639} INFO - DAG(s) dict_keys(['example_trigger_controller_dag']) retrieved from /home/airflow/.local/lib/python3.8/site-packages/airflow/example_dags/example_trigger_controller_dag.py
[2021-02-10 04:52:29,417] {logging_mixin.py:103} INFO - [2021-02-10 04:52:29,417] {dag.py:1813} INFO - Sync 1 DAGs
[2021-02-10 04:52:29,471] {logging_mixin.py:103} INFO - [2021-02-10 04:52:29,470] {dag.py:2266} INFO - Setting next_dagrun for example_trigger_controller_dag to 2021-02-08 00:00:00+00:00
[2021-02-10 04:52:29,501] {scheduler_job.py:189} INFO - Processing /home/airflow/.local/lib/python3.8/site-packages/airflow/example_dags/example_trigger_controller_dag.py took 0.122 seconds
[2021-02-10 04:52:32,199] {scheduler_job.py:181} INFO - Started process (PID=394) to work on /home/airflow/.local/lib/python3.8/site-packages/airflow/example_dags/example_trigger_controller_dag.py
[2021-02-10 04:52:32,202] {scheduler_job.py:629} INFO - Processing file /home/airflow/.local/lib/python3.8/site-packages/airflow/example_dags/example_trigger_controller_dag.py for tasks to queue
[2021-02-10 04:52:32,205] {logging_mixin.py:103} INFO - [2021-02-10 04:52:32,205] {dagbag.py:440} INFO - Filling up the DagBag from /home/airflow/.local/lib/python3.8/site-packages/airflow/example_dags/example_trigger_controller_dag.py
[2021-02-10 04:52:32,229] {scheduler_job.py:639} INFO - DAG(s) dict_keys(['example_trigger_controller_dag']) retrieved from /home/airflow/.local/lib/python3.8/site-packages/airflow/example_dags/example_trigger_controller_dag.py
[2021-02-10 04:52:32,233] {logging_mixin.py:103} INFO - [2021-02-10 04:52:32,233] {dag.py:1813} INFO - Sync 1 DAGs
[2021-02-10 04:52:32,307] {logging_mixin.py:103} INFO - [2021-02-10 04:52:32,307] {dag.py:2266} INFO - Setting next_dagrun for example_trigger_controller_dag to 2021-02-08 00:00:00+00:00
[2021-02-10 04:52:32,357] {scheduler_job.py:189} INFO - Processing /home/airflow/.local/lib/python3.8/site-packages/airflow/example_dags/example_trigger_controller_dag.py took 0.166 seconds
[2021-02-10 04:52:35,292] {scheduler_job.py:181} INFO - Started process (PID=419) to work on /home/airflow/.local/lib/python3.8/site-packages/airflow/example_dags/example_trigger_controller_dag.py
[2021-02-10 04:52:35,295] {scheduler_job.py:629} INFO - Processing file /home/airflow/.local/lib/python3.8/site-packages/airflow/example_dags/example_trigger_controller_dag.py for tasks to queue
[2021-02-10 04:52:35,299] {logging_mixin.py:103} INFO - [2021-02-10 04:52:35,298] {dagbag.py:440} INFO - Filling up the DagBag from /home/airflow/.local/lib/python3.8/site-packages/airflow/example_dags/example_trigger_controller_dag.py
[2021-02-10 04:52:35,319] {scheduler_job.py:639} INFO - DAG(s) dict_keys(['example_trigger_controller_dag']) retrieved from /home/airflow/.local/lib/python3.8/site-packages/airflow/example_dags/example_trigger_controller_dag.py
[2021-02-10 04:52:35,322] {logging_mixin.py:103} INFO - [2021-02-10 04:52:35,322] {dag.py:1813} INFO - Sync 1 DAGs
[2021-02-10 04:52:35,493] {logging_mixin.py:103} INFO - [2021-02-10 04:52:35,493] {dag.py:2266} INFO - Setting next_dagrun for example_trigger_controller_dag to 2021-02-08 00:00:00+00:00
[2021-02-10 04:52:35,661] {scheduler_job.py:189} INFO - Processing /home/airflow/.local/lib/python3.8/site-packages/airflow/example_dags/example_trigger_controller_dag.py took 0.375 seconds
[2021-02-10 04:52:40,027] {scheduler_job.py:181} INFO - Started process (PID=444) to work on /home/airflow/.local/lib/python3.8/site-packages/airflow/example_dags/example_trigger_controller_dag.py
[2021-02-10 04:52:40,030] {scheduler_job.py:629} INFO - Processing file /home/airflow/.local/lib/python3.8/site-packages/airflow/example_dags/example_trigger_controller_dag.py for tasks to queue
[2021-02-10 04:52:40,033] {logging_mixin.py:103} INFO - [2021-02-10 04:52:40,032] {dagbag.py:440} INFO - Filling up the DagBag from /home/airflow/.local/lib/python3.8/site-packages/airflow/example_dags/example_trigger_controller_dag.py
[2021-02-10 04:52:40,052] {scheduler_job.py:639} INFO - DAG(s) dict_keys(['example_trigger_controller_dag']) retrieved from /home/airflow/.local/lib/python3.8/site-packages/airflow/example_dags/example_trigger_controller_dag.py
[2021-02-10 04:52:40,056] {logging_mixin.py:103} INFO - [2021-02-10 04:52:40,055] {dag.py:1813} INFO - Sync 1 DAGs
[2021-02-10 04:52:40,109] {logging_mixin.py:103} INFO - [2021-02-10 04:52:40,109] {dag.py:2266} INFO - Setting next_dagrun for example_trigger_controller_dag to 2021-02-08 00:00:00+00:00
[2021-02-10 04:52:40,150] {scheduler_job.py:189} INFO - Processing /home/airflow/.local/lib/python3.8/site-packages/airflow/example_dags/example_trigger_controller_dag.py took 0.131 seconds
[2021-02-10 04:52:42,467] {scheduler_job.py:181} INFO - Started process (PID=469) to work on /home/airflow/.local/lib/python3.8/site-packages/airflow/example_dags/example_trigger_controller_dag.py
[2021-02-10 04:52:42,471] {scheduler_job.py:629} INFO - Processing file /home/airflow/.local/lib/python3.8/site-packages/airflow/example_dags/example_trigger_controller_dag.py for tasks to queue
[2021-02-10 04:52:42,474] {logging_mixin.py:103} INFO - [2021-02-10 04:52:42,474] {dagbag.py:440} INFO - Filling up the DagBag from /home/airflow/.local/lib/python3.8/site-packages/airflow/example_dags/example_trigger_controller_dag.py
[2021-02-10 04:52:42,497] {scheduler_job.py:639} INFO - DAG(s) dict_keys(['example_trigger_controller_dag']) retrieved from /home/airflow/.local/lib/python3.8/site-packages/airflow/example_dags/example_trigger_controller_dag.py
[2021-02-10 04:52:42,502] {logging_mixin.py:103} INFO - [2021-02-10 04:52:42,501] {dag.py:1813} INFO - Sync 1 DAGs
[2021-02-10 04:52:42,606] {logging_mixin.py:103} INFO - [2021-02-10 04:52:42,606] {dag.py:2266} INFO - Setting next_dagrun for example_trigger_controller_dag to 2021-02-08 00:00:00+00:00
[2021-02-10 04:52:42,673] {scheduler_job.py:189} INFO - Processing /home/airflow/.local/lib/python3.8/site-packages/airflow/example_dags/example_trigger_controller_dag.py took 0.215 seconds
[2021-02-10 04:52:45,422] {scheduler_job.py:181} INFO - Started process (PID=494) to work on /home/airflow/.local/lib/python3.8/site-packages/airflow/example_dags/example_trigger_controller_dag.py
[2021-02-10 04:52:45,426] {scheduler_job.py:629} INFO - Processing file /home/airflow/.local/lib/python3.8/site-packages/airflow/example_dags/example_trigger_controller_dag.py for tasks to queue
[2021-02-10 04:52:45,429] {logging_mixin.py:103} INFO - [2021-02-10 04:52:45,429] {dagbag.py:440} INFO - Filling up the DagBag from /home/airflow/.local/lib/python3.8/site-packages/airflow/example_dags/example_trigger_controller_dag.py
[2021-02-10 04:52:45,452] {scheduler_job.py:639} INFO - DAG(s) dict_keys(['example_trigger_controller_dag']) retrieved from /home/airflow/.local/lib/python3.8/site-packages/airflow/example_dags/example_trigger_controller_dag.py
[2021-02-10 04:52:45,455] {logging_mixin.py:103} INFO - [2021-02-10 04:52:45,455] {dag.py:1813} INFO - Sync 1 DAGs
[2021-02-10 04:52:45,510] {logging_mixin.py:103} INFO - [2021-02-10 04:52:45,510] {dag.py:2266} INFO - Setting next_dagrun for example_trigger_controller_dag to 2021-02-08 00:00:00+00:00
[2021-02-10 04:52:45,548] {scheduler_job.py:189} INFO - Processing /home/airflow/.local/lib/python3.8/site-packages/airflow/example_dags/example_trigger_controller_dag.py took 0.139 seconds
[2021-02-10 04:52:48,047] {scheduler_job.py:181} INFO - Started process (PID=519) to work on /home/airflow/.local/lib/python3.8/site-packages/airflow/example_dags/example_trigger_controller_dag.py
[2021-02-10 04:52:48,051] {scheduler_job.py:629} INFO - Processing file /home/airflow/.local/lib/python3.8/site-packages/airflow/example_dags/example_trigger_controller_dag.py for tasks to queue
[2021-02-10 04:52:48,059] {logging_mixin.py:103} INFO - [2021-02-10 04:52:48,058] {dagbag.py:440} INFO - Filling up the DagBag from /home/airflow/.local/lib/python3.8/site-packages/airflow/example_dags/example_trigger_controller_dag.py
[2021-02-10 04:52:48,090] {scheduler_job.py:639} INFO - DAG(s) dict_keys(['example_trigger_controller_dag']) retrieved from /home/airflow/.local/lib/python3.8/site-packages/airflow/example_dags/example_trigger_controller_dag.py
[2021-02-10 04:52:48,095] {logging_mixin.py:103} INFO - [2021-02-10 04:52:48,094] {dag.py:1813} INFO - Sync 1 DAGs
[2021-02-10 04:52:48,176] {logging_mixin.py:103} INFO - [2021-02-10 04:52:48,176] {dag.py:2266} INFO - Setting next_dagrun for example_trigger_controller_dag to 2021-02-08 00:00:00+00:00
[2021-02-10 04:52:48,218] {scheduler_job.py:189} INFO - Processing /home/airflow/.local/lib/python3.8/site-packages/airflow/example_dags/example_trigger_controller_dag.py took 0.178 seconds
[2021-02-10 04:52:50,306] {scheduler_job.py:181} INFO - Started process (PID=544) to work on /home/airflow/.local/lib/python3.8/site-packages/airflow/example_dags/example_trigger_controller_dag.py
[2021-02-10 04:52:50,309] {scheduler_job.py:629} INFO - Processing file /home/airflow/.local/lib/python3.8/site-packages/airflow/example_dags/example_trigger_controller_dag.py for tasks to queue
[2021-02-10 04:52:50,311] {logging_mixin.py:103} INFO - [2021-02-10 04:52:50,311] {dagbag.py:440} INFO - Filling up the DagBag from /home/airflow/.local/lib/python3.8/site-packages/airflow/example_dags/example_trigger_controller_dag.py
[2021-02-10 04:52:50,329] {scheduler_job.py:639} INFO - DAG(s) dict_keys(['example_trigger_controller_dag']) retrieved from /home/airflow/.local/lib/python3.8/site-packages/airflow/example_dags/example_trigger_controller_dag.py
[2021-02-10 04:52:50,331] {logging_mixin.py:103} INFO - [2021-02-10 04:52:50,331] {dag.py:1813} INFO - Sync 1 DAGs
[2021-02-10 04:52:50,371] {logging_mixin.py:103} INFO - [2021-02-10 04:52:50,371] {dag.py:2266} INFO - Setting next_dagrun for example_trigger_controller_dag to 2021-02-08 00:00:00+00:00
[2021-02-10 04:52:50,394] {scheduler_job.py:189} INFO - Processing /home/airflow/.local/lib/python3.8/site-packages/airflow/example_dags/example_trigger_controller_dag.py took 0.094 seconds
[2021-02-10 04:52:52,759] {scheduler_job.py:181} INFO - Started process (PID=569) to work on /home/airflow/.local/lib/python3.8/site-packages/airflow/example_dags/example_trigger_controller_dag.py
[2021-02-10 04:52:52,763] {scheduler_job.py:629} INFO - Processing file /home/airflow/.local/lib/python3.8/site-packages/airflow/example_dags/example_trigger_controller_dag.py for tasks to queue
[2021-02-10 04:52:52,766] {logging_mixin.py:103} INFO - [2021-02-10 04:52:52,765] {dagbag.py:440} INFO - Filling up the DagBag from /home/airflow/.local/lib/python3.8/site-packages/airflow/example_dags/example_trigger_controller_dag.py
[2021-02-10 04:52:52,787] {scheduler_job.py:639} INFO - DAG(s) dict_keys(['example_trigger_controller_dag']) retrieved from /home/airflow/.local/lib/python3.8/site-packages/airflow/example_dags/example_trigger_controller_dag.py
[2021-02-10 04:52:52,790] {logging_mixin.py:103} INFO - [2021-02-10 04:52:52,790] {dag.py:1813} INFO - Sync 1 DAGs
[2021-02-10 04:52:52,858] {logging_mixin.py:103} INFO - [2021-02-10 04:52:52,858] {dag.py:2266} INFO - Setting next_dagrun for example_trigger_controller_dag to 2021-02-08 00:00:00+00:00
[2021-02-10 04:52:52,896] {scheduler_job.py:189} INFO - Processing /home/airflow/.local/lib/python3.8/site-packages/airflow/example_dags/example_trigger_controller_dag.py took 0.143 seconds
[2021-02-10 04:52:55,690] {scheduler_job.py:181} INFO - Started process (PID=594) to work on /home/airflow/.local/lib/python3.8/site-packages/airflow/example_dags/example_trigger_controller_dag.py
[2021-02-10 04:52:55,693] {scheduler_job.py:629} INFO - Processing file /home/airflow/.local/lib/python3.8/site-packages/airflow/example_dags/example_trigger_controller_dag.py for tasks to queue
[2021-02-10 04:52:55,696] {logging_mixin.py:103} INFO - [2021-02-10 04:52:55,696] {dagbag.py:440} INFO - Filling up the DagBag from /home/airflow/.local/lib/python3.8/site-packages/airflow/example_dags/example_trigger_controller_dag.py
[2021-02-10 04:52:55,723] {scheduler_job.py:639} INFO - DAG(s) dict_keys(['example_trigger_controller_dag']) retrieved from /home/airflow/.local/lib/python3.8/site-packages/airflow/example_dags/example_trigger_controller_dag.py
[2021-02-10 04:52:55,726] {logging_mixin.py:103} INFO - [2021-02-10 04:52:55,726] {dag.py:1813} INFO - Sync 1 DAGs
[2021-02-10 04:52:55,891] {logging_mixin.py:103} INFO - [2021-02-10 04:52:55,890] {dag.py:2266} INFO - Setting next_dagrun for example_trigger_controller_dag to 2021-02-08 00:00:00+00:00
[2021-02-10 04:52:55,957] {scheduler_job.py:189} INFO - Processing /home/airflow/.local/lib/python3.8/site-packages/airflow/example_dags/example_trigger_controller_dag.py took 0.273 seconds
[2021-02-10 04:52:58,089] {scheduler_job.py:181} INFO - Started process (PID=619) to work on /home/airflow/.local/lib/python3.8/site-packages/airflow/example_dags/example_trigger_controller_dag.py
[2021-02-10 04:52:58,092] {scheduler_job.py:629} INFO - Processing file /home/airflow/.local/lib/python3.8/site-packages/airflow/example_dags/example_trigger_controller_dag.py for tasks to queue
[2021-02-10 04:52:58,094] {logging_mixin.py:103} INFO - [2021-02-10 04:52:58,094] {dagbag.py:440} INFO - Filling up the DagBag from /home/airflow/.local/lib/python3.8/site-packages/airflow/example_dags/example_trigger_controller_dag.py
[2021-02-10 04:52:58,118] {scheduler_job.py:639} INFO - DAG(s) dict_keys(['example_trigger_controller_dag']) retrieved from /home/airflow/.local/lib/python3.8/site-packages/airflow/example_dags/example_trigger_controller_dag.py
[2021-02-10 04:52:58,122] {logging_mixin.py:103} INFO - [2021-02-10 04:52:58,121] {dag.py:1813} INFO - Sync 1 DAGs
[2021-02-10 04:52:58,184] {logging_mixin.py:103} INFO - [2021-02-10 04:52:58,184] {dag.py:2266} INFO - Setting next_dagrun for example_trigger_controller_dag to 2021-02-08 00:00:00+00:00
[2021-02-10 04:52:58,222] {scheduler_job.py:189} INFO - Processing /home/airflow/.local/lib/python3.8/site-packages/airflow/example_dags/example_trigger_controller_dag.py took 0.141 seconds
[2021-02-10 04:53:00,646] {scheduler_job.py:181} INFO - Started process (PID=644) to work on /home/airflow/.local/lib/python3.8/site-packages/airflow/example_dags/example_trigger_controller_dag.py
[2021-02-10 04:53:00,650] {scheduler_job.py:629} INFO - Processing file /home/airflow/.local/lib/python3.8/site-packages/airflow/example_dags/example_trigger_controller_dag.py for tasks to queue
[2021-02-10 04:53:00,653] {logging_mixin.py:103} INFO - [2021-02-10 04:53:00,653] {dagbag.py:440} INFO - Filling up the DagBag from /home/airflow/.local/lib/python3.8/site-packages/airflow/example_dags/example_trigger_controller_dag.py
[2021-02-10 04:53:00,680] {scheduler_job.py:639} INFO - DAG(s) dict_keys(['example_trigger_controller_dag']) retrieved from /home/airflow/.local/lib/python3.8/site-packages/airflow/example_dags/example_trigger_controller_dag.py
[2021-02-10 04:53:00,684] {logging_mixin.py:103} INFO - [2021-02-10 04:53:00,683] {dag.py:1813} INFO - Sync 1 DAGs
[2021-02-10 04:53:00,731] {logging_mixin.py:103} INFO - [2021-02-10 04:53:00,731] {dag.py:2266} INFO - Setting next_dagrun for example_trigger_controller_dag to 2021-02-08 00:00:00+00:00
[2021-02-10 04:53:00,760] {scheduler_job.py:189} INFO - Processing /home/airflow/.local/lib/python3.8/site-packages/airflow/example_dags/example_trigger_controller_dag.py took 0.122 seconds
[2021-02-10 04:53:03,779] {scheduler_job.py:181} INFO - Started process (PID=669) to work on /home/airflow/.local/lib/python3.8/site-packages/airflow/example_dags/example_trigger_controller_dag.py
[2021-02-10 04:53:03,782] {scheduler_job.py:629} INFO - Processing file /home/airflow/.local/lib/python3.8/site-packages/airflow/example_dags/example_trigger_controller_dag.py for tasks to queue
[2021-02-10 04:53:03,784] {logging_mixin.py:103} INFO - [2021-02-10 04:53:03,784] {dagbag.py:440} INFO - Filling up the DagBag from /home/airflow/.local/lib/python3.8/site-packages/airflow/example_dags/example_trigger_controller_dag.py
[2021-02-10 04:53:03,803] {scheduler_job.py:639} INFO - DAG(s) dict_keys(['example_trigger_controller_dag']) retrieved from /home/airflow/.local/lib/python3.8/site-packages/airflow/example_dags/example_trigger_controller_dag.py
[2021-02-10 04:53:03,806] {logging_mixin.py:103} INFO - [2021-02-10 04:53:03,806] {dag.py:1813} INFO - Sync 1 DAGs
[2021-02-10 04:53:03,866] {logging_mixin.py:103} INFO - [2021-02-10 04:53:03,865] {dag.py:2266} INFO - Setting next_dagrun for example_trigger_controller_dag to 2021-02-08 00:00:00+00:00
[2021-02-10 04:53:03,899] {scheduler_job.py:189} INFO - Processing /home/airflow/.local/lib/python3.8/site-packages/airflow/example_dags/example_trigger_controller_dag.py took 0.125 seconds
[2021-02-10 04:53:06,803] {scheduler_job.py:181} INFO - Started process (PID=695) to work on /home/airflow/.local/lib/python3.8/site-packages/airflow/example_dags/example_trigger_controller_dag.py
[2021-02-10 04:53:06,806] {scheduler_job.py:629} INFO - Processing file /home/airflow/.local/lib/python3.8/site-packages/airflow/example_dags/example_trigger_controller_dag.py for tasks to queue
[2021-02-10 04:53:06,808] {logging_mixin.py:103} INFO - [2021-02-10 04:53:06,808] {dagbag.py:440} INFO - Filling up the DagBag from /home/airflow/.local/lib/python3.8/site-packages/airflow/example_dags/example_trigger_controller_dag.py
[2021-02-10 04:53:06,831] {scheduler_job.py:639} INFO - DAG(s) dict_keys(['example_trigger_controller_dag']) retrieved from /home/airflow/.local/lib/python3.8/site-packages/airflow/example_dags/example_trigger_controller_dag.py
[2021-02-10 04:53:06,836] {logging_mixin.py:103} INFO - [2021-02-10 04:53:06,836] {dag.py:1813} INFO - Sync 1 DAGs
[2021-02-10 04:53:06,902] {logging_mixin.py:103} INFO - [2021-02-10 04:53:06,902] {dag.py:2266} INFO - Setting next_dagrun for example_trigger_controller_dag to 2021-02-08 00:00:00+00:00
[2021-02-10 04:53:06,946] {scheduler_job.py:189} INFO - Processing /home/airflow/.local/lib/python3.8/site-packages/airflow/example_dags/example_trigger_controller_dag.py took 0.148 seconds
[2021-02-10 04:53:10,520] {scheduler_job.py:181} INFO - Started process (PID=720) to work on /home/airflow/.local/lib/python3.8/site-packages/airflow/example_dags/example_trigger_controller_dag.py
[2021-02-10 04:53:10,523] {scheduler_job.py:629} INFO - Processing file /home/airflow/.local/lib/python3.8/site-packages/airflow/example_dags/example_trigger_controller_dag.py for tasks to queue
[2021-02-10 04:53:10,526] {logging_mixin.py:103} INFO - [2021-02-10 04:53:10,526] {dagbag.py:440} INFO - Filling up the DagBag from /home/airflow/.local/lib/python3.8/site-packages/airflow/example_dags/example_trigger_controller_dag.py
[2021-02-10 04:53:10,548] {scheduler_job.py:639} INFO - DAG(s) dict_keys(['example_trigger_controller_dag']) retrieved from /home/airflow/.local/lib/python3.8/site-packages/airflow/example_dags/example_trigger_controller_dag.py
[2021-02-10 04:53:10,551] {logging_mixin.py:103} INFO - [2021-02-10 04:53:10,551] {dag.py:1813} INFO - Sync 1 DAGs
[2021-02-10 04:53:10,616] {logging_mixin.py:103} INFO - [2021-02-10 04:53:10,616] {dag.py:2266} INFO - Setting next_dagrun for example_trigger_controller_dag to 2021-02-08 00:00:00+00:00
[2021-02-10 04:53:10,656] {scheduler_job.py:189} INFO - Processing /home/airflow/.local/lib/python3.8/site-packages/airflow/example_dags/example_trigger_controller_dag.py took 0.144 seconds
[2021-02-10 04:53:15,754] {scheduler_job.py:181} INFO - Started process (PID=745) to work on /home/airflow/.local/lib/python3.8/site-packages/airflow/example_dags/example_trigger_controller_dag.py
[2021-02-10 04:53:15,757] {scheduler_job.py:629} INFO - Processing file /home/airflow/.local/lib/python3.8/site-packages/airflow/example_dags/example_trigger_controller_dag.py for tasks to queue
[2021-02-10 04:53:15,759] {logging_mixin.py:103} INFO - [2021-02-10 04:53:15,759] {dagbag.py:440} INFO - Filling up the DagBag from /home/airflow/.local/lib/python3.8/site-packages/airflow/example_dags/example_trigger_controller_dag.py
[2021-02-10 04:53:15,780] {scheduler_job.py:639} INFO - DAG(s) dict_keys(['example_trigger_controller_dag']) retrieved from /home/airflow/.local/lib/python3.8/site-packages/airflow/example_dags/example_trigger_controller_dag.py
[2021-02-10 04:53:15,783] {logging_mixin.py:103} INFO - [2021-02-10 04:53:15,782] {dag.py:1813} INFO - Sync 1 DAGs
[2021-02-10 04:53:15,832] {logging_mixin.py:103} INFO - [2021-02-10 04:53:15,832] {dag.py:2266} INFO - Setting next_dagrun for example_trigger_controller_dag to 2021-02-08 00:00:00+00:00
[2021-02-10 04:53:15,875] {scheduler_job.py:189} INFO - Processing /home/airflow/.local/lib/python3.8/site-packages/airflow/example_dags/example_trigger_controller_dag.py took 0.127 seconds
[2021-02-10 04:53:21,737] {scheduler_job.py:181} INFO - Started process (PID=770) to work on /home/airflow/.local/lib/python3.8/site-packages/airflow/example_dags/example_trigger_controller_dag.py
[2021-02-10 04:53:21,741] {scheduler_job.py:629} INFO - Processing file /home/airflow/.local/lib/python3.8/site-packages/airflow/example_dags/example_trigger_controller_dag.py for tasks to queue
[2021-02-10 04:53:21,743] {logging_mixin.py:103} INFO - [2021-02-10 04:53:21,743] {dagbag.py:440} INFO - Filling up the DagBag from /home/airflow/.local/lib/python3.8/site-packages/airflow/example_dags/example_trigger_controller_dag.py
[2021-02-10 04:53:21,772] {scheduler_job.py:639} INFO - DAG(s) dict_keys(['example_trigger_controller_dag']) retrieved from /home/airflow/.local/lib/python3.8/site-packages/airflow/example_dags/example_trigger_controller_dag.py
[2021-02-10 04:53:21,776] {logging_mixin.py:103} INFO - [2021-02-10 04:53:21,775] {dag.py:1813} INFO - Sync 1 DAGs
[2021-02-10 04:53:21,842] {logging_mixin.py:103} INFO - [2021-02-10 04:53:21,842] {dag.py:2266} INFO - Setting next_dagrun for example_trigger_controller_dag to 2021-02-08 00:00:00+00:00
[2021-02-10 04:53:21,889] {scheduler_job.py:189} INFO - Processing /home/airflow/.local/lib/python3.8/site-packages/airflow/example_dags/example_trigger_controller_dag.py took 0.161 seconds
[2021-02-10 04:53:24,403] {scheduler_job.py:181} INFO - Started process (PID=795) to work on /home/airflow/.local/lib/python3.8/site-packages/airflow/example_dags/example_trigger_controller_dag.py
[2021-02-10 04:53:24,406] {scheduler_job.py:629} INFO - Processing file /home/airflow/.local/lib/python3.8/site-packages/airflow/example_dags/example_trigger_controller_dag.py for tasks to queue
[2021-02-10 04:53:24,409] {logging_mixin.py:103} INFO - [2021-02-10 04:53:24,409] {dagbag.py:440} INFO - Filling up the DagBag from /home/airflow/.local/lib/python3.8/site-packages/airflow/example_dags/example_trigger_controller_dag.py
[2021-02-10 04:53:24,431] {scheduler_job.py:639} INFO - DAG(s) dict_keys(['example_trigger_controller_dag']) retrieved from /home/airflow/.local/lib/python3.8/site-packages/airflow/example_dags/example_trigger_controller_dag.py
[2021-02-10 04:53:24,434] {logging_mixin.py:103} INFO - [2021-02-10 04:53:24,434] {dag.py:1813} INFO - Sync 1 DAGs
[2021-02-10 04:53:24,494] {logging_mixin.py:103} INFO - [2021-02-10 04:53:24,493] {dag.py:2266} INFO - Setting next_dagrun for example_trigger_controller_dag to 2021-02-08 00:00:00+00:00
[2021-02-10 04:53:24,525] {scheduler_job.py:189} INFO - Processing /home/airflow/.local/lib/python3.8/site-packages/airflow/example_dags/example_trigger_controller_dag.py took 0.128 seconds
[2021-02-10 04:53:26,988] {scheduler_job.py:181} INFO - Started process (PID=820) to work on /home/airflow/.local/lib/python3.8/site-packages/airflow/example_dags/example_trigger_controller_dag.py
[2021-02-10 04:53:26,991] {scheduler_job.py:629} INFO - Processing file /home/airflow/.local/lib/python3.8/site-packages/airflow/example_dags/example_trigger_controller_dag.py for tasks to queue
[2021-02-10 04:53:26,994] {logging_mixin.py:103} INFO - [2021-02-10 04:53:26,993] {dagbag.py:440} INFO - Filling up the DagBag from /home/airflow/.local/lib/python3.8/site-packages/airflow/example_dags/example_trigger_controller_dag.py
[2021-02-10 04:53:27,018] {scheduler_job.py:639} INFO - DAG(s) dict_keys(['example_trigger_controller_dag']) retrieved from /home/airflow/.local/lib/python3.8/site-packages/airflow/example_dags/example_trigger_controller_dag.py
[2021-02-10 04:53:27,028] {logging_mixin.py:103} INFO - [2021-02-10 04:53:27,028] {dag.py:1813} INFO - Sync 1 DAGs
[2021-02-10 04:53:27,126] {logging_mixin.py:103} INFO - [2021-02-10 04:53:27,126] {dag.py:2266} INFO - Setting next_dagrun for example_trigger_controller_dag to 2021-02-08 00:00:00+00:00
[2021-02-10 04:53:27,164] {scheduler_job.py:189} INFO - Processing /home/airflow/.local/lib/python3.8/site-packages/airflow/example_dags/example_trigger_controller_dag.py took 0.182 seconds
[2021-02-10 04:53:29,485] {scheduler_job.py:181} INFO - Started process (PID=845) to work on /home/airflow/.local/lib/python3.8/site-packages/airflow/example_dags/example_trigger_controller_dag.py
[2021-02-10 04:53:29,488] {scheduler_job.py:629} INFO - Processing file /home/airflow/.local/lib/python3.8/site-packages/airflow/example_dags/example_trigger_controller_dag.py for tasks to queue
[2021-02-10 04:53:29,491] {logging_mixin.py:103} INFO - [2021-02-10 04:53:29,491] {dagbag.py:440} INFO - Filling up the DagBag from /home/airflow/.local/lib/python3.8/site-packages/airflow/example_dags/example_trigger_controller_dag.py
[2021-02-10 04:53:29,514] {scheduler_job.py:639} INFO - DAG(s) dict_keys(['example_trigger_controller_dag']) retrieved from /home/airflow/.local/lib/python3.8/site-packages/airflow/example_dags/example_trigger_controller_dag.py
[2021-02-10 04:53:29,518] {logging_mixin.py:103} INFO - [2021-02-10 04:53:29,518] {dag.py:1813} INFO - Sync 1 DAGs
[2021-02-10 04:53:29,584] {logging_mixin.py:103} INFO - [2021-02-10 04:53:29,584] {dag.py:2266} INFO - Setting next_dagrun for example_trigger_controller_dag to 2021-02-08 00:00:00+00:00
[2021-02-10 04:53:29,624] {scheduler_job.py:189} INFO - Processing /home/airflow/.local/lib/python3.8/site-packages/airflow/example_dags/example_trigger_controller_dag.py took 0.147 seconds
[2021-02-10 04:53:32,907] {scheduler_job.py:181} INFO - Started process (PID=870) to work on /home/airflow/.local/lib/python3.8/site-packages/airflow/example_dags/example_trigger_controller_dag.py
[2021-02-10 04:53:32,910] {scheduler_job.py:629} INFO - Processing file /home/airflow/.local/lib/python3.8/site-packages/airflow/example_dags/example_trigger_controller_dag.py for tasks to queue
[2021-02-10 04:53:32,914] {logging_mixin.py:103} INFO - [2021-02-10 04:53:32,913] {dagbag.py:440} INFO - Filling up the DagBag from /home/airflow/.local/lib/python3.8/site-packages/airflow/example_dags/example_trigger_controller_dag.py
[2021-02-10 04:53:32,938] {scheduler_job.py:639} INFO - DAG(s) dict_keys(['example_trigger_controller_dag']) retrieved from /home/airflow/.local/lib/python3.8/site-packages/airflow/example_dags/example_trigger_controller_dag.py
[2021-02-10 04:53:32,941] {logging_mixin.py:103} INFO - [2021-02-10 04:53:32,941] {dag.py:1813} INFO - Sync 1 DAGs
[2021-02-10 04:53:33,021] {logging_mixin.py:103} INFO - [2021-02-10 04:53:33,021] {dag.py:2266} INFO - Setting next_dagrun for example_trigger_controller_dag to 2021-02-08 00:00:00+00:00
[2021-02-10 04:53:33,075] {scheduler_job.py:189} INFO - Processing /home/airflow/.local/lib/python3.8/site-packages/airflow/example_dags/example_trigger_controller_dag.py took 0.176 seconds
[2021-02-10 04:53:35,693] {scheduler_job.py:181} INFO - Started process (PID=896) to work on /home/airflow/.local/lib/python3.8/site-packages/airflow/example_dags/example_trigger_controller_dag.py
[2021-02-10 04:53:35,697] {scheduler_job.py:629} INFO - Processing file /home/airflow/.local/lib/python3.8/site-packages/airflow/example_dags/example_trigger_controller_dag.py for tasks to queue
[2021-02-10 04:53:35,699] {logging_mixin.py:103} INFO - [2021-02-10 04:53:35,699] {dagbag.py:440} INFO - Filling up the DagBag from /home/airflow/.local/lib/python3.8/site-packages/airflow/example_dags/example_trigger_controller_dag.py
[2021-02-10 04:53:35,731] {scheduler_job.py:639} INFO - DAG(s) dict_keys(['example_trigger_controller_dag']) retrieved from /home/airflow/.local/lib/python3.8/site-packages/airflow/example_dags/example_trigger_controller_dag.py
[2021-02-10 04:53:35,747] {logging_mixin.py:103} INFO - [2021-02-10 04:53:35,738] {dag.py:1813} INFO - Sync 1 DAGs
[2021-02-10 04:53:35,819] {logging_mixin.py:103} INFO - [2021-02-10 04:53:35,818] {dag.py:2266} INFO - Setting next_dagrun for example_trigger_controller_dag to 2021-02-08 00:00:00+00:00
[2021-02-10 04:53:35,866] {scheduler_job.py:189} INFO - Processing /home/airflow/.local/lib/python3.8/site-packages/airflow/example_dags/example_trigger_controller_dag.py took 0.178 seconds
[2021-02-10 04:53:38,988] {scheduler_job.py:181} INFO - Started process (PID=921) to work on /home/airflow/.local/lib/python3.8/site-packages/airflow/example_dags/example_trigger_controller_dag.py
[2021-02-10 04:53:38,993] {scheduler_job.py:629} INFO - Processing file /home/airflow/.local/lib/python3.8/site-packages/airflow/example_dags/example_trigger_controller_dag.py for tasks to queue
[2021-02-10 04:53:38,996] {logging_mixin.py:103} INFO - [2021-02-10 04:53:38,995] {dagbag.py:440} INFO - Filling up the DagBag from /home/airflow/.local/lib/python3.8/site-packages/airflow/example_dags/example_trigger_controller_dag.py
[2021-02-10 04:53:39,024] {scheduler_job.py:639} INFO - DAG(s) dict_keys(['example_trigger_controller_dag']) retrieved from /home/airflow/.local/lib/python3.8/site-packages/airflow/example_dags/example_trigger_controller_dag.py
[2021-02-10 04:53:39,027] {logging_mixin.py:103} INFO - [2021-02-10 04:53:39,027] {dag.py:1813} INFO - Sync 1 DAGs
[2021-02-10 04:53:39,096] {logging_mixin.py:103} INFO - [2021-02-10 04:53:39,096] {dag.py:2266} INFO - Setting next_dagrun for example_trigger_controller_dag to 2021-02-08 00:00:00+00:00
[2021-02-10 04:53:39,142] {scheduler_job.py:189} INFO - Processing /home/airflow/.local/lib/python3.8/site-packages/airflow/example_dags/example_trigger_controller_dag.py took 0.162 seconds
[2021-02-10 04:53:41,591] {scheduler_job.py:181} INFO - Started process (PID=947) to work on /home/airflow/.local/lib/python3.8/site-packages/airflow/example_dags/example_trigger_controller_dag.py
[2021-02-10 04:53:41,593] {scheduler_job.py:629} INFO - Processing file /home/airflow/.local/lib/python3.8/site-packages/airflow/example_dags/example_trigger_controller_dag.py for tasks to queue
[2021-02-10 04:53:41,596] {logging_mixin.py:103} INFO - [2021-02-10 04:53:41,595] {dagbag.py:440} INFO - Filling up the DagBag from /home/airflow/.local/lib/python3.8/site-packages/airflow/example_dags/example_trigger_controller_dag.py
[2021-02-10 04:53:41,613] {scheduler_job.py:639} INFO - DAG(s) dict_keys(['example_trigger_controller_dag']) retrieved from /home/airflow/.local/lib/python3.8/site-packages/airflow/example_dags/example_trigger_controller_dag.py
[2021-02-10 04:53:41,616] {logging_mixin.py:103} INFO - [2021-02-10 04:53:41,616] {dag.py:1813} INFO - Sync 1 DAGs
[2021-02-10 04:53:41,661] {logging_mixin.py:103} INFO - [2021-02-10 04:53:41,661] {dag.py:2266} INFO - Setting next_dagrun for example_trigger_controller_dag to 2021-02-08 00:00:00+00:00
[2021-02-10 04:53:41,688] {scheduler_job.py:189} INFO - Processing /home/airflow/.local/lib/python3.8/site-packages/airflow/example_dags/example_trigger_controller_dag.py took 0.104 seconds
[2021-02-10 04:53:45,367] {scheduler_job.py:181} INFO - Started process (PID=972) to work on /home/airflow/.local/lib/python3.8/site-packages/airflow/example_dags/example_trigger_controller_dag.py
[2021-02-10 04:53:45,370] {scheduler_job.py:629} INFO - Processing file /home/airflow/.local/lib/python3.8/site-packages/airflow/example_dags/example_trigger_controller_dag.py for tasks to queue
[2021-02-10 04:53:45,372] {logging_mixin.py:103} INFO - [2021-02-10 04:53:45,372] {dagbag.py:440} INFO - Filling up the DagBag from /home/airflow/.local/lib/python3.8/site-packages/airflow/example_dags/example_trigger_controller_dag.py
[2021-02-10 04:53:45,396] {scheduler_job.py:639} INFO - DAG(s) dict_keys(['example_trigger_controller_dag']) retrieved from /home/airflow/.local/lib/python3.8/site-packages/airflow/example_dags/example_trigger_controller_dag.py
[2021-02-10 04:53:45,399] {logging_mixin.py:103} INFO - [2021-02-10 04:53:45,399] {dag.py:1813} INFO - Sync 1 DAGs
[2021-02-10 04:53:45,450] {logging_mixin.py:103} INFO - [2021-02-10 04:53:45,449] {dag.py:2266} INFO - Setting next_dagrun for example_trigger_controller_dag to 2021-02-08 00:00:00+00:00
[2021-02-10 04:53:45,588] {scheduler_job.py:189} INFO - Processing /home/airflow/.local/lib/python3.8/site-packages/airflow/example_dags/example_trigger_controller_dag.py took 0.230 seconds
