[2021-02-10 03:52:48,746] {scheduler_job.py:181} INFO - Started process (PID=22) to work on /home/airflow/.local/lib/python3.8/site-packages/airflow/example_dags/example_nested_branch_dag.py
[2021-02-10 03:52:48,749] {scheduler_job.py:629} INFO - Processing file /home/airflow/.local/lib/python3.8/site-packages/airflow/example_dags/example_nested_branch_dag.py for tasks to queue
[2021-02-10 03:52:48,756] {logging_mixin.py:103} INFO - [2021-02-10 03:52:48,755] {dagbag.py:440} INFO - Filling up the DagBag from /home/airflow/.local/lib/python3.8/site-packages/airflow/example_dags/example_nested_branch_dag.py
[2021-02-10 03:52:48,829] {scheduler_job.py:639} INFO - DAG(s) dict_keys(['example_nested_branch_dag']) retrieved from /home/airflow/.local/lib/python3.8/site-packages/airflow/example_dags/example_nested_branch_dag.py
[2021-02-10 03:52:48,838] {logging_mixin.py:103} INFO - [2021-02-10 03:52:48,838] {dag.py:1813} INFO - Sync 1 DAGs
[2021-02-10 03:52:48,916] {logging_mixin.py:103} INFO - [2021-02-10 03:52:48,915] {dag.py:1832} INFO - Creating ORM DAG for example_nested_branch_dag
[2021-02-10 03:52:48,983] {logging_mixin.py:103} INFO - [2021-02-10 03:52:48,982] {dag.py:2266} INFO - Setting next_dagrun for example_nested_branch_dag to 2021-02-08 00:00:00+00:00
[2021-02-10 03:52:49,037] {scheduler_job.py:189} INFO - Processing /home/airflow/.local/lib/python3.8/site-packages/airflow/example_dags/example_nested_branch_dag.py took 0.301 seconds
[2021-02-10 03:52:53,352] {scheduler_job.py:181} INFO - Started process (PID=48) to work on /home/airflow/.local/lib/python3.8/site-packages/airflow/example_dags/example_nested_branch_dag.py
[2021-02-10 03:52:53,359] {scheduler_job.py:629} INFO - Processing file /home/airflow/.local/lib/python3.8/site-packages/airflow/example_dags/example_nested_branch_dag.py for tasks to queue
[2021-02-10 03:52:53,373] {logging_mixin.py:103} INFO - [2021-02-10 03:52:53,373] {dagbag.py:440} INFO - Filling up the DagBag from /home/airflow/.local/lib/python3.8/site-packages/airflow/example_dags/example_nested_branch_dag.py
[2021-02-10 03:52:53,448] {scheduler_job.py:639} INFO - DAG(s) dict_keys(['example_nested_branch_dag']) retrieved from /home/airflow/.local/lib/python3.8/site-packages/airflow/example_dags/example_nested_branch_dag.py
[2021-02-10 03:52:53,454] {logging_mixin.py:103} INFO - [2021-02-10 03:52:53,453] {dag.py:1813} INFO - Sync 1 DAGs
[2021-02-10 03:52:53,717] {logging_mixin.py:103} INFO - [2021-02-10 03:52:53,717] {dag.py:2266} INFO - Setting next_dagrun for example_nested_branch_dag to 2021-02-08 00:00:00+00:00
[2021-02-10 03:52:53,756] {scheduler_job.py:189} INFO - Processing /home/airflow/.local/lib/python3.8/site-packages/airflow/example_dags/example_nested_branch_dag.py took 0.457 seconds
[2021-02-10 03:52:58,515] {scheduler_job.py:181} INFO - Started process (PID=73) to work on /home/airflow/.local/lib/python3.8/site-packages/airflow/example_dags/example_nested_branch_dag.py
[2021-02-10 03:52:58,519] {scheduler_job.py:629} INFO - Processing file /home/airflow/.local/lib/python3.8/site-packages/airflow/example_dags/example_nested_branch_dag.py for tasks to queue
[2021-02-10 03:52:58,522] {logging_mixin.py:103} INFO - [2021-02-10 03:52:58,522] {dagbag.py:440} INFO - Filling up the DagBag from /home/airflow/.local/lib/python3.8/site-packages/airflow/example_dags/example_nested_branch_dag.py
[2021-02-10 03:52:58,617] {scheduler_job.py:639} INFO - DAG(s) dict_keys(['example_nested_branch_dag']) retrieved from /home/airflow/.local/lib/python3.8/site-packages/airflow/example_dags/example_nested_branch_dag.py
[2021-02-10 03:52:58,625] {logging_mixin.py:103} INFO - [2021-02-10 03:52:58,625] {dag.py:1813} INFO - Sync 1 DAGs
[2021-02-10 03:52:58,859] {logging_mixin.py:103} INFO - [2021-02-10 03:52:58,859] {dag.py:2266} INFO - Setting next_dagrun for example_nested_branch_dag to 2021-02-08 00:00:00+00:00
[2021-02-10 03:52:58,956] {scheduler_job.py:189} INFO - Processing /home/airflow/.local/lib/python3.8/site-packages/airflow/example_dags/example_nested_branch_dag.py took 0.449 seconds
[2021-02-10 03:53:04,563] {scheduler_job.py:181} INFO - Started process (PID=98) to work on /home/airflow/.local/lib/python3.8/site-packages/airflow/example_dags/example_nested_branch_dag.py
[2021-02-10 03:53:04,569] {scheduler_job.py:629} INFO - Processing file /home/airflow/.local/lib/python3.8/site-packages/airflow/example_dags/example_nested_branch_dag.py for tasks to queue
[2021-02-10 03:53:04,571] {logging_mixin.py:103} INFO - [2021-02-10 03:53:04,571] {dagbag.py:440} INFO - Filling up the DagBag from /home/airflow/.local/lib/python3.8/site-packages/airflow/example_dags/example_nested_branch_dag.py
[2021-02-10 03:53:04,609] {scheduler_job.py:639} INFO - DAG(s) dict_keys(['example_nested_branch_dag']) retrieved from /home/airflow/.local/lib/python3.8/site-packages/airflow/example_dags/example_nested_branch_dag.py
[2021-02-10 03:53:04,613] {logging_mixin.py:103} INFO - [2021-02-10 03:53:04,612] {dag.py:1813} INFO - Sync 1 DAGs
[2021-02-10 03:53:04,722] {logging_mixin.py:103} INFO - [2021-02-10 03:53:04,720] {dag.py:2266} INFO - Setting next_dagrun for example_nested_branch_dag to 2021-02-08 00:00:00+00:00
[2021-02-10 03:53:04,818] {scheduler_job.py:189} INFO - Processing /home/airflow/.local/lib/python3.8/site-packages/airflow/example_dags/example_nested_branch_dag.py took 0.275 seconds
[2021-02-10 03:53:07,674] {scheduler_job.py:181} INFO - Started process (PID=122) to work on /home/airflow/.local/lib/python3.8/site-packages/airflow/example_dags/example_nested_branch_dag.py
[2021-02-10 03:53:07,678] {scheduler_job.py:629} INFO - Processing file /home/airflow/.local/lib/python3.8/site-packages/airflow/example_dags/example_nested_branch_dag.py for tasks to queue
[2021-02-10 03:53:07,681] {logging_mixin.py:103} INFO - [2021-02-10 03:53:07,681] {dagbag.py:440} INFO - Filling up the DagBag from /home/airflow/.local/lib/python3.8/site-packages/airflow/example_dags/example_nested_branch_dag.py
[2021-02-10 03:53:07,712] {scheduler_job.py:639} INFO - DAG(s) dict_keys(['example_nested_branch_dag']) retrieved from /home/airflow/.local/lib/python3.8/site-packages/airflow/example_dags/example_nested_branch_dag.py
[2021-02-10 03:53:07,715] {logging_mixin.py:103} INFO - [2021-02-10 03:53:07,715] {dag.py:1813} INFO - Sync 1 DAGs
[2021-02-10 03:53:07,798] {logging_mixin.py:103} INFO - [2021-02-10 03:53:07,798] {dag.py:2266} INFO - Setting next_dagrun for example_nested_branch_dag to 2021-02-08 00:00:00+00:00
[2021-02-10 03:53:07,827] {scheduler_job.py:189} INFO - Processing /home/airflow/.local/lib/python3.8/site-packages/airflow/example_dags/example_nested_branch_dag.py took 0.160 seconds
[2021-02-10 03:53:10,272] {scheduler_job.py:181} INFO - Started process (PID=147) to work on /home/airflow/.local/lib/python3.8/site-packages/airflow/example_dags/example_nested_branch_dag.py
[2021-02-10 03:53:10,277] {scheduler_job.py:629} INFO - Processing file /home/airflow/.local/lib/python3.8/site-packages/airflow/example_dags/example_nested_branch_dag.py for tasks to queue
[2021-02-10 03:53:10,279] {logging_mixin.py:103} INFO - [2021-02-10 03:53:10,279] {dagbag.py:440} INFO - Filling up the DagBag from /home/airflow/.local/lib/python3.8/site-packages/airflow/example_dags/example_nested_branch_dag.py
[2021-02-10 03:53:10,311] {scheduler_job.py:639} INFO - DAG(s) dict_keys(['example_nested_branch_dag']) retrieved from /home/airflow/.local/lib/python3.8/site-packages/airflow/example_dags/example_nested_branch_dag.py
[2021-02-10 03:53:10,314] {logging_mixin.py:103} INFO - [2021-02-10 03:53:10,314] {dag.py:1813} INFO - Sync 1 DAGs
[2021-02-10 03:53:10,401] {logging_mixin.py:103} INFO - [2021-02-10 03:53:10,401] {dag.py:2266} INFO - Setting next_dagrun for example_nested_branch_dag to 2021-02-08 00:00:00+00:00
[2021-02-10 03:53:10,454] {scheduler_job.py:189} INFO - Processing /home/airflow/.local/lib/python3.8/site-packages/airflow/example_dags/example_nested_branch_dag.py took 0.189 seconds
[2021-02-10 03:53:12,732] {scheduler_job.py:181} INFO - Started process (PID=172) to work on /home/airflow/.local/lib/python3.8/site-packages/airflow/example_dags/example_nested_branch_dag.py
[2021-02-10 03:53:12,736] {scheduler_job.py:629} INFO - Processing file /home/airflow/.local/lib/python3.8/site-packages/airflow/example_dags/example_nested_branch_dag.py for tasks to queue
[2021-02-10 03:53:12,738] {logging_mixin.py:103} INFO - [2021-02-10 03:53:12,738] {dagbag.py:440} INFO - Filling up the DagBag from /home/airflow/.local/lib/python3.8/site-packages/airflow/example_dags/example_nested_branch_dag.py
[2021-02-10 03:53:12,761] {scheduler_job.py:639} INFO - DAG(s) dict_keys(['example_nested_branch_dag']) retrieved from /home/airflow/.local/lib/python3.8/site-packages/airflow/example_dags/example_nested_branch_dag.py
[2021-02-10 03:53:12,765] {logging_mixin.py:103} INFO - [2021-02-10 03:53:12,765] {dag.py:1813} INFO - Sync 1 DAGs
[2021-02-10 03:53:12,878] {logging_mixin.py:103} INFO - [2021-02-10 03:53:12,878] {dag.py:2266} INFO - Setting next_dagrun for example_nested_branch_dag to 2021-02-08 00:00:00+00:00
[2021-02-10 03:53:12,905] {scheduler_job.py:189} INFO - Processing /home/airflow/.local/lib/python3.8/site-packages/airflow/example_dags/example_nested_branch_dag.py took 0.178 seconds
[2021-02-10 03:53:16,174] {scheduler_job.py:181} INFO - Started process (PID=197) to work on /home/airflow/.local/lib/python3.8/site-packages/airflow/example_dags/example_nested_branch_dag.py
[2021-02-10 03:53:16,177] {scheduler_job.py:629} INFO - Processing file /home/airflow/.local/lib/python3.8/site-packages/airflow/example_dags/example_nested_branch_dag.py for tasks to queue
[2021-02-10 03:53:16,182] {logging_mixin.py:103} INFO - [2021-02-10 03:53:16,182] {dagbag.py:440} INFO - Filling up the DagBag from /home/airflow/.local/lib/python3.8/site-packages/airflow/example_dags/example_nested_branch_dag.py
[2021-02-10 03:53:16,233] {scheduler_job.py:639} INFO - DAG(s) dict_keys(['example_nested_branch_dag']) retrieved from /home/airflow/.local/lib/python3.8/site-packages/airflow/example_dags/example_nested_branch_dag.py
[2021-02-10 03:53:16,237] {logging_mixin.py:103} INFO - [2021-02-10 03:53:16,237] {dag.py:1813} INFO - Sync 1 DAGs
[2021-02-10 03:53:16,362] {logging_mixin.py:103} INFO - [2021-02-10 03:53:16,362] {dag.py:2266} INFO - Setting next_dagrun for example_nested_branch_dag to 2021-02-08 00:00:00+00:00
[2021-02-10 03:53:16,395] {scheduler_job.py:189} INFO - Processing /home/airflow/.local/lib/python3.8/site-packages/airflow/example_dags/example_nested_branch_dag.py took 0.228 seconds
[2021-02-10 03:53:19,425] {scheduler_job.py:181} INFO - Started process (PID=222) to work on /home/airflow/.local/lib/python3.8/site-packages/airflow/example_dags/example_nested_branch_dag.py
[2021-02-10 03:53:19,433] {scheduler_job.py:629} INFO - Processing file /home/airflow/.local/lib/python3.8/site-packages/airflow/example_dags/example_nested_branch_dag.py for tasks to queue
[2021-02-10 03:53:19,435] {logging_mixin.py:103} INFO - [2021-02-10 03:53:19,435] {dagbag.py:440} INFO - Filling up the DagBag from /home/airflow/.local/lib/python3.8/site-packages/airflow/example_dags/example_nested_branch_dag.py
[2021-02-10 03:53:19,486] {scheduler_job.py:639} INFO - DAG(s) dict_keys(['example_nested_branch_dag']) retrieved from /home/airflow/.local/lib/python3.8/site-packages/airflow/example_dags/example_nested_branch_dag.py
[2021-02-10 03:53:19,491] {logging_mixin.py:103} INFO - [2021-02-10 03:53:19,491] {dag.py:1813} INFO - Sync 1 DAGs
[2021-02-10 03:53:19,562] {logging_mixin.py:103} INFO - [2021-02-10 03:53:19,562] {dag.py:2266} INFO - Setting next_dagrun for example_nested_branch_dag to 2021-02-08 00:00:00+00:00
[2021-02-10 03:53:19,606] {scheduler_job.py:189} INFO - Processing /home/airflow/.local/lib/python3.8/site-packages/airflow/example_dags/example_nested_branch_dag.py took 0.188 seconds
[2021-02-10 03:53:24,237] {scheduler_job.py:181} INFO - Started process (PID=247) to work on /home/airflow/.local/lib/python3.8/site-packages/airflow/example_dags/example_nested_branch_dag.py
[2021-02-10 03:53:24,246] {scheduler_job.py:629} INFO - Processing file /home/airflow/.local/lib/python3.8/site-packages/airflow/example_dags/example_nested_branch_dag.py for tasks to queue
[2021-02-10 03:53:24,253] {logging_mixin.py:103} INFO - [2021-02-10 03:53:24,253] {dagbag.py:440} INFO - Filling up the DagBag from /home/airflow/.local/lib/python3.8/site-packages/airflow/example_dags/example_nested_branch_dag.py
[2021-02-10 03:53:24,378] {scheduler_job.py:639} INFO - DAG(s) dict_keys(['example_nested_branch_dag']) retrieved from /home/airflow/.local/lib/python3.8/site-packages/airflow/example_dags/example_nested_branch_dag.py
[2021-02-10 03:53:24,428] {logging_mixin.py:103} INFO - [2021-02-10 03:53:24,427] {dag.py:1813} INFO - Sync 1 DAGs
[2021-02-10 03:53:24,670] {logging_mixin.py:103} INFO - [2021-02-10 03:53:24,670] {dag.py:2266} INFO - Setting next_dagrun for example_nested_branch_dag to 2021-02-08 00:00:00+00:00
[2021-02-10 03:53:24,896] {scheduler_job.py:189} INFO - Processing /home/airflow/.local/lib/python3.8/site-packages/airflow/example_dags/example_nested_branch_dag.py took 0.671 seconds
[2021-02-10 03:53:28,209] {scheduler_job.py:181} INFO - Started process (PID=272) to work on /home/airflow/.local/lib/python3.8/site-packages/airflow/example_dags/example_nested_branch_dag.py
[2021-02-10 03:53:28,216] {scheduler_job.py:629} INFO - Processing file /home/airflow/.local/lib/python3.8/site-packages/airflow/example_dags/example_nested_branch_dag.py for tasks to queue
[2021-02-10 03:53:28,221] {logging_mixin.py:103} INFO - [2021-02-10 03:53:28,220] {dagbag.py:440} INFO - Filling up the DagBag from /home/airflow/.local/lib/python3.8/site-packages/airflow/example_dags/example_nested_branch_dag.py
[2021-02-10 03:53:28,278] {scheduler_job.py:639} INFO - DAG(s) dict_keys(['example_nested_branch_dag']) retrieved from /home/airflow/.local/lib/python3.8/site-packages/airflow/example_dags/example_nested_branch_dag.py
[2021-02-10 03:53:28,282] {logging_mixin.py:103} INFO - [2021-02-10 03:53:28,282] {dag.py:1813} INFO - Sync 1 DAGs
[2021-02-10 03:53:28,352] {logging_mixin.py:103} INFO - [2021-02-10 03:53:28,352] {dag.py:2266} INFO - Setting next_dagrun for example_nested_branch_dag to 2021-02-08 00:00:00+00:00
[2021-02-10 03:53:28,419] {scheduler_job.py:189} INFO - Processing /home/airflow/.local/lib/python3.8/site-packages/airflow/example_dags/example_nested_branch_dag.py took 0.216 seconds
[2021-02-10 03:53:31,612] {scheduler_job.py:181} INFO - Started process (PID=297) to work on /home/airflow/.local/lib/python3.8/site-packages/airflow/example_dags/example_nested_branch_dag.py
[2021-02-10 03:53:31,616] {scheduler_job.py:629} INFO - Processing file /home/airflow/.local/lib/python3.8/site-packages/airflow/example_dags/example_nested_branch_dag.py for tasks to queue
[2021-02-10 03:53:31,618] {logging_mixin.py:103} INFO - [2021-02-10 03:53:31,618] {dagbag.py:440} INFO - Filling up the DagBag from /home/airflow/.local/lib/python3.8/site-packages/airflow/example_dags/example_nested_branch_dag.py
[2021-02-10 03:53:31,656] {scheduler_job.py:639} INFO - DAG(s) dict_keys(['example_nested_branch_dag']) retrieved from /home/airflow/.local/lib/python3.8/site-packages/airflow/example_dags/example_nested_branch_dag.py
[2021-02-10 03:53:31,661] {logging_mixin.py:103} INFO - [2021-02-10 03:53:31,660] {dag.py:1813} INFO - Sync 1 DAGs
[2021-02-10 03:53:31,756] {logging_mixin.py:103} INFO - [2021-02-10 03:53:31,756] {dag.py:2266} INFO - Setting next_dagrun for example_nested_branch_dag to 2021-02-08 00:00:00+00:00
[2021-02-10 03:53:31,847] {scheduler_job.py:189} INFO - Processing /home/airflow/.local/lib/python3.8/site-packages/airflow/example_dags/example_nested_branch_dag.py took 0.239 seconds
[2021-02-10 03:53:34,442] {scheduler_job.py:181} INFO - Started process (PID=322) to work on /home/airflow/.local/lib/python3.8/site-packages/airflow/example_dags/example_nested_branch_dag.py
[2021-02-10 03:53:34,447] {scheduler_job.py:629} INFO - Processing file /home/airflow/.local/lib/python3.8/site-packages/airflow/example_dags/example_nested_branch_dag.py for tasks to queue
[2021-02-10 03:53:34,454] {logging_mixin.py:103} INFO - [2021-02-10 03:53:34,454] {dagbag.py:440} INFO - Filling up the DagBag from /home/airflow/.local/lib/python3.8/site-packages/airflow/example_dags/example_nested_branch_dag.py
[2021-02-10 03:53:34,513] {scheduler_job.py:639} INFO - DAG(s) dict_keys(['example_nested_branch_dag']) retrieved from /home/airflow/.local/lib/python3.8/site-packages/airflow/example_dags/example_nested_branch_dag.py
[2021-02-10 03:53:34,515] {logging_mixin.py:103} INFO - [2021-02-10 03:53:34,515] {dag.py:1813} INFO - Sync 1 DAGs
[2021-02-10 03:53:34,600] {logging_mixin.py:103} INFO - [2021-02-10 03:53:34,599] {dag.py:2266} INFO - Setting next_dagrun for example_nested_branch_dag to 2021-02-08 00:00:00+00:00
[2021-02-10 03:53:34,726] {scheduler_job.py:189} INFO - Processing /home/airflow/.local/lib/python3.8/site-packages/airflow/example_dags/example_nested_branch_dag.py took 0.301 seconds
[2021-02-10 03:53:37,032] {scheduler_job.py:181} INFO - Started process (PID=348) to work on /home/airflow/.local/lib/python3.8/site-packages/airflow/example_dags/example_nested_branch_dag.py
[2021-02-10 03:53:37,035] {scheduler_job.py:629} INFO - Processing file /home/airflow/.local/lib/python3.8/site-packages/airflow/example_dags/example_nested_branch_dag.py for tasks to queue
[2021-02-10 03:53:37,036] {logging_mixin.py:103} INFO - [2021-02-10 03:53:37,036] {dagbag.py:440} INFO - Filling up the DagBag from /home/airflow/.local/lib/python3.8/site-packages/airflow/example_dags/example_nested_branch_dag.py
[2021-02-10 03:53:37,062] {scheduler_job.py:639} INFO - DAG(s) dict_keys(['example_nested_branch_dag']) retrieved from /home/airflow/.local/lib/python3.8/site-packages/airflow/example_dags/example_nested_branch_dag.py
[2021-02-10 03:53:37,067] {logging_mixin.py:103} INFO - [2021-02-10 03:53:37,066] {dag.py:1813} INFO - Sync 1 DAGs
[2021-02-10 03:53:37,147] {logging_mixin.py:103} INFO - [2021-02-10 03:53:37,146] {dag.py:2266} INFO - Setting next_dagrun for example_nested_branch_dag to 2021-02-08 00:00:00+00:00
[2021-02-10 03:53:37,182] {scheduler_job.py:189} INFO - Processing /home/airflow/.local/lib/python3.8/site-packages/airflow/example_dags/example_nested_branch_dag.py took 0.156 seconds
[2021-02-10 03:53:38,640] {scheduler_job.py:181} INFO - Started process (PID=373) to work on /home/airflow/.local/lib/python3.8/site-packages/airflow/example_dags/example_nested_branch_dag.py
[2021-02-10 03:53:38,643] {scheduler_job.py:629} INFO - Processing file /home/airflow/.local/lib/python3.8/site-packages/airflow/example_dags/example_nested_branch_dag.py for tasks to queue
[2021-02-10 03:53:38,645] {logging_mixin.py:103} INFO - [2021-02-10 03:53:38,644] {dagbag.py:440} INFO - Filling up the DagBag from /home/airflow/.local/lib/python3.8/site-packages/airflow/example_dags/example_nested_branch_dag.py
[2021-02-10 03:53:38,662] {scheduler_job.py:639} INFO - DAG(s) dict_keys(['example_nested_branch_dag']) retrieved from /home/airflow/.local/lib/python3.8/site-packages/airflow/example_dags/example_nested_branch_dag.py
[2021-02-10 03:53:38,664] {logging_mixin.py:103} INFO - [2021-02-10 03:53:38,664] {dag.py:1813} INFO - Sync 1 DAGs
[2021-02-10 03:53:38,714] {logging_mixin.py:103} INFO - [2021-02-10 03:53:38,714] {dag.py:2266} INFO - Setting next_dagrun for example_nested_branch_dag to 2021-02-08 00:00:00+00:00
[2021-02-10 03:53:38,738] {scheduler_job.py:189} INFO - Processing /home/airflow/.local/lib/python3.8/site-packages/airflow/example_dags/example_nested_branch_dag.py took 0.103 seconds
[2021-02-10 03:53:40,314] {scheduler_job.py:181} INFO - Started process (PID=398) to work on /home/airflow/.local/lib/python3.8/site-packages/airflow/example_dags/example_nested_branch_dag.py
[2021-02-10 03:53:40,316] {scheduler_job.py:629} INFO - Processing file /home/airflow/.local/lib/python3.8/site-packages/airflow/example_dags/example_nested_branch_dag.py for tasks to queue
[2021-02-10 03:53:40,318] {logging_mixin.py:103} INFO - [2021-02-10 03:53:40,318] {dagbag.py:440} INFO - Filling up the DagBag from /home/airflow/.local/lib/python3.8/site-packages/airflow/example_dags/example_nested_branch_dag.py
[2021-02-10 03:53:40,336] {scheduler_job.py:639} INFO - DAG(s) dict_keys(['example_nested_branch_dag']) retrieved from /home/airflow/.local/lib/python3.8/site-packages/airflow/example_dags/example_nested_branch_dag.py
[2021-02-10 03:53:40,338] {logging_mixin.py:103} INFO - [2021-02-10 03:53:40,338] {dag.py:1813} INFO - Sync 1 DAGs
[2021-02-10 03:53:40,378] {logging_mixin.py:103} INFO - [2021-02-10 03:53:40,377] {dag.py:2266} INFO - Setting next_dagrun for example_nested_branch_dag to 2021-02-08 00:00:00+00:00
[2021-02-10 03:53:40,404] {scheduler_job.py:189} INFO - Processing /home/airflow/.local/lib/python3.8/site-packages/airflow/example_dags/example_nested_branch_dag.py took 0.095 seconds
[2021-02-10 03:53:41,963] {scheduler_job.py:181} INFO - Started process (PID=424) to work on /home/airflow/.local/lib/python3.8/site-packages/airflow/example_dags/example_nested_branch_dag.py
[2021-02-10 03:53:41,966] {scheduler_job.py:629} INFO - Processing file /home/airflow/.local/lib/python3.8/site-packages/airflow/example_dags/example_nested_branch_dag.py for tasks to queue
[2021-02-10 03:53:41,967] {logging_mixin.py:103} INFO - [2021-02-10 03:53:41,967] {dagbag.py:440} INFO - Filling up the DagBag from /home/airflow/.local/lib/python3.8/site-packages/airflow/example_dags/example_nested_branch_dag.py
[2021-02-10 03:53:41,984] {scheduler_job.py:639} INFO - DAG(s) dict_keys(['example_nested_branch_dag']) retrieved from /home/airflow/.local/lib/python3.8/site-packages/airflow/example_dags/example_nested_branch_dag.py
[2021-02-10 03:53:41,987] {logging_mixin.py:103} INFO - [2021-02-10 03:53:41,987] {dag.py:1813} INFO - Sync 1 DAGs
[2021-02-10 03:53:42,032] {logging_mixin.py:103} INFO - [2021-02-10 03:53:42,032] {dag.py:2266} INFO - Setting next_dagrun for example_nested_branch_dag to 2021-02-08 00:00:00+00:00
[2021-02-10 03:53:42,058] {scheduler_job.py:189} INFO - Processing /home/airflow/.local/lib/python3.8/site-packages/airflow/example_dags/example_nested_branch_dag.py took 0.099 seconds
[2021-02-10 03:53:43,784] {scheduler_job.py:181} INFO - Started process (PID=449) to work on /home/airflow/.local/lib/python3.8/site-packages/airflow/example_dags/example_nested_branch_dag.py
[2021-02-10 03:53:43,787] {scheduler_job.py:629} INFO - Processing file /home/airflow/.local/lib/python3.8/site-packages/airflow/example_dags/example_nested_branch_dag.py for tasks to queue
[2021-02-10 03:53:43,789] {logging_mixin.py:103} INFO - [2021-02-10 03:53:43,789] {dagbag.py:440} INFO - Filling up the DagBag from /home/airflow/.local/lib/python3.8/site-packages/airflow/example_dags/example_nested_branch_dag.py
[2021-02-10 03:53:43,823] {scheduler_job.py:639} INFO - DAG(s) dict_keys(['example_nested_branch_dag']) retrieved from /home/airflow/.local/lib/python3.8/site-packages/airflow/example_dags/example_nested_branch_dag.py
[2021-02-10 03:53:43,827] {logging_mixin.py:103} INFO - [2021-02-10 03:53:43,827] {dag.py:1813} INFO - Sync 1 DAGs
[2021-02-10 03:53:43,894] {logging_mixin.py:103} INFO - [2021-02-10 03:53:43,894] {dag.py:2266} INFO - Setting next_dagrun for example_nested_branch_dag to 2021-02-08 00:00:00+00:00
[2021-02-10 03:53:43,928] {scheduler_job.py:189} INFO - Processing /home/airflow/.local/lib/python3.8/site-packages/airflow/example_dags/example_nested_branch_dag.py took 0.151 seconds
[2021-02-10 03:53:45,695] {scheduler_job.py:181} INFO - Started process (PID=474) to work on /home/airflow/.local/lib/python3.8/site-packages/airflow/example_dags/example_nested_branch_dag.py
[2021-02-10 03:53:45,699] {scheduler_job.py:629} INFO - Processing file /home/airflow/.local/lib/python3.8/site-packages/airflow/example_dags/example_nested_branch_dag.py for tasks to queue
[2021-02-10 03:53:45,701] {logging_mixin.py:103} INFO - [2021-02-10 03:53:45,701] {dagbag.py:440} INFO - Filling up the DagBag from /home/airflow/.local/lib/python3.8/site-packages/airflow/example_dags/example_nested_branch_dag.py
[2021-02-10 03:53:45,716] {scheduler_job.py:639} INFO - DAG(s) dict_keys(['example_nested_branch_dag']) retrieved from /home/airflow/.local/lib/python3.8/site-packages/airflow/example_dags/example_nested_branch_dag.py
[2021-02-10 03:53:45,718] {logging_mixin.py:103} INFO - [2021-02-10 03:53:45,718] {dag.py:1813} INFO - Sync 1 DAGs
[2021-02-10 03:53:45,769] {logging_mixin.py:103} INFO - [2021-02-10 03:53:45,768] {dag.py:2266} INFO - Setting next_dagrun for example_nested_branch_dag to 2021-02-08 00:00:00+00:00
[2021-02-10 03:53:45,794] {scheduler_job.py:189} INFO - Processing /home/airflow/.local/lib/python3.8/site-packages/airflow/example_dags/example_nested_branch_dag.py took 0.107 seconds
[2021-02-10 03:53:47,490] {scheduler_job.py:181} INFO - Started process (PID=499) to work on /home/airflow/.local/lib/python3.8/site-packages/airflow/example_dags/example_nested_branch_dag.py
[2021-02-10 03:53:47,493] {scheduler_job.py:629} INFO - Processing file /home/airflow/.local/lib/python3.8/site-packages/airflow/example_dags/example_nested_branch_dag.py for tasks to queue
[2021-02-10 03:53:47,495] {logging_mixin.py:103} INFO - [2021-02-10 03:53:47,495] {dagbag.py:440} INFO - Filling up the DagBag from /home/airflow/.local/lib/python3.8/site-packages/airflow/example_dags/example_nested_branch_dag.py
[2021-02-10 03:53:47,514] {scheduler_job.py:639} INFO - DAG(s) dict_keys(['example_nested_branch_dag']) retrieved from /home/airflow/.local/lib/python3.8/site-packages/airflow/example_dags/example_nested_branch_dag.py
[2021-02-10 03:53:47,516] {logging_mixin.py:103} INFO - [2021-02-10 03:53:47,516] {dag.py:1813} INFO - Sync 1 DAGs
[2021-02-10 03:53:47,554] {logging_mixin.py:103} INFO - [2021-02-10 03:53:47,554] {dag.py:2266} INFO - Setting next_dagrun for example_nested_branch_dag to 2021-02-08 00:00:00+00:00
[2021-02-10 03:53:47,580] {scheduler_job.py:189} INFO - Processing /home/airflow/.local/lib/python3.8/site-packages/airflow/example_dags/example_nested_branch_dag.py took 0.095 seconds
[2021-02-10 03:53:48,919] {scheduler_job.py:181} INFO - Started process (PID=524) to work on /home/airflow/.local/lib/python3.8/site-packages/airflow/example_dags/example_nested_branch_dag.py
[2021-02-10 03:53:48,921] {scheduler_job.py:629} INFO - Processing file /home/airflow/.local/lib/python3.8/site-packages/airflow/example_dags/example_nested_branch_dag.py for tasks to queue
[2021-02-10 03:53:48,923] {logging_mixin.py:103} INFO - [2021-02-10 03:53:48,923] {dagbag.py:440} INFO - Filling up the DagBag from /home/airflow/.local/lib/python3.8/site-packages/airflow/example_dags/example_nested_branch_dag.py
[2021-02-10 03:53:48,940] {scheduler_job.py:639} INFO - DAG(s) dict_keys(['example_nested_branch_dag']) retrieved from /home/airflow/.local/lib/python3.8/site-packages/airflow/example_dags/example_nested_branch_dag.py
[2021-02-10 03:53:48,942] {logging_mixin.py:103} INFO - [2021-02-10 03:53:48,942] {dag.py:1813} INFO - Sync 1 DAGs
[2021-02-10 03:53:48,981] {logging_mixin.py:103} INFO - [2021-02-10 03:53:48,981] {dag.py:2266} INFO - Setting next_dagrun for example_nested_branch_dag to 2021-02-08 00:00:00+00:00
[2021-02-10 03:53:49,004] {scheduler_job.py:189} INFO - Processing /home/airflow/.local/lib/python3.8/site-packages/airflow/example_dags/example_nested_branch_dag.py took 0.090 seconds
[2021-02-10 03:53:50,493] {scheduler_job.py:181} INFO - Started process (PID=549) to work on /home/airflow/.local/lib/python3.8/site-packages/airflow/example_dags/example_nested_branch_dag.py
[2021-02-10 03:53:50,496] {scheduler_job.py:629} INFO - Processing file /home/airflow/.local/lib/python3.8/site-packages/airflow/example_dags/example_nested_branch_dag.py for tasks to queue
[2021-02-10 03:53:50,499] {logging_mixin.py:103} INFO - [2021-02-10 03:53:50,498] {dagbag.py:440} INFO - Filling up the DagBag from /home/airflow/.local/lib/python3.8/site-packages/airflow/example_dags/example_nested_branch_dag.py
[2021-02-10 03:53:50,518] {scheduler_job.py:639} INFO - DAG(s) dict_keys(['example_nested_branch_dag']) retrieved from /home/airflow/.local/lib/python3.8/site-packages/airflow/example_dags/example_nested_branch_dag.py
[2021-02-10 03:53:50,521] {logging_mixin.py:103} INFO - [2021-02-10 03:53:50,521] {dag.py:1813} INFO - Sync 1 DAGs
[2021-02-10 03:53:50,568] {logging_mixin.py:103} INFO - [2021-02-10 03:53:50,568] {dag.py:2266} INFO - Setting next_dagrun for example_nested_branch_dag to 2021-02-08 00:00:00+00:00
[2021-02-10 03:53:50,589] {scheduler_job.py:189} INFO - Processing /home/airflow/.local/lib/python3.8/site-packages/airflow/example_dags/example_nested_branch_dag.py took 0.102 seconds
[2021-02-10 03:53:54,733] {scheduler_job.py:181} INFO - Started process (PID=575) to work on /home/airflow/.local/lib/python3.8/site-packages/airflow/example_dags/example_nested_branch_dag.py
[2021-02-10 03:53:54,735] {scheduler_job.py:629} INFO - Processing file /home/airflow/.local/lib/python3.8/site-packages/airflow/example_dags/example_nested_branch_dag.py for tasks to queue
[2021-02-10 03:53:54,737] {logging_mixin.py:103} INFO - [2021-02-10 03:53:54,737] {dagbag.py:440} INFO - Filling up the DagBag from /home/airflow/.local/lib/python3.8/site-packages/airflow/example_dags/example_nested_branch_dag.py
[2021-02-10 03:53:54,762] {scheduler_job.py:639} INFO - DAG(s) dict_keys(['example_nested_branch_dag']) retrieved from /home/airflow/.local/lib/python3.8/site-packages/airflow/example_dags/example_nested_branch_dag.py
[2021-02-10 03:53:54,767] {logging_mixin.py:103} INFO - [2021-02-10 03:53:54,766] {dag.py:1813} INFO - Sync 1 DAGs
[2021-02-10 03:53:54,817] {logging_mixin.py:103} INFO - [2021-02-10 03:53:54,817] {dag.py:2266} INFO - Setting next_dagrun for example_nested_branch_dag to 2021-02-08 00:00:00+00:00
[2021-02-10 03:53:54,838] {scheduler_job.py:189} INFO - Processing /home/airflow/.local/lib/python3.8/site-packages/airflow/example_dags/example_nested_branch_dag.py took 0.110 seconds
[2021-02-10 04:08:10,554] {scheduler_job.py:181} INFO - Started process (PID=600) to work on /home/airflow/.local/lib/python3.8/site-packages/airflow/example_dags/example_nested_branch_dag.py
[2021-02-10 04:08:10,563] {scheduler_job.py:629} INFO - Processing file /home/airflow/.local/lib/python3.8/site-packages/airflow/example_dags/example_nested_branch_dag.py for tasks to queue
[2021-02-10 04:08:10,577] {logging_mixin.py:103} INFO - [2021-02-10 04:08:10,577] {dagbag.py:440} INFO - Filling up the DagBag from /home/airflow/.local/lib/python3.8/site-packages/airflow/example_dags/example_nested_branch_dag.py
[2021-02-10 04:08:10,648] {scheduler_job.py:639} INFO - DAG(s) dict_keys(['example_nested_branch_dag']) retrieved from /home/airflow/.local/lib/python3.8/site-packages/airflow/example_dags/example_nested_branch_dag.py
[2021-02-10 04:08:10,651] {logging_mixin.py:103} INFO - [2021-02-10 04:08:10,651] {dag.py:1813} INFO - Sync 1 DAGs
[2021-02-10 04:08:10,790] {logging_mixin.py:103} INFO - [2021-02-10 04:08:10,790] {dag.py:2266} INFO - Setting next_dagrun for example_nested_branch_dag to 2021-02-08 00:00:00+00:00
[2021-02-10 04:08:10,852] {scheduler_job.py:189} INFO - Processing /home/airflow/.local/lib/python3.8/site-packages/airflow/example_dags/example_nested_branch_dag.py took 0.303 seconds
[2021-02-10 04:08:13,969] {scheduler_job.py:181} INFO - Started process (PID=625) to work on /home/airflow/.local/lib/python3.8/site-packages/airflow/example_dags/example_nested_branch_dag.py
[2021-02-10 04:08:13,985] {scheduler_job.py:629} INFO - Processing file /home/airflow/.local/lib/python3.8/site-packages/airflow/example_dags/example_nested_branch_dag.py for tasks to queue
[2021-02-10 04:08:13,989] {logging_mixin.py:103} INFO - [2021-02-10 04:08:13,988] {dagbag.py:440} INFO - Filling up the DagBag from /home/airflow/.local/lib/python3.8/site-packages/airflow/example_dags/example_nested_branch_dag.py
[2021-02-10 04:08:14,053] {scheduler_job.py:639} INFO - DAG(s) dict_keys(['example_nested_branch_dag']) retrieved from /home/airflow/.local/lib/python3.8/site-packages/airflow/example_dags/example_nested_branch_dag.py
[2021-02-10 04:08:14,055] {logging_mixin.py:103} INFO - [2021-02-10 04:08:14,055] {dag.py:1813} INFO - Sync 1 DAGs
[2021-02-10 04:08:14,107] {logging_mixin.py:103} INFO - [2021-02-10 04:08:14,107] {dag.py:2266} INFO - Setting next_dagrun for example_nested_branch_dag to 2021-02-08 00:00:00+00:00
[2021-02-10 04:08:14,144] {scheduler_job.py:189} INFO - Processing /home/airflow/.local/lib/python3.8/site-packages/airflow/example_dags/example_nested_branch_dag.py took 0.181 seconds
[2021-02-10 04:08:17,510] {scheduler_job.py:181} INFO - Started process (PID=650) to work on /home/airflow/.local/lib/python3.8/site-packages/airflow/example_dags/example_nested_branch_dag.py
[2021-02-10 04:08:17,518] {scheduler_job.py:629} INFO - Processing file /home/airflow/.local/lib/python3.8/site-packages/airflow/example_dags/example_nested_branch_dag.py for tasks to queue
[2021-02-10 04:08:17,535] {logging_mixin.py:103} INFO - [2021-02-10 04:08:17,535] {dagbag.py:440} INFO - Filling up the DagBag from /home/airflow/.local/lib/python3.8/site-packages/airflow/example_dags/example_nested_branch_dag.py
[2021-02-10 04:08:17,627] {scheduler_job.py:639} INFO - DAG(s) dict_keys(['example_nested_branch_dag']) retrieved from /home/airflow/.local/lib/python3.8/site-packages/airflow/example_dags/example_nested_branch_dag.py
[2021-02-10 04:08:17,630] {logging_mixin.py:103} INFO - [2021-02-10 04:08:17,630] {dag.py:1813} INFO - Sync 1 DAGs
[2021-02-10 04:08:17,725] {logging_mixin.py:103} INFO - [2021-02-10 04:08:17,723] {dag.py:2266} INFO - Setting next_dagrun for example_nested_branch_dag to 2021-02-08 00:00:00+00:00
[2021-02-10 04:08:17,762] {scheduler_job.py:189} INFO - Processing /home/airflow/.local/lib/python3.8/site-packages/airflow/example_dags/example_nested_branch_dag.py took 0.258 seconds
[2021-02-10 04:08:20,138] {scheduler_job.py:181} INFO - Started process (PID=675) to work on /home/airflow/.local/lib/python3.8/site-packages/airflow/example_dags/example_nested_branch_dag.py
[2021-02-10 04:08:20,147] {scheduler_job.py:629} INFO - Processing file /home/airflow/.local/lib/python3.8/site-packages/airflow/example_dags/example_nested_branch_dag.py for tasks to queue
[2021-02-10 04:08:20,151] {logging_mixin.py:103} INFO - [2021-02-10 04:08:20,150] {dagbag.py:440} INFO - Filling up the DagBag from /home/airflow/.local/lib/python3.8/site-packages/airflow/example_dags/example_nested_branch_dag.py
[2021-02-10 04:08:20,206] {scheduler_job.py:639} INFO - DAG(s) dict_keys(['example_nested_branch_dag']) retrieved from /home/airflow/.local/lib/python3.8/site-packages/airflow/example_dags/example_nested_branch_dag.py
[2021-02-10 04:08:20,213] {logging_mixin.py:103} INFO - [2021-02-10 04:08:20,212] {dag.py:1813} INFO - Sync 1 DAGs
[2021-02-10 04:08:20,316] {logging_mixin.py:103} INFO - [2021-02-10 04:08:20,316] {dag.py:2266} INFO - Setting next_dagrun for example_nested_branch_dag to 2021-02-08 00:00:00+00:00
[2021-02-10 04:08:20,363] {scheduler_job.py:189} INFO - Processing /home/airflow/.local/lib/python3.8/site-packages/airflow/example_dags/example_nested_branch_dag.py took 0.234 seconds
[2021-02-10 04:08:22,992] {scheduler_job.py:181} INFO - Started process (PID=700) to work on /home/airflow/.local/lib/python3.8/site-packages/airflow/example_dags/example_nested_branch_dag.py
[2021-02-10 04:08:22,996] {scheduler_job.py:629} INFO - Processing file /home/airflow/.local/lib/python3.8/site-packages/airflow/example_dags/example_nested_branch_dag.py for tasks to queue
[2021-02-10 04:08:22,998] {logging_mixin.py:103} INFO - [2021-02-10 04:08:22,998] {dagbag.py:440} INFO - Filling up the DagBag from /home/airflow/.local/lib/python3.8/site-packages/airflow/example_dags/example_nested_branch_dag.py
[2021-02-10 04:08:23,022] {scheduler_job.py:639} INFO - DAG(s) dict_keys(['example_nested_branch_dag']) retrieved from /home/airflow/.local/lib/python3.8/site-packages/airflow/example_dags/example_nested_branch_dag.py
[2021-02-10 04:08:23,025] {logging_mixin.py:103} INFO - [2021-02-10 04:08:23,025] {dag.py:1813} INFO - Sync 1 DAGs
[2021-02-10 04:08:23,083] {logging_mixin.py:103} INFO - [2021-02-10 04:08:23,083] {dag.py:2266} INFO - Setting next_dagrun for example_nested_branch_dag to 2021-02-08 00:00:00+00:00
[2021-02-10 04:08:23,136] {scheduler_job.py:189} INFO - Processing /home/airflow/.local/lib/python3.8/site-packages/airflow/example_dags/example_nested_branch_dag.py took 0.150 seconds
[2021-02-10 04:08:25,813] {scheduler_job.py:181} INFO - Started process (PID=725) to work on /home/airflow/.local/lib/python3.8/site-packages/airflow/example_dags/example_nested_branch_dag.py
[2021-02-10 04:08:25,823] {scheduler_job.py:629} INFO - Processing file /home/airflow/.local/lib/python3.8/site-packages/airflow/example_dags/example_nested_branch_dag.py for tasks to queue
[2021-02-10 04:08:25,830] {logging_mixin.py:103} INFO - [2021-02-10 04:08:25,830] {dagbag.py:440} INFO - Filling up the DagBag from /home/airflow/.local/lib/python3.8/site-packages/airflow/example_dags/example_nested_branch_dag.py
[2021-02-10 04:08:25,899] {scheduler_job.py:639} INFO - DAG(s) dict_keys(['example_nested_branch_dag']) retrieved from /home/airflow/.local/lib/python3.8/site-packages/airflow/example_dags/example_nested_branch_dag.py
[2021-02-10 04:08:25,910] {logging_mixin.py:103} INFO - [2021-02-10 04:08:25,909] {dag.py:1813} INFO - Sync 1 DAGs
[2021-02-10 04:08:26,108] {logging_mixin.py:103} INFO - [2021-02-10 04:08:26,108] {dag.py:2266} INFO - Setting next_dagrun for example_nested_branch_dag to 2021-02-08 00:00:00+00:00
[2021-02-10 04:08:26,198] {scheduler_job.py:189} INFO - Processing /home/airflow/.local/lib/python3.8/site-packages/airflow/example_dags/example_nested_branch_dag.py took 0.394 seconds
[2021-02-10 04:08:29,184] {scheduler_job.py:181} INFO - Started process (PID=750) to work on /home/airflow/.local/lib/python3.8/site-packages/airflow/example_dags/example_nested_branch_dag.py
[2021-02-10 04:08:29,188] {scheduler_job.py:629} INFO - Processing file /home/airflow/.local/lib/python3.8/site-packages/airflow/example_dags/example_nested_branch_dag.py for tasks to queue
[2021-02-10 04:08:29,190] {logging_mixin.py:103} INFO - [2021-02-10 04:08:29,190] {dagbag.py:440} INFO - Filling up the DagBag from /home/airflow/.local/lib/python3.8/site-packages/airflow/example_dags/example_nested_branch_dag.py
[2021-02-10 04:08:29,219] {scheduler_job.py:639} INFO - DAG(s) dict_keys(['example_nested_branch_dag']) retrieved from /home/airflow/.local/lib/python3.8/site-packages/airflow/example_dags/example_nested_branch_dag.py
[2021-02-10 04:08:29,221] {logging_mixin.py:103} INFO - [2021-02-10 04:08:29,221] {dag.py:1813} INFO - Sync 1 DAGs
[2021-02-10 04:08:29,283] {logging_mixin.py:103} INFO - [2021-02-10 04:08:29,283] {dag.py:2266} INFO - Setting next_dagrun for example_nested_branch_dag to 2021-02-08 00:00:00+00:00
[2021-02-10 04:08:29,316] {scheduler_job.py:189} INFO - Processing /home/airflow/.local/lib/python3.8/site-packages/airflow/example_dags/example_nested_branch_dag.py took 0.139 seconds
[2021-02-10 04:08:31,340] {scheduler_job.py:181} INFO - Started process (PID=775) to work on /home/airflow/.local/lib/python3.8/site-packages/airflow/example_dags/example_nested_branch_dag.py
[2021-02-10 04:08:31,344] {scheduler_job.py:629} INFO - Processing file /home/airflow/.local/lib/python3.8/site-packages/airflow/example_dags/example_nested_branch_dag.py for tasks to queue
[2021-02-10 04:08:31,350] {logging_mixin.py:103} INFO - [2021-02-10 04:08:31,350] {dagbag.py:440} INFO - Filling up the DagBag from /home/airflow/.local/lib/python3.8/site-packages/airflow/example_dags/example_nested_branch_dag.py
[2021-02-10 04:08:31,406] {scheduler_job.py:639} INFO - DAG(s) dict_keys(['example_nested_branch_dag']) retrieved from /home/airflow/.local/lib/python3.8/site-packages/airflow/example_dags/example_nested_branch_dag.py
[2021-02-10 04:08:31,409] {logging_mixin.py:103} INFO - [2021-02-10 04:08:31,409] {dag.py:1813} INFO - Sync 1 DAGs
[2021-02-10 04:08:31,518] {logging_mixin.py:103} INFO - [2021-02-10 04:08:31,518] {dag.py:2266} INFO - Setting next_dagrun for example_nested_branch_dag to 2021-02-08 00:00:00+00:00
[2021-02-10 04:08:31,558] {scheduler_job.py:189} INFO - Processing /home/airflow/.local/lib/python3.8/site-packages/airflow/example_dags/example_nested_branch_dag.py took 0.226 seconds
[2021-02-10 04:08:33,662] {scheduler_job.py:181} INFO - Started process (PID=800) to work on /home/airflow/.local/lib/python3.8/site-packages/airflow/example_dags/example_nested_branch_dag.py
[2021-02-10 04:08:33,665] {scheduler_job.py:629} INFO - Processing file /home/airflow/.local/lib/python3.8/site-packages/airflow/example_dags/example_nested_branch_dag.py for tasks to queue
[2021-02-10 04:08:33,669] {logging_mixin.py:103} INFO - [2021-02-10 04:08:33,668] {dagbag.py:440} INFO - Filling up the DagBag from /home/airflow/.local/lib/python3.8/site-packages/airflow/example_dags/example_nested_branch_dag.py
[2021-02-10 04:08:33,699] {scheduler_job.py:639} INFO - DAG(s) dict_keys(['example_nested_branch_dag']) retrieved from /home/airflow/.local/lib/python3.8/site-packages/airflow/example_dags/example_nested_branch_dag.py
[2021-02-10 04:08:33,702] {logging_mixin.py:103} INFO - [2021-02-10 04:08:33,702] {dag.py:1813} INFO - Sync 1 DAGs
[2021-02-10 04:08:33,772] {logging_mixin.py:103} INFO - [2021-02-10 04:08:33,772] {dag.py:2266} INFO - Setting next_dagrun for example_nested_branch_dag to 2021-02-08 00:00:00+00:00
[2021-02-10 04:08:33,810] {scheduler_job.py:189} INFO - Processing /home/airflow/.local/lib/python3.8/site-packages/airflow/example_dags/example_nested_branch_dag.py took 0.155 seconds
[2021-02-10 04:08:35,898] {scheduler_job.py:181} INFO - Started process (PID=825) to work on /home/airflow/.local/lib/python3.8/site-packages/airflow/example_dags/example_nested_branch_dag.py
[2021-02-10 04:08:35,901] {scheduler_job.py:629} INFO - Processing file /home/airflow/.local/lib/python3.8/site-packages/airflow/example_dags/example_nested_branch_dag.py for tasks to queue
[2021-02-10 04:08:35,903] {logging_mixin.py:103} INFO - [2021-02-10 04:08:35,903] {dagbag.py:440} INFO - Filling up the DagBag from /home/airflow/.local/lib/python3.8/site-packages/airflow/example_dags/example_nested_branch_dag.py
[2021-02-10 04:08:35,922] {scheduler_job.py:639} INFO - DAG(s) dict_keys(['example_nested_branch_dag']) retrieved from /home/airflow/.local/lib/python3.8/site-packages/airflow/example_dags/example_nested_branch_dag.py
[2021-02-10 04:08:35,925] {logging_mixin.py:103} INFO - [2021-02-10 04:08:35,924] {dag.py:1813} INFO - Sync 1 DAGs
[2021-02-10 04:08:35,983] {logging_mixin.py:103} INFO - [2021-02-10 04:08:35,982] {dag.py:2266} INFO - Setting next_dagrun for example_nested_branch_dag to 2021-02-08 00:00:00+00:00
[2021-02-10 04:08:36,009] {scheduler_job.py:189} INFO - Processing /home/airflow/.local/lib/python3.8/site-packages/airflow/example_dags/example_nested_branch_dag.py took 0.118 seconds
[2021-02-10 04:08:38,612] {scheduler_job.py:181} INFO - Started process (PID=850) to work on /home/airflow/.local/lib/python3.8/site-packages/airflow/example_dags/example_nested_branch_dag.py
[2021-02-10 04:08:38,617] {scheduler_job.py:629} INFO - Processing file /home/airflow/.local/lib/python3.8/site-packages/airflow/example_dags/example_nested_branch_dag.py for tasks to queue
[2021-02-10 04:08:38,620] {logging_mixin.py:103} INFO - [2021-02-10 04:08:38,620] {dagbag.py:440} INFO - Filling up the DagBag from /home/airflow/.local/lib/python3.8/site-packages/airflow/example_dags/example_nested_branch_dag.py
[2021-02-10 04:08:38,653] {scheduler_job.py:639} INFO - DAG(s) dict_keys(['example_nested_branch_dag']) retrieved from /home/airflow/.local/lib/python3.8/site-packages/airflow/example_dags/example_nested_branch_dag.py
[2021-02-10 04:08:38,657] {logging_mixin.py:103} INFO - [2021-02-10 04:08:38,656] {dag.py:1813} INFO - Sync 1 DAGs
[2021-02-10 04:08:38,721] {logging_mixin.py:103} INFO - [2021-02-10 04:08:38,721] {dag.py:2266} INFO - Setting next_dagrun for example_nested_branch_dag to 2021-02-08 00:00:00+00:00
[2021-02-10 04:08:38,746] {scheduler_job.py:189} INFO - Processing /home/airflow/.local/lib/python3.8/site-packages/airflow/example_dags/example_nested_branch_dag.py took 0.142 seconds
[2021-02-10 04:08:40,490] {scheduler_job.py:181} INFO - Started process (PID=876) to work on /home/airflow/.local/lib/python3.8/site-packages/airflow/example_dags/example_nested_branch_dag.py
[2021-02-10 04:08:40,492] {scheduler_job.py:629} INFO - Processing file /home/airflow/.local/lib/python3.8/site-packages/airflow/example_dags/example_nested_branch_dag.py for tasks to queue
[2021-02-10 04:08:40,494] {logging_mixin.py:103} INFO - [2021-02-10 04:08:40,493] {dagbag.py:440} INFO - Filling up the DagBag from /home/airflow/.local/lib/python3.8/site-packages/airflow/example_dags/example_nested_branch_dag.py
[2021-02-10 04:08:40,510] {scheduler_job.py:639} INFO - DAG(s) dict_keys(['example_nested_branch_dag']) retrieved from /home/airflow/.local/lib/python3.8/site-packages/airflow/example_dags/example_nested_branch_dag.py
[2021-02-10 04:08:40,512] {logging_mixin.py:103} INFO - [2021-02-10 04:08:40,512] {dag.py:1813} INFO - Sync 1 DAGs
[2021-02-10 04:08:40,554] {logging_mixin.py:103} INFO - [2021-02-10 04:08:40,554] {dag.py:2266} INFO - Setting next_dagrun for example_nested_branch_dag to 2021-02-08 00:00:00+00:00
[2021-02-10 04:08:40,582] {scheduler_job.py:189} INFO - Processing /home/airflow/.local/lib/python3.8/site-packages/airflow/example_dags/example_nested_branch_dag.py took 0.097 seconds
[2021-02-10 04:08:42,301] {scheduler_job.py:181} INFO - Started process (PID=902) to work on /home/airflow/.local/lib/python3.8/site-packages/airflow/example_dags/example_nested_branch_dag.py
[2021-02-10 04:08:42,303] {scheduler_job.py:629} INFO - Processing file /home/airflow/.local/lib/python3.8/site-packages/airflow/example_dags/example_nested_branch_dag.py for tasks to queue
[2021-02-10 04:08:42,305] {logging_mixin.py:103} INFO - [2021-02-10 04:08:42,305] {dagbag.py:440} INFO - Filling up the DagBag from /home/airflow/.local/lib/python3.8/site-packages/airflow/example_dags/example_nested_branch_dag.py
[2021-02-10 04:08:42,329] {scheduler_job.py:639} INFO - DAG(s) dict_keys(['example_nested_branch_dag']) retrieved from /home/airflow/.local/lib/python3.8/site-packages/airflow/example_dags/example_nested_branch_dag.py
[2021-02-10 04:08:42,331] {logging_mixin.py:103} INFO - [2021-02-10 04:08:42,331] {dag.py:1813} INFO - Sync 1 DAGs
[2021-02-10 04:08:42,380] {logging_mixin.py:103} INFO - [2021-02-10 04:08:42,379] {dag.py:2266} INFO - Setting next_dagrun for example_nested_branch_dag to 2021-02-08 00:00:00+00:00
[2021-02-10 04:08:42,402] {scheduler_job.py:189} INFO - Processing /home/airflow/.local/lib/python3.8/site-packages/airflow/example_dags/example_nested_branch_dag.py took 0.105 seconds
[2021-02-10 04:08:43,742] {scheduler_job.py:181} INFO - Started process (PID=927) to work on /home/airflow/.local/lib/python3.8/site-packages/airflow/example_dags/example_nested_branch_dag.py
[2021-02-10 04:08:43,745] {scheduler_job.py:629} INFO - Processing file /home/airflow/.local/lib/python3.8/site-packages/airflow/example_dags/example_nested_branch_dag.py for tasks to queue
[2021-02-10 04:08:43,747] {logging_mixin.py:103} INFO - [2021-02-10 04:08:43,747] {dagbag.py:440} INFO - Filling up the DagBag from /home/airflow/.local/lib/python3.8/site-packages/airflow/example_dags/example_nested_branch_dag.py
[2021-02-10 04:08:43,768] {scheduler_job.py:639} INFO - DAG(s) dict_keys(['example_nested_branch_dag']) retrieved from /home/airflow/.local/lib/python3.8/site-packages/airflow/example_dags/example_nested_branch_dag.py
[2021-02-10 04:08:43,770] {logging_mixin.py:103} INFO - [2021-02-10 04:08:43,770] {dag.py:1813} INFO - Sync 1 DAGs
[2021-02-10 04:08:43,819] {logging_mixin.py:103} INFO - [2021-02-10 04:08:43,818] {dag.py:2266} INFO - Setting next_dagrun for example_nested_branch_dag to 2021-02-08 00:00:00+00:00
[2021-02-10 04:08:43,852] {scheduler_job.py:189} INFO - Processing /home/airflow/.local/lib/python3.8/site-packages/airflow/example_dags/example_nested_branch_dag.py took 0.114 seconds
[2021-02-10 04:08:45,387] {scheduler_job.py:181} INFO - Started process (PID=952) to work on /home/airflow/.local/lib/python3.8/site-packages/airflow/example_dags/example_nested_branch_dag.py
[2021-02-10 04:08:45,389] {scheduler_job.py:629} INFO - Processing file /home/airflow/.local/lib/python3.8/site-packages/airflow/example_dags/example_nested_branch_dag.py for tasks to queue
[2021-02-10 04:08:45,391] {logging_mixin.py:103} INFO - [2021-02-10 04:08:45,391] {dagbag.py:440} INFO - Filling up the DagBag from /home/airflow/.local/lib/python3.8/site-packages/airflow/example_dags/example_nested_branch_dag.py
[2021-02-10 04:08:45,414] {scheduler_job.py:639} INFO - DAG(s) dict_keys(['example_nested_branch_dag']) retrieved from /home/airflow/.local/lib/python3.8/site-packages/airflow/example_dags/example_nested_branch_dag.py
[2021-02-10 04:08:45,417] {logging_mixin.py:103} INFO - [2021-02-10 04:08:45,417] {dag.py:1813} INFO - Sync 1 DAGs
[2021-02-10 04:08:45,465] {logging_mixin.py:103} INFO - [2021-02-10 04:08:45,465] {dag.py:2266} INFO - Setting next_dagrun for example_nested_branch_dag to 2021-02-08 00:00:00+00:00
[2021-02-10 04:08:45,489] {scheduler_job.py:189} INFO - Processing /home/airflow/.local/lib/python3.8/site-packages/airflow/example_dags/example_nested_branch_dag.py took 0.107 seconds
[2021-02-10 04:08:46,873] {scheduler_job.py:181} INFO - Started process (PID=977) to work on /home/airflow/.local/lib/python3.8/site-packages/airflow/example_dags/example_nested_branch_dag.py
[2021-02-10 04:08:46,875] {scheduler_job.py:629} INFO - Processing file /home/airflow/.local/lib/python3.8/site-packages/airflow/example_dags/example_nested_branch_dag.py for tasks to queue
[2021-02-10 04:08:46,877] {logging_mixin.py:103} INFO - [2021-02-10 04:08:46,877] {dagbag.py:440} INFO - Filling up the DagBag from /home/airflow/.local/lib/python3.8/site-packages/airflow/example_dags/example_nested_branch_dag.py
[2021-02-10 04:08:46,897] {scheduler_job.py:639} INFO - DAG(s) dict_keys(['example_nested_branch_dag']) retrieved from /home/airflow/.local/lib/python3.8/site-packages/airflow/example_dags/example_nested_branch_dag.py
[2021-02-10 04:08:46,899] {logging_mixin.py:103} INFO - [2021-02-10 04:08:46,899] {dag.py:1813} INFO - Sync 1 DAGs
[2021-02-10 04:08:46,977] {logging_mixin.py:103} INFO - [2021-02-10 04:08:46,977] {dag.py:2266} INFO - Setting next_dagrun for example_nested_branch_dag to 2021-02-08 00:00:00+00:00
[2021-02-10 04:08:47,018] {scheduler_job.py:189} INFO - Processing /home/airflow/.local/lib/python3.8/site-packages/airflow/example_dags/example_nested_branch_dag.py took 0.151 seconds
[2021-02-10 04:08:48,599] {scheduler_job.py:181} INFO - Started process (PID=1002) to work on /home/airflow/.local/lib/python3.8/site-packages/airflow/example_dags/example_nested_branch_dag.py
[2021-02-10 04:08:48,601] {scheduler_job.py:629} INFO - Processing file /home/airflow/.local/lib/python3.8/site-packages/airflow/example_dags/example_nested_branch_dag.py for tasks to queue
[2021-02-10 04:08:48,603] {logging_mixin.py:103} INFO - [2021-02-10 04:08:48,603] {dagbag.py:440} INFO - Filling up the DagBag from /home/airflow/.local/lib/python3.8/site-packages/airflow/example_dags/example_nested_branch_dag.py
[2021-02-10 04:08:48,624] {scheduler_job.py:639} INFO - DAG(s) dict_keys(['example_nested_branch_dag']) retrieved from /home/airflow/.local/lib/python3.8/site-packages/airflow/example_dags/example_nested_branch_dag.py
[2021-02-10 04:08:48,625] {logging_mixin.py:103} INFO - [2021-02-10 04:08:48,625] {dag.py:1813} INFO - Sync 1 DAGs
[2021-02-10 04:08:48,666] {logging_mixin.py:103} INFO - [2021-02-10 04:08:48,666] {dag.py:2266} INFO - Setting next_dagrun for example_nested_branch_dag to 2021-02-08 00:00:00+00:00
[2021-02-10 04:08:48,687] {scheduler_job.py:189} INFO - Processing /home/airflow/.local/lib/python3.8/site-packages/airflow/example_dags/example_nested_branch_dag.py took 0.096 seconds
[2021-02-10 04:08:50,123] {scheduler_job.py:181} INFO - Started process (PID=1027) to work on /home/airflow/.local/lib/python3.8/site-packages/airflow/example_dags/example_nested_branch_dag.py
[2021-02-10 04:08:50,126] {scheduler_job.py:629} INFO - Processing file /home/airflow/.local/lib/python3.8/site-packages/airflow/example_dags/example_nested_branch_dag.py for tasks to queue
[2021-02-10 04:08:50,128] {logging_mixin.py:103} INFO - [2021-02-10 04:08:50,128] {dagbag.py:440} INFO - Filling up the DagBag from /home/airflow/.local/lib/python3.8/site-packages/airflow/example_dags/example_nested_branch_dag.py
[2021-02-10 04:08:50,153] {scheduler_job.py:639} INFO - DAG(s) dict_keys(['example_nested_branch_dag']) retrieved from /home/airflow/.local/lib/python3.8/site-packages/airflow/example_dags/example_nested_branch_dag.py
[2021-02-10 04:08:50,156] {logging_mixin.py:103} INFO - [2021-02-10 04:08:50,156] {dag.py:1813} INFO - Sync 1 DAGs
[2021-02-10 04:08:50,206] {logging_mixin.py:103} INFO - [2021-02-10 04:08:50,206] {dag.py:2266} INFO - Setting next_dagrun for example_nested_branch_dag to 2021-02-08 00:00:00+00:00
[2021-02-10 04:08:50,239] {scheduler_job.py:189} INFO - Processing /home/airflow/.local/lib/python3.8/site-packages/airflow/example_dags/example_nested_branch_dag.py took 0.122 seconds
[2021-02-10 04:08:51,632] {scheduler_job.py:181} INFO - Started process (PID=1052) to work on /home/airflow/.local/lib/python3.8/site-packages/airflow/example_dags/example_nested_branch_dag.py
[2021-02-10 04:08:51,634] {scheduler_job.py:629} INFO - Processing file /home/airflow/.local/lib/python3.8/site-packages/airflow/example_dags/example_nested_branch_dag.py for tasks to queue
[2021-02-10 04:08:51,636] {logging_mixin.py:103} INFO - [2021-02-10 04:08:51,636] {dagbag.py:440} INFO - Filling up the DagBag from /home/airflow/.local/lib/python3.8/site-packages/airflow/example_dags/example_nested_branch_dag.py
[2021-02-10 04:08:51,655] {scheduler_job.py:639} INFO - DAG(s) dict_keys(['example_nested_branch_dag']) retrieved from /home/airflow/.local/lib/python3.8/site-packages/airflow/example_dags/example_nested_branch_dag.py
[2021-02-10 04:08:51,661] {logging_mixin.py:103} INFO - [2021-02-10 04:08:51,661] {dag.py:1813} INFO - Sync 1 DAGs
[2021-02-10 04:08:51,714] {logging_mixin.py:103} INFO - [2021-02-10 04:08:51,714] {dag.py:2266} INFO - Setting next_dagrun for example_nested_branch_dag to 2021-02-08 00:00:00+00:00
[2021-02-10 04:08:51,747] {scheduler_job.py:189} INFO - Processing /home/airflow/.local/lib/python3.8/site-packages/airflow/example_dags/example_nested_branch_dag.py took 0.121 seconds
[2021-02-10 04:08:53,150] {scheduler_job.py:181} INFO - Started process (PID=1077) to work on /home/airflow/.local/lib/python3.8/site-packages/airflow/example_dags/example_nested_branch_dag.py
[2021-02-10 04:08:53,153] {scheduler_job.py:629} INFO - Processing file /home/airflow/.local/lib/python3.8/site-packages/airflow/example_dags/example_nested_branch_dag.py for tasks to queue
[2021-02-10 04:08:53,154] {logging_mixin.py:103} INFO - [2021-02-10 04:08:53,154] {dagbag.py:440} INFO - Filling up the DagBag from /home/airflow/.local/lib/python3.8/site-packages/airflow/example_dags/example_nested_branch_dag.py
[2021-02-10 04:08:53,171] {scheduler_job.py:639} INFO - DAG(s) dict_keys(['example_nested_branch_dag']) retrieved from /home/airflow/.local/lib/python3.8/site-packages/airflow/example_dags/example_nested_branch_dag.py
[2021-02-10 04:08:53,173] {logging_mixin.py:103} INFO - [2021-02-10 04:08:53,173] {dag.py:1813} INFO - Sync 1 DAGs
[2021-02-10 04:08:53,210] {logging_mixin.py:103} INFO - [2021-02-10 04:08:53,210] {dag.py:2266} INFO - Setting next_dagrun for example_nested_branch_dag to 2021-02-08 00:00:00+00:00
[2021-02-10 04:08:53,232] {scheduler_job.py:189} INFO - Processing /home/airflow/.local/lib/python3.8/site-packages/airflow/example_dags/example_nested_branch_dag.py took 0.086 seconds
[2021-02-10 04:08:54,650] {scheduler_job.py:181} INFO - Started process (PID=1102) to work on /home/airflow/.local/lib/python3.8/site-packages/airflow/example_dags/example_nested_branch_dag.py
[2021-02-10 04:08:54,653] {scheduler_job.py:629} INFO - Processing file /home/airflow/.local/lib/python3.8/site-packages/airflow/example_dags/example_nested_branch_dag.py for tasks to queue
[2021-02-10 04:08:54,655] {logging_mixin.py:103} INFO - [2021-02-10 04:08:54,655] {dagbag.py:440} INFO - Filling up the DagBag from /home/airflow/.local/lib/python3.8/site-packages/airflow/example_dags/example_nested_branch_dag.py
[2021-02-10 04:08:54,674] {scheduler_job.py:639} INFO - DAG(s) dict_keys(['example_nested_branch_dag']) retrieved from /home/airflow/.local/lib/python3.8/site-packages/airflow/example_dags/example_nested_branch_dag.py
[2021-02-10 04:08:54,676] {logging_mixin.py:103} INFO - [2021-02-10 04:08:54,675] {dag.py:1813} INFO - Sync 1 DAGs
[2021-02-10 04:08:54,718] {logging_mixin.py:103} INFO - [2021-02-10 04:08:54,718] {dag.py:2266} INFO - Setting next_dagrun for example_nested_branch_dag to 2021-02-08 00:00:00+00:00
[2021-02-10 04:08:54,739] {scheduler_job.py:189} INFO - Processing /home/airflow/.local/lib/python3.8/site-packages/airflow/example_dags/example_nested_branch_dag.py took 0.093 seconds
[2021-02-10 04:08:56,140] {scheduler_job.py:181} INFO - Started process (PID=1127) to work on /home/airflow/.local/lib/python3.8/site-packages/airflow/example_dags/example_nested_branch_dag.py
[2021-02-10 04:08:56,146] {scheduler_job.py:629} INFO - Processing file /home/airflow/.local/lib/python3.8/site-packages/airflow/example_dags/example_nested_branch_dag.py for tasks to queue
[2021-02-10 04:08:56,149] {logging_mixin.py:103} INFO - [2021-02-10 04:08:56,149] {dagbag.py:440} INFO - Filling up the DagBag from /home/airflow/.local/lib/python3.8/site-packages/airflow/example_dags/example_nested_branch_dag.py
[2021-02-10 04:08:56,173] {scheduler_job.py:639} INFO - DAG(s) dict_keys(['example_nested_branch_dag']) retrieved from /home/airflow/.local/lib/python3.8/site-packages/airflow/example_dags/example_nested_branch_dag.py
[2021-02-10 04:08:56,175] {logging_mixin.py:103} INFO - [2021-02-10 04:08:56,175] {dag.py:1813} INFO - Sync 1 DAGs
[2021-02-10 04:08:56,213] {logging_mixin.py:103} INFO - [2021-02-10 04:08:56,213] {dag.py:2266} INFO - Setting next_dagrun for example_nested_branch_dag to 2021-02-08 00:00:00+00:00
[2021-02-10 04:08:56,233] {scheduler_job.py:189} INFO - Processing /home/airflow/.local/lib/python3.8/site-packages/airflow/example_dags/example_nested_branch_dag.py took 0.098 seconds
[2021-02-10 04:27:14,859] {scheduler_job.py:181} INFO - Started process (PID=1139) to work on /home/airflow/.local/lib/python3.8/site-packages/airflow/example_dags/example_nested_branch_dag.py
[2021-02-10 04:27:14,863] {scheduler_job.py:629} INFO - Processing file /home/airflow/.local/lib/python3.8/site-packages/airflow/example_dags/example_nested_branch_dag.py for tasks to queue
[2021-02-10 04:27:14,865] {logging_mixin.py:103} INFO - [2021-02-10 04:27:14,864] {dagbag.py:440} INFO - Filling up the DagBag from /home/airflow/.local/lib/python3.8/site-packages/airflow/example_dags/example_nested_branch_dag.py
[2021-02-10 04:27:14,891] {scheduler_job.py:639} INFO - DAG(s) dict_keys(['example_nested_branch_dag']) retrieved from /home/airflow/.local/lib/python3.8/site-packages/airflow/example_dags/example_nested_branch_dag.py
[2021-02-10 04:27:14,894] {logging_mixin.py:103} INFO - [2021-02-10 04:27:14,893] {dag.py:1813} INFO - Sync 1 DAGs
[2021-02-10 04:27:14,961] {logging_mixin.py:103} INFO - [2021-02-10 04:27:14,960] {dag.py:2266} INFO - Setting next_dagrun for example_nested_branch_dag to 2021-02-08 00:00:00+00:00
[2021-02-10 04:27:15,007] {scheduler_job.py:189} INFO - Processing /home/airflow/.local/lib/python3.8/site-packages/airflow/example_dags/example_nested_branch_dag.py took 0.153 seconds
[2021-02-10 04:27:18,886] {scheduler_job.py:181} INFO - Started process (PID=1165) to work on /home/airflow/.local/lib/python3.8/site-packages/airflow/example_dags/example_nested_branch_dag.py
[2021-02-10 04:27:18,893] {scheduler_job.py:629} INFO - Processing file /home/airflow/.local/lib/python3.8/site-packages/airflow/example_dags/example_nested_branch_dag.py for tasks to queue
[2021-02-10 04:27:18,899] {logging_mixin.py:103} INFO - [2021-02-10 04:27:18,898] {dagbag.py:440} INFO - Filling up the DagBag from /home/airflow/.local/lib/python3.8/site-packages/airflow/example_dags/example_nested_branch_dag.py
[2021-02-10 04:27:18,990] {scheduler_job.py:639} INFO - DAG(s) dict_keys(['example_nested_branch_dag']) retrieved from /home/airflow/.local/lib/python3.8/site-packages/airflow/example_dags/example_nested_branch_dag.py
[2021-02-10 04:27:18,997] {logging_mixin.py:103} INFO - [2021-02-10 04:27:18,997] {dag.py:1813} INFO - Sync 1 DAGs
[2021-02-10 04:27:19,349] {logging_mixin.py:103} INFO - [2021-02-10 04:27:19,348] {dag.py:2266} INFO - Setting next_dagrun for example_nested_branch_dag to 2021-02-08 00:00:00+00:00
[2021-02-10 04:27:19,428] {scheduler_job.py:189} INFO - Processing /home/airflow/.local/lib/python3.8/site-packages/airflow/example_dags/example_nested_branch_dag.py took 0.549 seconds
[2021-02-10 04:27:25,263] {scheduler_job.py:181} INFO - Started process (PID=1190) to work on /home/airflow/.local/lib/python3.8/site-packages/airflow/example_dags/example_nested_branch_dag.py
[2021-02-10 04:27:25,269] {scheduler_job.py:629} INFO - Processing file /home/airflow/.local/lib/python3.8/site-packages/airflow/example_dags/example_nested_branch_dag.py for tasks to queue
[2021-02-10 04:27:25,272] {logging_mixin.py:103} INFO - [2021-02-10 04:27:25,272] {dagbag.py:440} INFO - Filling up the DagBag from /home/airflow/.local/lib/python3.8/site-packages/airflow/example_dags/example_nested_branch_dag.py
[2021-02-10 04:27:25,300] {scheduler_job.py:639} INFO - DAG(s) dict_keys(['example_nested_branch_dag']) retrieved from /home/airflow/.local/lib/python3.8/site-packages/airflow/example_dags/example_nested_branch_dag.py
[2021-02-10 04:27:25,303] {logging_mixin.py:103} INFO - [2021-02-10 04:27:25,303] {dag.py:1813} INFO - Sync 1 DAGs
[2021-02-10 04:27:25,392] {logging_mixin.py:103} INFO - [2021-02-10 04:27:25,392] {dag.py:2266} INFO - Setting next_dagrun for example_nested_branch_dag to 2021-02-08 00:00:00+00:00
[2021-02-10 04:27:25,430] {scheduler_job.py:189} INFO - Processing /home/airflow/.local/lib/python3.8/site-packages/airflow/example_dags/example_nested_branch_dag.py took 0.174 seconds
[2021-02-10 04:27:28,796] {scheduler_job.py:181} INFO - Started process (PID=1215) to work on /home/airflow/.local/lib/python3.8/site-packages/airflow/example_dags/example_nested_branch_dag.py
[2021-02-10 04:27:28,799] {scheduler_job.py:629} INFO - Processing file /home/airflow/.local/lib/python3.8/site-packages/airflow/example_dags/example_nested_branch_dag.py for tasks to queue
[2021-02-10 04:27:28,802] {logging_mixin.py:103} INFO - [2021-02-10 04:27:28,802] {dagbag.py:440} INFO - Filling up the DagBag from /home/airflow/.local/lib/python3.8/site-packages/airflow/example_dags/example_nested_branch_dag.py
[2021-02-10 04:27:28,826] {scheduler_job.py:639} INFO - DAG(s) dict_keys(['example_nested_branch_dag']) retrieved from /home/airflow/.local/lib/python3.8/site-packages/airflow/example_dags/example_nested_branch_dag.py
[2021-02-10 04:27:28,829] {logging_mixin.py:103} INFO - [2021-02-10 04:27:28,829] {dag.py:1813} INFO - Sync 1 DAGs
[2021-02-10 04:27:28,886] {logging_mixin.py:103} INFO - [2021-02-10 04:27:28,886] {dag.py:2266} INFO - Setting next_dagrun for example_nested_branch_dag to 2021-02-08 00:00:00+00:00
[2021-02-10 04:27:28,945] {scheduler_job.py:189} INFO - Processing /home/airflow/.local/lib/python3.8/site-packages/airflow/example_dags/example_nested_branch_dag.py took 0.155 seconds
