[2021-02-10 04:51:14,504] {scheduler_job.py:181} INFO - Started process (PID=23) to work on /home/airflow/.local/lib/python3.8/site-packages/airflow/example_dags/example_complex.py
[2021-02-10 04:51:14,521] {scheduler_job.py:629} INFO - Processing file /home/airflow/.local/lib/python3.8/site-packages/airflow/example_dags/example_complex.py for tasks to queue
[2021-02-10 04:51:14,535] {logging_mixin.py:103} INFO - [2021-02-10 04:51:14,535] {dagbag.py:440} INFO - Filling up the DagBag from /home/airflow/.local/lib/python3.8/site-packages/airflow/example_dags/example_complex.py
[2021-02-10 04:51:14,831] {scheduler_job.py:639} INFO - DAG(s) dict_keys(['example_complex']) retrieved from /home/airflow/.local/lib/python3.8/site-packages/airflow/example_dags/example_complex.py
[2021-02-10 04:51:14,841] {logging_mixin.py:103} INFO - [2021-02-10 04:51:14,840] {dag.py:1813} INFO - Sync 1 DAGs
[2021-02-10 04:51:14,978] {logging_mixin.py:103} INFO - [2021-02-10 04:51:14,978] {dag.py:2266} INFO - Setting next_dagrun for example_complex to None
[2021-02-10 04:51:15,131] {scheduler_job.py:189} INFO - Processing /home/airflow/.local/lib/python3.8/site-packages/airflow/example_dags/example_complex.py took 0.631 seconds
[2021-02-10 04:51:22,049] {scheduler_job.py:181} INFO - Started process (PID=49) to work on /home/airflow/.local/lib/python3.8/site-packages/airflow/example_dags/example_complex.py
[2021-02-10 04:51:22,056] {scheduler_job.py:629} INFO - Processing file /home/airflow/.local/lib/python3.8/site-packages/airflow/example_dags/example_complex.py for tasks to queue
[2021-02-10 04:51:22,062] {logging_mixin.py:103} INFO - [2021-02-10 04:51:22,062] {dagbag.py:440} INFO - Filling up the DagBag from /home/airflow/.local/lib/python3.8/site-packages/airflow/example_dags/example_complex.py
[2021-02-10 04:51:22,107] {scheduler_job.py:639} INFO - DAG(s) dict_keys(['example_complex']) retrieved from /home/airflow/.local/lib/python3.8/site-packages/airflow/example_dags/example_complex.py
[2021-02-10 04:51:22,113] {logging_mixin.py:103} INFO - [2021-02-10 04:51:22,112] {dag.py:1813} INFO - Sync 1 DAGs
[2021-02-10 04:51:22,179] {logging_mixin.py:103} INFO - [2021-02-10 04:51:22,179] {dag.py:2266} INFO - Setting next_dagrun for example_complex to None
[2021-02-10 04:51:22,207] {scheduler_job.py:189} INFO - Processing /home/airflow/.local/lib/python3.8/site-packages/airflow/example_dags/example_complex.py took 0.171 seconds
[2021-02-10 04:51:25,262] {scheduler_job.py:181} INFO - Started process (PID=74) to work on /home/airflow/.local/lib/python3.8/site-packages/airflow/example_dags/example_complex.py
[2021-02-10 04:51:25,265] {scheduler_job.py:629} INFO - Processing file /home/airflow/.local/lib/python3.8/site-packages/airflow/example_dags/example_complex.py for tasks to queue
[2021-02-10 04:51:25,268] {logging_mixin.py:103} INFO - [2021-02-10 04:51:25,268] {dagbag.py:440} INFO - Filling up the DagBag from /home/airflow/.local/lib/python3.8/site-packages/airflow/example_dags/example_complex.py
[2021-02-10 04:51:25,315] {scheduler_job.py:639} INFO - DAG(s) dict_keys(['example_complex']) retrieved from /home/airflow/.local/lib/python3.8/site-packages/airflow/example_dags/example_complex.py
[2021-02-10 04:51:25,318] {logging_mixin.py:103} INFO - [2021-02-10 04:51:25,318] {dag.py:1813} INFO - Sync 1 DAGs
[2021-02-10 04:51:25,376] {logging_mixin.py:103} INFO - [2021-02-10 04:51:25,376] {dag.py:2266} INFO - Setting next_dagrun for example_complex to None
[2021-02-10 04:51:25,415] {scheduler_job.py:189} INFO - Processing /home/airflow/.local/lib/python3.8/site-packages/airflow/example_dags/example_complex.py took 0.169 seconds
[2021-02-10 04:51:31,275] {scheduler_job.py:181} INFO - Started process (PID=99) to work on /home/airflow/.local/lib/python3.8/site-packages/airflow/example_dags/example_complex.py
[2021-02-10 04:51:31,290] {scheduler_job.py:629} INFO - Processing file /home/airflow/.local/lib/python3.8/site-packages/airflow/example_dags/example_complex.py for tasks to queue
[2021-02-10 04:51:31,334] {logging_mixin.py:103} INFO - [2021-02-10 04:51:31,303] {dagbag.py:440} INFO - Filling up the DagBag from /home/airflow/.local/lib/python3.8/site-packages/airflow/example_dags/example_complex.py
[2021-02-10 04:51:31,549] {scheduler_job.py:639} INFO - DAG(s) dict_keys(['example_complex']) retrieved from /home/airflow/.local/lib/python3.8/site-packages/airflow/example_dags/example_complex.py
[2021-02-10 04:51:31,570] {logging_mixin.py:103} INFO - [2021-02-10 04:51:31,569] {dag.py:1813} INFO - Sync 1 DAGs
[2021-02-10 04:51:31,854] {logging_mixin.py:103} INFO - [2021-02-10 04:51:31,853] {dag.py:2266} INFO - Setting next_dagrun for example_complex to None
[2021-02-10 04:51:31,957] {scheduler_job.py:189} INFO - Processing /home/airflow/.local/lib/python3.8/site-packages/airflow/example_dags/example_complex.py took 0.856 seconds
[2021-02-10 04:51:40,062] {scheduler_job.py:181} INFO - Started process (PID=124) to work on /home/airflow/.local/lib/python3.8/site-packages/airflow/example_dags/example_complex.py
[2021-02-10 04:51:40,119] {scheduler_job.py:629} INFO - Processing file /home/airflow/.local/lib/python3.8/site-packages/airflow/example_dags/example_complex.py for tasks to queue
[2021-02-10 04:51:40,141] {logging_mixin.py:103} INFO - [2021-02-10 04:51:40,140] {dagbag.py:440} INFO - Filling up the DagBag from /home/airflow/.local/lib/python3.8/site-packages/airflow/example_dags/example_complex.py
[2021-02-10 04:51:40,322] {scheduler_job.py:639} INFO - DAG(s) dict_keys(['example_complex']) retrieved from /home/airflow/.local/lib/python3.8/site-packages/airflow/example_dags/example_complex.py
[2021-02-10 04:51:40,344] {logging_mixin.py:103} INFO - [2021-02-10 04:51:40,344] {dag.py:1813} INFO - Sync 1 DAGs
[2021-02-10 04:51:40,499] {logging_mixin.py:103} INFO - [2021-02-10 04:51:40,499] {dag.py:2266} INFO - Setting next_dagrun for example_complex to None
[2021-02-10 04:51:40,686] {scheduler_job.py:189} INFO - Processing /home/airflow/.local/lib/python3.8/site-packages/airflow/example_dags/example_complex.py took 0.656 seconds
[2021-02-10 04:51:46,290] {scheduler_job.py:181} INFO - Started process (PID=149) to work on /home/airflow/.local/lib/python3.8/site-packages/airflow/example_dags/example_complex.py
[2021-02-10 04:51:46,294] {scheduler_job.py:629} INFO - Processing file /home/airflow/.local/lib/python3.8/site-packages/airflow/example_dags/example_complex.py for tasks to queue
[2021-02-10 04:51:46,296] {logging_mixin.py:103} INFO - [2021-02-10 04:51:46,296] {dagbag.py:440} INFO - Filling up the DagBag from /home/airflow/.local/lib/python3.8/site-packages/airflow/example_dags/example_complex.py
[2021-02-10 04:51:46,330] {scheduler_job.py:639} INFO - DAG(s) dict_keys(['example_complex']) retrieved from /home/airflow/.local/lib/python3.8/site-packages/airflow/example_dags/example_complex.py
[2021-02-10 04:51:46,334] {logging_mixin.py:103} INFO - [2021-02-10 04:51:46,334] {dag.py:1813} INFO - Sync 1 DAGs
[2021-02-10 04:51:46,398] {logging_mixin.py:103} INFO - [2021-02-10 04:51:46,397] {dag.py:2266} INFO - Setting next_dagrun for example_complex to None
[2021-02-10 04:51:46,448] {scheduler_job.py:189} INFO - Processing /home/airflow/.local/lib/python3.8/site-packages/airflow/example_dags/example_complex.py took 0.164 seconds
[2021-02-10 04:51:49,062] {scheduler_job.py:181} INFO - Started process (PID=174) to work on /home/airflow/.local/lib/python3.8/site-packages/airflow/example_dags/example_complex.py
[2021-02-10 04:51:49,066] {scheduler_job.py:629} INFO - Processing file /home/airflow/.local/lib/python3.8/site-packages/airflow/example_dags/example_complex.py for tasks to queue
[2021-02-10 04:51:49,069] {logging_mixin.py:103} INFO - [2021-02-10 04:51:49,069] {dagbag.py:440} INFO - Filling up the DagBag from /home/airflow/.local/lib/python3.8/site-packages/airflow/example_dags/example_complex.py
[2021-02-10 04:51:49,105] {scheduler_job.py:639} INFO - DAG(s) dict_keys(['example_complex']) retrieved from /home/airflow/.local/lib/python3.8/site-packages/airflow/example_dags/example_complex.py
[2021-02-10 04:51:49,109] {logging_mixin.py:103} INFO - [2021-02-10 04:51:49,109] {dag.py:1813} INFO - Sync 1 DAGs
[2021-02-10 04:51:49,176] {logging_mixin.py:103} INFO - [2021-02-10 04:51:49,175] {dag.py:2266} INFO - Setting next_dagrun for example_complex to None
[2021-02-10 04:51:49,234] {scheduler_job.py:189} INFO - Processing /home/airflow/.local/lib/python3.8/site-packages/airflow/example_dags/example_complex.py took 0.179 seconds
[2021-02-10 04:51:52,749] {scheduler_job.py:181} INFO - Started process (PID=199) to work on /home/airflow/.local/lib/python3.8/site-packages/airflow/example_dags/example_complex.py
[2021-02-10 04:51:52,754] {scheduler_job.py:629} INFO - Processing file /home/airflow/.local/lib/python3.8/site-packages/airflow/example_dags/example_complex.py for tasks to queue
[2021-02-10 04:51:52,760] {logging_mixin.py:103} INFO - [2021-02-10 04:51:52,759] {dagbag.py:440} INFO - Filling up the DagBag from /home/airflow/.local/lib/python3.8/site-packages/airflow/example_dags/example_complex.py
[2021-02-10 04:51:52,886] {scheduler_job.py:639} INFO - DAG(s) dict_keys(['example_complex']) retrieved from /home/airflow/.local/lib/python3.8/site-packages/airflow/example_dags/example_complex.py
[2021-02-10 04:51:52,898] {logging_mixin.py:103} INFO - [2021-02-10 04:51:52,897] {dag.py:1813} INFO - Sync 1 DAGs
[2021-02-10 04:51:53,034] {logging_mixin.py:103} INFO - [2021-02-10 04:51:53,033] {dag.py:2266} INFO - Setting next_dagrun for example_complex to None
[2021-02-10 04:51:53,147] {scheduler_job.py:189} INFO - Processing /home/airflow/.local/lib/python3.8/site-packages/airflow/example_dags/example_complex.py took 0.460 seconds
[2021-02-10 04:51:59,797] {scheduler_job.py:181} INFO - Started process (PID=224) to work on /home/airflow/.local/lib/python3.8/site-packages/airflow/example_dags/example_complex.py
[2021-02-10 04:51:59,807] {scheduler_job.py:629} INFO - Processing file /home/airflow/.local/lib/python3.8/site-packages/airflow/example_dags/example_complex.py for tasks to queue
[2021-02-10 04:51:59,811] {logging_mixin.py:103} INFO - [2021-02-10 04:51:59,810] {dagbag.py:440} INFO - Filling up the DagBag from /home/airflow/.local/lib/python3.8/site-packages/airflow/example_dags/example_complex.py
[2021-02-10 04:51:59,882] {scheduler_job.py:639} INFO - DAG(s) dict_keys(['example_complex']) retrieved from /home/airflow/.local/lib/python3.8/site-packages/airflow/example_dags/example_complex.py
[2021-02-10 04:51:59,886] {logging_mixin.py:103} INFO - [2021-02-10 04:51:59,886] {dag.py:1813} INFO - Sync 1 DAGs
[2021-02-10 04:52:00,009] {logging_mixin.py:103} INFO - [2021-02-10 04:52:00,009] {dag.py:2266} INFO - Setting next_dagrun for example_complex to None
[2021-02-10 04:52:00,116] {scheduler_job.py:189} INFO - Processing /home/airflow/.local/lib/python3.8/site-packages/airflow/example_dags/example_complex.py took 0.338 seconds
[2021-02-10 04:52:06,433] {scheduler_job.py:181} INFO - Started process (PID=249) to work on /home/airflow/.local/lib/python3.8/site-packages/airflow/example_dags/example_complex.py
[2021-02-10 04:52:06,449] {scheduler_job.py:629} INFO - Processing file /home/airflow/.local/lib/python3.8/site-packages/airflow/example_dags/example_complex.py for tasks to queue
[2021-02-10 04:52:06,453] {logging_mixin.py:103} INFO - [2021-02-10 04:52:06,453] {dagbag.py:440} INFO - Filling up the DagBag from /home/airflow/.local/lib/python3.8/site-packages/airflow/example_dags/example_complex.py
[2021-02-10 04:52:06,562] {scheduler_job.py:639} INFO - DAG(s) dict_keys(['example_complex']) retrieved from /home/airflow/.local/lib/python3.8/site-packages/airflow/example_dags/example_complex.py
[2021-02-10 04:52:06,567] {logging_mixin.py:103} INFO - [2021-02-10 04:52:06,567] {dag.py:1813} INFO - Sync 1 DAGs
[2021-02-10 04:52:06,652] {logging_mixin.py:103} INFO - [2021-02-10 04:52:06,652] {dag.py:2266} INFO - Setting next_dagrun for example_complex to None
[2021-02-10 04:52:06,713] {scheduler_job.py:189} INFO - Processing /home/airflow/.local/lib/python3.8/site-packages/airflow/example_dags/example_complex.py took 0.308 seconds
[2021-02-10 04:52:11,391] {scheduler_job.py:181} INFO - Started process (PID=275) to work on /home/airflow/.local/lib/python3.8/site-packages/airflow/example_dags/example_complex.py
[2021-02-10 04:52:11,411] {scheduler_job.py:629} INFO - Processing file /home/airflow/.local/lib/python3.8/site-packages/airflow/example_dags/example_complex.py for tasks to queue
[2021-02-10 04:52:11,420] {logging_mixin.py:103} INFO - [2021-02-10 04:52:11,420] {dagbag.py:440} INFO - Filling up the DagBag from /home/airflow/.local/lib/python3.8/site-packages/airflow/example_dags/example_complex.py
[2021-02-10 04:52:11,576] {scheduler_job.py:639} INFO - DAG(s) dict_keys(['example_complex']) retrieved from /home/airflow/.local/lib/python3.8/site-packages/airflow/example_dags/example_complex.py
[2021-02-10 04:52:11,592] {logging_mixin.py:103} INFO - [2021-02-10 04:52:11,592] {dag.py:1813} INFO - Sync 1 DAGs
[2021-02-10 04:52:11,800] {logging_mixin.py:103} INFO - [2021-02-10 04:52:11,799] {dag.py:2266} INFO - Setting next_dagrun for example_complex to None
[2021-02-10 04:52:11,948] {scheduler_job.py:189} INFO - Processing /home/airflow/.local/lib/python3.8/site-packages/airflow/example_dags/example_complex.py took 0.574 seconds
[2021-02-10 04:52:16,919] {scheduler_job.py:181} INFO - Started process (PID=300) to work on /home/airflow/.local/lib/python3.8/site-packages/airflow/example_dags/example_complex.py
[2021-02-10 04:52:16,947] {scheduler_job.py:629} INFO - Processing file /home/airflow/.local/lib/python3.8/site-packages/airflow/example_dags/example_complex.py for tasks to queue
[2021-02-10 04:52:16,955] {logging_mixin.py:103} INFO - [2021-02-10 04:52:16,954] {dagbag.py:440} INFO - Filling up the DagBag from /home/airflow/.local/lib/python3.8/site-packages/airflow/example_dags/example_complex.py
[2021-02-10 04:52:17,010] {scheduler_job.py:639} INFO - DAG(s) dict_keys(['example_complex']) retrieved from /home/airflow/.local/lib/python3.8/site-packages/airflow/example_dags/example_complex.py
[2021-02-10 04:52:17,014] {logging_mixin.py:103} INFO - [2021-02-10 04:52:17,013] {dag.py:1813} INFO - Sync 1 DAGs
[2021-02-10 04:52:17,178] {logging_mixin.py:103} INFO - [2021-02-10 04:52:17,178] {dag.py:2266} INFO - Setting next_dagrun for example_complex to None
[2021-02-10 04:52:17,259] {scheduler_job.py:189} INFO - Processing /home/airflow/.local/lib/python3.8/site-packages/airflow/example_dags/example_complex.py took 0.352 seconds
[2021-02-10 04:52:22,924] {scheduler_job.py:181} INFO - Started process (PID=326) to work on /home/airflow/.local/lib/python3.8/site-packages/airflow/example_dags/example_complex.py
[2021-02-10 04:52:22,929] {scheduler_job.py:629} INFO - Processing file /home/airflow/.local/lib/python3.8/site-packages/airflow/example_dags/example_complex.py for tasks to queue
[2021-02-10 04:52:22,936] {logging_mixin.py:103} INFO - [2021-02-10 04:52:22,936] {dagbag.py:440} INFO - Filling up the DagBag from /home/airflow/.local/lib/python3.8/site-packages/airflow/example_dags/example_complex.py
[2021-02-10 04:52:23,022] {scheduler_job.py:639} INFO - DAG(s) dict_keys(['example_complex']) retrieved from /home/airflow/.local/lib/python3.8/site-packages/airflow/example_dags/example_complex.py
[2021-02-10 04:52:23,032] {logging_mixin.py:103} INFO - [2021-02-10 04:52:23,032] {dag.py:1813} INFO - Sync 1 DAGs
[2021-02-10 04:52:23,165] {logging_mixin.py:103} INFO - [2021-02-10 04:52:23,164] {dag.py:2266} INFO - Setting next_dagrun for example_complex to None
[2021-02-10 04:52:23,264] {scheduler_job.py:189} INFO - Processing /home/airflow/.local/lib/python3.8/site-packages/airflow/example_dags/example_complex.py took 0.359 seconds
[2021-02-10 04:52:27,683] {scheduler_job.py:181} INFO - Started process (PID=351) to work on /home/airflow/.local/lib/python3.8/site-packages/airflow/example_dags/example_complex.py
[2021-02-10 04:52:27,687] {scheduler_job.py:629} INFO - Processing file /home/airflow/.local/lib/python3.8/site-packages/airflow/example_dags/example_complex.py for tasks to queue
[2021-02-10 04:52:27,691] {logging_mixin.py:103} INFO - [2021-02-10 04:52:27,690] {dagbag.py:440} INFO - Filling up the DagBag from /home/airflow/.local/lib/python3.8/site-packages/airflow/example_dags/example_complex.py
[2021-02-10 04:52:27,750] {scheduler_job.py:639} INFO - DAG(s) dict_keys(['example_complex']) retrieved from /home/airflow/.local/lib/python3.8/site-packages/airflow/example_dags/example_complex.py
[2021-02-10 04:52:27,755] {logging_mixin.py:103} INFO - [2021-02-10 04:52:27,754] {dag.py:1813} INFO - Sync 1 DAGs
[2021-02-10 04:52:27,836] {logging_mixin.py:103} INFO - [2021-02-10 04:52:27,836] {dag.py:2266} INFO - Setting next_dagrun for example_complex to None
[2021-02-10 04:52:27,893] {scheduler_job.py:189} INFO - Processing /home/airflow/.local/lib/python3.8/site-packages/airflow/example_dags/example_complex.py took 0.222 seconds
[2021-02-10 04:52:29,961] {scheduler_job.py:181} INFO - Started process (PID=376) to work on /home/airflow/.local/lib/python3.8/site-packages/airflow/example_dags/example_complex.py
[2021-02-10 04:52:29,964] {scheduler_job.py:629} INFO - Processing file /home/airflow/.local/lib/python3.8/site-packages/airflow/example_dags/example_complex.py for tasks to queue
[2021-02-10 04:52:29,967] {logging_mixin.py:103} INFO - [2021-02-10 04:52:29,966] {dagbag.py:440} INFO - Filling up the DagBag from /home/airflow/.local/lib/python3.8/site-packages/airflow/example_dags/example_complex.py
[2021-02-10 04:52:29,994] {scheduler_job.py:639} INFO - DAG(s) dict_keys(['example_complex']) retrieved from /home/airflow/.local/lib/python3.8/site-packages/airflow/example_dags/example_complex.py
[2021-02-10 04:52:29,997] {logging_mixin.py:103} INFO - [2021-02-10 04:52:29,997] {dag.py:1813} INFO - Sync 1 DAGs
[2021-02-10 04:52:30,074] {logging_mixin.py:103} INFO - [2021-02-10 04:52:30,074] {dag.py:2266} INFO - Setting next_dagrun for example_complex to None
[2021-02-10 04:52:30,124] {scheduler_job.py:189} INFO - Processing /home/airflow/.local/lib/python3.8/site-packages/airflow/example_dags/example_complex.py took 0.172 seconds
[2021-02-10 04:52:32,836] {scheduler_job.py:181} INFO - Started process (PID=401) to work on /home/airflow/.local/lib/python3.8/site-packages/airflow/example_dags/example_complex.py
[2021-02-10 04:52:32,840] {scheduler_job.py:629} INFO - Processing file /home/airflow/.local/lib/python3.8/site-packages/airflow/example_dags/example_complex.py for tasks to queue
[2021-02-10 04:52:32,844] {logging_mixin.py:103} INFO - [2021-02-10 04:52:32,843] {dagbag.py:440} INFO - Filling up the DagBag from /home/airflow/.local/lib/python3.8/site-packages/airflow/example_dags/example_complex.py
[2021-02-10 04:52:32,881] {scheduler_job.py:639} INFO - DAG(s) dict_keys(['example_complex']) retrieved from /home/airflow/.local/lib/python3.8/site-packages/airflow/example_dags/example_complex.py
[2021-02-10 04:52:32,885] {logging_mixin.py:103} INFO - [2021-02-10 04:52:32,885] {dag.py:1813} INFO - Sync 1 DAGs
[2021-02-10 04:52:32,952] {logging_mixin.py:103} INFO - [2021-02-10 04:52:32,952] {dag.py:2266} INFO - Setting next_dagrun for example_complex to None
[2021-02-10 04:52:33,012] {scheduler_job.py:189} INFO - Processing /home/airflow/.local/lib/python3.8/site-packages/airflow/example_dags/example_complex.py took 0.182 seconds
[2021-02-10 04:52:36,667] {scheduler_job.py:181} INFO - Started process (PID=426) to work on /home/airflow/.local/lib/python3.8/site-packages/airflow/example_dags/example_complex.py
[2021-02-10 04:52:36,671] {scheduler_job.py:629} INFO - Processing file /home/airflow/.local/lib/python3.8/site-packages/airflow/example_dags/example_complex.py for tasks to queue
[2021-02-10 04:52:36,674] {logging_mixin.py:103} INFO - [2021-02-10 04:52:36,674] {dagbag.py:440} INFO - Filling up the DagBag from /home/airflow/.local/lib/python3.8/site-packages/airflow/example_dags/example_complex.py
[2021-02-10 04:52:36,717] {scheduler_job.py:639} INFO - DAG(s) dict_keys(['example_complex']) retrieved from /home/airflow/.local/lib/python3.8/site-packages/airflow/example_dags/example_complex.py
[2021-02-10 04:52:36,721] {logging_mixin.py:103} INFO - [2021-02-10 04:52:36,720] {dag.py:1813} INFO - Sync 1 DAGs
[2021-02-10 04:52:36,834] {logging_mixin.py:103} INFO - [2021-02-10 04:52:36,834] {dag.py:2266} INFO - Setting next_dagrun for example_complex to None
[2021-02-10 04:52:37,001] {scheduler_job.py:189} INFO - Processing /home/airflow/.local/lib/python3.8/site-packages/airflow/example_dags/example_complex.py took 0.341 seconds
[2021-02-10 04:52:40,638] {scheduler_job.py:181} INFO - Started process (PID=451) to work on /home/airflow/.local/lib/python3.8/site-packages/airflow/example_dags/example_complex.py
[2021-02-10 04:52:40,641] {scheduler_job.py:629} INFO - Processing file /home/airflow/.local/lib/python3.8/site-packages/airflow/example_dags/example_complex.py for tasks to queue
[2021-02-10 04:52:40,644] {logging_mixin.py:103} INFO - [2021-02-10 04:52:40,643] {dagbag.py:440} INFO - Filling up the DagBag from /home/airflow/.local/lib/python3.8/site-packages/airflow/example_dags/example_complex.py
[2021-02-10 04:52:40,683] {scheduler_job.py:639} INFO - DAG(s) dict_keys(['example_complex']) retrieved from /home/airflow/.local/lib/python3.8/site-packages/airflow/example_dags/example_complex.py
[2021-02-10 04:52:40,687] {logging_mixin.py:103} INFO - [2021-02-10 04:52:40,686] {dag.py:1813} INFO - Sync 1 DAGs
[2021-02-10 04:52:40,745] {logging_mixin.py:103} INFO - [2021-02-10 04:52:40,745] {dag.py:2266} INFO - Setting next_dagrun for example_complex to None
[2021-02-10 04:52:40,792] {scheduler_job.py:189} INFO - Processing /home/airflow/.local/lib/python3.8/site-packages/airflow/example_dags/example_complex.py took 0.162 seconds
[2021-02-10 04:52:43,284] {scheduler_job.py:181} INFO - Started process (PID=476) to work on /home/airflow/.local/lib/python3.8/site-packages/airflow/example_dags/example_complex.py
[2021-02-10 04:52:43,290] {scheduler_job.py:629} INFO - Processing file /home/airflow/.local/lib/python3.8/site-packages/airflow/example_dags/example_complex.py for tasks to queue
[2021-02-10 04:52:43,293] {logging_mixin.py:103} INFO - [2021-02-10 04:52:43,293] {dagbag.py:440} INFO - Filling up the DagBag from /home/airflow/.local/lib/python3.8/site-packages/airflow/example_dags/example_complex.py
[2021-02-10 04:52:43,353] {scheduler_job.py:639} INFO - DAG(s) dict_keys(['example_complex']) retrieved from /home/airflow/.local/lib/python3.8/site-packages/airflow/example_dags/example_complex.py
[2021-02-10 04:52:43,356] {logging_mixin.py:103} INFO - [2021-02-10 04:52:43,356] {dag.py:1813} INFO - Sync 1 DAGs
[2021-02-10 04:52:43,454] {logging_mixin.py:103} INFO - [2021-02-10 04:52:43,454] {dag.py:2266} INFO - Setting next_dagrun for example_complex to None
[2021-02-10 04:52:43,513] {scheduler_job.py:189} INFO - Processing /home/airflow/.local/lib/python3.8/site-packages/airflow/example_dags/example_complex.py took 0.241 seconds
[2021-02-10 04:52:45,937] {scheduler_job.py:181} INFO - Started process (PID=501) to work on /home/airflow/.local/lib/python3.8/site-packages/airflow/example_dags/example_complex.py
[2021-02-10 04:52:45,943] {scheduler_job.py:629} INFO - Processing file /home/airflow/.local/lib/python3.8/site-packages/airflow/example_dags/example_complex.py for tasks to queue
[2021-02-10 04:52:45,946] {logging_mixin.py:103} INFO - [2021-02-10 04:52:45,946] {dagbag.py:440} INFO - Filling up the DagBag from /home/airflow/.local/lib/python3.8/site-packages/airflow/example_dags/example_complex.py
[2021-02-10 04:52:45,992] {scheduler_job.py:639} INFO - DAG(s) dict_keys(['example_complex']) retrieved from /home/airflow/.local/lib/python3.8/site-packages/airflow/example_dags/example_complex.py
[2021-02-10 04:52:45,995] {logging_mixin.py:103} INFO - [2021-02-10 04:52:45,995] {dag.py:1813} INFO - Sync 1 DAGs
[2021-02-10 04:52:46,059] {logging_mixin.py:103} INFO - [2021-02-10 04:52:46,059] {dag.py:2266} INFO - Setting next_dagrun for example_complex to None
[2021-02-10 04:52:46,100] {scheduler_job.py:189} INFO - Processing /home/airflow/.local/lib/python3.8/site-packages/airflow/example_dags/example_complex.py took 0.172 seconds
[2021-02-10 04:52:48,811] {scheduler_job.py:181} INFO - Started process (PID=526) to work on /home/airflow/.local/lib/python3.8/site-packages/airflow/example_dags/example_complex.py
[2021-02-10 04:52:48,815] {scheduler_job.py:629} INFO - Processing file /home/airflow/.local/lib/python3.8/site-packages/airflow/example_dags/example_complex.py for tasks to queue
[2021-02-10 04:52:48,818] {logging_mixin.py:103} INFO - [2021-02-10 04:52:48,818] {dagbag.py:440} INFO - Filling up the DagBag from /home/airflow/.local/lib/python3.8/site-packages/airflow/example_dags/example_complex.py
[2021-02-10 04:52:48,846] {scheduler_job.py:639} INFO - DAG(s) dict_keys(['example_complex']) retrieved from /home/airflow/.local/lib/python3.8/site-packages/airflow/example_dags/example_complex.py
[2021-02-10 04:52:48,848] {logging_mixin.py:103} INFO - [2021-02-10 04:52:48,848] {dag.py:1813} INFO - Sync 1 DAGs
[2021-02-10 04:52:48,899] {logging_mixin.py:103} INFO - [2021-02-10 04:52:48,899] {dag.py:2266} INFO - Setting next_dagrun for example_complex to None
[2021-02-10 04:52:48,938] {scheduler_job.py:189} INFO - Processing /home/airflow/.local/lib/python3.8/site-packages/airflow/example_dags/example_complex.py took 0.132 seconds
[2021-02-10 04:52:50,849] {scheduler_job.py:181} INFO - Started process (PID=551) to work on /home/airflow/.local/lib/python3.8/site-packages/airflow/example_dags/example_complex.py
[2021-02-10 04:52:50,854] {scheduler_job.py:629} INFO - Processing file /home/airflow/.local/lib/python3.8/site-packages/airflow/example_dags/example_complex.py for tasks to queue
[2021-02-10 04:52:50,858] {logging_mixin.py:103} INFO - [2021-02-10 04:52:50,857] {dagbag.py:440} INFO - Filling up the DagBag from /home/airflow/.local/lib/python3.8/site-packages/airflow/example_dags/example_complex.py
[2021-02-10 04:52:50,931] {scheduler_job.py:639} INFO - DAG(s) dict_keys(['example_complex']) retrieved from /home/airflow/.local/lib/python3.8/site-packages/airflow/example_dags/example_complex.py
[2021-02-10 04:52:50,935] {logging_mixin.py:103} INFO - [2021-02-10 04:52:50,934] {dag.py:1813} INFO - Sync 1 DAGs
[2021-02-10 04:52:51,003] {logging_mixin.py:103} INFO - [2021-02-10 04:52:51,003] {dag.py:2266} INFO - Setting next_dagrun for example_complex to None
[2021-02-10 04:52:51,064] {scheduler_job.py:189} INFO - Processing /home/airflow/.local/lib/python3.8/site-packages/airflow/example_dags/example_complex.py took 0.222 seconds
[2021-02-10 04:52:53,349] {scheduler_job.py:181} INFO - Started process (PID=576) to work on /home/airflow/.local/lib/python3.8/site-packages/airflow/example_dags/example_complex.py
[2021-02-10 04:52:53,352] {scheduler_job.py:629} INFO - Processing file /home/airflow/.local/lib/python3.8/site-packages/airflow/example_dags/example_complex.py for tasks to queue
[2021-02-10 04:52:53,354] {logging_mixin.py:103} INFO - [2021-02-10 04:52:53,354] {dagbag.py:440} INFO - Filling up the DagBag from /home/airflow/.local/lib/python3.8/site-packages/airflow/example_dags/example_complex.py
[2021-02-10 04:52:53,387] {scheduler_job.py:639} INFO - DAG(s) dict_keys(['example_complex']) retrieved from /home/airflow/.local/lib/python3.8/site-packages/airflow/example_dags/example_complex.py
[2021-02-10 04:52:53,390] {logging_mixin.py:103} INFO - [2021-02-10 04:52:53,390] {dag.py:1813} INFO - Sync 1 DAGs
[2021-02-10 04:52:53,450] {logging_mixin.py:103} INFO - [2021-02-10 04:52:53,449] {dag.py:2266} INFO - Setting next_dagrun for example_complex to None
[2021-02-10 04:52:53,532] {scheduler_job.py:189} INFO - Processing /home/airflow/.local/lib/python3.8/site-packages/airflow/example_dags/example_complex.py took 0.189 seconds
[2021-02-10 04:52:56,410] {scheduler_job.py:181} INFO - Started process (PID=601) to work on /home/airflow/.local/lib/python3.8/site-packages/airflow/example_dags/example_complex.py
[2021-02-10 04:52:56,413] {scheduler_job.py:629} INFO - Processing file /home/airflow/.local/lib/python3.8/site-packages/airflow/example_dags/example_complex.py for tasks to queue
[2021-02-10 04:52:56,416] {logging_mixin.py:103} INFO - [2021-02-10 04:52:56,416] {dagbag.py:440} INFO - Filling up the DagBag from /home/airflow/.local/lib/python3.8/site-packages/airflow/example_dags/example_complex.py
[2021-02-10 04:52:56,443] {scheduler_job.py:639} INFO - DAG(s) dict_keys(['example_complex']) retrieved from /home/airflow/.local/lib/python3.8/site-packages/airflow/example_dags/example_complex.py
[2021-02-10 04:52:56,446] {logging_mixin.py:103} INFO - [2021-02-10 04:52:56,446] {dag.py:1813} INFO - Sync 1 DAGs
[2021-02-10 04:52:56,493] {logging_mixin.py:103} INFO - [2021-02-10 04:52:56,492] {dag.py:2266} INFO - Setting next_dagrun for example_complex to None
[2021-02-10 04:52:56,535] {scheduler_job.py:189} INFO - Processing /home/airflow/.local/lib/python3.8/site-packages/airflow/example_dags/example_complex.py took 0.131 seconds
[2021-02-10 04:52:58,741] {scheduler_job.py:181} INFO - Started process (PID=626) to work on /home/airflow/.local/lib/python3.8/site-packages/airflow/example_dags/example_complex.py
[2021-02-10 04:52:58,744] {scheduler_job.py:629} INFO - Processing file /home/airflow/.local/lib/python3.8/site-packages/airflow/example_dags/example_complex.py for tasks to queue
[2021-02-10 04:52:58,747] {logging_mixin.py:103} INFO - [2021-02-10 04:52:58,746] {dagbag.py:440} INFO - Filling up the DagBag from /home/airflow/.local/lib/python3.8/site-packages/airflow/example_dags/example_complex.py
[2021-02-10 04:52:58,788] {scheduler_job.py:639} INFO - DAG(s) dict_keys(['example_complex']) retrieved from /home/airflow/.local/lib/python3.8/site-packages/airflow/example_dags/example_complex.py
[2021-02-10 04:52:58,790] {logging_mixin.py:103} INFO - [2021-02-10 04:52:58,790] {dag.py:1813} INFO - Sync 1 DAGs
[2021-02-10 04:52:58,843] {logging_mixin.py:103} INFO - [2021-02-10 04:52:58,843] {dag.py:2266} INFO - Setting next_dagrun for example_complex to None
[2021-02-10 04:52:58,902] {scheduler_job.py:189} INFO - Processing /home/airflow/.local/lib/python3.8/site-packages/airflow/example_dags/example_complex.py took 0.166 seconds
[2021-02-10 04:53:01,277] {scheduler_job.py:181} INFO - Started process (PID=651) to work on /home/airflow/.local/lib/python3.8/site-packages/airflow/example_dags/example_complex.py
[2021-02-10 04:53:01,280] {scheduler_job.py:629} INFO - Processing file /home/airflow/.local/lib/python3.8/site-packages/airflow/example_dags/example_complex.py for tasks to queue
[2021-02-10 04:53:01,282] {logging_mixin.py:103} INFO - [2021-02-10 04:53:01,282] {dagbag.py:440} INFO - Filling up the DagBag from /home/airflow/.local/lib/python3.8/site-packages/airflow/example_dags/example_complex.py
[2021-02-10 04:53:01,319] {scheduler_job.py:639} INFO - DAG(s) dict_keys(['example_complex']) retrieved from /home/airflow/.local/lib/python3.8/site-packages/airflow/example_dags/example_complex.py
[2021-02-10 04:53:01,324] {logging_mixin.py:103} INFO - [2021-02-10 04:53:01,323] {dag.py:1813} INFO - Sync 1 DAGs
[2021-02-10 04:53:01,403] {logging_mixin.py:103} INFO - [2021-02-10 04:53:01,402] {dag.py:2266} INFO - Setting next_dagrun for example_complex to None
[2021-02-10 04:53:01,453] {scheduler_job.py:189} INFO - Processing /home/airflow/.local/lib/python3.8/site-packages/airflow/example_dags/example_complex.py took 0.185 seconds
[2021-02-10 04:53:04,467] {scheduler_job.py:181} INFO - Started process (PID=677) to work on /home/airflow/.local/lib/python3.8/site-packages/airflow/example_dags/example_complex.py
[2021-02-10 04:53:04,471] {scheduler_job.py:629} INFO - Processing file /home/airflow/.local/lib/python3.8/site-packages/airflow/example_dags/example_complex.py for tasks to queue
[2021-02-10 04:53:04,476] {logging_mixin.py:103} INFO - [2021-02-10 04:53:04,475] {dagbag.py:440} INFO - Filling up the DagBag from /home/airflow/.local/lib/python3.8/site-packages/airflow/example_dags/example_complex.py
[2021-02-10 04:53:04,513] {scheduler_job.py:639} INFO - DAG(s) dict_keys(['example_complex']) retrieved from /home/airflow/.local/lib/python3.8/site-packages/airflow/example_dags/example_complex.py
[2021-02-10 04:53:04,516] {logging_mixin.py:103} INFO - [2021-02-10 04:53:04,516] {dag.py:1813} INFO - Sync 1 DAGs
[2021-02-10 04:53:04,574] {logging_mixin.py:103} INFO - [2021-02-10 04:53:04,574] {dag.py:2266} INFO - Setting next_dagrun for example_complex to None
[2021-02-10 04:53:04,625] {scheduler_job.py:189} INFO - Processing /home/airflow/.local/lib/python3.8/site-packages/airflow/example_dags/example_complex.py took 0.165 seconds
[2021-02-10 04:53:08,165] {scheduler_job.py:181} INFO - Started process (PID=702) to work on /home/airflow/.local/lib/python3.8/site-packages/airflow/example_dags/example_complex.py
[2021-02-10 04:53:08,181] {scheduler_job.py:629} INFO - Processing file /home/airflow/.local/lib/python3.8/site-packages/airflow/example_dags/example_complex.py for tasks to queue
[2021-02-10 04:53:08,184] {logging_mixin.py:103} INFO - [2021-02-10 04:53:08,184] {dagbag.py:440} INFO - Filling up the DagBag from /home/airflow/.local/lib/python3.8/site-packages/airflow/example_dags/example_complex.py
[2021-02-10 04:53:08,236] {scheduler_job.py:639} INFO - DAG(s) dict_keys(['example_complex']) retrieved from /home/airflow/.local/lib/python3.8/site-packages/airflow/example_dags/example_complex.py
[2021-02-10 04:53:08,239] {logging_mixin.py:103} INFO - [2021-02-10 04:53:08,239] {dag.py:1813} INFO - Sync 1 DAGs
[2021-02-10 04:53:08,353] {logging_mixin.py:103} INFO - [2021-02-10 04:53:08,353] {dag.py:2266} INFO - Setting next_dagrun for example_complex to None
[2021-02-10 04:53:08,417] {scheduler_job.py:189} INFO - Processing /home/airflow/.local/lib/python3.8/site-packages/airflow/example_dags/example_complex.py took 0.312 seconds
[2021-02-10 04:53:12,292] {scheduler_job.py:181} INFO - Started process (PID=727) to work on /home/airflow/.local/lib/python3.8/site-packages/airflow/example_dags/example_complex.py
[2021-02-10 04:53:12,301] {scheduler_job.py:629} INFO - Processing file /home/airflow/.local/lib/python3.8/site-packages/airflow/example_dags/example_complex.py for tasks to queue
[2021-02-10 04:53:12,314] {logging_mixin.py:103} INFO - [2021-02-10 04:53:12,314] {dagbag.py:440} INFO - Filling up the DagBag from /home/airflow/.local/lib/python3.8/site-packages/airflow/example_dags/example_complex.py
[2021-02-10 04:53:12,637] {scheduler_job.py:639} INFO - DAG(s) dict_keys(['example_complex']) retrieved from /home/airflow/.local/lib/python3.8/site-packages/airflow/example_dags/example_complex.py
[2021-02-10 04:53:12,680] {logging_mixin.py:103} INFO - [2021-02-10 04:53:12,680] {dag.py:1813} INFO - Sync 1 DAGs
[2021-02-10 04:53:12,797] {logging_mixin.py:103} INFO - [2021-02-10 04:53:12,797] {dag.py:2266} INFO - Setting next_dagrun for example_complex to None
[2021-02-10 04:53:12,877] {scheduler_job.py:189} INFO - Processing /home/airflow/.local/lib/python3.8/site-packages/airflow/example_dags/example_complex.py took 0.668 seconds
[2021-02-10 04:53:16,434] {scheduler_job.py:181} INFO - Started process (PID=752) to work on /home/airflow/.local/lib/python3.8/site-packages/airflow/example_dags/example_complex.py
[2021-02-10 04:53:16,439] {scheduler_job.py:629} INFO - Processing file /home/airflow/.local/lib/python3.8/site-packages/airflow/example_dags/example_complex.py for tasks to queue
[2021-02-10 04:53:16,442] {logging_mixin.py:103} INFO - [2021-02-10 04:53:16,441] {dagbag.py:440} INFO - Filling up the DagBag from /home/airflow/.local/lib/python3.8/site-packages/airflow/example_dags/example_complex.py
[2021-02-10 04:53:16,475] {scheduler_job.py:639} INFO - DAG(s) dict_keys(['example_complex']) retrieved from /home/airflow/.local/lib/python3.8/site-packages/airflow/example_dags/example_complex.py
[2021-02-10 04:53:16,478] {logging_mixin.py:103} INFO - [2021-02-10 04:53:16,477] {dag.py:1813} INFO - Sync 1 DAGs
[2021-02-10 04:53:16,535] {logging_mixin.py:103} INFO - [2021-02-10 04:53:16,535] {dag.py:2266} INFO - Setting next_dagrun for example_complex to None
[2021-02-10 04:53:16,606] {scheduler_job.py:189} INFO - Processing /home/airflow/.local/lib/python3.8/site-packages/airflow/example_dags/example_complex.py took 0.188 seconds
[2021-02-10 04:53:22,451] {scheduler_job.py:181} INFO - Started process (PID=777) to work on /home/airflow/.local/lib/python3.8/site-packages/airflow/example_dags/example_complex.py
[2021-02-10 04:53:22,456] {scheduler_job.py:629} INFO - Processing file /home/airflow/.local/lib/python3.8/site-packages/airflow/example_dags/example_complex.py for tasks to queue
[2021-02-10 04:53:22,461] {logging_mixin.py:103} INFO - [2021-02-10 04:53:22,460] {dagbag.py:440} INFO - Filling up the DagBag from /home/airflow/.local/lib/python3.8/site-packages/airflow/example_dags/example_complex.py
[2021-02-10 04:53:22,500] {scheduler_job.py:639} INFO - DAG(s) dict_keys(['example_complex']) retrieved from /home/airflow/.local/lib/python3.8/site-packages/airflow/example_dags/example_complex.py
[2021-02-10 04:53:22,503] {logging_mixin.py:103} INFO - [2021-02-10 04:53:22,503] {dag.py:1813} INFO - Sync 1 DAGs
[2021-02-10 04:53:22,564] {logging_mixin.py:103} INFO - [2021-02-10 04:53:22,564] {dag.py:2266} INFO - Setting next_dagrun for example_complex to None
[2021-02-10 04:53:22,616] {scheduler_job.py:189} INFO - Processing /home/airflow/.local/lib/python3.8/site-packages/airflow/example_dags/example_complex.py took 0.170 seconds
[2021-02-10 04:53:24,958] {scheduler_job.py:181} INFO - Started process (PID=802) to work on /home/airflow/.local/lib/python3.8/site-packages/airflow/example_dags/example_complex.py
[2021-02-10 04:53:24,961] {scheduler_job.py:629} INFO - Processing file /home/airflow/.local/lib/python3.8/site-packages/airflow/example_dags/example_complex.py for tasks to queue
[2021-02-10 04:53:24,963] {logging_mixin.py:103} INFO - [2021-02-10 04:53:24,963] {dagbag.py:440} INFO - Filling up the DagBag from /home/airflow/.local/lib/python3.8/site-packages/airflow/example_dags/example_complex.py
[2021-02-10 04:53:24,994] {scheduler_job.py:639} INFO - DAG(s) dict_keys(['example_complex']) retrieved from /home/airflow/.local/lib/python3.8/site-packages/airflow/example_dags/example_complex.py
[2021-02-10 04:53:24,996] {logging_mixin.py:103} INFO - [2021-02-10 04:53:24,996] {dag.py:1813} INFO - Sync 1 DAGs
[2021-02-10 04:53:25,049] {logging_mixin.py:103} INFO - [2021-02-10 04:53:25,049] {dag.py:2266} INFO - Setting next_dagrun for example_complex to None
[2021-02-10 04:53:25,089] {scheduler_job.py:189} INFO - Processing /home/airflow/.local/lib/python3.8/site-packages/airflow/example_dags/example_complex.py took 0.137 seconds
[2021-02-10 04:53:27,701] {scheduler_job.py:181} INFO - Started process (PID=827) to work on /home/airflow/.local/lib/python3.8/site-packages/airflow/example_dags/example_complex.py
[2021-02-10 04:53:27,706] {scheduler_job.py:629} INFO - Processing file /home/airflow/.local/lib/python3.8/site-packages/airflow/example_dags/example_complex.py for tasks to queue
[2021-02-10 04:53:27,710] {logging_mixin.py:103} INFO - [2021-02-10 04:53:27,709] {dagbag.py:440} INFO - Filling up the DagBag from /home/airflow/.local/lib/python3.8/site-packages/airflow/example_dags/example_complex.py
[2021-02-10 04:53:27,761] {scheduler_job.py:639} INFO - DAG(s) dict_keys(['example_complex']) retrieved from /home/airflow/.local/lib/python3.8/site-packages/airflow/example_dags/example_complex.py
[2021-02-10 04:53:27,765] {logging_mixin.py:103} INFO - [2021-02-10 04:53:27,765] {dag.py:1813} INFO - Sync 1 DAGs
[2021-02-10 04:53:27,834] {logging_mixin.py:103} INFO - [2021-02-10 04:53:27,834] {dag.py:2266} INFO - Setting next_dagrun for example_complex to None
[2021-02-10 04:53:27,882] {scheduler_job.py:189} INFO - Processing /home/airflow/.local/lib/python3.8/site-packages/airflow/example_dags/example_complex.py took 0.189 seconds
[2021-02-10 04:53:30,346] {scheduler_job.py:181} INFO - Started process (PID=852) to work on /home/airflow/.local/lib/python3.8/site-packages/airflow/example_dags/example_complex.py
[2021-02-10 04:53:30,350] {scheduler_job.py:629} INFO - Processing file /home/airflow/.local/lib/python3.8/site-packages/airflow/example_dags/example_complex.py for tasks to queue
[2021-02-10 04:53:30,353] {logging_mixin.py:103} INFO - [2021-02-10 04:53:30,352] {dagbag.py:440} INFO - Filling up the DagBag from /home/airflow/.local/lib/python3.8/site-packages/airflow/example_dags/example_complex.py
[2021-02-10 04:53:30,561] {scheduler_job.py:639} INFO - DAG(s) dict_keys(['example_complex']) retrieved from /home/airflow/.local/lib/python3.8/site-packages/airflow/example_dags/example_complex.py
[2021-02-10 04:53:30,572] {logging_mixin.py:103} INFO - [2021-02-10 04:53:30,572] {dag.py:1813} INFO - Sync 1 DAGs
[2021-02-10 04:53:30,644] {logging_mixin.py:103} INFO - [2021-02-10 04:53:30,644] {dag.py:2266} INFO - Setting next_dagrun for example_complex to None
[2021-02-10 04:53:30,815] {scheduler_job.py:189} INFO - Processing /home/airflow/.local/lib/python3.8/site-packages/airflow/example_dags/example_complex.py took 0.477 seconds
[2021-02-10 04:53:33,749] {scheduler_job.py:181} INFO - Started process (PID=878) to work on /home/airflow/.local/lib/python3.8/site-packages/airflow/example_dags/example_complex.py
[2021-02-10 04:53:33,752] {scheduler_job.py:629} INFO - Processing file /home/airflow/.local/lib/python3.8/site-packages/airflow/example_dags/example_complex.py for tasks to queue
[2021-02-10 04:53:33,755] {logging_mixin.py:103} INFO - [2021-02-10 04:53:33,755] {dagbag.py:440} INFO - Filling up the DagBag from /home/airflow/.local/lib/python3.8/site-packages/airflow/example_dags/example_complex.py
[2021-02-10 04:53:33,788] {scheduler_job.py:639} INFO - DAG(s) dict_keys(['example_complex']) retrieved from /home/airflow/.local/lib/python3.8/site-packages/airflow/example_dags/example_complex.py
[2021-02-10 04:53:33,792] {logging_mixin.py:103} INFO - [2021-02-10 04:53:33,791] {dag.py:1813} INFO - Sync 1 DAGs
[2021-02-10 04:53:33,853] {logging_mixin.py:103} INFO - [2021-02-10 04:53:33,853] {dag.py:2266} INFO - Setting next_dagrun for example_complex to None
[2021-02-10 04:53:33,903] {scheduler_job.py:189} INFO - Processing /home/airflow/.local/lib/python3.8/site-packages/airflow/example_dags/example_complex.py took 0.160 seconds
[2021-02-10 04:53:36,599] {scheduler_job.py:181} INFO - Started process (PID=903) to work on /home/airflow/.local/lib/python3.8/site-packages/airflow/example_dags/example_complex.py
[2021-02-10 04:53:36,603] {scheduler_job.py:629} INFO - Processing file /home/airflow/.local/lib/python3.8/site-packages/airflow/example_dags/example_complex.py for tasks to queue
[2021-02-10 04:53:36,605] {logging_mixin.py:103} INFO - [2021-02-10 04:53:36,605] {dagbag.py:440} INFO - Filling up the DagBag from /home/airflow/.local/lib/python3.8/site-packages/airflow/example_dags/example_complex.py
[2021-02-10 04:53:36,651] {scheduler_job.py:639} INFO - DAG(s) dict_keys(['example_complex']) retrieved from /home/airflow/.local/lib/python3.8/site-packages/airflow/example_dags/example_complex.py
[2021-02-10 04:53:36,659] {logging_mixin.py:103} INFO - [2021-02-10 04:53:36,658] {dag.py:1813} INFO - Sync 1 DAGs
[2021-02-10 04:53:36,751] {logging_mixin.py:103} INFO - [2021-02-10 04:53:36,751] {dag.py:2266} INFO - Setting next_dagrun for example_complex to None
[2021-02-10 04:53:36,813] {scheduler_job.py:189} INFO - Processing /home/airflow/.local/lib/python3.8/site-packages/airflow/example_dags/example_complex.py took 0.222 seconds
[2021-02-10 04:53:39,759] {scheduler_job.py:181} INFO - Started process (PID=929) to work on /home/airflow/.local/lib/python3.8/site-packages/airflow/example_dags/example_complex.py
[2021-02-10 04:53:39,762] {scheduler_job.py:629} INFO - Processing file /home/airflow/.local/lib/python3.8/site-packages/airflow/example_dags/example_complex.py for tasks to queue
[2021-02-10 04:53:39,765] {logging_mixin.py:103} INFO - [2021-02-10 04:53:39,765] {dagbag.py:440} INFO - Filling up the DagBag from /home/airflow/.local/lib/python3.8/site-packages/airflow/example_dags/example_complex.py
[2021-02-10 04:53:39,794] {scheduler_job.py:639} INFO - DAG(s) dict_keys(['example_complex']) retrieved from /home/airflow/.local/lib/python3.8/site-packages/airflow/example_dags/example_complex.py
[2021-02-10 04:53:39,798] {logging_mixin.py:103} INFO - [2021-02-10 04:53:39,798] {dag.py:1813} INFO - Sync 1 DAGs
[2021-02-10 04:53:39,856] {logging_mixin.py:103} INFO - [2021-02-10 04:53:39,856] {dag.py:2266} INFO - Setting next_dagrun for example_complex to None
[2021-02-10 04:53:39,914] {scheduler_job.py:189} INFO - Processing /home/airflow/.local/lib/python3.8/site-packages/airflow/example_dags/example_complex.py took 0.161 seconds
[2021-02-10 04:53:42,281] {scheduler_job.py:181} INFO - Started process (PID=954) to work on /home/airflow/.local/lib/python3.8/site-packages/airflow/example_dags/example_complex.py
[2021-02-10 04:53:42,283] {scheduler_job.py:629} INFO - Processing file /home/airflow/.local/lib/python3.8/site-packages/airflow/example_dags/example_complex.py for tasks to queue
[2021-02-10 04:53:42,285] {logging_mixin.py:103} INFO - [2021-02-10 04:53:42,285] {dagbag.py:440} INFO - Filling up the DagBag from /home/airflow/.local/lib/python3.8/site-packages/airflow/example_dags/example_complex.py
[2021-02-10 04:53:42,334] {scheduler_job.py:639} INFO - DAG(s) dict_keys(['example_complex']) retrieved from /home/airflow/.local/lib/python3.8/site-packages/airflow/example_dags/example_complex.py
[2021-02-10 04:53:42,341] {logging_mixin.py:103} INFO - [2021-02-10 04:53:42,340] {dag.py:1813} INFO - Sync 1 DAGs
[2021-02-10 04:53:42,531] {logging_mixin.py:103} INFO - [2021-02-10 04:53:42,530] {dag.py:2266} INFO - Setting next_dagrun for example_complex to None
[2021-02-10 04:53:42,603] {scheduler_job.py:189} INFO - Processing /home/airflow/.local/lib/python3.8/site-packages/airflow/example_dags/example_complex.py took 0.329 seconds
[2021-02-10 04:53:46,975] {scheduler_job.py:181} INFO - Started process (PID=979) to work on /home/airflow/.local/lib/python3.8/site-packages/airflow/example_dags/example_complex.py
[2021-02-10 04:53:46,979] {scheduler_job.py:629} INFO - Processing file /home/airflow/.local/lib/python3.8/site-packages/airflow/example_dags/example_complex.py for tasks to queue
