[2021-02-10 05:02:33,323] {scheduler_job.py:181} INFO - Started process (PID=37) to work on /home/airflow/.local/lib/python3.8/site-packages/airflow/example_dags/example_latest_only.py
[2021-02-10 05:02:33,328] {scheduler_job.py:629} INFO - Processing file /home/airflow/.local/lib/python3.8/site-packages/airflow/example_dags/example_latest_only.py for tasks to queue
[2021-02-10 05:02:33,333] {logging_mixin.py:103} INFO - [2021-02-10 05:02:33,333] {dagbag.py:440} INFO - Filling up the DagBag from /home/airflow/.local/lib/python3.8/site-packages/airflow/example_dags/example_latest_only.py
[2021-02-10 05:02:33,367] {scheduler_job.py:639} INFO - DAG(s) dict_keys(['latest_only']) retrieved from /home/airflow/.local/lib/python3.8/site-packages/airflow/example_dags/example_latest_only.py
[2021-02-10 05:02:33,378] {logging_mixin.py:103} INFO - [2021-02-10 05:02:33,378] {dag.py:1813} INFO - Sync 1 DAGs
[2021-02-10 05:02:33,433] {logging_mixin.py:103} INFO - [2021-02-10 05:02:33,432] {dag.py:2266} INFO - Setting next_dagrun for latest_only to 2021-02-08 00:00:00+00:00
[2021-02-10 05:02:33,537] {scheduler_job.py:189} INFO - Processing /home/airflow/.local/lib/python3.8/site-packages/airflow/example_dags/example_latest_only.py took 0.234 seconds
[2021-02-10 05:02:39,403] {scheduler_job.py:181} INFO - Started process (PID=63) to work on /home/airflow/.local/lib/python3.8/site-packages/airflow/example_dags/example_latest_only.py
[2021-02-10 05:02:39,407] {scheduler_job.py:629} INFO - Processing file /home/airflow/.local/lib/python3.8/site-packages/airflow/example_dags/example_latest_only.py for tasks to queue
[2021-02-10 05:02:39,410] {logging_mixin.py:103} INFO - [2021-02-10 05:02:39,410] {dagbag.py:440} INFO - Filling up the DagBag from /home/airflow/.local/lib/python3.8/site-packages/airflow/example_dags/example_latest_only.py
[2021-02-10 05:02:39,431] {scheduler_job.py:639} INFO - DAG(s) dict_keys(['latest_only']) retrieved from /home/airflow/.local/lib/python3.8/site-packages/airflow/example_dags/example_latest_only.py
[2021-02-10 05:02:39,437] {logging_mixin.py:103} INFO - [2021-02-10 05:02:39,437] {dag.py:1813} INFO - Sync 1 DAGs
[2021-02-10 05:02:39,532] {logging_mixin.py:103} INFO - [2021-02-10 05:02:39,532] {dag.py:2266} INFO - Setting next_dagrun for latest_only to 2021-02-08 00:00:00+00:00
[2021-02-10 05:02:39,576] {scheduler_job.py:189} INFO - Processing /home/airflow/.local/lib/python3.8/site-packages/airflow/example_dags/example_latest_only.py took 0.179 seconds
[2021-02-10 05:02:42,516] {scheduler_job.py:181} INFO - Started process (PID=87) to work on /home/airflow/.local/lib/python3.8/site-packages/airflow/example_dags/example_latest_only.py
[2021-02-10 05:02:42,519] {scheduler_job.py:629} INFO - Processing file /home/airflow/.local/lib/python3.8/site-packages/airflow/example_dags/example_latest_only.py for tasks to queue
[2021-02-10 05:02:42,522] {logging_mixin.py:103} INFO - [2021-02-10 05:02:42,522] {dagbag.py:440} INFO - Filling up the DagBag from /home/airflow/.local/lib/python3.8/site-packages/airflow/example_dags/example_latest_only.py
[2021-02-10 05:02:42,548] {scheduler_job.py:639} INFO - DAG(s) dict_keys(['latest_only']) retrieved from /home/airflow/.local/lib/python3.8/site-packages/airflow/example_dags/example_latest_only.py
[2021-02-10 05:02:42,551] {logging_mixin.py:103} INFO - [2021-02-10 05:02:42,551] {dag.py:1813} INFO - Sync 1 DAGs
[2021-02-10 05:02:42,629] {logging_mixin.py:103} INFO - [2021-02-10 05:02:42,629] {dag.py:2266} INFO - Setting next_dagrun for latest_only to 2021-02-08 00:00:00+00:00
[2021-02-10 05:02:42,803] {scheduler_job.py:189} INFO - Processing /home/airflow/.local/lib/python3.8/site-packages/airflow/example_dags/example_latest_only.py took 0.293 seconds
[2021-02-10 05:02:47,197] {scheduler_job.py:181} INFO - Started process (PID=112) to work on /home/airflow/.local/lib/python3.8/site-packages/airflow/example_dags/example_latest_only.py
[2021-02-10 05:02:47,207] {scheduler_job.py:629} INFO - Processing file /home/airflow/.local/lib/python3.8/site-packages/airflow/example_dags/example_latest_only.py for tasks to queue
[2021-02-10 05:02:47,211] {logging_mixin.py:103} INFO - [2021-02-10 05:02:47,210] {dagbag.py:440} INFO - Filling up the DagBag from /home/airflow/.local/lib/python3.8/site-packages/airflow/example_dags/example_latest_only.py
[2021-02-10 05:02:47,245] {scheduler_job.py:639} INFO - DAG(s) dict_keys(['latest_only']) retrieved from /home/airflow/.local/lib/python3.8/site-packages/airflow/example_dags/example_latest_only.py
[2021-02-10 05:02:47,249] {logging_mixin.py:103} INFO - [2021-02-10 05:02:47,249] {dag.py:1813} INFO - Sync 1 DAGs
[2021-02-10 05:02:47,332] {logging_mixin.py:103} INFO - [2021-02-10 05:02:47,332] {dag.py:2266} INFO - Setting next_dagrun for latest_only to 2021-02-08 00:00:00+00:00
[2021-02-10 05:02:47,432] {scheduler_job.py:189} INFO - Processing /home/airflow/.local/lib/python3.8/site-packages/airflow/example_dags/example_latest_only.py took 0.245 seconds
[2021-02-10 05:02:52,042] {scheduler_job.py:181} INFO - Started process (PID=137) to work on /home/airflow/.local/lib/python3.8/site-packages/airflow/example_dags/example_latest_only.py
[2021-02-10 05:02:52,047] {scheduler_job.py:629} INFO - Processing file /home/airflow/.local/lib/python3.8/site-packages/airflow/example_dags/example_latest_only.py for tasks to queue
[2021-02-10 05:02:52,049] {logging_mixin.py:103} INFO - [2021-02-10 05:02:52,049] {dagbag.py:440} INFO - Filling up the DagBag from /home/airflow/.local/lib/python3.8/site-packages/airflow/example_dags/example_latest_only.py
[2021-02-10 05:02:52,102] {scheduler_job.py:639} INFO - DAG(s) dict_keys(['latest_only']) retrieved from /home/airflow/.local/lib/python3.8/site-packages/airflow/example_dags/example_latest_only.py
[2021-02-10 05:02:52,107] {logging_mixin.py:103} INFO - [2021-02-10 05:02:52,106] {dag.py:1813} INFO - Sync 1 DAGs
[2021-02-10 05:02:52,191] {logging_mixin.py:103} INFO - [2021-02-10 05:02:52,190] {dag.py:2266} INFO - Setting next_dagrun for latest_only to 2021-02-08 00:00:00+00:00
[2021-02-10 05:02:52,238] {scheduler_job.py:189} INFO - Processing /home/airflow/.local/lib/python3.8/site-packages/airflow/example_dags/example_latest_only.py took 0.203 seconds
[2021-02-10 05:02:55,344] {scheduler_job.py:181} INFO - Started process (PID=162) to work on /home/airflow/.local/lib/python3.8/site-packages/airflow/example_dags/example_latest_only.py
[2021-02-10 05:02:55,348] {scheduler_job.py:629} INFO - Processing file /home/airflow/.local/lib/python3.8/site-packages/airflow/example_dags/example_latest_only.py for tasks to queue
[2021-02-10 05:02:55,351] {logging_mixin.py:103} INFO - [2021-02-10 05:02:55,351] {dagbag.py:440} INFO - Filling up the DagBag from /home/airflow/.local/lib/python3.8/site-packages/airflow/example_dags/example_latest_only.py
[2021-02-10 05:02:55,377] {scheduler_job.py:639} INFO - DAG(s) dict_keys(['latest_only']) retrieved from /home/airflow/.local/lib/python3.8/site-packages/airflow/example_dags/example_latest_only.py
[2021-02-10 05:02:55,381] {logging_mixin.py:103} INFO - [2021-02-10 05:02:55,381] {dag.py:1813} INFO - Sync 1 DAGs
[2021-02-10 05:02:55,461] {logging_mixin.py:103} INFO - [2021-02-10 05:02:55,461] {dag.py:2266} INFO - Setting next_dagrun for latest_only to 2021-02-08 00:00:00+00:00
[2021-02-10 05:02:55,519] {scheduler_job.py:189} INFO - Processing /home/airflow/.local/lib/python3.8/site-packages/airflow/example_dags/example_latest_only.py took 0.183 seconds
[2021-02-10 05:02:59,227] {scheduler_job.py:181} INFO - Started process (PID=187) to work on /home/airflow/.local/lib/python3.8/site-packages/airflow/example_dags/example_latest_only.py
[2021-02-10 05:02:59,231] {scheduler_job.py:629} INFO - Processing file /home/airflow/.local/lib/python3.8/site-packages/airflow/example_dags/example_latest_only.py for tasks to queue
[2021-02-10 05:02:59,234] {logging_mixin.py:103} INFO - [2021-02-10 05:02:59,233] {dagbag.py:440} INFO - Filling up the DagBag from /home/airflow/.local/lib/python3.8/site-packages/airflow/example_dags/example_latest_only.py
[2021-02-10 05:02:59,269] {scheduler_job.py:639} INFO - DAG(s) dict_keys(['latest_only']) retrieved from /home/airflow/.local/lib/python3.8/site-packages/airflow/example_dags/example_latest_only.py
[2021-02-10 05:02:59,274] {logging_mixin.py:103} INFO - [2021-02-10 05:02:59,273] {dag.py:1813} INFO - Sync 1 DAGs
[2021-02-10 05:02:59,349] {logging_mixin.py:103} INFO - [2021-02-10 05:02:59,349] {dag.py:2266} INFO - Setting next_dagrun for latest_only to 2021-02-08 00:00:00+00:00
[2021-02-10 05:02:59,398] {scheduler_job.py:189} INFO - Processing /home/airflow/.local/lib/python3.8/site-packages/airflow/example_dags/example_latest_only.py took 0.185 seconds
[2021-02-10 05:03:06,556] {scheduler_job.py:181} INFO - Started process (PID=212) to work on /home/airflow/.local/lib/python3.8/site-packages/airflow/example_dags/example_latest_only.py
[2021-02-10 05:03:06,589] {scheduler_job.py:629} INFO - Processing file /home/airflow/.local/lib/python3.8/site-packages/airflow/example_dags/example_latest_only.py for tasks to queue
[2021-02-10 05:03:06,600] {logging_mixin.py:103} INFO - [2021-02-10 05:03:06,599] {dagbag.py:440} INFO - Filling up the DagBag from /home/airflow/.local/lib/python3.8/site-packages/airflow/example_dags/example_latest_only.py
[2021-02-10 05:03:06,680] {scheduler_job.py:639} INFO - DAG(s) dict_keys(['latest_only']) retrieved from /home/airflow/.local/lib/python3.8/site-packages/airflow/example_dags/example_latest_only.py
[2021-02-10 05:03:06,704] {logging_mixin.py:103} INFO - [2021-02-10 05:03:06,694] {dag.py:1813} INFO - Sync 1 DAGs
[2021-02-10 05:03:06,797] {logging_mixin.py:103} INFO - [2021-02-10 05:03:06,797] {dag.py:2266} INFO - Setting next_dagrun for latest_only to 2021-02-08 00:00:00+00:00
[2021-02-10 05:03:06,832] {scheduler_job.py:189} INFO - Processing /home/airflow/.local/lib/python3.8/site-packages/airflow/example_dags/example_latest_only.py took 0.293 seconds
[2021-02-10 05:03:11,651] {scheduler_job.py:181} INFO - Started process (PID=237) to work on /home/airflow/.local/lib/python3.8/site-packages/airflow/example_dags/example_latest_only.py
[2021-02-10 05:03:11,660] {scheduler_job.py:629} INFO - Processing file /home/airflow/.local/lib/python3.8/site-packages/airflow/example_dags/example_latest_only.py for tasks to queue
[2021-02-10 05:03:11,670] {logging_mixin.py:103} INFO - [2021-02-10 05:03:11,670] {dagbag.py:440} INFO - Filling up the DagBag from /home/airflow/.local/lib/python3.8/site-packages/airflow/example_dags/example_latest_only.py
[2021-02-10 05:03:11,861] {scheduler_job.py:639} INFO - DAG(s) dict_keys(['latest_only']) retrieved from /home/airflow/.local/lib/python3.8/site-packages/airflow/example_dags/example_latest_only.py
[2021-02-10 05:03:11,900] {logging_mixin.py:103} INFO - [2021-02-10 05:03:11,899] {dag.py:1813} INFO - Sync 1 DAGs
[2021-02-10 05:03:12,090] {logging_mixin.py:103} INFO - [2021-02-10 05:03:12,087] {dag.py:2266} INFO - Setting next_dagrun for latest_only to 2021-02-08 00:00:00+00:00
[2021-02-10 05:03:12,241] {scheduler_job.py:189} INFO - Processing /home/airflow/.local/lib/python3.8/site-packages/airflow/example_dags/example_latest_only.py took 0.689 seconds
