[2021-02-10 05:02:29,378] {scheduler_job.py:181} INFO - Started process (PID=24) to work on /home/airflow/.local/lib/python3.8/site-packages/airflow/example_dags/example_kubernetes_executor_config.py
[2021-02-10 05:02:29,394] {scheduler_job.py:629} INFO - Processing file /home/airflow/.local/lib/python3.8/site-packages/airflow/example_dags/example_kubernetes_executor_config.py for tasks to queue
[2021-02-10 05:02:29,399] {logging_mixin.py:103} INFO - [2021-02-10 05:02:29,397] {dagbag.py:440} INFO - Filling up the DagBag from /home/airflow/.local/lib/python3.8/site-packages/airflow/example_dags/example_kubernetes_executor_config.py
[2021-02-10 05:02:29,545] {scheduler_job.py:639} INFO - DAG(s) dict_keys(['example_kubernetes_executor_config']) retrieved from /home/airflow/.local/lib/python3.8/site-packages/airflow/example_dags/example_kubernetes_executor_config.py
[2021-02-10 05:02:29,588] {logging_mixin.py:103} INFO - [2021-02-10 05:02:29,566] {dag.py:1813} INFO - Sync 1 DAGs
[2021-02-10 05:02:29,772] {logging_mixin.py:103} INFO - [2021-02-10 05:02:29,772] {dag.py:2266} INFO - Setting next_dagrun for example_kubernetes_executor_config to None
[2021-02-10 05:02:30,083] {scheduler_job.py:189} INFO - Processing /home/airflow/.local/lib/python3.8/site-packages/airflow/example_dags/example_kubernetes_executor_config.py took 0.748 seconds
[2021-02-10 05:02:36,834] {scheduler_job.py:181} INFO - Started process (PID=50) to work on /home/airflow/.local/lib/python3.8/site-packages/airflow/example_dags/example_kubernetes_executor_config.py
[2021-02-10 05:02:36,840] {scheduler_job.py:629} INFO - Processing file /home/airflow/.local/lib/python3.8/site-packages/airflow/example_dags/example_kubernetes_executor_config.py for tasks to queue
[2021-02-10 05:02:36,843] {logging_mixin.py:103} INFO - [2021-02-10 05:02:36,843] {dagbag.py:440} INFO - Filling up the DagBag from /home/airflow/.local/lib/python3.8/site-packages/airflow/example_dags/example_kubernetes_executor_config.py
[2021-02-10 05:02:36,868] {scheduler_job.py:639} INFO - DAG(s) dict_keys(['example_kubernetes_executor_config']) retrieved from /home/airflow/.local/lib/python3.8/site-packages/airflow/example_dags/example_kubernetes_executor_config.py
[2021-02-10 05:02:36,871] {logging_mixin.py:103} INFO - [2021-02-10 05:02:36,871] {dag.py:1813} INFO - Sync 1 DAGs
[2021-02-10 05:02:36,912] {logging_mixin.py:103} INFO - [2021-02-10 05:02:36,912] {dag.py:2266} INFO - Setting next_dagrun for example_kubernetes_executor_config to None
[2021-02-10 05:02:36,935] {scheduler_job.py:189} INFO - Processing /home/airflow/.local/lib/python3.8/site-packages/airflow/example_dags/example_kubernetes_executor_config.py took 0.115 seconds
[2021-02-10 05:02:40,715] {scheduler_job.py:181} INFO - Started process (PID=74) to work on /home/airflow/.local/lib/python3.8/site-packages/airflow/example_dags/example_kubernetes_executor_config.py
[2021-02-10 05:02:40,721] {scheduler_job.py:629} INFO - Processing file /home/airflow/.local/lib/python3.8/site-packages/airflow/example_dags/example_kubernetes_executor_config.py for tasks to queue
[2021-02-10 05:02:40,724] {logging_mixin.py:103} INFO - [2021-02-10 05:02:40,724] {dagbag.py:440} INFO - Filling up the DagBag from /home/airflow/.local/lib/python3.8/site-packages/airflow/example_dags/example_kubernetes_executor_config.py
[2021-02-10 05:02:40,754] {scheduler_job.py:639} INFO - DAG(s) dict_keys(['example_kubernetes_executor_config']) retrieved from /home/airflow/.local/lib/python3.8/site-packages/airflow/example_dags/example_kubernetes_executor_config.py
[2021-02-10 05:02:40,757] {logging_mixin.py:103} INFO - [2021-02-10 05:02:40,756] {dag.py:1813} INFO - Sync 1 DAGs
[2021-02-10 05:02:40,807] {logging_mixin.py:103} INFO - [2021-02-10 05:02:40,807] {dag.py:2266} INFO - Setting next_dagrun for example_kubernetes_executor_config to None
[2021-02-10 05:02:40,867] {scheduler_job.py:189} INFO - Processing /home/airflow/.local/lib/python3.8/site-packages/airflow/example_dags/example_kubernetes_executor_config.py took 0.159 seconds
[2021-02-10 05:02:44,252] {scheduler_job.py:181} INFO - Started process (PID=99) to work on /home/airflow/.local/lib/python3.8/site-packages/airflow/example_dags/example_kubernetes_executor_config.py
[2021-02-10 05:02:44,283] {scheduler_job.py:629} INFO - Processing file /home/airflow/.local/lib/python3.8/site-packages/airflow/example_dags/example_kubernetes_executor_config.py for tasks to queue
[2021-02-10 05:02:44,318] {logging_mixin.py:103} INFO - [2021-02-10 05:02:44,315] {dagbag.py:440} INFO - Filling up the DagBag from /home/airflow/.local/lib/python3.8/site-packages/airflow/example_dags/example_kubernetes_executor_config.py
[2021-02-10 05:02:44,529] {scheduler_job.py:639} INFO - DAG(s) dict_keys(['example_kubernetes_executor_config']) retrieved from /home/airflow/.local/lib/python3.8/site-packages/airflow/example_dags/example_kubernetes_executor_config.py
[2021-02-10 05:02:44,555] {logging_mixin.py:103} INFO - [2021-02-10 05:02:44,553] {dag.py:1813} INFO - Sync 1 DAGs
[2021-02-10 05:02:44,815] {logging_mixin.py:103} INFO - [2021-02-10 05:02:44,814] {dag.py:2266} INFO - Setting next_dagrun for example_kubernetes_executor_config to None
[2021-02-10 05:02:44,901] {scheduler_job.py:189} INFO - Processing /home/airflow/.local/lib/python3.8/site-packages/airflow/example_dags/example_kubernetes_executor_config.py took 0.737 seconds
[2021-02-10 05:02:49,371] {scheduler_job.py:181} INFO - Started process (PID=124) to work on /home/airflow/.local/lib/python3.8/site-packages/airflow/example_dags/example_kubernetes_executor_config.py
[2021-02-10 05:02:49,387] {scheduler_job.py:629} INFO - Processing file /home/airflow/.local/lib/python3.8/site-packages/airflow/example_dags/example_kubernetes_executor_config.py for tasks to queue
[2021-02-10 05:02:49,394] {logging_mixin.py:103} INFO - [2021-02-10 05:02:49,394] {dagbag.py:440} INFO - Filling up the DagBag from /home/airflow/.local/lib/python3.8/site-packages/airflow/example_dags/example_kubernetes_executor_config.py
[2021-02-10 05:02:49,423] {scheduler_job.py:639} INFO - DAG(s) dict_keys(['example_kubernetes_executor_config']) retrieved from /home/airflow/.local/lib/python3.8/site-packages/airflow/example_dags/example_kubernetes_executor_config.py
[2021-02-10 05:02:49,426] {logging_mixin.py:103} INFO - [2021-02-10 05:02:49,426] {dag.py:1813} INFO - Sync 1 DAGs
[2021-02-10 05:02:49,497] {logging_mixin.py:103} INFO - [2021-02-10 05:02:49,497] {dag.py:2266} INFO - Setting next_dagrun for example_kubernetes_executor_config to None
[2021-02-10 05:02:49,579] {scheduler_job.py:189} INFO - Processing /home/airflow/.local/lib/python3.8/site-packages/airflow/example_dags/example_kubernetes_executor_config.py took 0.241 seconds
[2021-02-10 05:02:53,210] {scheduler_job.py:181} INFO - Started process (PID=149) to work on /home/airflow/.local/lib/python3.8/site-packages/airflow/example_dags/example_kubernetes_executor_config.py
[2021-02-10 05:02:53,216] {scheduler_job.py:629} INFO - Processing file /home/airflow/.local/lib/python3.8/site-packages/airflow/example_dags/example_kubernetes_executor_config.py for tasks to queue
[2021-02-10 05:02:53,218] {logging_mixin.py:103} INFO - [2021-02-10 05:02:53,218] {dagbag.py:440} INFO - Filling up the DagBag from /home/airflow/.local/lib/python3.8/site-packages/airflow/example_dags/example_kubernetes_executor_config.py
[2021-02-10 05:02:53,264] {scheduler_job.py:639} INFO - DAG(s) dict_keys(['example_kubernetes_executor_config']) retrieved from /home/airflow/.local/lib/python3.8/site-packages/airflow/example_dags/example_kubernetes_executor_config.py
[2021-02-10 05:02:53,270] {logging_mixin.py:103} INFO - [2021-02-10 05:02:53,269] {dag.py:1813} INFO - Sync 1 DAGs
[2021-02-10 05:02:53,371] {logging_mixin.py:103} INFO - [2021-02-10 05:02:53,371] {dag.py:2266} INFO - Setting next_dagrun for example_kubernetes_executor_config to None
[2021-02-10 05:02:53,414] {scheduler_job.py:189} INFO - Processing /home/airflow/.local/lib/python3.8/site-packages/airflow/example_dags/example_kubernetes_executor_config.py took 0.212 seconds
[2021-02-10 05:02:57,587] {scheduler_job.py:181} INFO - Started process (PID=174) to work on /home/airflow/.local/lib/python3.8/site-packages/airflow/example_dags/example_kubernetes_executor_config.py
[2021-02-10 05:02:57,598] {scheduler_job.py:629} INFO - Processing file /home/airflow/.local/lib/python3.8/site-packages/airflow/example_dags/example_kubernetes_executor_config.py for tasks to queue
[2021-02-10 05:02:57,612] {logging_mixin.py:103} INFO - [2021-02-10 05:02:57,612] {dagbag.py:440} INFO - Filling up the DagBag from /home/airflow/.local/lib/python3.8/site-packages/airflow/example_dags/example_kubernetes_executor_config.py
[2021-02-10 05:02:57,711] {scheduler_job.py:639} INFO - DAG(s) dict_keys(['example_kubernetes_executor_config']) retrieved from /home/airflow/.local/lib/python3.8/site-packages/airflow/example_dags/example_kubernetes_executor_config.py
[2021-02-10 05:02:57,720] {logging_mixin.py:103} INFO - [2021-02-10 05:02:57,720] {dag.py:1813} INFO - Sync 1 DAGs
[2021-02-10 05:02:57,812] {logging_mixin.py:103} INFO - [2021-02-10 05:02:57,812] {dag.py:2266} INFO - Setting next_dagrun for example_kubernetes_executor_config to None
[2021-02-10 05:02:57,846] {scheduler_job.py:189} INFO - Processing /home/airflow/.local/lib/python3.8/site-packages/airflow/example_dags/example_kubernetes_executor_config.py took 0.278 seconds
[2021-02-10 05:03:04,532] {scheduler_job.py:181} INFO - Started process (PID=199) to work on /home/airflow/.local/lib/python3.8/site-packages/airflow/example_dags/example_kubernetes_executor_config.py
[2021-02-10 05:03:04,540] {scheduler_job.py:629} INFO - Processing file /home/airflow/.local/lib/python3.8/site-packages/airflow/example_dags/example_kubernetes_executor_config.py for tasks to queue
[2021-02-10 05:03:04,544] {logging_mixin.py:103} INFO - [2021-02-10 05:03:04,543] {dagbag.py:440} INFO - Filling up the DagBag from /home/airflow/.local/lib/python3.8/site-packages/airflow/example_dags/example_kubernetes_executor_config.py
[2021-02-10 05:03:04,592] {scheduler_job.py:639} INFO - DAG(s) dict_keys(['example_kubernetes_executor_config']) retrieved from /home/airflow/.local/lib/python3.8/site-packages/airflow/example_dags/example_kubernetes_executor_config.py
[2021-02-10 05:03:04,624] {logging_mixin.py:103} INFO - [2021-02-10 05:03:04,624] {dag.py:1813} INFO - Sync 1 DAGs
[2021-02-10 05:03:04,751] {logging_mixin.py:103} INFO - [2021-02-10 05:03:04,749] {dag.py:2266} INFO - Setting next_dagrun for example_kubernetes_executor_config to None
[2021-02-10 05:03:04,853] {scheduler_job.py:189} INFO - Processing /home/airflow/.local/lib/python3.8/site-packages/airflow/example_dags/example_kubernetes_executor_config.py took 0.332 seconds
[2021-02-10 05:03:09,155] {scheduler_job.py:181} INFO - Started process (PID=224) to work on /home/airflow/.local/lib/python3.8/site-packages/airflow/example_dags/example_kubernetes_executor_config.py
[2021-02-10 05:03:09,159] {scheduler_job.py:629} INFO - Processing file /home/airflow/.local/lib/python3.8/site-packages/airflow/example_dags/example_kubernetes_executor_config.py for tasks to queue
[2021-02-10 05:03:09,161] {logging_mixin.py:103} INFO - [2021-02-10 05:03:09,161] {dagbag.py:440} INFO - Filling up the DagBag from /home/airflow/.local/lib/python3.8/site-packages/airflow/example_dags/example_kubernetes_executor_config.py
[2021-02-10 05:03:09,232] {scheduler_job.py:639} INFO - DAG(s) dict_keys(['example_kubernetes_executor_config']) retrieved from /home/airflow/.local/lib/python3.8/site-packages/airflow/example_dags/example_kubernetes_executor_config.py
[2021-02-10 05:03:09,236] {logging_mixin.py:103} INFO - [2021-02-10 05:03:09,236] {dag.py:1813} INFO - Sync 1 DAGs
[2021-02-10 05:03:09,345] {logging_mixin.py:103} INFO - [2021-02-10 05:03:09,345] {dag.py:2266} INFO - Setting next_dagrun for example_kubernetes_executor_config to None
[2021-02-10 05:03:09,395] {scheduler_job.py:189} INFO - Processing /home/airflow/.local/lib/python3.8/site-packages/airflow/example_dags/example_kubernetes_executor_config.py took 0.273 seconds
[2021-02-10 05:03:14,642] {scheduler_job.py:181} INFO - Started process (PID=249) to work on /home/airflow/.local/lib/python3.8/site-packages/airflow/example_dags/example_kubernetes_executor_config.py
[2021-02-10 05:03:14,659] {scheduler_job.py:629} INFO - Processing file /home/airflow/.local/lib/python3.8/site-packages/airflow/example_dags/example_kubernetes_executor_config.py for tasks to queue
[2021-02-10 05:03:14,666] {logging_mixin.py:103} INFO - [2021-02-10 05:03:14,665] {dagbag.py:440} INFO - Filling up the DagBag from /home/airflow/.local/lib/python3.8/site-packages/airflow/example_dags/example_kubernetes_executor_config.py
[2021-02-10 05:03:14,723] {scheduler_job.py:639} INFO - DAG(s) dict_keys(['example_kubernetes_executor_config']) retrieved from /home/airflow/.local/lib/python3.8/site-packages/airflow/example_dags/example_kubernetes_executor_config.py
[2021-02-10 05:03:14,730] {logging_mixin.py:103} INFO - [2021-02-10 05:03:14,730] {dag.py:1813} INFO - Sync 1 DAGs
[2021-02-10 05:03:14,889] {logging_mixin.py:103} INFO - [2021-02-10 05:03:14,889] {dag.py:2266} INFO - Setting next_dagrun for example_kubernetes_executor_config to None
[2021-02-10 05:03:15,008] {scheduler_job.py:189} INFO - Processing /home/airflow/.local/lib/python3.8/site-packages/airflow/example_dags/example_kubernetes_executor_config.py took 0.380 seconds
