[2021-02-10 03:52:52,634] {scheduler_job.py:181} INFO - Started process (PID=45) to work on /home/airflow/.local/lib/python3.8/site-packages/airflow/example_dags/example_xcomargs.py
[2021-02-10 03:52:52,639] {scheduler_job.py:629} INFO - Processing file /home/airflow/.local/lib/python3.8/site-packages/airflow/example_dags/example_xcomargs.py for tasks to queue
[2021-02-10 03:52:52,641] {logging_mixin.py:103} INFO - [2021-02-10 03:52:52,641] {dagbag.py:440} INFO - Filling up the DagBag from /home/airflow/.local/lib/python3.8/site-packages/airflow/example_dags/example_xcomargs.py
[2021-02-10 03:52:52,681] {scheduler_job.py:639} INFO - DAG(s) dict_keys(['example_xcom_args', 'example_xcom_args_with_operators']) retrieved from /home/airflow/.local/lib/python3.8/site-packages/airflow/example_dags/example_xcomargs.py
[2021-02-10 03:52:52,691] {logging_mixin.py:103} INFO - [2021-02-10 03:52:52,691] {dag.py:1813} INFO - Sync 2 DAGs
[2021-02-10 03:52:52,832] {logging_mixin.py:103} INFO - [2021-02-10 03:52:52,832] {dag.py:1832} INFO - Creating ORM DAG for example_xcom_args_with_operators
[2021-02-10 03:52:52,835] {logging_mixin.py:103} INFO - [2021-02-10 03:52:52,835] {dag.py:1832} INFO - Creating ORM DAG for example_xcom_args
[2021-02-10 03:52:52,860] {logging_mixin.py:103} INFO - [2021-02-10 03:52:52,859] {dag.py:2266} INFO - Setting next_dagrun for example_xcom_args to None
[2021-02-10 03:52:52,862] {logging_mixin.py:103} INFO - [2021-02-10 03:52:52,862] {dag.py:2266} INFO - Setting next_dagrun for example_xcom_args_with_operators to None
[2021-02-10 03:52:52,988] {scheduler_job.py:189} INFO - Processing /home/airflow/.local/lib/python3.8/site-packages/airflow/example_dags/example_xcomargs.py took 0.362 seconds
[2021-02-10 03:52:57,947] {scheduler_job.py:181} INFO - Started process (PID=71) to work on /home/airflow/.local/lib/python3.8/site-packages/airflow/example_dags/example_xcomargs.py
[2021-02-10 03:52:57,954] {scheduler_job.py:629} INFO - Processing file /home/airflow/.local/lib/python3.8/site-packages/airflow/example_dags/example_xcomargs.py for tasks to queue
[2021-02-10 03:52:57,959] {logging_mixin.py:103} INFO - [2021-02-10 03:52:57,959] {dagbag.py:440} INFO - Filling up the DagBag from /home/airflow/.local/lib/python3.8/site-packages/airflow/example_dags/example_xcomargs.py
[2021-02-10 03:52:58,031] {scheduler_job.py:639} INFO - DAG(s) dict_keys(['example_xcom_args', 'example_xcom_args_with_operators']) retrieved from /home/airflow/.local/lib/python3.8/site-packages/airflow/example_dags/example_xcomargs.py
[2021-02-10 03:52:58,049] {logging_mixin.py:103} INFO - [2021-02-10 03:52:58,049] {dag.py:1813} INFO - Sync 2 DAGs
[2021-02-10 03:52:58,302] {logging_mixin.py:103} INFO - [2021-02-10 03:52:58,302] {dag.py:2266} INFO - Setting next_dagrun for example_xcom_args to None
[2021-02-10 03:52:58,306] {logging_mixin.py:103} INFO - [2021-02-10 03:52:58,306] {dag.py:2266} INFO - Setting next_dagrun for example_xcom_args_with_operators to None
[2021-02-10 03:52:58,382] {scheduler_job.py:189} INFO - Processing /home/airflow/.local/lib/python3.8/site-packages/airflow/example_dags/example_xcomargs.py took 0.476 seconds
[2021-02-10 03:53:07,507] {scheduler_job.py:181} INFO - Started process (PID=120) to work on /home/airflow/.local/lib/python3.8/site-packages/airflow/example_dags/example_xcomargs.py
[2021-02-10 03:53:07,512] {scheduler_job.py:629} INFO - Processing file /home/airflow/.local/lib/python3.8/site-packages/airflow/example_dags/example_xcomargs.py for tasks to queue
[2021-02-10 03:53:07,514] {logging_mixin.py:103} INFO - [2021-02-10 03:53:07,514] {dagbag.py:440} INFO - Filling up the DagBag from /home/airflow/.local/lib/python3.8/site-packages/airflow/example_dags/example_xcomargs.py
[2021-02-10 03:53:07,540] {scheduler_job.py:639} INFO - DAG(s) dict_keys(['example_xcom_args', 'example_xcom_args_with_operators']) retrieved from /home/airflow/.local/lib/python3.8/site-packages/airflow/example_dags/example_xcomargs.py
[2021-02-10 03:53:07,543] {logging_mixin.py:103} INFO - [2021-02-10 03:53:07,543] {dag.py:1813} INFO - Sync 2 DAGs
[2021-02-10 03:53:07,603] {logging_mixin.py:103} INFO - [2021-02-10 03:53:07,602] {dag.py:2266} INFO - Setting next_dagrun for example_xcom_args to None
[2021-02-10 03:53:07,606] {logging_mixin.py:103} INFO - [2021-02-10 03:53:07,606] {dag.py:2266} INFO - Setting next_dagrun for example_xcom_args_with_operators to None
[2021-02-10 03:53:07,634] {scheduler_job.py:189} INFO - Processing /home/airflow/.local/lib/python3.8/site-packages/airflow/example_dags/example_xcomargs.py took 0.135 seconds
[2021-02-10 03:53:12,560] {scheduler_job.py:181} INFO - Started process (PID=170) to work on /home/airflow/.local/lib/python3.8/site-packages/airflow/example_dags/example_xcomargs.py
[2021-02-10 03:53:12,564] {scheduler_job.py:629} INFO - Processing file /home/airflow/.local/lib/python3.8/site-packages/airflow/example_dags/example_xcomargs.py for tasks to queue
[2021-02-10 03:53:12,566] {logging_mixin.py:103} INFO - [2021-02-10 03:53:12,566] {dagbag.py:440} INFO - Filling up the DagBag from /home/airflow/.local/lib/python3.8/site-packages/airflow/example_dags/example_xcomargs.py
[2021-02-10 03:53:12,588] {scheduler_job.py:639} INFO - DAG(s) dict_keys(['example_xcom_args', 'example_xcom_args_with_operators']) retrieved from /home/airflow/.local/lib/python3.8/site-packages/airflow/example_dags/example_xcomargs.py
[2021-02-10 03:53:12,591] {logging_mixin.py:103} INFO - [2021-02-10 03:53:12,591] {dag.py:1813} INFO - Sync 2 DAGs
[2021-02-10 03:53:12,650] {logging_mixin.py:103} INFO - [2021-02-10 03:53:12,650] {dag.py:2266} INFO - Setting next_dagrun for example_xcom_args to None
[2021-02-10 03:53:12,654] {logging_mixin.py:103} INFO - [2021-02-10 03:53:12,653] {dag.py:2266} INFO - Setting next_dagrun for example_xcom_args_with_operators to None
[2021-02-10 03:53:12,696] {scheduler_job.py:189} INFO - Processing /home/airflow/.local/lib/python3.8/site-packages/airflow/example_dags/example_xcomargs.py took 0.142 seconds
[2021-02-10 03:53:19,179] {scheduler_job.py:181} INFO - Started process (PID=220) to work on /home/airflow/.local/lib/python3.8/site-packages/airflow/example_dags/example_xcomargs.py
[2021-02-10 03:53:19,186] {scheduler_job.py:629} INFO - Processing file /home/airflow/.local/lib/python3.8/site-packages/airflow/example_dags/example_xcomargs.py for tasks to queue
[2021-02-10 03:53:19,189] {logging_mixin.py:103} INFO - [2021-02-10 03:53:19,189] {dagbag.py:440} INFO - Filling up the DagBag from /home/airflow/.local/lib/python3.8/site-packages/airflow/example_dags/example_xcomargs.py
[2021-02-10 03:53:19,242] {scheduler_job.py:639} INFO - DAG(s) dict_keys(['example_xcom_args', 'example_xcom_args_with_operators']) retrieved from /home/airflow/.local/lib/python3.8/site-packages/airflow/example_dags/example_xcomargs.py
[2021-02-10 03:53:19,254] {logging_mixin.py:103} INFO - [2021-02-10 03:53:19,254] {dag.py:1813} INFO - Sync 2 DAGs
[2021-02-10 03:53:19,333] {logging_mixin.py:103} INFO - [2021-02-10 03:53:19,332] {dag.py:2266} INFO - Setting next_dagrun for example_xcom_args to None
[2021-02-10 03:53:19,343] {logging_mixin.py:103} INFO - [2021-02-10 03:53:19,342] {dag.py:2266} INFO - Setting next_dagrun for example_xcom_args_with_operators to None
[2021-02-10 03:53:19,384] {scheduler_job.py:189} INFO - Processing /home/airflow/.local/lib/python3.8/site-packages/airflow/example_dags/example_xcomargs.py took 0.211 seconds
[2021-02-10 03:53:27,938] {scheduler_job.py:181} INFO - Started process (PID=270) to work on /home/airflow/.local/lib/python3.8/site-packages/airflow/example_dags/example_xcomargs.py
[2021-02-10 03:53:27,942] {scheduler_job.py:629} INFO - Processing file /home/airflow/.local/lib/python3.8/site-packages/airflow/example_dags/example_xcomargs.py for tasks to queue
[2021-02-10 03:53:27,945] {logging_mixin.py:103} INFO - [2021-02-10 03:53:27,945] {dagbag.py:440} INFO - Filling up the DagBag from /home/airflow/.local/lib/python3.8/site-packages/airflow/example_dags/example_xcomargs.py
[2021-02-10 03:53:27,974] {scheduler_job.py:639} INFO - DAG(s) dict_keys(['example_xcom_args', 'example_xcom_args_with_operators']) retrieved from /home/airflow/.local/lib/python3.8/site-packages/airflow/example_dags/example_xcomargs.py
[2021-02-10 03:53:27,977] {logging_mixin.py:103} INFO - [2021-02-10 03:53:27,977] {dag.py:1813} INFO - Sync 2 DAGs
[2021-02-10 03:53:28,087] {logging_mixin.py:103} INFO - [2021-02-10 03:53:28,086] {dag.py:2266} INFO - Setting next_dagrun for example_xcom_args to None
[2021-02-10 03:53:28,091] {logging_mixin.py:103} INFO - [2021-02-10 03:53:28,090] {dag.py:2266} INFO - Setting next_dagrun for example_xcom_args_with_operators to None
[2021-02-10 03:53:28,161] {scheduler_job.py:189} INFO - Processing /home/airflow/.local/lib/python3.8/site-packages/airflow/example_dags/example_xcomargs.py took 0.230 seconds
[2021-02-10 03:53:34,227] {scheduler_job.py:181} INFO - Started process (PID=320) to work on /home/airflow/.local/lib/python3.8/site-packages/airflow/example_dags/example_xcomargs.py
[2021-02-10 03:53:34,231] {scheduler_job.py:629} INFO - Processing file /home/airflow/.local/lib/python3.8/site-packages/airflow/example_dags/example_xcomargs.py for tasks to queue
[2021-02-10 03:53:34,233] {logging_mixin.py:103} INFO - [2021-02-10 03:53:34,233] {dagbag.py:440} INFO - Filling up the DagBag from /home/airflow/.local/lib/python3.8/site-packages/airflow/example_dags/example_xcomargs.py
[2021-02-10 03:53:34,261] {scheduler_job.py:639} INFO - DAG(s) dict_keys(['example_xcom_args', 'example_xcom_args_with_operators']) retrieved from /home/airflow/.local/lib/python3.8/site-packages/airflow/example_dags/example_xcomargs.py
[2021-02-10 03:53:34,264] {logging_mixin.py:103} INFO - [2021-02-10 03:53:34,264] {dag.py:1813} INFO - Sync 2 DAGs
[2021-02-10 03:53:34,312] {logging_mixin.py:103} INFO - [2021-02-10 03:53:34,312] {dag.py:2266} INFO - Setting next_dagrun for example_xcom_args to None
[2021-02-10 03:53:34,315] {logging_mixin.py:103} INFO - [2021-02-10 03:53:34,315] {dag.py:2266} INFO - Setting next_dagrun for example_xcom_args_with_operators to None
[2021-02-10 03:53:34,370] {scheduler_job.py:189} INFO - Processing /home/airflow/.local/lib/python3.8/site-packages/airflow/example_dags/example_xcomargs.py took 0.150 seconds
[2021-02-10 03:53:36,769] {scheduler_job.py:181} INFO - Started process (PID=345) to work on /home/airflow/.local/lib/python3.8/site-packages/airflow/example_dags/example_xcomargs.py
[2021-02-10 03:53:36,772] {scheduler_job.py:629} INFO - Processing file /home/airflow/.local/lib/python3.8/site-packages/airflow/example_dags/example_xcomargs.py for tasks to queue
[2021-02-10 03:53:36,775] {logging_mixin.py:103} INFO - [2021-02-10 03:53:36,774] {dagbag.py:440} INFO - Filling up the DagBag from /home/airflow/.local/lib/python3.8/site-packages/airflow/example_dags/example_xcomargs.py
[2021-02-10 03:53:36,803] {scheduler_job.py:639} INFO - DAG(s) dict_keys(['example_xcom_args', 'example_xcom_args_with_operators']) retrieved from /home/airflow/.local/lib/python3.8/site-packages/airflow/example_dags/example_xcomargs.py
[2021-02-10 03:53:36,806] {logging_mixin.py:103} INFO - [2021-02-10 03:53:36,806] {dag.py:1813} INFO - Sync 2 DAGs
[2021-02-10 03:53:36,865] {logging_mixin.py:103} INFO - [2021-02-10 03:53:36,865] {dag.py:2266} INFO - Setting next_dagrun for example_xcom_args to None
[2021-02-10 03:53:36,868] {logging_mixin.py:103} INFO - [2021-02-10 03:53:36,868] {dag.py:2266} INFO - Setting next_dagrun for example_xcom_args_with_operators to None
[2021-02-10 03:53:36,902] {scheduler_job.py:189} INFO - Processing /home/airflow/.local/lib/python3.8/site-packages/airflow/example_dags/example_xcomargs.py took 0.143 seconds
[2021-02-10 03:53:38,519] {scheduler_job.py:181} INFO - Started process (PID=371) to work on /home/airflow/.local/lib/python3.8/site-packages/airflow/example_dags/example_xcomargs.py
[2021-02-10 03:53:38,521] {scheduler_job.py:629} INFO - Processing file /home/airflow/.local/lib/python3.8/site-packages/airflow/example_dags/example_xcomargs.py for tasks to queue
[2021-02-10 03:53:38,523] {logging_mixin.py:103} INFO - [2021-02-10 03:53:38,523] {dagbag.py:440} INFO - Filling up the DagBag from /home/airflow/.local/lib/python3.8/site-packages/airflow/example_dags/example_xcomargs.py
[2021-02-10 03:53:38,539] {scheduler_job.py:639} INFO - DAG(s) dict_keys(['example_xcom_args', 'example_xcom_args_with_operators']) retrieved from /home/airflow/.local/lib/python3.8/site-packages/airflow/example_dags/example_xcomargs.py
[2021-02-10 03:53:38,542] {logging_mixin.py:103} INFO - [2021-02-10 03:53:38,542] {dag.py:1813} INFO - Sync 2 DAGs
[2021-02-10 03:53:38,583] {logging_mixin.py:103} INFO - [2021-02-10 03:53:38,582] {dag.py:2266} INFO - Setting next_dagrun for example_xcom_args to None
[2021-02-10 03:53:38,585] {logging_mixin.py:103} INFO - [2021-02-10 03:53:38,585] {dag.py:2266} INFO - Setting next_dagrun for example_xcom_args_with_operators to None
[2021-02-10 03:53:38,608] {scheduler_job.py:189} INFO - Processing /home/airflow/.local/lib/python3.8/site-packages/airflow/example_dags/example_xcomargs.py took 0.093 seconds
[2021-02-10 03:53:41,783] {scheduler_job.py:181} INFO - Started process (PID=421) to work on /home/airflow/.local/lib/python3.8/site-packages/airflow/example_dags/example_xcomargs.py
[2021-02-10 03:53:41,786] {scheduler_job.py:629} INFO - Processing file /home/airflow/.local/lib/python3.8/site-packages/airflow/example_dags/example_xcomargs.py for tasks to queue
[2021-02-10 03:53:41,787] {logging_mixin.py:103} INFO - [2021-02-10 03:53:41,787] {dagbag.py:440} INFO - Filling up the DagBag from /home/airflow/.local/lib/python3.8/site-packages/airflow/example_dags/example_xcomargs.py
[2021-02-10 03:53:41,807] {scheduler_job.py:639} INFO - DAG(s) dict_keys(['example_xcom_args', 'example_xcom_args_with_operators']) retrieved from /home/airflow/.local/lib/python3.8/site-packages/airflow/example_dags/example_xcomargs.py
[2021-02-10 03:53:41,810] {logging_mixin.py:103} INFO - [2021-02-10 03:53:41,809] {dag.py:1813} INFO - Sync 2 DAGs
[2021-02-10 03:53:41,849] {logging_mixin.py:103} INFO - [2021-02-10 03:53:41,849] {dag.py:2266} INFO - Setting next_dagrun for example_xcom_args to None
[2021-02-10 03:53:41,851] {logging_mixin.py:103} INFO - [2021-02-10 03:53:41,851] {dag.py:2266} INFO - Setting next_dagrun for example_xcom_args_with_operators to None
[2021-02-10 03:53:41,875] {scheduler_job.py:189} INFO - Processing /home/airflow/.local/lib/python3.8/site-packages/airflow/example_dags/example_xcomargs.py took 0.095 seconds
[2021-02-10 03:53:43,588] {scheduler_job.py:181} INFO - Started process (PID=447) to work on /home/airflow/.local/lib/python3.8/site-packages/airflow/example_dags/example_xcomargs.py
[2021-02-10 03:53:43,592] {scheduler_job.py:629} INFO - Processing file /home/airflow/.local/lib/python3.8/site-packages/airflow/example_dags/example_xcomargs.py for tasks to queue
[2021-02-10 03:53:43,594] {logging_mixin.py:103} INFO - [2021-02-10 03:53:43,594] {dagbag.py:440} INFO - Filling up the DagBag from /home/airflow/.local/lib/python3.8/site-packages/airflow/example_dags/example_xcomargs.py
[2021-02-10 03:53:43,626] {scheduler_job.py:639} INFO - DAG(s) dict_keys(['example_xcom_args', 'example_xcom_args_with_operators']) retrieved from /home/airflow/.local/lib/python3.8/site-packages/airflow/example_dags/example_xcomargs.py
[2021-02-10 03:53:43,632] {logging_mixin.py:103} INFO - [2021-02-10 03:53:43,632] {dag.py:1813} INFO - Sync 2 DAGs
[2021-02-10 03:53:43,695] {logging_mixin.py:103} INFO - [2021-02-10 03:53:43,694] {dag.py:2266} INFO - Setting next_dagrun for example_xcom_args to None
[2021-02-10 03:53:43,701] {logging_mixin.py:103} INFO - [2021-02-10 03:53:43,701] {dag.py:2266} INFO - Setting next_dagrun for example_xcom_args_with_operators to None
[2021-02-10 03:53:43,736] {scheduler_job.py:189} INFO - Processing /home/airflow/.local/lib/python3.8/site-packages/airflow/example_dags/example_xcomargs.py took 0.166 seconds
[2021-02-10 03:53:47,370] {scheduler_job.py:181} INFO - Started process (PID=497) to work on /home/airflow/.local/lib/python3.8/site-packages/airflow/example_dags/example_xcomargs.py
[2021-02-10 03:53:47,373] {scheduler_job.py:629} INFO - Processing file /home/airflow/.local/lib/python3.8/site-packages/airflow/example_dags/example_xcomargs.py for tasks to queue
[2021-02-10 03:53:47,375] {logging_mixin.py:103} INFO - [2021-02-10 03:53:47,375] {dagbag.py:440} INFO - Filling up the DagBag from /home/airflow/.local/lib/python3.8/site-packages/airflow/example_dags/example_xcomargs.py
[2021-02-10 03:53:47,396] {scheduler_job.py:639} INFO - DAG(s) dict_keys(['example_xcom_args', 'example_xcom_args_with_operators']) retrieved from /home/airflow/.local/lib/python3.8/site-packages/airflow/example_dags/example_xcomargs.py
[2021-02-10 03:53:47,398] {logging_mixin.py:103} INFO - [2021-02-10 03:53:47,398] {dag.py:1813} INFO - Sync 2 DAGs
[2021-02-10 03:53:47,429] {logging_mixin.py:103} INFO - [2021-02-10 03:53:47,429] {dag.py:2266} INFO - Setting next_dagrun for example_xcom_args to None
[2021-02-10 03:53:47,431] {logging_mixin.py:103} INFO - [2021-02-10 03:53:47,431] {dag.py:2266} INFO - Setting next_dagrun for example_xcom_args_with_operators to None
[2021-02-10 03:53:47,459] {scheduler_job.py:189} INFO - Processing /home/airflow/.local/lib/python3.8/site-packages/airflow/example_dags/example_xcomargs.py took 0.096 seconds
[2021-02-10 03:53:50,364] {scheduler_job.py:181} INFO - Started process (PID=547) to work on /home/airflow/.local/lib/python3.8/site-packages/airflow/example_dags/example_xcomargs.py
[2021-02-10 03:53:50,366] {scheduler_job.py:629} INFO - Processing file /home/airflow/.local/lib/python3.8/site-packages/airflow/example_dags/example_xcomargs.py for tasks to queue
[2021-02-10 03:53:50,367] {logging_mixin.py:103} INFO - [2021-02-10 03:53:50,367] {dagbag.py:440} INFO - Filling up the DagBag from /home/airflow/.local/lib/python3.8/site-packages/airflow/example_dags/example_xcomargs.py
[2021-02-10 03:53:50,384] {scheduler_job.py:639} INFO - DAG(s) dict_keys(['example_xcom_args', 'example_xcom_args_with_operators']) retrieved from /home/airflow/.local/lib/python3.8/site-packages/airflow/example_dags/example_xcomargs.py
[2021-02-10 03:53:50,386] {logging_mixin.py:103} INFO - [2021-02-10 03:53:50,386] {dag.py:1813} INFO - Sync 2 DAGs
[2021-02-10 03:53:50,424] {logging_mixin.py:103} INFO - [2021-02-10 03:53:50,424] {dag.py:2266} INFO - Setting next_dagrun for example_xcom_args to None
[2021-02-10 03:53:50,427] {logging_mixin.py:103} INFO - [2021-02-10 03:53:50,426] {dag.py:2266} INFO - Setting next_dagrun for example_xcom_args_with_operators to None
[2021-02-10 03:53:50,452] {scheduler_job.py:189} INFO - Processing /home/airflow/.local/lib/python3.8/site-packages/airflow/example_dags/example_xcomargs.py took 0.092 seconds
[2021-02-10 03:53:54,355] {scheduler_job.py:181} INFO - Started process (PID=572) to work on /home/airflow/.local/lib/python3.8/site-packages/airflow/example_dags/example_xcomargs.py
[2021-02-10 03:53:54,358] {scheduler_job.py:629} INFO - Processing file /home/airflow/.local/lib/python3.8/site-packages/airflow/example_dags/example_xcomargs.py for tasks to queue
[2021-02-10 03:53:54,360] {logging_mixin.py:103} INFO - [2021-02-10 03:53:54,360] {dagbag.py:440} INFO - Filling up the DagBag from /home/airflow/.local/lib/python3.8/site-packages/airflow/example_dags/example_xcomargs.py
[2021-02-10 03:53:54,384] {scheduler_job.py:639} INFO - DAG(s) dict_keys(['example_xcom_args', 'example_xcom_args_with_operators']) retrieved from /home/airflow/.local/lib/python3.8/site-packages/airflow/example_dags/example_xcomargs.py
[2021-02-10 03:53:54,387] {logging_mixin.py:103} INFO - [2021-02-10 03:53:54,387] {dag.py:1813} INFO - Sync 2 DAGs
[2021-02-10 03:53:54,467] {logging_mixin.py:103} INFO - [2021-02-10 03:53:54,467] {dag.py:2266} INFO - Setting next_dagrun for example_xcom_args to None
[2021-02-10 03:53:54,469] {logging_mixin.py:103} INFO - [2021-02-10 03:53:54,469] {dag.py:2266} INFO - Setting next_dagrun for example_xcom_args_with_operators to None
[2021-02-10 03:53:54,504] {scheduler_job.py:189} INFO - Processing /home/airflow/.local/lib/python3.8/site-packages/airflow/example_dags/example_xcomargs.py took 0.157 seconds
[2021-02-10 04:08:10,292] {scheduler_job.py:181} INFO - Started process (PID=598) to work on /home/airflow/.local/lib/python3.8/site-packages/airflow/example_dags/example_xcomargs.py
[2021-02-10 04:08:10,303] {scheduler_job.py:629} INFO - Processing file /home/airflow/.local/lib/python3.8/site-packages/airflow/example_dags/example_xcomargs.py for tasks to queue
[2021-02-10 04:08:10,305] {logging_mixin.py:103} INFO - [2021-02-10 04:08:10,305] {dagbag.py:440} INFO - Filling up the DagBag from /home/airflow/.local/lib/python3.8/site-packages/airflow/example_dags/example_xcomargs.py
[2021-02-10 04:08:10,362] {scheduler_job.py:639} INFO - DAG(s) dict_keys(['example_xcom_args', 'example_xcom_args_with_operators']) retrieved from /home/airflow/.local/lib/python3.8/site-packages/airflow/example_dags/example_xcomargs.py
[2021-02-10 04:08:10,365] {logging_mixin.py:103} INFO - [2021-02-10 04:08:10,365] {dag.py:1813} INFO - Sync 2 DAGs
[2021-02-10 04:08:10,424] {logging_mixin.py:103} INFO - [2021-02-10 04:08:10,424] {dag.py:2266} INFO - Setting next_dagrun for example_xcom_args to None
[2021-02-10 04:08:10,429] {logging_mixin.py:103} INFO - [2021-02-10 04:08:10,429] {dag.py:2266} INFO - Setting next_dagrun for example_xcom_args_with_operators to None
[2021-02-10 04:08:10,506] {scheduler_job.py:189} INFO - Processing /home/airflow/.local/lib/python3.8/site-packages/airflow/example_dags/example_xcomargs.py took 0.227 seconds
[2021-02-10 04:08:17,288] {scheduler_job.py:181} INFO - Started process (PID=648) to work on /home/airflow/.local/lib/python3.8/site-packages/airflow/example_dags/example_xcomargs.py
[2021-02-10 04:08:17,292] {scheduler_job.py:629} INFO - Processing file /home/airflow/.local/lib/python3.8/site-packages/airflow/example_dags/example_xcomargs.py for tasks to queue
[2021-02-10 04:08:17,294] {logging_mixin.py:103} INFO - [2021-02-10 04:08:17,294] {dagbag.py:440} INFO - Filling up the DagBag from /home/airflow/.local/lib/python3.8/site-packages/airflow/example_dags/example_xcomargs.py
[2021-02-10 04:08:17,339] {scheduler_job.py:639} INFO - DAG(s) dict_keys(['example_xcom_args', 'example_xcom_args_with_operators']) retrieved from /home/airflow/.local/lib/python3.8/site-packages/airflow/example_dags/example_xcomargs.py
[2021-02-10 04:08:17,342] {logging_mixin.py:103} INFO - [2021-02-10 04:08:17,342] {dag.py:1813} INFO - Sync 2 DAGs
[2021-02-10 04:08:17,407] {logging_mixin.py:103} INFO - [2021-02-10 04:08:17,407] {dag.py:2266} INFO - Setting next_dagrun for example_xcom_args to None
[2021-02-10 04:08:17,410] {logging_mixin.py:103} INFO - [2021-02-10 04:08:17,410] {dag.py:2266} INFO - Setting next_dagrun for example_xcom_args_with_operators to None
[2021-02-10 04:08:17,458] {scheduler_job.py:189} INFO - Processing /home/airflow/.local/lib/python3.8/site-packages/airflow/example_dags/example_xcomargs.py took 0.176 seconds
[2021-02-10 04:08:22,755] {scheduler_job.py:181} INFO - Started process (PID=698) to work on /home/airflow/.local/lib/python3.8/site-packages/airflow/example_dags/example_xcomargs.py
[2021-02-10 04:08:22,762] {scheduler_job.py:629} INFO - Processing file /home/airflow/.local/lib/python3.8/site-packages/airflow/example_dags/example_xcomargs.py for tasks to queue
[2021-02-10 04:08:22,766] {logging_mixin.py:103} INFO - [2021-02-10 04:08:22,766] {dagbag.py:440} INFO - Filling up the DagBag from /home/airflow/.local/lib/python3.8/site-packages/airflow/example_dags/example_xcomargs.py
[2021-02-10 04:08:22,802] {scheduler_job.py:639} INFO - DAG(s) dict_keys(['example_xcom_args', 'example_xcom_args_with_operators']) retrieved from /home/airflow/.local/lib/python3.8/site-packages/airflow/example_dags/example_xcomargs.py
[2021-02-10 04:08:22,819] {logging_mixin.py:103} INFO - [2021-02-10 04:08:22,819] {dag.py:1813} INFO - Sync 2 DAGs
[2021-02-10 04:08:22,898] {logging_mixin.py:103} INFO - [2021-02-10 04:08:22,897] {dag.py:2266} INFO - Setting next_dagrun for example_xcom_args to None
[2021-02-10 04:08:22,902] {logging_mixin.py:103} INFO - [2021-02-10 04:08:22,901] {dag.py:2266} INFO - Setting next_dagrun for example_xcom_args_with_operators to None
[2021-02-10 04:08:22,938] {scheduler_job.py:189} INFO - Processing /home/airflow/.local/lib/python3.8/site-packages/airflow/example_dags/example_xcomargs.py took 0.188 seconds
[2021-02-10 04:08:28,963] {scheduler_job.py:181} INFO - Started process (PID=748) to work on /home/airflow/.local/lib/python3.8/site-packages/airflow/example_dags/example_xcomargs.py
[2021-02-10 04:08:28,967] {scheduler_job.py:629} INFO - Processing file /home/airflow/.local/lib/python3.8/site-packages/airflow/example_dags/example_xcomargs.py for tasks to queue
[2021-02-10 04:08:28,970] {logging_mixin.py:103} INFO - [2021-02-10 04:08:28,970] {dagbag.py:440} INFO - Filling up the DagBag from /home/airflow/.local/lib/python3.8/site-packages/airflow/example_dags/example_xcomargs.py
[2021-02-10 04:08:28,999] {scheduler_job.py:639} INFO - DAG(s) dict_keys(['example_xcom_args', 'example_xcom_args_with_operators']) retrieved from /home/airflow/.local/lib/python3.8/site-packages/airflow/example_dags/example_xcomargs.py
[2021-02-10 04:08:29,005] {logging_mixin.py:103} INFO - [2021-02-10 04:08:29,004] {dag.py:1813} INFO - Sync 2 DAGs
[2021-02-10 04:08:29,081] {logging_mixin.py:103} INFO - [2021-02-10 04:08:29,081] {dag.py:2266} INFO - Setting next_dagrun for example_xcom_args to None
[2021-02-10 04:08:29,084] {logging_mixin.py:103} INFO - [2021-02-10 04:08:29,084] {dag.py:2266} INFO - Setting next_dagrun for example_xcom_args_with_operators to None
[2021-02-10 04:08:29,137] {scheduler_job.py:189} INFO - Processing /home/airflow/.local/lib/python3.8/site-packages/airflow/example_dags/example_xcomargs.py took 0.181 seconds
[2021-02-10 04:08:33,481] {scheduler_job.py:181} INFO - Started process (PID=798) to work on /home/airflow/.local/lib/python3.8/site-packages/airflow/example_dags/example_xcomargs.py
[2021-02-10 04:08:33,484] {scheduler_job.py:629} INFO - Processing file /home/airflow/.local/lib/python3.8/site-packages/airflow/example_dags/example_xcomargs.py for tasks to queue
[2021-02-10 04:08:33,487] {logging_mixin.py:103} INFO - [2021-02-10 04:08:33,487] {dagbag.py:440} INFO - Filling up the DagBag from /home/airflow/.local/lib/python3.8/site-packages/airflow/example_dags/example_xcomargs.py
[2021-02-10 04:08:33,515] {scheduler_job.py:639} INFO - DAG(s) dict_keys(['example_xcom_args', 'example_xcom_args_with_operators']) retrieved from /home/airflow/.local/lib/python3.8/site-packages/airflow/example_dags/example_xcomargs.py
[2021-02-10 04:08:33,518] {logging_mixin.py:103} INFO - [2021-02-10 04:08:33,518] {dag.py:1813} INFO - Sync 2 DAGs
[2021-02-10 04:08:33,573] {logging_mixin.py:103} INFO - [2021-02-10 04:08:33,573] {dag.py:2266} INFO - Setting next_dagrun for example_xcom_args to None
[2021-02-10 04:08:33,576] {logging_mixin.py:103} INFO - [2021-02-10 04:08:33,576] {dag.py:2266} INFO - Setting next_dagrun for example_xcom_args_with_operators to None
[2021-02-10 04:08:33,614] {scheduler_job.py:189} INFO - Processing /home/airflow/.local/lib/python3.8/site-packages/airflow/example_dags/example_xcomargs.py took 0.140 seconds
[2021-02-10 04:08:38,425] {scheduler_job.py:181} INFO - Started process (PID=848) to work on /home/airflow/.local/lib/python3.8/site-packages/airflow/example_dags/example_xcomargs.py
[2021-02-10 04:08:38,433] {scheduler_job.py:629} INFO - Processing file /home/airflow/.local/lib/python3.8/site-packages/airflow/example_dags/example_xcomargs.py for tasks to queue
[2021-02-10 04:08:38,435] {logging_mixin.py:103} INFO - [2021-02-10 04:08:38,435] {dagbag.py:440} INFO - Filling up the DagBag from /home/airflow/.local/lib/python3.8/site-packages/airflow/example_dags/example_xcomargs.py
[2021-02-10 04:08:38,458] {scheduler_job.py:639} INFO - DAG(s) dict_keys(['example_xcom_args', 'example_xcom_args_with_operators']) retrieved from /home/airflow/.local/lib/python3.8/site-packages/airflow/example_dags/example_xcomargs.py
[2021-02-10 04:08:38,461] {logging_mixin.py:103} INFO - [2021-02-10 04:08:38,461] {dag.py:1813} INFO - Sync 2 DAGs
[2021-02-10 04:08:38,517] {logging_mixin.py:103} INFO - [2021-02-10 04:08:38,517] {dag.py:2266} INFO - Setting next_dagrun for example_xcom_args to None
[2021-02-10 04:08:38,521] {logging_mixin.py:103} INFO - [2021-02-10 04:08:38,521] {dag.py:2266} INFO - Setting next_dagrun for example_xcom_args_with_operators to None
[2021-02-10 04:08:38,558] {scheduler_job.py:189} INFO - Processing /home/airflow/.local/lib/python3.8/site-packages/airflow/example_dags/example_xcomargs.py took 0.138 seconds
[2021-02-10 04:08:40,266] {scheduler_job.py:181} INFO - Started process (PID=873) to work on /home/airflow/.local/lib/python3.8/site-packages/airflow/example_dags/example_xcomargs.py
[2021-02-10 04:08:40,269] {scheduler_job.py:629} INFO - Processing file /home/airflow/.local/lib/python3.8/site-packages/airflow/example_dags/example_xcomargs.py for tasks to queue
[2021-02-10 04:08:40,270] {logging_mixin.py:103} INFO - [2021-02-10 04:08:40,270] {dagbag.py:440} INFO - Filling up the DagBag from /home/airflow/.local/lib/python3.8/site-packages/airflow/example_dags/example_xcomargs.py
[2021-02-10 04:08:40,284] {scheduler_job.py:639} INFO - DAG(s) dict_keys(['example_xcom_args', 'example_xcom_args_with_operators']) retrieved from /home/airflow/.local/lib/python3.8/site-packages/airflow/example_dags/example_xcomargs.py
[2021-02-10 04:08:40,286] {logging_mixin.py:103} INFO - [2021-02-10 04:08:40,286] {dag.py:1813} INFO - Sync 2 DAGs
[2021-02-10 04:08:40,316] {logging_mixin.py:103} INFO - [2021-02-10 04:08:40,316] {dag.py:2266} INFO - Setting next_dagrun for example_xcom_args to None
[2021-02-10 04:08:40,318] {logging_mixin.py:103} INFO - [2021-02-10 04:08:40,318] {dag.py:2266} INFO - Setting next_dagrun for example_xcom_args_with_operators to None
[2021-02-10 04:08:40,338] {scheduler_job.py:189} INFO - Processing /home/airflow/.local/lib/python3.8/site-packages/airflow/example_dags/example_xcomargs.py took 0.076 seconds
[2021-02-10 04:08:42,093] {scheduler_job.py:181} INFO - Started process (PID=899) to work on /home/airflow/.local/lib/python3.8/site-packages/airflow/example_dags/example_xcomargs.py
[2021-02-10 04:08:42,096] {scheduler_job.py:629} INFO - Processing file /home/airflow/.local/lib/python3.8/site-packages/airflow/example_dags/example_xcomargs.py for tasks to queue
[2021-02-10 04:08:42,097] {logging_mixin.py:103} INFO - [2021-02-10 04:08:42,097] {dagbag.py:440} INFO - Filling up the DagBag from /home/airflow/.local/lib/python3.8/site-packages/airflow/example_dags/example_xcomargs.py
[2021-02-10 04:08:42,115] {scheduler_job.py:639} INFO - DAG(s) dict_keys(['example_xcom_args', 'example_xcom_args_with_operators']) retrieved from /home/airflow/.local/lib/python3.8/site-packages/airflow/example_dags/example_xcomargs.py
[2021-02-10 04:08:42,118] {logging_mixin.py:103} INFO - [2021-02-10 04:08:42,117] {dag.py:1813} INFO - Sync 2 DAGs
[2021-02-10 04:08:42,162] {logging_mixin.py:103} INFO - [2021-02-10 04:08:42,161] {dag.py:2266} INFO - Setting next_dagrun for example_xcom_args to None
[2021-02-10 04:08:42,163] {logging_mixin.py:103} INFO - [2021-02-10 04:08:42,163] {dag.py:2266} INFO - Setting next_dagrun for example_xcom_args_with_operators to None
[2021-02-10 04:08:42,193] {scheduler_job.py:189} INFO - Processing /home/airflow/.local/lib/python3.8/site-packages/airflow/example_dags/example_xcomargs.py took 0.105 seconds
[2021-02-10 04:08:43,597] {scheduler_job.py:181} INFO - Started process (PID=925) to work on /home/airflow/.local/lib/python3.8/site-packages/airflow/example_dags/example_xcomargs.py
[2021-02-10 04:08:43,614] {scheduler_job.py:629} INFO - Processing file /home/airflow/.local/lib/python3.8/site-packages/airflow/example_dags/example_xcomargs.py for tasks to queue
[2021-02-10 04:08:43,616] {logging_mixin.py:103} INFO - [2021-02-10 04:08:43,616] {dagbag.py:440} INFO - Filling up the DagBag from /home/airflow/.local/lib/python3.8/site-packages/airflow/example_dags/example_xcomargs.py
[2021-02-10 04:08:43,654] {scheduler_job.py:639} INFO - DAG(s) dict_keys(['example_xcom_args', 'example_xcom_args_with_operators']) retrieved from /home/airflow/.local/lib/python3.8/site-packages/airflow/example_dags/example_xcomargs.py
[2021-02-10 04:08:43,657] {logging_mixin.py:103} INFO - [2021-02-10 04:08:43,656] {dag.py:1813} INFO - Sync 2 DAGs
[2021-02-10 04:08:43,692] {logging_mixin.py:103} INFO - [2021-02-10 04:08:43,692] {dag.py:2266} INFO - Setting next_dagrun for example_xcom_args to None
[2021-02-10 04:08:43,694] {logging_mixin.py:103} INFO - [2021-02-10 04:08:43,694] {dag.py:2266} INFO - Setting next_dagrun for example_xcom_args_with_operators to None
[2021-02-10 04:08:43,714] {scheduler_job.py:189} INFO - Processing /home/airflow/.local/lib/python3.8/site-packages/airflow/example_dags/example_xcomargs.py took 0.124 seconds
[2021-02-10 04:08:46,753] {scheduler_job.py:181} INFO - Started process (PID=975) to work on /home/airflow/.local/lib/python3.8/site-packages/airflow/example_dags/example_xcomargs.py
[2021-02-10 04:08:46,756] {scheduler_job.py:629} INFO - Processing file /home/airflow/.local/lib/python3.8/site-packages/airflow/example_dags/example_xcomargs.py for tasks to queue
[2021-02-10 04:08:46,757] {logging_mixin.py:103} INFO - [2021-02-10 04:08:46,757] {dagbag.py:440} INFO - Filling up the DagBag from /home/airflow/.local/lib/python3.8/site-packages/airflow/example_dags/example_xcomargs.py
[2021-02-10 04:08:46,776] {scheduler_job.py:639} INFO - DAG(s) dict_keys(['example_xcom_args', 'example_xcom_args_with_operators']) retrieved from /home/airflow/.local/lib/python3.8/site-packages/airflow/example_dags/example_xcomargs.py
[2021-02-10 04:08:46,779] {logging_mixin.py:103} INFO - [2021-02-10 04:08:46,779] {dag.py:1813} INFO - Sync 2 DAGs
[2021-02-10 04:08:46,816] {logging_mixin.py:103} INFO - [2021-02-10 04:08:46,816] {dag.py:2266} INFO - Setting next_dagrun for example_xcom_args to None
[2021-02-10 04:08:46,819] {logging_mixin.py:103} INFO - [2021-02-10 04:08:46,819] {dag.py:2266} INFO - Setting next_dagrun for example_xcom_args_with_operators to None
[2021-02-10 04:08:46,843] {scheduler_job.py:189} INFO - Processing /home/airflow/.local/lib/python3.8/site-packages/airflow/example_dags/example_xcomargs.py took 0.094 seconds
[2021-02-10 04:08:49,996] {scheduler_job.py:181} INFO - Started process (PID=1025) to work on /home/airflow/.local/lib/python3.8/site-packages/airflow/example_dags/example_xcomargs.py
[2021-02-10 04:08:49,999] {scheduler_job.py:629} INFO - Processing file /home/airflow/.local/lib/python3.8/site-packages/airflow/example_dags/example_xcomargs.py for tasks to queue
[2021-02-10 04:08:50,001] {logging_mixin.py:103} INFO - [2021-02-10 04:08:50,001] {dagbag.py:440} INFO - Filling up the DagBag from /home/airflow/.local/lib/python3.8/site-packages/airflow/example_dags/example_xcomargs.py
[2021-02-10 04:08:50,018] {scheduler_job.py:639} INFO - DAG(s) dict_keys(['example_xcom_args', 'example_xcom_args_with_operators']) retrieved from /home/airflow/.local/lib/python3.8/site-packages/airflow/example_dags/example_xcomargs.py
[2021-02-10 04:08:50,020] {logging_mixin.py:103} INFO - [2021-02-10 04:08:50,020] {dag.py:1813} INFO - Sync 2 DAGs
[2021-02-10 04:08:50,060] {logging_mixin.py:103} INFO - [2021-02-10 04:08:50,060] {dag.py:2266} INFO - Setting next_dagrun for example_xcom_args to None
[2021-02-10 04:08:50,062] {logging_mixin.py:103} INFO - [2021-02-10 04:08:50,062] {dag.py:2266} INFO - Setting next_dagrun for example_xcom_args_with_operators to None
[2021-02-10 04:08:50,090] {scheduler_job.py:189} INFO - Processing /home/airflow/.local/lib/python3.8/site-packages/airflow/example_dags/example_xcomargs.py took 0.098 seconds
[2021-02-10 04:08:53,031] {scheduler_job.py:181} INFO - Started process (PID=1075) to work on /home/airflow/.local/lib/python3.8/site-packages/airflow/example_dags/example_xcomargs.py
[2021-02-10 04:08:53,033] {scheduler_job.py:629} INFO - Processing file /home/airflow/.local/lib/python3.8/site-packages/airflow/example_dags/example_xcomargs.py for tasks to queue
[2021-02-10 04:08:53,035] {logging_mixin.py:103} INFO - [2021-02-10 04:08:53,035] {dagbag.py:440} INFO - Filling up the DagBag from /home/airflow/.local/lib/python3.8/site-packages/airflow/example_dags/example_xcomargs.py
[2021-02-10 04:08:53,052] {scheduler_job.py:639} INFO - DAG(s) dict_keys(['example_xcom_args', 'example_xcom_args_with_operators']) retrieved from /home/airflow/.local/lib/python3.8/site-packages/airflow/example_dags/example_xcomargs.py
[2021-02-10 04:08:53,054] {logging_mixin.py:103} INFO - [2021-02-10 04:08:53,054] {dag.py:1813} INFO - Sync 2 DAGs
[2021-02-10 04:08:53,093] {logging_mixin.py:103} INFO - [2021-02-10 04:08:53,093] {dag.py:2266} INFO - Setting next_dagrun for example_xcom_args to None
[2021-02-10 04:08:53,095] {logging_mixin.py:103} INFO - [2021-02-10 04:08:53,095] {dag.py:2266} INFO - Setting next_dagrun for example_xcom_args_with_operators to None
[2021-02-10 04:08:53,120] {scheduler_job.py:189} INFO - Processing /home/airflow/.local/lib/python3.8/site-packages/airflow/example_dags/example_xcomargs.py took 0.094 seconds
[2021-02-10 04:08:55,999] {scheduler_job.py:181} INFO - Started process (PID=1125) to work on /home/airflow/.local/lib/python3.8/site-packages/airflow/example_dags/example_xcomargs.py
[2021-02-10 04:08:56,001] {scheduler_job.py:629} INFO - Processing file /home/airflow/.local/lib/python3.8/site-packages/airflow/example_dags/example_xcomargs.py for tasks to queue
[2021-02-10 04:08:56,004] {logging_mixin.py:103} INFO - [2021-02-10 04:08:56,004] {dagbag.py:440} INFO - Filling up the DagBag from /home/airflow/.local/lib/python3.8/site-packages/airflow/example_dags/example_xcomargs.py
[2021-02-10 04:08:56,019] {scheduler_job.py:639} INFO - DAG(s) dict_keys(['example_xcom_args', 'example_xcom_args_with_operators']) retrieved from /home/airflow/.local/lib/python3.8/site-packages/airflow/example_dags/example_xcomargs.py
[2021-02-10 04:08:56,021] {logging_mixin.py:103} INFO - [2021-02-10 04:08:56,020] {dag.py:1813} INFO - Sync 2 DAGs
[2021-02-10 04:08:56,072] {logging_mixin.py:103} INFO - [2021-02-10 04:08:56,071] {dag.py:2266} INFO - Setting next_dagrun for example_xcom_args to None
[2021-02-10 04:08:56,077] {logging_mixin.py:103} INFO - [2021-02-10 04:08:56,077] {dag.py:2266} INFO - Setting next_dagrun for example_xcom_args_with_operators to None
[2021-02-10 04:08:56,107] {scheduler_job.py:189} INFO - Processing /home/airflow/.local/lib/python3.8/site-packages/airflow/example_dags/example_xcomargs.py took 0.112 seconds
[2021-02-10 04:27:18,394] {scheduler_job.py:181} INFO - Started process (PID=1162) to work on /home/airflow/.local/lib/python3.8/site-packages/airflow/example_dags/example_xcomargs.py
[2021-02-10 04:27:18,401] {scheduler_job.py:629} INFO - Processing file /home/airflow/.local/lib/python3.8/site-packages/airflow/example_dags/example_xcomargs.py for tasks to queue
[2021-02-10 04:27:18,404] {logging_mixin.py:103} INFO - [2021-02-10 04:27:18,404] {dagbag.py:440} INFO - Filling up the DagBag from /home/airflow/.local/lib/python3.8/site-packages/airflow/example_dags/example_xcomargs.py
[2021-02-10 04:27:18,435] {scheduler_job.py:639} INFO - DAG(s) dict_keys(['example_xcom_args', 'example_xcom_args_with_operators']) retrieved from /home/airflow/.local/lib/python3.8/site-packages/airflow/example_dags/example_xcomargs.py
[2021-02-10 04:27:18,441] {logging_mixin.py:103} INFO - [2021-02-10 04:27:18,440] {dag.py:1813} INFO - Sync 2 DAGs
[2021-02-10 04:27:18,502] {logging_mixin.py:103} INFO - [2021-02-10 04:27:18,502] {dag.py:2266} INFO - Setting next_dagrun for example_xcom_args to None
[2021-02-10 04:27:18,505] {logging_mixin.py:103} INFO - [2021-02-10 04:27:18,505] {dag.py:2266} INFO - Setting next_dagrun for example_xcom_args_with_operators to None
[2021-02-10 04:27:18,574] {scheduler_job.py:189} INFO - Processing /home/airflow/.local/lib/python3.8/site-packages/airflow/example_dags/example_xcomargs.py took 0.188 seconds
[2021-02-10 04:27:25,082] {scheduler_job.py:181} INFO - Started process (PID=1188) to work on /home/airflow/.local/lib/python3.8/site-packages/airflow/example_dags/example_xcomargs.py
[2021-02-10 04:27:25,087] {scheduler_job.py:629} INFO - Processing file /home/airflow/.local/lib/python3.8/site-packages/airflow/example_dags/example_xcomargs.py for tasks to queue
[2021-02-10 04:27:25,089] {logging_mixin.py:103} INFO - [2021-02-10 04:27:25,089] {dagbag.py:440} INFO - Filling up the DagBag from /home/airflow/.local/lib/python3.8/site-packages/airflow/example_dags/example_xcomargs.py
[2021-02-10 04:27:25,118] {scheduler_job.py:639} INFO - DAG(s) dict_keys(['example_xcom_args', 'example_xcom_args_with_operators']) retrieved from /home/airflow/.local/lib/python3.8/site-packages/airflow/example_dags/example_xcomargs.py
[2021-02-10 04:27:25,120] {logging_mixin.py:103} INFO - [2021-02-10 04:27:25,120] {dag.py:1813} INFO - Sync 2 DAGs
[2021-02-10 04:27:25,175] {logging_mixin.py:103} INFO - [2021-02-10 04:27:25,175] {dag.py:2266} INFO - Setting next_dagrun for example_xcom_args to None
[2021-02-10 04:27:25,178] {logging_mixin.py:103} INFO - [2021-02-10 04:27:25,178] {dag.py:2266} INFO - Setting next_dagrun for example_xcom_args_with_operators to None
[2021-02-10 04:27:25,215] {scheduler_job.py:189} INFO - Processing /home/airflow/.local/lib/python3.8/site-packages/airflow/example_dags/example_xcomargs.py took 0.138 seconds
