[2021-02-10 05:02:29,585] {scheduler_job.py:181} INFO - Started process (PID=25) to work on /home/airflow/.local/lib/python3.8/site-packages/airflow/example_dags/example_short_circuit_operator.py
[2021-02-10 05:02:29,605] {scheduler_job.py:629} INFO - Processing file /home/airflow/.local/lib/python3.8/site-packages/airflow/example_dags/example_short_circuit_operator.py for tasks to queue
[2021-02-10 05:02:29,607] {logging_mixin.py:103} INFO - [2021-02-10 05:02:29,607] {dagbag.py:440} INFO - Filling up the DagBag from /home/airflow/.local/lib/python3.8/site-packages/airflow/example_dags/example_short_circuit_operator.py
[2021-02-10 05:02:29,702] {scheduler_job.py:639} INFO - DAG(s) dict_keys(['example_short_circuit_operator']) retrieved from /home/airflow/.local/lib/python3.8/site-packages/airflow/example_dags/example_short_circuit_operator.py
[2021-02-10 05:02:29,706] {logging_mixin.py:103} INFO - [2021-02-10 05:02:29,706] {dag.py:1813} INFO - Sync 1 DAGs
[2021-02-10 05:02:30,064] {logging_mixin.py:103} INFO - [2021-02-10 05:02:30,064] {dag.py:2266} INFO - Setting next_dagrun for example_short_circuit_operator to 2021-02-08 00:00:00+00:00
[2021-02-10 05:02:30,215] {scheduler_job.py:189} INFO - Processing /home/airflow/.local/lib/python3.8/site-packages/airflow/example_dags/example_short_circuit_operator.py took 0.685 seconds
[2021-02-10 05:02:36,984] {scheduler_job.py:181} INFO - Started process (PID=51) to work on /home/airflow/.local/lib/python3.8/site-packages/airflow/example_dags/example_short_circuit_operator.py
[2021-02-10 05:02:36,988] {scheduler_job.py:629} INFO - Processing file /home/airflow/.local/lib/python3.8/site-packages/airflow/example_dags/example_short_circuit_operator.py for tasks to queue
[2021-02-10 05:02:36,991] {logging_mixin.py:103} INFO - [2021-02-10 05:02:36,991] {dagbag.py:440} INFO - Filling up the DagBag from /home/airflow/.local/lib/python3.8/site-packages/airflow/example_dags/example_short_circuit_operator.py
[2021-02-10 05:02:37,012] {scheduler_job.py:639} INFO - DAG(s) dict_keys(['example_short_circuit_operator']) retrieved from /home/airflow/.local/lib/python3.8/site-packages/airflow/example_dags/example_short_circuit_operator.py
[2021-02-10 05:02:37,016] {logging_mixin.py:103} INFO - [2021-02-10 05:02:37,015] {dag.py:1813} INFO - Sync 1 DAGs
[2021-02-10 05:02:37,067] {logging_mixin.py:103} INFO - [2021-02-10 05:02:37,067] {dag.py:2266} INFO - Setting next_dagrun for example_short_circuit_operator to 2021-02-08 00:00:00+00:00
[2021-02-10 05:02:37,100] {scheduler_job.py:189} INFO - Processing /home/airflow/.local/lib/python3.8/site-packages/airflow/example_dags/example_short_circuit_operator.py took 0.129 seconds
[2021-02-10 05:02:40,779] {scheduler_job.py:181} INFO - Started process (PID=75) to work on /home/airflow/.local/lib/python3.8/site-packages/airflow/example_dags/example_short_circuit_operator.py
[2021-02-10 05:02:40,786] {scheduler_job.py:629} INFO - Processing file /home/airflow/.local/lib/python3.8/site-packages/airflow/example_dags/example_short_circuit_operator.py for tasks to queue
[2021-02-10 05:02:40,790] {logging_mixin.py:103} INFO - [2021-02-10 05:02:40,790] {dagbag.py:440} INFO - Filling up the DagBag from /home/airflow/.local/lib/python3.8/site-packages/airflow/example_dags/example_short_circuit_operator.py
[2021-02-10 05:02:40,810] {scheduler_job.py:639} INFO - DAG(s) dict_keys(['example_short_circuit_operator']) retrieved from /home/airflow/.local/lib/python3.8/site-packages/airflow/example_dags/example_short_circuit_operator.py
[2021-02-10 05:02:40,814] {logging_mixin.py:103} INFO - [2021-02-10 05:02:40,813] {dag.py:1813} INFO - Sync 1 DAGs
[2021-02-10 05:02:40,933] {logging_mixin.py:103} INFO - [2021-02-10 05:02:40,933] {dag.py:2266} INFO - Setting next_dagrun for example_short_circuit_operator to 2021-02-08 00:00:00+00:00
[2021-02-10 05:02:41,087] {scheduler_job.py:189} INFO - Processing /home/airflow/.local/lib/python3.8/site-packages/airflow/example_dags/example_short_circuit_operator.py took 0.313 seconds
[2021-02-10 05:02:44,582] {scheduler_job.py:181} INFO - Started process (PID=100) to work on /home/airflow/.local/lib/python3.8/site-packages/airflow/example_dags/example_short_circuit_operator.py
[2021-02-10 05:02:44,610] {scheduler_job.py:629} INFO - Processing file /home/airflow/.local/lib/python3.8/site-packages/airflow/example_dags/example_short_circuit_operator.py for tasks to queue
[2021-02-10 05:02:44,620] {logging_mixin.py:103} INFO - [2021-02-10 05:02:44,620] {dagbag.py:440} INFO - Filling up the DagBag from /home/airflow/.local/lib/python3.8/site-packages/airflow/example_dags/example_short_circuit_operator.py
[2021-02-10 05:02:44,727] {scheduler_job.py:639} INFO - DAG(s) dict_keys(['example_short_circuit_operator']) retrieved from /home/airflow/.local/lib/python3.8/site-packages/airflow/example_dags/example_short_circuit_operator.py
[2021-02-10 05:02:44,732] {logging_mixin.py:103} INFO - [2021-02-10 05:02:44,732] {dag.py:1813} INFO - Sync 1 DAGs
[2021-02-10 05:02:44,844] {logging_mixin.py:103} INFO - [2021-02-10 05:02:44,844] {dag.py:2266} INFO - Setting next_dagrun for example_short_circuit_operator to 2021-02-08 00:00:00+00:00
[2021-02-10 05:02:44,926] {scheduler_job.py:189} INFO - Processing /home/airflow/.local/lib/python3.8/site-packages/airflow/example_dags/example_short_circuit_operator.py took 0.385 seconds
[2021-02-10 05:02:49,650] {scheduler_job.py:181} INFO - Started process (PID=125) to work on /home/airflow/.local/lib/python3.8/site-packages/airflow/example_dags/example_short_circuit_operator.py
[2021-02-10 05:02:49,655] {scheduler_job.py:629} INFO - Processing file /home/airflow/.local/lib/python3.8/site-packages/airflow/example_dags/example_short_circuit_operator.py for tasks to queue
[2021-02-10 05:02:49,658] {logging_mixin.py:103} INFO - [2021-02-10 05:02:49,658] {dagbag.py:440} INFO - Filling up the DagBag from /home/airflow/.local/lib/python3.8/site-packages/airflow/example_dags/example_short_circuit_operator.py
[2021-02-10 05:02:49,687] {scheduler_job.py:639} INFO - DAG(s) dict_keys(['example_short_circuit_operator']) retrieved from /home/airflow/.local/lib/python3.8/site-packages/airflow/example_dags/example_short_circuit_operator.py
[2021-02-10 05:02:49,693] {logging_mixin.py:103} INFO - [2021-02-10 05:02:49,692] {dag.py:1813} INFO - Sync 1 DAGs
[2021-02-10 05:02:49,759] {logging_mixin.py:103} INFO - [2021-02-10 05:02:49,759] {dag.py:2266} INFO - Setting next_dagrun for example_short_circuit_operator to 2021-02-08 00:00:00+00:00
[2021-02-10 05:02:50,219] {scheduler_job.py:189} INFO - Processing /home/airflow/.local/lib/python3.8/site-packages/airflow/example_dags/example_short_circuit_operator.py took 0.578 seconds
[2021-02-10 05:02:53,377] {scheduler_job.py:181} INFO - Started process (PID=150) to work on /home/airflow/.local/lib/python3.8/site-packages/airflow/example_dags/example_short_circuit_operator.py
[2021-02-10 05:02:53,382] {scheduler_job.py:629} INFO - Processing file /home/airflow/.local/lib/python3.8/site-packages/airflow/example_dags/example_short_circuit_operator.py for tasks to queue
[2021-02-10 05:02:53,385] {logging_mixin.py:103} INFO - [2021-02-10 05:02:53,384] {dagbag.py:440} INFO - Filling up the DagBag from /home/airflow/.local/lib/python3.8/site-packages/airflow/example_dags/example_short_circuit_operator.py
[2021-02-10 05:02:53,421] {scheduler_job.py:639} INFO - DAG(s) dict_keys(['example_short_circuit_operator']) retrieved from /home/airflow/.local/lib/python3.8/site-packages/airflow/example_dags/example_short_circuit_operator.py
[2021-02-10 05:02:53,424] {logging_mixin.py:103} INFO - [2021-02-10 05:02:53,424] {dag.py:1813} INFO - Sync 1 DAGs
[2021-02-10 05:02:53,528] {logging_mixin.py:103} INFO - [2021-02-10 05:02:53,528] {dag.py:2266} INFO - Setting next_dagrun for example_short_circuit_operator to 2021-02-08 00:00:00+00:00
[2021-02-10 05:02:53,568] {scheduler_job.py:189} INFO - Processing /home/airflow/.local/lib/python3.8/site-packages/airflow/example_dags/example_short_circuit_operator.py took 0.199 seconds
[2021-02-10 05:02:57,645] {scheduler_job.py:181} INFO - Started process (PID=175) to work on /home/airflow/.local/lib/python3.8/site-packages/airflow/example_dags/example_short_circuit_operator.py
[2021-02-10 05:02:57,655] {scheduler_job.py:629} INFO - Processing file /home/airflow/.local/lib/python3.8/site-packages/airflow/example_dags/example_short_circuit_operator.py for tasks to queue
[2021-02-10 05:02:57,660] {logging_mixin.py:103} INFO - [2021-02-10 05:02:57,660] {dagbag.py:440} INFO - Filling up the DagBag from /home/airflow/.local/lib/python3.8/site-packages/airflow/example_dags/example_short_circuit_operator.py
[2021-02-10 05:02:57,717] {scheduler_job.py:639} INFO - DAG(s) dict_keys(['example_short_circuit_operator']) retrieved from /home/airflow/.local/lib/python3.8/site-packages/airflow/example_dags/example_short_circuit_operator.py
[2021-02-10 05:02:57,724] {logging_mixin.py:103} INFO - [2021-02-10 05:02:57,724] {dag.py:1813} INFO - Sync 1 DAGs
[2021-02-10 05:02:57,810] {logging_mixin.py:103} INFO - [2021-02-10 05:02:57,809] {dag.py:2266} INFO - Setting next_dagrun for example_short_circuit_operator to 2021-02-08 00:00:00+00:00
[2021-02-10 05:02:57,864] {scheduler_job.py:189} INFO - Processing /home/airflow/.local/lib/python3.8/site-packages/airflow/example_dags/example_short_circuit_operator.py took 0.226 seconds
[2021-02-10 05:03:04,526] {scheduler_job.py:181} INFO - Started process (PID=200) to work on /home/airflow/.local/lib/python3.8/site-packages/airflow/example_dags/example_short_circuit_operator.py
[2021-02-10 05:03:04,532] {scheduler_job.py:629} INFO - Processing file /home/airflow/.local/lib/python3.8/site-packages/airflow/example_dags/example_short_circuit_operator.py for tasks to queue
[2021-02-10 05:03:04,535] {logging_mixin.py:103} INFO - [2021-02-10 05:03:04,535] {dagbag.py:440} INFO - Filling up the DagBag from /home/airflow/.local/lib/python3.8/site-packages/airflow/example_dags/example_short_circuit_operator.py
[2021-02-10 05:03:04,579] {scheduler_job.py:639} INFO - DAG(s) dict_keys(['example_short_circuit_operator']) retrieved from /home/airflow/.local/lib/python3.8/site-packages/airflow/example_dags/example_short_circuit_operator.py
[2021-02-10 05:03:04,584] {logging_mixin.py:103} INFO - [2021-02-10 05:03:04,584] {dag.py:1813} INFO - Sync 1 DAGs
[2021-02-10 05:03:04,725] {logging_mixin.py:103} INFO - [2021-02-10 05:03:04,725] {dag.py:2266} INFO - Setting next_dagrun for example_short_circuit_operator to 2021-02-08 00:00:00+00:00
[2021-02-10 05:03:04,784] {scheduler_job.py:189} INFO - Processing /home/airflow/.local/lib/python3.8/site-packages/airflow/example_dags/example_short_circuit_operator.py took 0.272 seconds
[2021-02-10 05:03:09,169] {scheduler_job.py:181} INFO - Started process (PID=225) to work on /home/airflow/.local/lib/python3.8/site-packages/airflow/example_dags/example_short_circuit_operator.py
[2021-02-10 05:03:09,175] {scheduler_job.py:629} INFO - Processing file /home/airflow/.local/lib/python3.8/site-packages/airflow/example_dags/example_short_circuit_operator.py for tasks to queue
[2021-02-10 05:03:09,190] {logging_mixin.py:103} INFO - [2021-02-10 05:03:09,183] {dagbag.py:440} INFO - Filling up the DagBag from /home/airflow/.local/lib/python3.8/site-packages/airflow/example_dags/example_short_circuit_operator.py
[2021-02-10 05:03:09,247] {scheduler_job.py:639} INFO - DAG(s) dict_keys(['example_short_circuit_operator']) retrieved from /home/airflow/.local/lib/python3.8/site-packages/airflow/example_dags/example_short_circuit_operator.py
[2021-02-10 05:03:09,254] {logging_mixin.py:103} INFO - [2021-02-10 05:03:09,254] {dag.py:1813} INFO - Sync 1 DAGs
[2021-02-10 05:03:09,370] {logging_mixin.py:103} INFO - [2021-02-10 05:03:09,370] {dag.py:2266} INFO - Setting next_dagrun for example_short_circuit_operator to 2021-02-08 00:00:00+00:00
[2021-02-10 05:03:09,414] {scheduler_job.py:189} INFO - Processing /home/airflow/.local/lib/python3.8/site-packages/airflow/example_dags/example_short_circuit_operator.py took 0.257 seconds
[2021-02-10 05:03:14,936] {scheduler_job.py:181} INFO - Started process (PID=250) to work on /home/airflow/.local/lib/python3.8/site-packages/airflow/example_dags/example_short_circuit_operator.py
[2021-02-10 05:03:14,940] {scheduler_job.py:629} INFO - Processing file /home/airflow/.local/lib/python3.8/site-packages/airflow/example_dags/example_short_circuit_operator.py for tasks to queue
[2021-02-10 05:03:14,943] {logging_mixin.py:103} INFO - [2021-02-10 05:03:14,943] {dagbag.py:440} INFO - Filling up the DagBag from /home/airflow/.local/lib/python3.8/site-packages/airflow/example_dags/example_short_circuit_operator.py
[2021-02-10 05:03:14,982] {scheduler_job.py:639} INFO - DAG(s) dict_keys(['example_short_circuit_operator']) retrieved from /home/airflow/.local/lib/python3.8/site-packages/airflow/example_dags/example_short_circuit_operator.py
[2021-02-10 05:03:14,996] {logging_mixin.py:103} INFO - [2021-02-10 05:03:14,995] {dag.py:1813} INFO - Sync 1 DAGs
[2021-02-10 05:03:15,284] {logging_mixin.py:103} INFO - [2021-02-10 05:03:15,283] {dag.py:2266} INFO - Setting next_dagrun for example_short_circuit_operator to 2021-02-08 00:00:00+00:00
[2021-02-10 05:03:15,343] {scheduler_job.py:189} INFO - Processing /home/airflow/.local/lib/python3.8/site-packages/airflow/example_dags/example_short_circuit_operator.py took 0.425 seconds
