[2021-02-10 05:02:33,161] {scheduler_job.py:181} INFO - Started process (PID=36) to work on /home/airflow/.local/lib/python3.8/site-packages/airflow/example_dags/example_xcom.py
[2021-02-10 05:02:33,165] {scheduler_job.py:629} INFO - Processing file /home/airflow/.local/lib/python3.8/site-packages/airflow/example_dags/example_xcom.py for tasks to queue
[2021-02-10 05:02:33,168] {logging_mixin.py:103} INFO - [2021-02-10 05:02:33,168] {dagbag.py:440} INFO - Filling up the DagBag from /home/airflow/.local/lib/python3.8/site-packages/airflow/example_dags/example_xcom.py
[2021-02-10 05:02:33,228] {scheduler_job.py:639} INFO - DAG(s) dict_keys(['example_xcom']) retrieved from /home/airflow/.local/lib/python3.8/site-packages/airflow/example_dags/example_xcom.py
[2021-02-10 05:02:33,231] {logging_mixin.py:103} INFO - [2021-02-10 05:02:33,231] {dag.py:1813} INFO - Sync 1 DAGs
[2021-02-10 05:02:33,398] {logging_mixin.py:103} INFO - [2021-02-10 05:02:33,398] {dag.py:2266} INFO - Setting next_dagrun for example_xcom to 2021-02-08 00:00:00+00:00
[2021-02-10 05:02:33,494] {scheduler_job.py:189} INFO - Processing /home/airflow/.local/lib/python3.8/site-packages/airflow/example_dags/example_xcom.py took 0.355 seconds
[2021-02-10 05:02:39,323] {scheduler_job.py:181} INFO - Started process (PID=62) to work on /home/airflow/.local/lib/python3.8/site-packages/airflow/example_dags/example_xcom.py
[2021-02-10 05:02:39,326] {scheduler_job.py:629} INFO - Processing file /home/airflow/.local/lib/python3.8/site-packages/airflow/example_dags/example_xcom.py for tasks to queue
[2021-02-10 05:02:39,329] {logging_mixin.py:103} INFO - [2021-02-10 05:02:39,328] {dagbag.py:440} INFO - Filling up the DagBag from /home/airflow/.local/lib/python3.8/site-packages/airflow/example_dags/example_xcom.py
[2021-02-10 05:02:39,353] {scheduler_job.py:639} INFO - DAG(s) dict_keys(['example_xcom']) retrieved from /home/airflow/.local/lib/python3.8/site-packages/airflow/example_dags/example_xcom.py
[2021-02-10 05:02:39,356] {logging_mixin.py:103} INFO - [2021-02-10 05:02:39,356] {dag.py:1813} INFO - Sync 1 DAGs
[2021-02-10 05:02:39,419] {logging_mixin.py:103} INFO - [2021-02-10 05:02:39,419] {dag.py:2266} INFO - Setting next_dagrun for example_xcom to 2021-02-08 00:00:00+00:00
[2021-02-10 05:02:39,457] {scheduler_job.py:189} INFO - Processing /home/airflow/.local/lib/python3.8/site-packages/airflow/example_dags/example_xcom.py took 0.141 seconds
[2021-02-10 05:02:42,305] {scheduler_job.py:181} INFO - Started process (PID=86) to work on /home/airflow/.local/lib/python3.8/site-packages/airflow/example_dags/example_xcom.py
[2021-02-10 05:02:42,309] {scheduler_job.py:629} INFO - Processing file /home/airflow/.local/lib/python3.8/site-packages/airflow/example_dags/example_xcom.py for tasks to queue
[2021-02-10 05:02:42,322] {logging_mixin.py:103} INFO - [2021-02-10 05:02:42,321] {dagbag.py:440} INFO - Filling up the DagBag from /home/airflow/.local/lib/python3.8/site-packages/airflow/example_dags/example_xcom.py
[2021-02-10 05:02:42,368] {scheduler_job.py:639} INFO - DAG(s) dict_keys(['example_xcom']) retrieved from /home/airflow/.local/lib/python3.8/site-packages/airflow/example_dags/example_xcom.py
[2021-02-10 05:02:42,378] {logging_mixin.py:103} INFO - [2021-02-10 05:02:42,378] {dag.py:1813} INFO - Sync 1 DAGs
[2021-02-10 05:02:42,449] {logging_mixin.py:103} INFO - [2021-02-10 05:02:42,449] {dag.py:2266} INFO - Setting next_dagrun for example_xcom to 2021-02-08 00:00:00+00:00
[2021-02-10 05:02:42,495] {scheduler_job.py:189} INFO - Processing /home/airflow/.local/lib/python3.8/site-packages/airflow/example_dags/example_xcom.py took 0.199 seconds
[2021-02-10 05:02:46,935] {scheduler_job.py:181} INFO - Started process (PID=111) to work on /home/airflow/.local/lib/python3.8/site-packages/airflow/example_dags/example_xcom.py
[2021-02-10 05:02:46,939] {scheduler_job.py:629} INFO - Processing file /home/airflow/.local/lib/python3.8/site-packages/airflow/example_dags/example_xcom.py for tasks to queue
[2021-02-10 05:02:46,941] {logging_mixin.py:103} INFO - [2021-02-10 05:02:46,941] {dagbag.py:440} INFO - Filling up the DagBag from /home/airflow/.local/lib/python3.8/site-packages/airflow/example_dags/example_xcom.py
[2021-02-10 05:02:46,963] {scheduler_job.py:639} INFO - DAG(s) dict_keys(['example_xcom']) retrieved from /home/airflow/.local/lib/python3.8/site-packages/airflow/example_dags/example_xcom.py
[2021-02-10 05:02:46,967] {logging_mixin.py:103} INFO - [2021-02-10 05:02:46,967] {dag.py:1813} INFO - Sync 1 DAGs
[2021-02-10 05:02:47,093] {logging_mixin.py:103} INFO - [2021-02-10 05:02:47,093] {dag.py:2266} INFO - Setting next_dagrun for example_xcom to 2021-02-08 00:00:00+00:00
[2021-02-10 05:02:47,132] {scheduler_job.py:189} INFO - Processing /home/airflow/.local/lib/python3.8/site-packages/airflow/example_dags/example_xcom.py took 0.203 seconds
[2021-02-10 05:02:51,925] {scheduler_job.py:181} INFO - Started process (PID=136) to work on /home/airflow/.local/lib/python3.8/site-packages/airflow/example_dags/example_xcom.py
[2021-02-10 05:02:51,928] {scheduler_job.py:629} INFO - Processing file /home/airflow/.local/lib/python3.8/site-packages/airflow/example_dags/example_xcom.py for tasks to queue
[2021-02-10 05:02:51,931] {logging_mixin.py:103} INFO - [2021-02-10 05:02:51,931] {dagbag.py:440} INFO - Filling up the DagBag from /home/airflow/.local/lib/python3.8/site-packages/airflow/example_dags/example_xcom.py
[2021-02-10 05:02:51,953] {scheduler_job.py:639} INFO - DAG(s) dict_keys(['example_xcom']) retrieved from /home/airflow/.local/lib/python3.8/site-packages/airflow/example_dags/example_xcom.py
[2021-02-10 05:02:51,956] {logging_mixin.py:103} INFO - [2021-02-10 05:02:51,956] {dag.py:1813} INFO - Sync 1 DAGs
[2021-02-10 05:02:52,005] {logging_mixin.py:103} INFO - [2021-02-10 05:02:52,004] {dag.py:2266} INFO - Setting next_dagrun for example_xcom to 2021-02-08 00:00:00+00:00
[2021-02-10 05:02:52,061] {scheduler_job.py:189} INFO - Processing /home/airflow/.local/lib/python3.8/site-packages/airflow/example_dags/example_xcom.py took 0.145 seconds
[2021-02-10 05:02:55,128] {scheduler_job.py:181} INFO - Started process (PID=161) to work on /home/airflow/.local/lib/python3.8/site-packages/airflow/example_dags/example_xcom.py
[2021-02-10 05:02:55,132] {scheduler_job.py:629} INFO - Processing file /home/airflow/.local/lib/python3.8/site-packages/airflow/example_dags/example_xcom.py for tasks to queue
[2021-02-10 05:02:55,135] {logging_mixin.py:103} INFO - [2021-02-10 05:02:55,134] {dagbag.py:440} INFO - Filling up the DagBag from /home/airflow/.local/lib/python3.8/site-packages/airflow/example_dags/example_xcom.py
[2021-02-10 05:02:55,165] {scheduler_job.py:639} INFO - DAG(s) dict_keys(['example_xcom']) retrieved from /home/airflow/.local/lib/python3.8/site-packages/airflow/example_dags/example_xcom.py
[2021-02-10 05:02:55,180] {logging_mixin.py:103} INFO - [2021-02-10 05:02:55,178] {dag.py:1813} INFO - Sync 1 DAGs
[2021-02-10 05:02:55,341] {logging_mixin.py:103} INFO - [2021-02-10 05:02:55,341] {dag.py:2266} INFO - Setting next_dagrun for example_xcom to 2021-02-08 00:00:00+00:00
[2021-02-10 05:02:55,388] {scheduler_job.py:189} INFO - Processing /home/airflow/.local/lib/python3.8/site-packages/airflow/example_dags/example_xcom.py took 0.267 seconds
[2021-02-10 05:02:59,096] {scheduler_job.py:181} INFO - Started process (PID=186) to work on /home/airflow/.local/lib/python3.8/site-packages/airflow/example_dags/example_xcom.py
[2021-02-10 05:02:59,099] {scheduler_job.py:629} INFO - Processing file /home/airflow/.local/lib/python3.8/site-packages/airflow/example_dags/example_xcom.py for tasks to queue
[2021-02-10 05:02:59,102] {logging_mixin.py:103} INFO - [2021-02-10 05:02:59,102] {dagbag.py:440} INFO - Filling up the DagBag from /home/airflow/.local/lib/python3.8/site-packages/airflow/example_dags/example_xcom.py
[2021-02-10 05:02:59,127] {scheduler_job.py:639} INFO - DAG(s) dict_keys(['example_xcom']) retrieved from /home/airflow/.local/lib/python3.8/site-packages/airflow/example_dags/example_xcom.py
[2021-02-10 05:02:59,131] {logging_mixin.py:103} INFO - [2021-02-10 05:02:59,130] {dag.py:1813} INFO - Sync 1 DAGs
[2021-02-10 05:02:59,200] {logging_mixin.py:103} INFO - [2021-02-10 05:02:59,200] {dag.py:2266} INFO - Setting next_dagrun for example_xcom to 2021-02-08 00:00:00+00:00
[2021-02-10 05:02:59,252] {scheduler_job.py:189} INFO - Processing /home/airflow/.local/lib/python3.8/site-packages/airflow/example_dags/example_xcom.py took 0.164 seconds
[2021-02-10 05:03:06,482] {scheduler_job.py:181} INFO - Started process (PID=211) to work on /home/airflow/.local/lib/python3.8/site-packages/airflow/example_dags/example_xcom.py
[2021-02-10 05:03:06,494] {scheduler_job.py:629} INFO - Processing file /home/airflow/.local/lib/python3.8/site-packages/airflow/example_dags/example_xcom.py for tasks to queue
[2021-02-10 05:03:06,498] {logging_mixin.py:103} INFO - [2021-02-10 05:03:06,497] {dagbag.py:440} INFO - Filling up the DagBag from /home/airflow/.local/lib/python3.8/site-packages/airflow/example_dags/example_xcom.py
[2021-02-10 05:03:06,641] {scheduler_job.py:639} INFO - DAG(s) dict_keys(['example_xcom']) retrieved from /home/airflow/.local/lib/python3.8/site-packages/airflow/example_dags/example_xcom.py
[2021-02-10 05:03:06,649] {logging_mixin.py:103} INFO - [2021-02-10 05:03:06,649] {dag.py:1813} INFO - Sync 1 DAGs
[2021-02-10 05:03:06,775] {logging_mixin.py:103} INFO - [2021-02-10 05:03:06,775] {dag.py:2266} INFO - Setting next_dagrun for example_xcom to 2021-02-08 00:00:00+00:00
[2021-02-10 05:03:06,833] {scheduler_job.py:189} INFO - Processing /home/airflow/.local/lib/python3.8/site-packages/airflow/example_dags/example_xcom.py took 0.378 seconds
[2021-02-10 05:03:11,243] {scheduler_job.py:181} INFO - Started process (PID=236) to work on /home/airflow/.local/lib/python3.8/site-packages/airflow/example_dags/example_xcom.py
[2021-02-10 05:03:11,252] {scheduler_job.py:629} INFO - Processing file /home/airflow/.local/lib/python3.8/site-packages/airflow/example_dags/example_xcom.py for tasks to queue
[2021-02-10 05:03:11,267] {logging_mixin.py:103} INFO - [2021-02-10 05:03:11,259] {dagbag.py:440} INFO - Filling up the DagBag from /home/airflow/.local/lib/python3.8/site-packages/airflow/example_dags/example_xcom.py
[2021-02-10 05:03:11,304] {scheduler_job.py:639} INFO - DAG(s) dict_keys(['example_xcom']) retrieved from /home/airflow/.local/lib/python3.8/site-packages/airflow/example_dags/example_xcom.py
[2021-02-10 05:03:11,311] {logging_mixin.py:103} INFO - [2021-02-10 05:03:11,311] {dag.py:1813} INFO - Sync 1 DAGs
[2021-02-10 05:03:11,670] {logging_mixin.py:103} INFO - [2021-02-10 05:03:11,669] {dag.py:2266} INFO - Setting next_dagrun for example_xcom to 2021-02-08 00:00:00+00:00
[2021-02-10 05:03:11,921] {scheduler_job.py:189} INFO - Processing /home/airflow/.local/lib/python3.8/site-packages/airflow/example_dags/example_xcom.py took 0.686 seconds
