[2021-02-10 04:39:13,956] {scheduler_job.py:181} INFO - Started process (PID=21) to work on /home/airflow/.local/lib/python3.8/site-packages/airflow/example_dags/example_branch_operator.py
[2021-02-10 04:39:13,981] {scheduler_job.py:629} INFO - Processing file /home/airflow/.local/lib/python3.8/site-packages/airflow/example_dags/example_branch_operator.py for tasks to queue
[2021-02-10 04:39:13,992] {logging_mixin.py:103} INFO - [2021-02-10 04:39:13,992] {dagbag.py:440} INFO - Filling up the DagBag from /home/airflow/.local/lib/python3.8/site-packages/airflow/example_dags/example_branch_operator.py
[2021-02-10 04:39:14,108] {scheduler_job.py:639} INFO - DAG(s) dict_keys(['example_branch_operator']) retrieved from /home/airflow/.local/lib/python3.8/site-packages/airflow/example_dags/example_branch_operator.py
[2021-02-10 04:39:14,126] {logging_mixin.py:103} INFO - [2021-02-10 04:39:14,126] {dag.py:1813} INFO - Sync 1 DAGs
[2021-02-10 04:39:14,244] {logging_mixin.py:103} INFO - [2021-02-10 04:39:14,243] {dag.py:2266} INFO - Setting next_dagrun for example_branch_operator to 2021-02-08 00:00:00+00:00
[2021-02-10 04:39:14,305] {scheduler_job.py:189} INFO - Processing /home/airflow/.local/lib/python3.8/site-packages/airflow/example_dags/example_branch_operator.py took 0.355 seconds
[2021-02-10 04:39:22,265] {scheduler_job.py:181} INFO - Started process (PID=47) to work on /home/airflow/.local/lib/python3.8/site-packages/airflow/example_dags/example_branch_operator.py
[2021-02-10 04:39:22,270] {scheduler_job.py:629} INFO - Processing file /home/airflow/.local/lib/python3.8/site-packages/airflow/example_dags/example_branch_operator.py for tasks to queue
[2021-02-10 04:39:22,302] {logging_mixin.py:103} INFO - [2021-02-10 04:39:22,301] {dagbag.py:440} INFO - Filling up the DagBag from /home/airflow/.local/lib/python3.8/site-packages/airflow/example_dags/example_branch_operator.py
[2021-02-10 04:39:22,458] {scheduler_job.py:639} INFO - DAG(s) dict_keys(['example_branch_operator']) retrieved from /home/airflow/.local/lib/python3.8/site-packages/airflow/example_dags/example_branch_operator.py
[2021-02-10 04:39:22,493] {logging_mixin.py:103} INFO - [2021-02-10 04:39:22,491] {dag.py:1813} INFO - Sync 1 DAGs
[2021-02-10 04:39:22,849] {logging_mixin.py:103} INFO - [2021-02-10 04:39:22,849] {dag.py:2266} INFO - Setting next_dagrun for example_branch_operator to 2021-02-08 00:00:00+00:00
[2021-02-10 04:39:23,022] {scheduler_job.py:189} INFO - Processing /home/airflow/.local/lib/python3.8/site-packages/airflow/example_dags/example_branch_operator.py took 0.812 seconds
[2021-02-10 04:39:31,930] {scheduler_job.py:181} INFO - Started process (PID=72) to work on /home/airflow/.local/lib/python3.8/site-packages/airflow/example_dags/example_branch_operator.py
[2021-02-10 04:39:31,944] {scheduler_job.py:629} INFO - Processing file /home/airflow/.local/lib/python3.8/site-packages/airflow/example_dags/example_branch_operator.py for tasks to queue
[2021-02-10 04:39:31,962] {logging_mixin.py:103} INFO - [2021-02-10 04:39:31,962] {dagbag.py:440} INFO - Filling up the DagBag from /home/airflow/.local/lib/python3.8/site-packages/airflow/example_dags/example_branch_operator.py
[2021-02-10 04:39:32,022] {scheduler_job.py:639} INFO - DAG(s) dict_keys(['example_branch_operator']) retrieved from /home/airflow/.local/lib/python3.8/site-packages/airflow/example_dags/example_branch_operator.py
[2021-02-10 04:39:32,036] {logging_mixin.py:103} INFO - [2021-02-10 04:39:32,035] {dag.py:1813} INFO - Sync 1 DAGs
[2021-02-10 04:39:32,240] {logging_mixin.py:103} INFO - [2021-02-10 04:39:32,240] {dag.py:2266} INFO - Setting next_dagrun for example_branch_operator to 2021-02-08 00:00:00+00:00
[2021-02-10 04:39:32,305] {scheduler_job.py:189} INFO - Processing /home/airflow/.local/lib/python3.8/site-packages/airflow/example_dags/example_branch_operator.py took 0.388 seconds
[2021-02-10 04:39:37,888] {scheduler_job.py:181} INFO - Started process (PID=97) to work on /home/airflow/.local/lib/python3.8/site-packages/airflow/example_dags/example_branch_operator.py
[2021-02-10 04:39:37,896] {scheduler_job.py:629} INFO - Processing file /home/airflow/.local/lib/python3.8/site-packages/airflow/example_dags/example_branch_operator.py for tasks to queue
[2021-02-10 04:39:37,900] {logging_mixin.py:103} INFO - [2021-02-10 04:39:37,900] {dagbag.py:440} INFO - Filling up the DagBag from /home/airflow/.local/lib/python3.8/site-packages/airflow/example_dags/example_branch_operator.py
[2021-02-10 04:39:37,978] {scheduler_job.py:639} INFO - DAG(s) dict_keys(['example_branch_operator']) retrieved from /home/airflow/.local/lib/python3.8/site-packages/airflow/example_dags/example_branch_operator.py
[2021-02-10 04:39:37,982] {logging_mixin.py:103} INFO - [2021-02-10 04:39:37,982] {dag.py:1813} INFO - Sync 1 DAGs
[2021-02-10 04:39:38,121] {logging_mixin.py:103} INFO - [2021-02-10 04:39:38,120] {dag.py:2266} INFO - Setting next_dagrun for example_branch_operator to 2021-02-08 00:00:00+00:00
[2021-02-10 04:39:38,147] {scheduler_job.py:189} INFO - Processing /home/airflow/.local/lib/python3.8/site-packages/airflow/example_dags/example_branch_operator.py took 0.270 seconds
[2021-02-10 04:39:40,746] {scheduler_job.py:181} INFO - Started process (PID=122) to work on /home/airflow/.local/lib/python3.8/site-packages/airflow/example_dags/example_branch_operator.py
[2021-02-10 04:39:40,749] {scheduler_job.py:629} INFO - Processing file /home/airflow/.local/lib/python3.8/site-packages/airflow/example_dags/example_branch_operator.py for tasks to queue
[2021-02-10 04:39:40,755] {logging_mixin.py:103} INFO - [2021-02-10 04:39:40,754] {dagbag.py:440} INFO - Filling up the DagBag from /home/airflow/.local/lib/python3.8/site-packages/airflow/example_dags/example_branch_operator.py
[2021-02-10 04:39:40,812] {scheduler_job.py:639} INFO - DAG(s) dict_keys(['example_branch_operator']) retrieved from /home/airflow/.local/lib/python3.8/site-packages/airflow/example_dags/example_branch_operator.py
[2021-02-10 04:39:40,815] {logging_mixin.py:103} INFO - [2021-02-10 04:39:40,815] {dag.py:1813} INFO - Sync 1 DAGs
[2021-02-10 04:39:40,901] {logging_mixin.py:103} INFO - [2021-02-10 04:39:40,901] {dag.py:2266} INFO - Setting next_dagrun for example_branch_operator to 2021-02-08 00:00:00+00:00
[2021-02-10 04:39:40,929] {scheduler_job.py:189} INFO - Processing /home/airflow/.local/lib/python3.8/site-packages/airflow/example_dags/example_branch_operator.py took 0.191 seconds
[2021-02-10 04:39:43,316] {scheduler_job.py:181} INFO - Started process (PID=147) to work on /home/airflow/.local/lib/python3.8/site-packages/airflow/example_dags/example_branch_operator.py
[2021-02-10 04:39:43,321] {scheduler_job.py:629} INFO - Processing file /home/airflow/.local/lib/python3.8/site-packages/airflow/example_dags/example_branch_operator.py for tasks to queue
[2021-02-10 04:39:43,323] {logging_mixin.py:103} INFO - [2021-02-10 04:39:43,323] {dagbag.py:440} INFO - Filling up the DagBag from /home/airflow/.local/lib/python3.8/site-packages/airflow/example_dags/example_branch_operator.py
[2021-02-10 04:39:43,351] {scheduler_job.py:639} INFO - DAG(s) dict_keys(['example_branch_operator']) retrieved from /home/airflow/.local/lib/python3.8/site-packages/airflow/example_dags/example_branch_operator.py
[2021-02-10 04:39:43,353] {logging_mixin.py:103} INFO - [2021-02-10 04:39:43,353] {dag.py:1813} INFO - Sync 1 DAGs
[2021-02-10 04:39:43,422] {logging_mixin.py:103} INFO - [2021-02-10 04:39:43,422] {dag.py:2266} INFO - Setting next_dagrun for example_branch_operator to 2021-02-08 00:00:00+00:00
[2021-02-10 04:39:43,447] {scheduler_job.py:189} INFO - Processing /home/airflow/.local/lib/python3.8/site-packages/airflow/example_dags/example_branch_operator.py took 0.138 seconds
[2021-02-10 04:39:46,172] {scheduler_job.py:181} INFO - Started process (PID=172) to work on /home/airflow/.local/lib/python3.8/site-packages/airflow/example_dags/example_branch_operator.py
[2021-02-10 04:39:46,176] {scheduler_job.py:629} INFO - Processing file /home/airflow/.local/lib/python3.8/site-packages/airflow/example_dags/example_branch_operator.py for tasks to queue
[2021-02-10 04:39:46,178] {logging_mixin.py:103} INFO - [2021-02-10 04:39:46,178] {dagbag.py:440} INFO - Filling up the DagBag from /home/airflow/.local/lib/python3.8/site-packages/airflow/example_dags/example_branch_operator.py
[2021-02-10 04:39:46,240] {scheduler_job.py:639} INFO - DAG(s) dict_keys(['example_branch_operator']) retrieved from /home/airflow/.local/lib/python3.8/site-packages/airflow/example_dags/example_branch_operator.py
[2021-02-10 04:39:46,245] {logging_mixin.py:103} INFO - [2021-02-10 04:39:46,245] {dag.py:1813} INFO - Sync 1 DAGs
[2021-02-10 04:39:46,390] {logging_mixin.py:103} INFO - [2021-02-10 04:39:46,390] {dag.py:2266} INFO - Setting next_dagrun for example_branch_operator to 2021-02-08 00:00:00+00:00
[2021-02-10 04:39:46,442] {scheduler_job.py:189} INFO - Processing /home/airflow/.local/lib/python3.8/site-packages/airflow/example_dags/example_branch_operator.py took 0.281 seconds
[2021-02-10 04:39:49,711] {scheduler_job.py:181} INFO - Started process (PID=197) to work on /home/airflow/.local/lib/python3.8/site-packages/airflow/example_dags/example_branch_operator.py
[2021-02-10 04:39:49,715] {scheduler_job.py:629} INFO - Processing file /home/airflow/.local/lib/python3.8/site-packages/airflow/example_dags/example_branch_operator.py for tasks to queue
[2021-02-10 04:39:49,718] {logging_mixin.py:103} INFO - [2021-02-10 04:39:49,718] {dagbag.py:440} INFO - Filling up the DagBag from /home/airflow/.local/lib/python3.8/site-packages/airflow/example_dags/example_branch_operator.py
[2021-02-10 04:39:49,749] {scheduler_job.py:639} INFO - DAG(s) dict_keys(['example_branch_operator']) retrieved from /home/airflow/.local/lib/python3.8/site-packages/airflow/example_dags/example_branch_operator.py
[2021-02-10 04:39:49,752] {logging_mixin.py:103} INFO - [2021-02-10 04:39:49,752] {dag.py:1813} INFO - Sync 1 DAGs
[2021-02-10 04:39:49,861] {logging_mixin.py:103} INFO - [2021-02-10 04:39:49,861] {dag.py:2266} INFO - Setting next_dagrun for example_branch_operator to 2021-02-08 00:00:00+00:00
[2021-02-10 04:39:49,896] {scheduler_job.py:189} INFO - Processing /home/airflow/.local/lib/python3.8/site-packages/airflow/example_dags/example_branch_operator.py took 0.191 seconds
[2021-02-10 04:39:52,958] {scheduler_job.py:181} INFO - Started process (PID=222) to work on /home/airflow/.local/lib/python3.8/site-packages/airflow/example_dags/example_branch_operator.py
[2021-02-10 04:39:52,964] {scheduler_job.py:629} INFO - Processing file /home/airflow/.local/lib/python3.8/site-packages/airflow/example_dags/example_branch_operator.py for tasks to queue
[2021-02-10 04:39:52,972] {logging_mixin.py:103} INFO - [2021-02-10 04:39:52,971] {dagbag.py:440} INFO - Filling up the DagBag from /home/airflow/.local/lib/python3.8/site-packages/airflow/example_dags/example_branch_operator.py
[2021-02-10 04:39:53,022] {scheduler_job.py:639} INFO - DAG(s) dict_keys(['example_branch_operator']) retrieved from /home/airflow/.local/lib/python3.8/site-packages/airflow/example_dags/example_branch_operator.py
[2021-02-10 04:39:53,024] {logging_mixin.py:103} INFO - [2021-02-10 04:39:53,024] {dag.py:1813} INFO - Sync 1 DAGs
[2021-02-10 04:39:53,077] {logging_mixin.py:103} INFO - [2021-02-10 04:39:53,077] {dag.py:2266} INFO - Setting next_dagrun for example_branch_operator to 2021-02-08 00:00:00+00:00
[2021-02-10 04:39:53,115] {scheduler_job.py:189} INFO - Processing /home/airflow/.local/lib/python3.8/site-packages/airflow/example_dags/example_branch_operator.py took 0.167 seconds
[2021-02-10 04:39:56,551] {scheduler_job.py:181} INFO - Started process (PID=247) to work on /home/airflow/.local/lib/python3.8/site-packages/airflow/example_dags/example_branch_operator.py
[2021-02-10 04:39:56,555] {scheduler_job.py:629} INFO - Processing file /home/airflow/.local/lib/python3.8/site-packages/airflow/example_dags/example_branch_operator.py for tasks to queue
[2021-02-10 04:39:56,560] {logging_mixin.py:103} INFO - [2021-02-10 04:39:56,560] {dagbag.py:440} INFO - Filling up the DagBag from /home/airflow/.local/lib/python3.8/site-packages/airflow/example_dags/example_branch_operator.py
[2021-02-10 04:39:56,610] {scheduler_job.py:639} INFO - DAG(s) dict_keys(['example_branch_operator']) retrieved from /home/airflow/.local/lib/python3.8/site-packages/airflow/example_dags/example_branch_operator.py
[2021-02-10 04:39:56,623] {logging_mixin.py:103} INFO - [2021-02-10 04:39:56,623] {dag.py:1813} INFO - Sync 1 DAGs
[2021-02-10 04:39:56,728] {logging_mixin.py:103} INFO - [2021-02-10 04:39:56,727] {dag.py:2266} INFO - Setting next_dagrun for example_branch_operator to 2021-02-08 00:00:00+00:00
[2021-02-10 04:39:56,804] {scheduler_job.py:189} INFO - Processing /home/airflow/.local/lib/python3.8/site-packages/airflow/example_dags/example_branch_operator.py took 0.271 seconds
[2021-02-10 04:40:00,489] {scheduler_job.py:181} INFO - Started process (PID=273) to work on /home/airflow/.local/lib/python3.8/site-packages/airflow/example_dags/example_branch_operator.py
[2021-02-10 04:40:00,508] {scheduler_job.py:629} INFO - Processing file /home/airflow/.local/lib/python3.8/site-packages/airflow/example_dags/example_branch_operator.py for tasks to queue
[2021-02-10 04:40:00,525] {logging_mixin.py:103} INFO - [2021-02-10 04:40:00,525] {dagbag.py:440} INFO - Filling up the DagBag from /home/airflow/.local/lib/python3.8/site-packages/airflow/example_dags/example_branch_operator.py
[2021-02-10 04:40:00,613] {scheduler_job.py:639} INFO - DAG(s) dict_keys(['example_branch_operator']) retrieved from /home/airflow/.local/lib/python3.8/site-packages/airflow/example_dags/example_branch_operator.py
[2021-02-10 04:40:00,620] {logging_mixin.py:103} INFO - [2021-02-10 04:40:00,619] {dag.py:1813} INFO - Sync 1 DAGs
[2021-02-10 04:40:00,738] {logging_mixin.py:103} INFO - [2021-02-10 04:40:00,738] {dag.py:2266} INFO - Setting next_dagrun for example_branch_operator to 2021-02-08 00:00:00+00:00
[2021-02-10 04:40:00,824] {scheduler_job.py:189} INFO - Processing /home/airflow/.local/lib/python3.8/site-packages/airflow/example_dags/example_branch_operator.py took 0.343 seconds
[2021-02-10 04:40:06,883] {scheduler_job.py:181} INFO - Started process (PID=298) to work on /home/airflow/.local/lib/python3.8/site-packages/airflow/example_dags/example_branch_operator.py
[2021-02-10 04:40:06,887] {scheduler_job.py:629} INFO - Processing file /home/airflow/.local/lib/python3.8/site-packages/airflow/example_dags/example_branch_operator.py for tasks to queue
[2021-02-10 04:40:06,894] {logging_mixin.py:103} INFO - [2021-02-10 04:40:06,893] {dagbag.py:440} INFO - Filling up the DagBag from /home/airflow/.local/lib/python3.8/site-packages/airflow/example_dags/example_branch_operator.py
[2021-02-10 04:40:06,950] {scheduler_job.py:639} INFO - DAG(s) dict_keys(['example_branch_operator']) retrieved from /home/airflow/.local/lib/python3.8/site-packages/airflow/example_dags/example_branch_operator.py
[2021-02-10 04:40:06,956] {logging_mixin.py:103} INFO - [2021-02-10 04:40:06,956] {dag.py:1813} INFO - Sync 1 DAGs
[2021-02-10 04:40:07,049] {logging_mixin.py:103} INFO - [2021-02-10 04:40:07,049] {dag.py:2266} INFO - Setting next_dagrun for example_branch_operator to 2021-02-08 00:00:00+00:00
[2021-02-10 04:40:07,087] {scheduler_job.py:189} INFO - Processing /home/airflow/.local/lib/python3.8/site-packages/airflow/example_dags/example_branch_operator.py took 0.218 seconds
[2021-02-10 04:40:11,446] {scheduler_job.py:181} INFO - Started process (PID=323) to work on /home/airflow/.local/lib/python3.8/site-packages/airflow/example_dags/example_branch_operator.py
[2021-02-10 04:40:11,457] {scheduler_job.py:629} INFO - Processing file /home/airflow/.local/lib/python3.8/site-packages/airflow/example_dags/example_branch_operator.py for tasks to queue
[2021-02-10 04:40:11,462] {logging_mixin.py:103} INFO - [2021-02-10 04:40:11,462] {dagbag.py:440} INFO - Filling up the DagBag from /home/airflow/.local/lib/python3.8/site-packages/airflow/example_dags/example_branch_operator.py
[2021-02-10 04:40:11,545] {scheduler_job.py:639} INFO - DAG(s) dict_keys(['example_branch_operator']) retrieved from /home/airflow/.local/lib/python3.8/site-packages/airflow/example_dags/example_branch_operator.py
[2021-02-10 04:40:11,553] {logging_mixin.py:103} INFO - [2021-02-10 04:40:11,552] {dag.py:1813} INFO - Sync 1 DAGs
[2021-02-10 04:40:11,690] {logging_mixin.py:103} INFO - [2021-02-10 04:40:11,689] {dag.py:2266} INFO - Setting next_dagrun for example_branch_operator to 2021-02-08 00:00:00+00:00
[2021-02-10 04:40:11,763] {scheduler_job.py:189} INFO - Processing /home/airflow/.local/lib/python3.8/site-packages/airflow/example_dags/example_branch_operator.py took 0.327 seconds
[2021-02-10 04:40:14,245] {scheduler_job.py:181} INFO - Started process (PID=348) to work on /home/airflow/.local/lib/python3.8/site-packages/airflow/example_dags/example_branch_operator.py
[2021-02-10 04:40:14,249] {scheduler_job.py:629} INFO - Processing file /home/airflow/.local/lib/python3.8/site-packages/airflow/example_dags/example_branch_operator.py for tasks to queue
[2021-02-10 04:40:14,251] {logging_mixin.py:103} INFO - [2021-02-10 04:40:14,251] {dagbag.py:440} INFO - Filling up the DagBag from /home/airflow/.local/lib/python3.8/site-packages/airflow/example_dags/example_branch_operator.py
[2021-02-10 04:40:14,282] {scheduler_job.py:639} INFO - DAG(s) dict_keys(['example_branch_operator']) retrieved from /home/airflow/.local/lib/python3.8/site-packages/airflow/example_dags/example_branch_operator.py
[2021-02-10 04:40:14,285] {logging_mixin.py:103} INFO - [2021-02-10 04:40:14,284] {dag.py:1813} INFO - Sync 1 DAGs
[2021-02-10 04:40:14,369] {logging_mixin.py:103} INFO - [2021-02-10 04:40:14,368] {dag.py:2266} INFO - Setting next_dagrun for example_branch_operator to 2021-02-08 00:00:00+00:00
[2021-02-10 04:40:14,466] {scheduler_job.py:189} INFO - Processing /home/airflow/.local/lib/python3.8/site-packages/airflow/example_dags/example_branch_operator.py took 0.229 seconds
[2021-02-10 04:40:17,340] {scheduler_job.py:181} INFO - Started process (PID=373) to work on /home/airflow/.local/lib/python3.8/site-packages/airflow/example_dags/example_branch_operator.py
[2021-02-10 04:40:17,344] {scheduler_job.py:629} INFO - Processing file /home/airflow/.local/lib/python3.8/site-packages/airflow/example_dags/example_branch_operator.py for tasks to queue
[2021-02-10 04:40:17,347] {logging_mixin.py:103} INFO - [2021-02-10 04:40:17,346] {dagbag.py:440} INFO - Filling up the DagBag from /home/airflow/.local/lib/python3.8/site-packages/airflow/example_dags/example_branch_operator.py
[2021-02-10 04:40:17,390] {scheduler_job.py:639} INFO - DAG(s) dict_keys(['example_branch_operator']) retrieved from /home/airflow/.local/lib/python3.8/site-packages/airflow/example_dags/example_branch_operator.py
[2021-02-10 04:40:17,392] {logging_mixin.py:103} INFO - [2021-02-10 04:40:17,392] {dag.py:1813} INFO - Sync 1 DAGs
[2021-02-10 04:40:17,476] {logging_mixin.py:103} INFO - [2021-02-10 04:40:17,476] {dag.py:2266} INFO - Setting next_dagrun for example_branch_operator to 2021-02-08 00:00:00+00:00
[2021-02-10 04:40:17,518] {scheduler_job.py:189} INFO - Processing /home/airflow/.local/lib/python3.8/site-packages/airflow/example_dags/example_branch_operator.py took 0.186 seconds
[2021-02-10 04:40:19,976] {scheduler_job.py:181} INFO - Started process (PID=398) to work on /home/airflow/.local/lib/python3.8/site-packages/airflow/example_dags/example_branch_operator.py
[2021-02-10 04:40:19,980] {scheduler_job.py:629} INFO - Processing file /home/airflow/.local/lib/python3.8/site-packages/airflow/example_dags/example_branch_operator.py for tasks to queue
[2021-02-10 04:40:19,982] {logging_mixin.py:103} INFO - [2021-02-10 04:40:19,982] {dagbag.py:440} INFO - Filling up the DagBag from /home/airflow/.local/lib/python3.8/site-packages/airflow/example_dags/example_branch_operator.py
[2021-02-10 04:40:20,016] {scheduler_job.py:639} INFO - DAG(s) dict_keys(['example_branch_operator']) retrieved from /home/airflow/.local/lib/python3.8/site-packages/airflow/example_dags/example_branch_operator.py
[2021-02-10 04:40:20,020] {logging_mixin.py:103} INFO - [2021-02-10 04:40:20,019] {dag.py:1813} INFO - Sync 1 DAGs
[2021-02-10 04:40:20,103] {logging_mixin.py:103} INFO - [2021-02-10 04:40:20,103] {dag.py:2266} INFO - Setting next_dagrun for example_branch_operator to 2021-02-08 00:00:00+00:00
[2021-02-10 04:40:20,139] {scheduler_job.py:189} INFO - Processing /home/airflow/.local/lib/python3.8/site-packages/airflow/example_dags/example_branch_operator.py took 0.170 seconds
[2021-02-10 04:40:22,756] {scheduler_job.py:181} INFO - Started process (PID=423) to work on /home/airflow/.local/lib/python3.8/site-packages/airflow/example_dags/example_branch_operator.py
[2021-02-10 04:40:22,759] {scheduler_job.py:629} INFO - Processing file /home/airflow/.local/lib/python3.8/site-packages/airflow/example_dags/example_branch_operator.py for tasks to queue
[2021-02-10 04:40:22,761] {logging_mixin.py:103} INFO - [2021-02-10 04:40:22,761] {dagbag.py:440} INFO - Filling up the DagBag from /home/airflow/.local/lib/python3.8/site-packages/airflow/example_dags/example_branch_operator.py
[2021-02-10 04:40:22,790] {scheduler_job.py:639} INFO - DAG(s) dict_keys(['example_branch_operator']) retrieved from /home/airflow/.local/lib/python3.8/site-packages/airflow/example_dags/example_branch_operator.py
[2021-02-10 04:40:22,792] {logging_mixin.py:103} INFO - [2021-02-10 04:40:22,792] {dag.py:1813} INFO - Sync 1 DAGs
[2021-02-10 04:40:22,869] {logging_mixin.py:103} INFO - [2021-02-10 04:40:22,868] {dag.py:2266} INFO - Setting next_dagrun for example_branch_operator to 2021-02-08 00:00:00+00:00
[2021-02-10 04:40:23,154] {scheduler_job.py:189} INFO - Processing /home/airflow/.local/lib/python3.8/site-packages/airflow/example_dags/example_branch_operator.py took 0.404 seconds
[2021-02-10 04:40:26,762] {scheduler_job.py:181} INFO - Started process (PID=448) to work on /home/airflow/.local/lib/python3.8/site-packages/airflow/example_dags/example_branch_operator.py
[2021-02-10 04:40:26,876] {scheduler_job.py:629} INFO - Processing file /home/airflow/.local/lib/python3.8/site-packages/airflow/example_dags/example_branch_operator.py for tasks to queue
[2021-02-10 04:40:26,880] {logging_mixin.py:103} INFO - [2021-02-10 04:40:26,880] {dagbag.py:440} INFO - Filling up the DagBag from /home/airflow/.local/lib/python3.8/site-packages/airflow/example_dags/example_branch_operator.py
[2021-02-10 04:40:26,938] {scheduler_job.py:639} INFO - DAG(s) dict_keys(['example_branch_operator']) retrieved from /home/airflow/.local/lib/python3.8/site-packages/airflow/example_dags/example_branch_operator.py
[2021-02-10 04:40:26,946] {logging_mixin.py:103} INFO - [2021-02-10 04:40:26,943] {dag.py:1813} INFO - Sync 1 DAGs
[2021-02-10 04:40:27,027] {logging_mixin.py:103} INFO - [2021-02-10 04:40:27,027] {dag.py:2266} INFO - Setting next_dagrun for example_branch_operator to 2021-02-08 00:00:00+00:00
[2021-02-10 04:40:27,084] {scheduler_job.py:189} INFO - Processing /home/airflow/.local/lib/python3.8/site-packages/airflow/example_dags/example_branch_operator.py took 0.329 seconds
[2021-02-10 04:40:29,657] {scheduler_job.py:181} INFO - Started process (PID=473) to work on /home/airflow/.local/lib/python3.8/site-packages/airflow/example_dags/example_branch_operator.py
[2021-02-10 04:40:29,659] {scheduler_job.py:629} INFO - Processing file /home/airflow/.local/lib/python3.8/site-packages/airflow/example_dags/example_branch_operator.py for tasks to queue
[2021-02-10 04:40:29,661] {logging_mixin.py:103} INFO - [2021-02-10 04:40:29,661] {dagbag.py:440} INFO - Filling up the DagBag from /home/airflow/.local/lib/python3.8/site-packages/airflow/example_dags/example_branch_operator.py
[2021-02-10 04:40:29,694] {scheduler_job.py:639} INFO - DAG(s) dict_keys(['example_branch_operator']) retrieved from /home/airflow/.local/lib/python3.8/site-packages/airflow/example_dags/example_branch_operator.py
[2021-02-10 04:40:29,696] {logging_mixin.py:103} INFO - [2021-02-10 04:40:29,696] {dag.py:1813} INFO - Sync 1 DAGs
[2021-02-10 04:40:29,761] {logging_mixin.py:103} INFO - [2021-02-10 04:40:29,760] {dag.py:2266} INFO - Setting next_dagrun for example_branch_operator to 2021-02-08 00:00:00+00:00
[2021-02-10 04:40:29,797] {scheduler_job.py:189} INFO - Processing /home/airflow/.local/lib/python3.8/site-packages/airflow/example_dags/example_branch_operator.py took 0.147 seconds
[2021-02-10 04:40:32,872] {scheduler_job.py:181} INFO - Started process (PID=498) to work on /home/airflow/.local/lib/python3.8/site-packages/airflow/example_dags/example_branch_operator.py
[2021-02-10 04:40:32,877] {scheduler_job.py:629} INFO - Processing file /home/airflow/.local/lib/python3.8/site-packages/airflow/example_dags/example_branch_operator.py for tasks to queue
[2021-02-10 04:40:32,879] {logging_mixin.py:103} INFO - [2021-02-10 04:40:32,879] {dagbag.py:440} INFO - Filling up the DagBag from /home/airflow/.local/lib/python3.8/site-packages/airflow/example_dags/example_branch_operator.py
[2021-02-10 04:40:32,910] {scheduler_job.py:639} INFO - DAG(s) dict_keys(['example_branch_operator']) retrieved from /home/airflow/.local/lib/python3.8/site-packages/airflow/example_dags/example_branch_operator.py
[2021-02-10 04:40:32,916] {logging_mixin.py:103} INFO - [2021-02-10 04:40:32,915] {dag.py:1813} INFO - Sync 1 DAGs
[2021-02-10 04:40:33,035] {logging_mixin.py:103} INFO - [2021-02-10 04:40:33,035] {dag.py:2266} INFO - Setting next_dagrun for example_branch_operator to 2021-02-08 00:00:00+00:00
[2021-02-10 04:40:33,107] {scheduler_job.py:189} INFO - Processing /home/airflow/.local/lib/python3.8/site-packages/airflow/example_dags/example_branch_operator.py took 0.241 seconds
[2021-02-10 04:40:35,462] {scheduler_job.py:181} INFO - Started process (PID=523) to work on /home/airflow/.local/lib/python3.8/site-packages/airflow/example_dags/example_branch_operator.py
[2021-02-10 04:40:35,466] {scheduler_job.py:629} INFO - Processing file /home/airflow/.local/lib/python3.8/site-packages/airflow/example_dags/example_branch_operator.py for tasks to queue
[2021-02-10 04:40:35,468] {logging_mixin.py:103} INFO - [2021-02-10 04:40:35,468] {dagbag.py:440} INFO - Filling up the DagBag from /home/airflow/.local/lib/python3.8/site-packages/airflow/example_dags/example_branch_operator.py
[2021-02-10 04:40:35,501] {scheduler_job.py:639} INFO - DAG(s) dict_keys(['example_branch_operator']) retrieved from /home/airflow/.local/lib/python3.8/site-packages/airflow/example_dags/example_branch_operator.py
[2021-02-10 04:40:35,504] {logging_mixin.py:103} INFO - [2021-02-10 04:40:35,504] {dag.py:1813} INFO - Sync 1 DAGs
[2021-02-10 04:40:35,582] {logging_mixin.py:103} INFO - [2021-02-10 04:40:35,582] {dag.py:2266} INFO - Setting next_dagrun for example_branch_operator to 2021-02-08 00:00:00+00:00
[2021-02-10 04:40:35,630] {scheduler_job.py:189} INFO - Processing /home/airflow/.local/lib/python3.8/site-packages/airflow/example_dags/example_branch_operator.py took 0.175 seconds
[2021-02-10 04:40:38,215] {scheduler_job.py:181} INFO - Started process (PID=548) to work on /home/airflow/.local/lib/python3.8/site-packages/airflow/example_dags/example_branch_operator.py
[2021-02-10 04:40:38,218] {scheduler_job.py:629} INFO - Processing file /home/airflow/.local/lib/python3.8/site-packages/airflow/example_dags/example_branch_operator.py for tasks to queue
[2021-02-10 04:40:38,220] {logging_mixin.py:103} INFO - [2021-02-10 04:40:38,220] {dagbag.py:440} INFO - Filling up the DagBag from /home/airflow/.local/lib/python3.8/site-packages/airflow/example_dags/example_branch_operator.py
[2021-02-10 04:40:38,271] {scheduler_job.py:639} INFO - DAG(s) dict_keys(['example_branch_operator']) retrieved from /home/airflow/.local/lib/python3.8/site-packages/airflow/example_dags/example_branch_operator.py
[2021-02-10 04:40:38,275] {logging_mixin.py:103} INFO - [2021-02-10 04:40:38,275] {dag.py:1813} INFO - Sync 1 DAGs
[2021-02-10 04:40:38,347] {logging_mixin.py:103} INFO - [2021-02-10 04:40:38,347] {dag.py:2266} INFO - Setting next_dagrun for example_branch_operator to 2021-02-08 00:00:00+00:00
[2021-02-10 04:40:38,384] {scheduler_job.py:189} INFO - Processing /home/airflow/.local/lib/python3.8/site-packages/airflow/example_dags/example_branch_operator.py took 0.176 seconds
[2021-02-10 04:40:41,672] {scheduler_job.py:181} INFO - Started process (PID=573) to work on /home/airflow/.local/lib/python3.8/site-packages/airflow/example_dags/example_branch_operator.py
[2021-02-10 04:40:41,675] {scheduler_job.py:629} INFO - Processing file /home/airflow/.local/lib/python3.8/site-packages/airflow/example_dags/example_branch_operator.py for tasks to queue
[2021-02-10 04:40:41,678] {logging_mixin.py:103} INFO - [2021-02-10 04:40:41,677] {dagbag.py:440} INFO - Filling up the DagBag from /home/airflow/.local/lib/python3.8/site-packages/airflow/example_dags/example_branch_operator.py
[2021-02-10 04:40:41,707] {scheduler_job.py:639} INFO - DAG(s) dict_keys(['example_branch_operator']) retrieved from /home/airflow/.local/lib/python3.8/site-packages/airflow/example_dags/example_branch_operator.py
[2021-02-10 04:40:41,709] {logging_mixin.py:103} INFO - [2021-02-10 04:40:41,709] {dag.py:1813} INFO - Sync 1 DAGs
[2021-02-10 04:40:41,777] {logging_mixin.py:103} INFO - [2021-02-10 04:40:41,776] {dag.py:2266} INFO - Setting next_dagrun for example_branch_operator to 2021-02-08 00:00:00+00:00
[2021-02-10 04:40:41,813] {scheduler_job.py:189} INFO - Processing /home/airflow/.local/lib/python3.8/site-packages/airflow/example_dags/example_branch_operator.py took 0.147 seconds
[2021-02-10 04:40:43,932] {scheduler_job.py:181} INFO - Started process (PID=598) to work on /home/airflow/.local/lib/python3.8/site-packages/airflow/example_dags/example_branch_operator.py
[2021-02-10 04:40:43,934] {scheduler_job.py:629} INFO - Processing file /home/airflow/.local/lib/python3.8/site-packages/airflow/example_dags/example_branch_operator.py for tasks to queue
[2021-02-10 04:40:43,936] {logging_mixin.py:103} INFO - [2021-02-10 04:40:43,936] {dagbag.py:440} INFO - Filling up the DagBag from /home/airflow/.local/lib/python3.8/site-packages/airflow/example_dags/example_branch_operator.py
[2021-02-10 04:40:43,960] {scheduler_job.py:639} INFO - DAG(s) dict_keys(['example_branch_operator']) retrieved from /home/airflow/.local/lib/python3.8/site-packages/airflow/example_dags/example_branch_operator.py
[2021-02-10 04:40:43,964] {logging_mixin.py:103} INFO - [2021-02-10 04:40:43,964] {dag.py:1813} INFO - Sync 1 DAGs
[2021-02-10 04:40:44,032] {logging_mixin.py:103} INFO - [2021-02-10 04:40:44,032] {dag.py:2266} INFO - Setting next_dagrun for example_branch_operator to 2021-02-08 00:00:00+00:00
[2021-02-10 04:40:44,067] {scheduler_job.py:189} INFO - Processing /home/airflow/.local/lib/python3.8/site-packages/airflow/example_dags/example_branch_operator.py took 0.141 seconds
[2021-02-10 04:40:46,762] {scheduler_job.py:181} INFO - Started process (PID=623) to work on /home/airflow/.local/lib/python3.8/site-packages/airflow/example_dags/example_branch_operator.py
[2021-02-10 04:40:46,765] {scheduler_job.py:629} INFO - Processing file /home/airflow/.local/lib/python3.8/site-packages/airflow/example_dags/example_branch_operator.py for tasks to queue
[2021-02-10 04:40:46,768] {logging_mixin.py:103} INFO - [2021-02-10 04:40:46,767] {dagbag.py:440} INFO - Filling up the DagBag from /home/airflow/.local/lib/python3.8/site-packages/airflow/example_dags/example_branch_operator.py
[2021-02-10 04:40:46,792] {scheduler_job.py:639} INFO - DAG(s) dict_keys(['example_branch_operator']) retrieved from /home/airflow/.local/lib/python3.8/site-packages/airflow/example_dags/example_branch_operator.py
[2021-02-10 04:40:46,795] {logging_mixin.py:103} INFO - [2021-02-10 04:40:46,795] {dag.py:1813} INFO - Sync 1 DAGs
[2021-02-10 04:40:46,855] {logging_mixin.py:103} INFO - [2021-02-10 04:40:46,855] {dag.py:2266} INFO - Setting next_dagrun for example_branch_operator to 2021-02-08 00:00:00+00:00
[2021-02-10 04:40:46,894] {scheduler_job.py:189} INFO - Processing /home/airflow/.local/lib/python3.8/site-packages/airflow/example_dags/example_branch_operator.py took 0.138 seconds
[2021-02-10 04:40:49,844] {scheduler_job.py:181} INFO - Started process (PID=648) to work on /home/airflow/.local/lib/python3.8/site-packages/airflow/example_dags/example_branch_operator.py
[2021-02-10 04:40:49,848] {scheduler_job.py:629} INFO - Processing file /home/airflow/.local/lib/python3.8/site-packages/airflow/example_dags/example_branch_operator.py for tasks to queue
[2021-02-10 04:40:49,850] {logging_mixin.py:103} INFO - [2021-02-10 04:40:49,850] {dagbag.py:440} INFO - Filling up the DagBag from /home/airflow/.local/lib/python3.8/site-packages/airflow/example_dags/example_branch_operator.py
[2021-02-10 04:40:49,880] {scheduler_job.py:639} INFO - DAG(s) dict_keys(['example_branch_operator']) retrieved from /home/airflow/.local/lib/python3.8/site-packages/airflow/example_dags/example_branch_operator.py
[2021-02-10 04:40:49,883] {logging_mixin.py:103} INFO - [2021-02-10 04:40:49,883] {dag.py:1813} INFO - Sync 1 DAGs
[2021-02-10 04:40:49,957] {logging_mixin.py:103} INFO - [2021-02-10 04:40:49,956] {dag.py:2266} INFO - Setting next_dagrun for example_branch_operator to 2021-02-08 00:00:00+00:00
[2021-02-10 04:40:50,002] {scheduler_job.py:189} INFO - Processing /home/airflow/.local/lib/python3.8/site-packages/airflow/example_dags/example_branch_operator.py took 0.165 seconds
[2021-02-10 04:40:52,894] {scheduler_job.py:181} INFO - Started process (PID=673) to work on /home/airflow/.local/lib/python3.8/site-packages/airflow/example_dags/example_branch_operator.py
[2021-02-10 04:40:52,898] {scheduler_job.py:629} INFO - Processing file /home/airflow/.local/lib/python3.8/site-packages/airflow/example_dags/example_branch_operator.py for tasks to queue
[2021-02-10 04:40:52,901] {logging_mixin.py:103} INFO - [2021-02-10 04:40:52,901] {dagbag.py:440} INFO - Filling up the DagBag from /home/airflow/.local/lib/python3.8/site-packages/airflow/example_dags/example_branch_operator.py
[2021-02-10 04:40:52,942] {scheduler_job.py:639} INFO - DAG(s) dict_keys(['example_branch_operator']) retrieved from /home/airflow/.local/lib/python3.8/site-packages/airflow/example_dags/example_branch_operator.py
[2021-02-10 04:40:52,947] {logging_mixin.py:103} INFO - [2021-02-10 04:40:52,947] {dag.py:1813} INFO - Sync 1 DAGs
[2021-02-10 04:40:53,036] {logging_mixin.py:103} INFO - [2021-02-10 04:40:53,036] {dag.py:2266} INFO - Setting next_dagrun for example_branch_operator to 2021-02-08 00:00:00+00:00
[2021-02-10 04:40:53,092] {scheduler_job.py:189} INFO - Processing /home/airflow/.local/lib/python3.8/site-packages/airflow/example_dags/example_branch_operator.py took 0.205 seconds
[2021-02-10 04:40:55,244] {scheduler_job.py:181} INFO - Started process (PID=698) to work on /home/airflow/.local/lib/python3.8/site-packages/airflow/example_dags/example_branch_operator.py
[2021-02-10 04:40:55,247] {scheduler_job.py:629} INFO - Processing file /home/airflow/.local/lib/python3.8/site-packages/airflow/example_dags/example_branch_operator.py for tasks to queue
[2021-02-10 04:40:55,250] {logging_mixin.py:103} INFO - [2021-02-10 04:40:55,249] {dagbag.py:440} INFO - Filling up the DagBag from /home/airflow/.local/lib/python3.8/site-packages/airflow/example_dags/example_branch_operator.py
[2021-02-10 04:40:55,276] {scheduler_job.py:639} INFO - DAG(s) dict_keys(['example_branch_operator']) retrieved from /home/airflow/.local/lib/python3.8/site-packages/airflow/example_dags/example_branch_operator.py
[2021-02-10 04:40:55,281] {logging_mixin.py:103} INFO - [2021-02-10 04:40:55,280] {dag.py:1813} INFO - Sync 1 DAGs
[2021-02-10 04:40:55,352] {logging_mixin.py:103} INFO - [2021-02-10 04:40:55,352] {dag.py:2266} INFO - Setting next_dagrun for example_branch_operator to 2021-02-08 00:00:00+00:00
[2021-02-10 04:40:55,387] {scheduler_job.py:189} INFO - Processing /home/airflow/.local/lib/python3.8/site-packages/airflow/example_dags/example_branch_operator.py took 0.150 seconds
[2021-02-10 04:40:57,690] {scheduler_job.py:181} INFO - Started process (PID=723) to work on /home/airflow/.local/lib/python3.8/site-packages/airflow/example_dags/example_branch_operator.py
[2021-02-10 04:40:57,694] {scheduler_job.py:629} INFO - Processing file /home/airflow/.local/lib/python3.8/site-packages/airflow/example_dags/example_branch_operator.py for tasks to queue
[2021-02-10 04:40:57,696] {logging_mixin.py:103} INFO - [2021-02-10 04:40:57,696] {dagbag.py:440} INFO - Filling up the DagBag from /home/airflow/.local/lib/python3.8/site-packages/airflow/example_dags/example_branch_operator.py
[2021-02-10 04:40:57,731] {scheduler_job.py:639} INFO - DAG(s) dict_keys(['example_branch_operator']) retrieved from /home/airflow/.local/lib/python3.8/site-packages/airflow/example_dags/example_branch_operator.py
[2021-02-10 04:40:57,734] {logging_mixin.py:103} INFO - [2021-02-10 04:40:57,734] {dag.py:1813} INFO - Sync 1 DAGs
[2021-02-10 04:40:57,799] {logging_mixin.py:103} INFO - [2021-02-10 04:40:57,799] {dag.py:2266} INFO - Setting next_dagrun for example_branch_operator to 2021-02-08 00:00:00+00:00
[2021-02-10 04:40:57,829] {scheduler_job.py:189} INFO - Processing /home/airflow/.local/lib/python3.8/site-packages/airflow/example_dags/example_branch_operator.py took 0.146 seconds
[2021-02-10 04:40:59,940] {scheduler_job.py:181} INFO - Started process (PID=748) to work on /home/airflow/.local/lib/python3.8/site-packages/airflow/example_dags/example_branch_operator.py
[2021-02-10 04:40:59,943] {scheduler_job.py:629} INFO - Processing file /home/airflow/.local/lib/python3.8/site-packages/airflow/example_dags/example_branch_operator.py for tasks to queue
[2021-02-10 04:40:59,945] {logging_mixin.py:103} INFO - [2021-02-10 04:40:59,945] {dagbag.py:440} INFO - Filling up the DagBag from /home/airflow/.local/lib/python3.8/site-packages/airflow/example_dags/example_branch_operator.py
[2021-02-10 04:40:59,972] {scheduler_job.py:639} INFO - DAG(s) dict_keys(['example_branch_operator']) retrieved from /home/airflow/.local/lib/python3.8/site-packages/airflow/example_dags/example_branch_operator.py
[2021-02-10 04:40:59,976] {logging_mixin.py:103} INFO - [2021-02-10 04:40:59,976] {dag.py:1813} INFO - Sync 1 DAGs
[2021-02-10 04:41:00,048] {logging_mixin.py:103} INFO - [2021-02-10 04:41:00,048] {dag.py:2266} INFO - Setting next_dagrun for example_branch_operator to 2021-02-08 00:00:00+00:00
[2021-02-10 04:41:00,077] {scheduler_job.py:189} INFO - Processing /home/airflow/.local/lib/python3.8/site-packages/airflow/example_dags/example_branch_operator.py took 0.142 seconds
