[2021-02-10 05:02:31,739] {scheduler_job.py:181} INFO - Started process (PID=30) to work on /home/airflow/.local/lib/python3.8/site-packages/airflow/example_dags/tutorial_taskflow_api_etl.py
[2021-02-10 05:02:31,747] {scheduler_job.py:629} INFO - Processing file /home/airflow/.local/lib/python3.8/site-packages/airflow/example_dags/tutorial_taskflow_api_etl.py for tasks to queue
[2021-02-10 05:02:31,770] {logging_mixin.py:103} INFO - [2021-02-10 05:02:31,767] {dagbag.py:440} INFO - Filling up the DagBag from /home/airflow/.local/lib/python3.8/site-packages/airflow/example_dags/tutorial_taskflow_api_etl.py
[2021-02-10 05:02:31,809] {scheduler_job.py:639} INFO - DAG(s) dict_keys(['tutorial_taskflow_api_etl']) retrieved from /home/airflow/.local/lib/python3.8/site-packages/airflow/example_dags/tutorial_taskflow_api_etl.py
[2021-02-10 05:02:31,813] {logging_mixin.py:103} INFO - [2021-02-10 05:02:31,813] {dag.py:1813} INFO - Sync 1 DAGs
[2021-02-10 05:02:31,890] {logging_mixin.py:103} INFO - [2021-02-10 05:02:31,890] {dag.py:2266} INFO - Setting next_dagrun for tutorial_taskflow_api_etl to None
[2021-02-10 05:02:32,056] {scheduler_job.py:189} INFO - Processing /home/airflow/.local/lib/python3.8/site-packages/airflow/example_dags/tutorial_taskflow_api_etl.py took 0.352 seconds
[2021-02-10 05:02:37,628] {scheduler_job.py:181} INFO - Started process (PID=56) to work on /home/airflow/.local/lib/python3.8/site-packages/airflow/example_dags/tutorial_taskflow_api_etl.py
[2021-02-10 05:02:37,636] {scheduler_job.py:629} INFO - Processing file /home/airflow/.local/lib/python3.8/site-packages/airflow/example_dags/tutorial_taskflow_api_etl.py for tasks to queue
[2021-02-10 05:02:37,641] {logging_mixin.py:103} INFO - [2021-02-10 05:02:37,641] {dagbag.py:440} INFO - Filling up the DagBag from /home/airflow/.local/lib/python3.8/site-packages/airflow/example_dags/tutorial_taskflow_api_etl.py
[2021-02-10 05:02:37,669] {scheduler_job.py:639} INFO - DAG(s) dict_keys(['tutorial_taskflow_api_etl']) retrieved from /home/airflow/.local/lib/python3.8/site-packages/airflow/example_dags/tutorial_taskflow_api_etl.py
[2021-02-10 05:02:37,673] {logging_mixin.py:103} INFO - [2021-02-10 05:02:37,672] {dag.py:1813} INFO - Sync 1 DAGs
[2021-02-10 05:02:37,843] {logging_mixin.py:103} INFO - [2021-02-10 05:02:37,842] {dag.py:2266} INFO - Setting next_dagrun for tutorial_taskflow_api_etl to None
[2021-02-10 05:02:37,873] {scheduler_job.py:189} INFO - Processing /home/airflow/.local/lib/python3.8/site-packages/airflow/example_dags/tutorial_taskflow_api_etl.py took 0.289 seconds
[2021-02-10 05:02:41,476] {scheduler_job.py:181} INFO - Started process (PID=80) to work on /home/airflow/.local/lib/python3.8/site-packages/airflow/example_dags/tutorial_taskflow_api_etl.py
[2021-02-10 05:02:41,481] {scheduler_job.py:629} INFO - Processing file /home/airflow/.local/lib/python3.8/site-packages/airflow/example_dags/tutorial_taskflow_api_etl.py for tasks to queue
[2021-02-10 05:02:41,484] {logging_mixin.py:103} INFO - [2021-02-10 05:02:41,483] {dagbag.py:440} INFO - Filling up the DagBag from /home/airflow/.local/lib/python3.8/site-packages/airflow/example_dags/tutorial_taskflow_api_etl.py
[2021-02-10 05:02:41,516] {scheduler_job.py:639} INFO - DAG(s) dict_keys(['tutorial_taskflow_api_etl']) retrieved from /home/airflow/.local/lib/python3.8/site-packages/airflow/example_dags/tutorial_taskflow_api_etl.py
[2021-02-10 05:02:41,520] {logging_mixin.py:103} INFO - [2021-02-10 05:02:41,520] {dag.py:1813} INFO - Sync 1 DAGs
[2021-02-10 05:02:41,674] {logging_mixin.py:103} INFO - [2021-02-10 05:02:41,673] {dag.py:2266} INFO - Setting next_dagrun for tutorial_taskflow_api_etl to None
[2021-02-10 05:02:41,792] {scheduler_job.py:189} INFO - Processing /home/airflow/.local/lib/python3.8/site-packages/airflow/example_dags/tutorial_taskflow_api_etl.py took 0.323 seconds
[2021-02-10 05:02:46,207] {scheduler_job.py:181} INFO - Started process (PID=105) to work on /home/airflow/.local/lib/python3.8/site-packages/airflow/example_dags/tutorial_taskflow_api_etl.py
[2021-02-10 05:02:46,232] {scheduler_job.py:629} INFO - Processing file /home/airflow/.local/lib/python3.8/site-packages/airflow/example_dags/tutorial_taskflow_api_etl.py for tasks to queue
[2021-02-10 05:02:46,245] {logging_mixin.py:103} INFO - [2021-02-10 05:02:46,245] {dagbag.py:440} INFO - Filling up the DagBag from /home/airflow/.local/lib/python3.8/site-packages/airflow/example_dags/tutorial_taskflow_api_etl.py
[2021-02-10 05:02:46,276] {scheduler_job.py:639} INFO - DAG(s) dict_keys(['tutorial_taskflow_api_etl']) retrieved from /home/airflow/.local/lib/python3.8/site-packages/airflow/example_dags/tutorial_taskflow_api_etl.py
[2021-02-10 05:02:46,284] {logging_mixin.py:103} INFO - [2021-02-10 05:02:46,284] {dag.py:1813} INFO - Sync 1 DAGs
[2021-02-10 05:02:46,358] {logging_mixin.py:103} INFO - [2021-02-10 05:02:46,358] {dag.py:2266} INFO - Setting next_dagrun for tutorial_taskflow_api_etl to None
[2021-02-10 05:02:46,393] {scheduler_job.py:189} INFO - Processing /home/airflow/.local/lib/python3.8/site-packages/airflow/example_dags/tutorial_taskflow_api_etl.py took 0.255 seconds
[2021-02-10 05:02:51,002] {scheduler_job.py:181} INFO - Started process (PID=130) to work on /home/airflow/.local/lib/python3.8/site-packages/airflow/example_dags/tutorial_taskflow_api_etl.py
[2021-02-10 05:02:51,005] {scheduler_job.py:629} INFO - Processing file /home/airflow/.local/lib/python3.8/site-packages/airflow/example_dags/tutorial_taskflow_api_etl.py for tasks to queue
[2021-02-10 05:02:51,007] {logging_mixin.py:103} INFO - [2021-02-10 05:02:51,007] {dagbag.py:440} INFO - Filling up the DagBag from /home/airflow/.local/lib/python3.8/site-packages/airflow/example_dags/tutorial_taskflow_api_etl.py
[2021-02-10 05:02:51,029] {scheduler_job.py:639} INFO - DAG(s) dict_keys(['tutorial_taskflow_api_etl']) retrieved from /home/airflow/.local/lib/python3.8/site-packages/airflow/example_dags/tutorial_taskflow_api_etl.py
[2021-02-10 05:02:51,033] {logging_mixin.py:103} INFO - [2021-02-10 05:02:51,032] {dag.py:1813} INFO - Sync 1 DAGs
[2021-02-10 05:02:51,104] {logging_mixin.py:103} INFO - [2021-02-10 05:02:51,103] {dag.py:2266} INFO - Setting next_dagrun for tutorial_taskflow_api_etl to None
[2021-02-10 05:02:51,161] {scheduler_job.py:189} INFO - Processing /home/airflow/.local/lib/python3.8/site-packages/airflow/example_dags/tutorial_taskflow_api_etl.py took 0.163 seconds
[2021-02-10 05:02:54,005] {scheduler_job.py:181} INFO - Started process (PID=155) to work on /home/airflow/.local/lib/python3.8/site-packages/airflow/example_dags/tutorial_taskflow_api_etl.py
[2021-02-10 05:02:54,009] {scheduler_job.py:629} INFO - Processing file /home/airflow/.local/lib/python3.8/site-packages/airflow/example_dags/tutorial_taskflow_api_etl.py for tasks to queue
[2021-02-10 05:02:54,012] {logging_mixin.py:103} INFO - [2021-02-10 05:02:54,012] {dagbag.py:440} INFO - Filling up the DagBag from /home/airflow/.local/lib/python3.8/site-packages/airflow/example_dags/tutorial_taskflow_api_etl.py
[2021-02-10 05:02:54,047] {scheduler_job.py:639} INFO - DAG(s) dict_keys(['tutorial_taskflow_api_etl']) retrieved from /home/airflow/.local/lib/python3.8/site-packages/airflow/example_dags/tutorial_taskflow_api_etl.py
[2021-02-10 05:02:54,057] {logging_mixin.py:103} INFO - [2021-02-10 05:02:54,055] {dag.py:1813} INFO - Sync 1 DAGs
[2021-02-10 05:02:54,239] {logging_mixin.py:103} INFO - [2021-02-10 05:02:54,239] {dag.py:2266} INFO - Setting next_dagrun for tutorial_taskflow_api_etl to None
[2021-02-10 05:02:54,450] {scheduler_job.py:189} INFO - Processing /home/airflow/.local/lib/python3.8/site-packages/airflow/example_dags/tutorial_taskflow_api_etl.py took 0.454 seconds
[2021-02-10 05:02:58,478] {scheduler_job.py:181} INFO - Started process (PID=180) to work on /home/airflow/.local/lib/python3.8/site-packages/airflow/example_dags/tutorial_taskflow_api_etl.py
[2021-02-10 05:02:58,483] {scheduler_job.py:629} INFO - Processing file /home/airflow/.local/lib/python3.8/site-packages/airflow/example_dags/tutorial_taskflow_api_etl.py for tasks to queue
[2021-02-10 05:02:58,486] {logging_mixin.py:103} INFO - [2021-02-10 05:02:58,486] {dagbag.py:440} INFO - Filling up the DagBag from /home/airflow/.local/lib/python3.8/site-packages/airflow/example_dags/tutorial_taskflow_api_etl.py
[2021-02-10 05:02:58,526] {scheduler_job.py:639} INFO - DAG(s) dict_keys(['tutorial_taskflow_api_etl']) retrieved from /home/airflow/.local/lib/python3.8/site-packages/airflow/example_dags/tutorial_taskflow_api_etl.py
[2021-02-10 05:02:58,531] {logging_mixin.py:103} INFO - [2021-02-10 05:02:58,530] {dag.py:1813} INFO - Sync 1 DAGs
[2021-02-10 05:02:58,619] {logging_mixin.py:103} INFO - [2021-02-10 05:02:58,616] {dag.py:2266} INFO - Setting next_dagrun for tutorial_taskflow_api_etl to None
[2021-02-10 05:02:58,666] {scheduler_job.py:189} INFO - Processing /home/airflow/.local/lib/python3.8/site-packages/airflow/example_dags/tutorial_taskflow_api_etl.py took 0.199 seconds
[2021-02-10 05:03:05,353] {scheduler_job.py:181} INFO - Started process (PID=205) to work on /home/airflow/.local/lib/python3.8/site-packages/airflow/example_dags/tutorial_taskflow_api_etl.py
[2021-02-10 05:03:05,358] {scheduler_job.py:629} INFO - Processing file /home/airflow/.local/lib/python3.8/site-packages/airflow/example_dags/tutorial_taskflow_api_etl.py for tasks to queue
[2021-02-10 05:03:05,361] {logging_mixin.py:103} INFO - [2021-02-10 05:03:05,360] {dagbag.py:440} INFO - Filling up the DagBag from /home/airflow/.local/lib/python3.8/site-packages/airflow/example_dags/tutorial_taskflow_api_etl.py
[2021-02-10 05:03:05,400] {scheduler_job.py:639} INFO - DAG(s) dict_keys(['tutorial_taskflow_api_etl']) retrieved from /home/airflow/.local/lib/python3.8/site-packages/airflow/example_dags/tutorial_taskflow_api_etl.py
[2021-02-10 05:03:05,404] {logging_mixin.py:103} INFO - [2021-02-10 05:03:05,404] {dag.py:1813} INFO - Sync 1 DAGs
[2021-02-10 05:03:05,486] {logging_mixin.py:103} INFO - [2021-02-10 05:03:05,485] {dag.py:2266} INFO - Setting next_dagrun for tutorial_taskflow_api_etl to None
[2021-02-10 05:03:05,545] {scheduler_job.py:189} INFO - Processing /home/airflow/.local/lib/python3.8/site-packages/airflow/example_dags/tutorial_taskflow_api_etl.py took 0.210 seconds
[2021-02-10 05:03:09,946] {scheduler_job.py:181} INFO - Started process (PID=230) to work on /home/airflow/.local/lib/python3.8/site-packages/airflow/example_dags/tutorial_taskflow_api_etl.py
[2021-02-10 05:03:09,949] {scheduler_job.py:629} INFO - Processing file /home/airflow/.local/lib/python3.8/site-packages/airflow/example_dags/tutorial_taskflow_api_etl.py for tasks to queue
[2021-02-10 05:03:09,952] {logging_mixin.py:103} INFO - [2021-02-10 05:03:09,952] {dagbag.py:440} INFO - Filling up the DagBag from /home/airflow/.local/lib/python3.8/site-packages/airflow/example_dags/tutorial_taskflow_api_etl.py
[2021-02-10 05:03:10,016] {scheduler_job.py:639} INFO - DAG(s) dict_keys(['tutorial_taskflow_api_etl']) retrieved from /home/airflow/.local/lib/python3.8/site-packages/airflow/example_dags/tutorial_taskflow_api_etl.py
[2021-02-10 05:03:10,021] {logging_mixin.py:103} INFO - [2021-02-10 05:03:10,021] {dag.py:1813} INFO - Sync 1 DAGs
[2021-02-10 05:03:10,261] {logging_mixin.py:103} INFO - [2021-02-10 05:03:10,261] {dag.py:2266} INFO - Setting next_dagrun for tutorial_taskflow_api_etl to None
[2021-02-10 05:03:10,403] {scheduler_job.py:189} INFO - Processing /home/airflow/.local/lib/python3.8/site-packages/airflow/example_dags/tutorial_taskflow_api_etl.py took 0.475 seconds
[2021-02-10 05:03:16,334] {scheduler_job.py:181} INFO - Started process (PID=255) to work on /home/airflow/.local/lib/python3.8/site-packages/airflow/example_dags/tutorial_taskflow_api_etl.py
[2021-02-10 05:03:16,340] {scheduler_job.py:629} INFO - Processing file /home/airflow/.local/lib/python3.8/site-packages/airflow/example_dags/tutorial_taskflow_api_etl.py for tasks to queue
