[2021-02-10 03:52:50,584] {scheduler_job.py:181} INFO - Started process (PID=31) to work on /home/airflow/.local/lib/python3.8/site-packages/airflow/example_dags/tutorial_etl_dag.py
[2021-02-10 03:52:50,587] {scheduler_job.py:629} INFO - Processing file /home/airflow/.local/lib/python3.8/site-packages/airflow/example_dags/tutorial_etl_dag.py for tasks to queue
[2021-02-10 03:52:50,590] {logging_mixin.py:103} INFO - [2021-02-10 03:52:50,589] {dagbag.py:440} INFO - Filling up the DagBag from /home/airflow/.local/lib/python3.8/site-packages/airflow/example_dags/tutorial_etl_dag.py
[2021-02-10 03:52:50,618] {scheduler_job.py:639} INFO - DAG(s) dict_keys(['tutorial_etl_dag']) retrieved from /home/airflow/.local/lib/python3.8/site-packages/airflow/example_dags/tutorial_etl_dag.py
[2021-02-10 03:52:50,627] {logging_mixin.py:103} INFO - [2021-02-10 03:52:50,627] {dag.py:1813} INFO - Sync 1 DAGs
[2021-02-10 03:52:50,716] {logging_mixin.py:103} INFO - [2021-02-10 03:52:50,716] {dag.py:1832} INFO - Creating ORM DAG for tutorial_etl_dag
[2021-02-10 03:52:50,735] {logging_mixin.py:103} INFO - [2021-02-10 03:52:50,734] {dag.py:2266} INFO - Setting next_dagrun for tutorial_etl_dag to None
[2021-02-10 03:52:50,806] {scheduler_job.py:189} INFO - Processing /home/airflow/.local/lib/python3.8/site-packages/airflow/example_dags/tutorial_etl_dag.py took 0.228 seconds
[2021-02-10 03:52:54,804] {scheduler_job.py:181} INFO - Started process (PID=57) to work on /home/airflow/.local/lib/python3.8/site-packages/airflow/example_dags/tutorial_etl_dag.py
[2021-02-10 03:52:54,818] {scheduler_job.py:629} INFO - Processing file /home/airflow/.local/lib/python3.8/site-packages/airflow/example_dags/tutorial_etl_dag.py for tasks to queue
[2021-02-10 03:52:54,839] {logging_mixin.py:103} INFO - [2021-02-10 03:52:54,836] {dagbag.py:440} INFO - Filling up the DagBag from /home/airflow/.local/lib/python3.8/site-packages/airflow/example_dags/tutorial_etl_dag.py
[2021-02-10 03:52:54,924] {scheduler_job.py:639} INFO - DAG(s) dict_keys(['tutorial_etl_dag']) retrieved from /home/airflow/.local/lib/python3.8/site-packages/airflow/example_dags/tutorial_etl_dag.py
[2021-02-10 03:52:54,938] {logging_mixin.py:103} INFO - [2021-02-10 03:52:54,937] {dag.py:1813} INFO - Sync 1 DAGs
[2021-02-10 03:52:55,048] {logging_mixin.py:103} INFO - [2021-02-10 03:52:55,047] {dag.py:2266} INFO - Setting next_dagrun for tutorial_etl_dag to None
[2021-02-10 03:52:55,137] {scheduler_job.py:189} INFO - Processing /home/airflow/.local/lib/python3.8/site-packages/airflow/example_dags/tutorial_etl_dag.py took 0.350 seconds
[2021-02-10 03:53:01,279] {scheduler_job.py:181} INFO - Started process (PID=82) to work on /home/airflow/.local/lib/python3.8/site-packages/airflow/example_dags/tutorial_etl_dag.py
[2021-02-10 03:53:01,283] {scheduler_job.py:629} INFO - Processing file /home/airflow/.local/lib/python3.8/site-packages/airflow/example_dags/tutorial_etl_dag.py for tasks to queue
[2021-02-10 03:53:01,292] {logging_mixin.py:103} INFO - [2021-02-10 03:53:01,292] {dagbag.py:440} INFO - Filling up the DagBag from /home/airflow/.local/lib/python3.8/site-packages/airflow/example_dags/tutorial_etl_dag.py
[2021-02-10 03:53:01,339] {scheduler_job.py:639} INFO - DAG(s) dict_keys(['tutorial_etl_dag']) retrieved from /home/airflow/.local/lib/python3.8/site-packages/airflow/example_dags/tutorial_etl_dag.py
[2021-02-10 03:53:01,350] {logging_mixin.py:103} INFO - [2021-02-10 03:53:01,350] {dag.py:1813} INFO - Sync 1 DAGs
[2021-02-10 03:53:01,546] {logging_mixin.py:103} INFO - [2021-02-10 03:53:01,546] {dag.py:2266} INFO - Setting next_dagrun for tutorial_etl_dag to None
[2021-02-10 03:53:01,573] {scheduler_job.py:189} INFO - Processing /home/airflow/.local/lib/python3.8/site-packages/airflow/example_dags/tutorial_etl_dag.py took 0.303 seconds
[2021-02-10 03:53:05,769] {scheduler_job.py:181} INFO - Started process (PID=107) to work on /home/airflow/.local/lib/python3.8/site-packages/airflow/example_dags/tutorial_etl_dag.py
[2021-02-10 03:53:05,776] {scheduler_job.py:629} INFO - Processing file /home/airflow/.local/lib/python3.8/site-packages/airflow/example_dags/tutorial_etl_dag.py for tasks to queue
[2021-02-10 03:53:05,782] {logging_mixin.py:103} INFO - [2021-02-10 03:53:05,782] {dagbag.py:440} INFO - Filling up the DagBag from /home/airflow/.local/lib/python3.8/site-packages/airflow/example_dags/tutorial_etl_dag.py
[2021-02-10 03:53:05,808] {scheduler_job.py:639} INFO - DAG(s) dict_keys(['tutorial_etl_dag']) retrieved from /home/airflow/.local/lib/python3.8/site-packages/airflow/example_dags/tutorial_etl_dag.py
[2021-02-10 03:53:05,814] {logging_mixin.py:103} INFO - [2021-02-10 03:53:05,814] {dag.py:1813} INFO - Sync 1 DAGs
[2021-02-10 03:53:05,897] {logging_mixin.py:103} INFO - [2021-02-10 03:53:05,897] {dag.py:2266} INFO - Setting next_dagrun for tutorial_etl_dag to None
[2021-02-10 03:53:05,926] {scheduler_job.py:189} INFO - Processing /home/airflow/.local/lib/python3.8/site-packages/airflow/example_dags/tutorial_etl_dag.py took 0.169 seconds
[2021-02-10 03:53:08,549] {scheduler_job.py:181} INFO - Started process (PID=131) to work on /home/airflow/.local/lib/python3.8/site-packages/airflow/example_dags/tutorial_etl_dag.py
[2021-02-10 03:53:08,552] {scheduler_job.py:629} INFO - Processing file /home/airflow/.local/lib/python3.8/site-packages/airflow/example_dags/tutorial_etl_dag.py for tasks to queue
[2021-02-10 03:53:08,555] {logging_mixin.py:103} INFO - [2021-02-10 03:53:08,555] {dagbag.py:440} INFO - Filling up the DagBag from /home/airflow/.local/lib/python3.8/site-packages/airflow/example_dags/tutorial_etl_dag.py
[2021-02-10 03:53:08,578] {scheduler_job.py:639} INFO - DAG(s) dict_keys(['tutorial_etl_dag']) retrieved from /home/airflow/.local/lib/python3.8/site-packages/airflow/example_dags/tutorial_etl_dag.py
[2021-02-10 03:53:08,581] {logging_mixin.py:103} INFO - [2021-02-10 03:53:08,580] {dag.py:1813} INFO - Sync 1 DAGs
[2021-02-10 03:53:08,638] {logging_mixin.py:103} INFO - [2021-02-10 03:53:08,637] {dag.py:2266} INFO - Setting next_dagrun for tutorial_etl_dag to None
[2021-02-10 03:53:08,684] {scheduler_job.py:189} INFO - Processing /home/airflow/.local/lib/python3.8/site-packages/airflow/example_dags/tutorial_etl_dag.py took 0.141 seconds
[2021-02-10 03:53:11,128] {scheduler_job.py:181} INFO - Started process (PID=156) to work on /home/airflow/.local/lib/python3.8/site-packages/airflow/example_dags/tutorial_etl_dag.py
[2021-02-10 03:53:11,131] {scheduler_job.py:629} INFO - Processing file /home/airflow/.local/lib/python3.8/site-packages/airflow/example_dags/tutorial_etl_dag.py for tasks to queue
[2021-02-10 03:53:11,134] {logging_mixin.py:103} INFO - [2021-02-10 03:53:11,134] {dagbag.py:440} INFO - Filling up the DagBag from /home/airflow/.local/lib/python3.8/site-packages/airflow/example_dags/tutorial_etl_dag.py
[2021-02-10 03:53:11,158] {scheduler_job.py:639} INFO - DAG(s) dict_keys(['tutorial_etl_dag']) retrieved from /home/airflow/.local/lib/python3.8/site-packages/airflow/example_dags/tutorial_etl_dag.py
[2021-02-10 03:53:11,161] {logging_mixin.py:103} INFO - [2021-02-10 03:53:11,161] {dag.py:1813} INFO - Sync 1 DAGs
[2021-02-10 03:53:11,230] {logging_mixin.py:103} INFO - [2021-02-10 03:53:11,230] {dag.py:2266} INFO - Setting next_dagrun for tutorial_etl_dag to None
[2021-02-10 03:53:11,259] {scheduler_job.py:189} INFO - Processing /home/airflow/.local/lib/python3.8/site-packages/airflow/example_dags/tutorial_etl_dag.py took 0.137 seconds
[2021-02-10 03:53:13,498] {scheduler_job.py:181} INFO - Started process (PID=181) to work on /home/airflow/.local/lib/python3.8/site-packages/airflow/example_dags/tutorial_etl_dag.py
[2021-02-10 03:53:13,502] {scheduler_job.py:629} INFO - Processing file /home/airflow/.local/lib/python3.8/site-packages/airflow/example_dags/tutorial_etl_dag.py for tasks to queue
[2021-02-10 03:53:13,505] {logging_mixin.py:103} INFO - [2021-02-10 03:53:13,505] {dagbag.py:440} INFO - Filling up the DagBag from /home/airflow/.local/lib/python3.8/site-packages/airflow/example_dags/tutorial_etl_dag.py
[2021-02-10 03:53:13,533] {scheduler_job.py:639} INFO - DAG(s) dict_keys(['tutorial_etl_dag']) retrieved from /home/airflow/.local/lib/python3.8/site-packages/airflow/example_dags/tutorial_etl_dag.py
[2021-02-10 03:53:13,540] {logging_mixin.py:103} INFO - [2021-02-10 03:53:13,540] {dag.py:1813} INFO - Sync 1 DAGs
[2021-02-10 03:53:13,713] {logging_mixin.py:103} INFO - [2021-02-10 03:53:13,713] {dag.py:2266} INFO - Setting next_dagrun for tutorial_etl_dag to None
[2021-02-10 03:53:13,796] {scheduler_job.py:189} INFO - Processing /home/airflow/.local/lib/python3.8/site-packages/airflow/example_dags/tutorial_etl_dag.py took 0.305 seconds
[2021-02-10 03:53:17,523] {scheduler_job.py:181} INFO - Started process (PID=206) to work on /home/airflow/.local/lib/python3.8/site-packages/airflow/example_dags/tutorial_etl_dag.py
[2021-02-10 03:53:17,544] {scheduler_job.py:629} INFO - Processing file /home/airflow/.local/lib/python3.8/site-packages/airflow/example_dags/tutorial_etl_dag.py for tasks to queue
[2021-02-10 03:53:17,549] {logging_mixin.py:103} INFO - [2021-02-10 03:53:17,549] {dagbag.py:440} INFO - Filling up the DagBag from /home/airflow/.local/lib/python3.8/site-packages/airflow/example_dags/tutorial_etl_dag.py
[2021-02-10 03:53:17,579] {scheduler_job.py:639} INFO - DAG(s) dict_keys(['tutorial_etl_dag']) retrieved from /home/airflow/.local/lib/python3.8/site-packages/airflow/example_dags/tutorial_etl_dag.py
[2021-02-10 03:53:17,591] {logging_mixin.py:103} INFO - [2021-02-10 03:53:17,590] {dag.py:1813} INFO - Sync 1 DAGs
[2021-02-10 03:53:17,659] {logging_mixin.py:103} INFO - [2021-02-10 03:53:17,659] {dag.py:2266} INFO - Setting next_dagrun for tutorial_etl_dag to None
[2021-02-10 03:53:17,695] {scheduler_job.py:189} INFO - Processing /home/airflow/.local/lib/python3.8/site-packages/airflow/example_dags/tutorial_etl_dag.py took 0.178 seconds
[2021-02-10 03:53:20,649] {scheduler_job.py:181} INFO - Started process (PID=231) to work on /home/airflow/.local/lib/python3.8/site-packages/airflow/example_dags/tutorial_etl_dag.py
[2021-02-10 03:53:20,657] {scheduler_job.py:629} INFO - Processing file /home/airflow/.local/lib/python3.8/site-packages/airflow/example_dags/tutorial_etl_dag.py for tasks to queue
[2021-02-10 03:53:20,660] {logging_mixin.py:103} INFO - [2021-02-10 03:53:20,660] {dagbag.py:440} INFO - Filling up the DagBag from /home/airflow/.local/lib/python3.8/site-packages/airflow/example_dags/tutorial_etl_dag.py
[2021-02-10 03:53:20,695] {scheduler_job.py:639} INFO - DAG(s) dict_keys(['tutorial_etl_dag']) retrieved from /home/airflow/.local/lib/python3.8/site-packages/airflow/example_dags/tutorial_etl_dag.py
[2021-02-10 03:53:20,701] {logging_mixin.py:103} INFO - [2021-02-10 03:53:20,701] {dag.py:1813} INFO - Sync 1 DAGs
[2021-02-10 03:53:20,771] {logging_mixin.py:103} INFO - [2021-02-10 03:53:20,771] {dag.py:2266} INFO - Setting next_dagrun for tutorial_etl_dag to None
[2021-02-10 03:53:20,807] {scheduler_job.py:189} INFO - Processing /home/airflow/.local/lib/python3.8/site-packages/airflow/example_dags/tutorial_etl_dag.py took 0.165 seconds
[2021-02-10 03:53:26,216] {scheduler_job.py:181} INFO - Started process (PID=256) to work on /home/airflow/.local/lib/python3.8/site-packages/airflow/example_dags/tutorial_etl_dag.py
[2021-02-10 03:53:26,224] {scheduler_job.py:629} INFO - Processing file /home/airflow/.local/lib/python3.8/site-packages/airflow/example_dags/tutorial_etl_dag.py for tasks to queue
[2021-02-10 03:53:26,226] {logging_mixin.py:103} INFO - [2021-02-10 03:53:26,226] {dagbag.py:440} INFO - Filling up the DagBag from /home/airflow/.local/lib/python3.8/site-packages/airflow/example_dags/tutorial_etl_dag.py
[2021-02-10 03:53:26,270] {scheduler_job.py:639} INFO - DAG(s) dict_keys(['tutorial_etl_dag']) retrieved from /home/airflow/.local/lib/python3.8/site-packages/airflow/example_dags/tutorial_etl_dag.py
[2021-02-10 03:53:26,276] {logging_mixin.py:103} INFO - [2021-02-10 03:53:26,276] {dag.py:1813} INFO - Sync 1 DAGs
[2021-02-10 03:53:26,375] {logging_mixin.py:103} INFO - [2021-02-10 03:53:26,375] {dag.py:2266} INFO - Setting next_dagrun for tutorial_etl_dag to None
[2021-02-10 03:53:26,465] {scheduler_job.py:189} INFO - Processing /home/airflow/.local/lib/python3.8/site-packages/airflow/example_dags/tutorial_etl_dag.py took 0.255 seconds
[2021-02-10 03:53:29,373] {scheduler_job.py:181} INFO - Started process (PID=281) to work on /home/airflow/.local/lib/python3.8/site-packages/airflow/example_dags/tutorial_etl_dag.py
[2021-02-10 03:53:29,376] {scheduler_job.py:629} INFO - Processing file /home/airflow/.local/lib/python3.8/site-packages/airflow/example_dags/tutorial_etl_dag.py for tasks to queue
[2021-02-10 03:53:29,378] {logging_mixin.py:103} INFO - [2021-02-10 03:53:29,378] {dagbag.py:440} INFO - Filling up the DagBag from /home/airflow/.local/lib/python3.8/site-packages/airflow/example_dags/tutorial_etl_dag.py
[2021-02-10 03:53:29,405] {scheduler_job.py:639} INFO - DAG(s) dict_keys(['tutorial_etl_dag']) retrieved from /home/airflow/.local/lib/python3.8/site-packages/airflow/example_dags/tutorial_etl_dag.py
[2021-02-10 03:53:29,409] {logging_mixin.py:103} INFO - [2021-02-10 03:53:29,409] {dag.py:1813} INFO - Sync 1 DAGs
[2021-02-10 03:53:29,466] {logging_mixin.py:103} INFO - [2021-02-10 03:53:29,466] {dag.py:2266} INFO - Setting next_dagrun for tutorial_etl_dag to None
[2021-02-10 03:53:29,497] {scheduler_job.py:189} INFO - Processing /home/airflow/.local/lib/python3.8/site-packages/airflow/example_dags/tutorial_etl_dag.py took 0.130 seconds
[2021-02-10 03:53:32,779] {scheduler_job.py:181} INFO - Started process (PID=306) to work on /home/airflow/.local/lib/python3.8/site-packages/airflow/example_dags/tutorial_etl_dag.py
[2021-02-10 03:53:32,786] {scheduler_job.py:629} INFO - Processing file /home/airflow/.local/lib/python3.8/site-packages/airflow/example_dags/tutorial_etl_dag.py for tasks to queue
[2021-02-10 03:53:32,788] {logging_mixin.py:103} INFO - [2021-02-10 03:53:32,788] {dagbag.py:440} INFO - Filling up the DagBag from /home/airflow/.local/lib/python3.8/site-packages/airflow/example_dags/tutorial_etl_dag.py
[2021-02-10 03:53:32,811] {scheduler_job.py:639} INFO - DAG(s) dict_keys(['tutorial_etl_dag']) retrieved from /home/airflow/.local/lib/python3.8/site-packages/airflow/example_dags/tutorial_etl_dag.py
[2021-02-10 03:53:32,819] {logging_mixin.py:103} INFO - [2021-02-10 03:53:32,817] {dag.py:1813} INFO - Sync 1 DAGs
[2021-02-10 03:53:32,873] {logging_mixin.py:103} INFO - [2021-02-10 03:53:32,872] {dag.py:2266} INFO - Setting next_dagrun for tutorial_etl_dag to None
[2021-02-10 03:53:32,935] {scheduler_job.py:189} INFO - Processing /home/airflow/.local/lib/python3.8/site-packages/airflow/example_dags/tutorial_etl_dag.py took 0.162 seconds
[2021-02-10 03:53:35,491] {scheduler_job.py:181} INFO - Started process (PID=331) to work on /home/airflow/.local/lib/python3.8/site-packages/airflow/example_dags/tutorial_etl_dag.py
[2021-02-10 03:53:35,494] {scheduler_job.py:629} INFO - Processing file /home/airflow/.local/lib/python3.8/site-packages/airflow/example_dags/tutorial_etl_dag.py for tasks to queue
[2021-02-10 03:53:35,496] {logging_mixin.py:103} INFO - [2021-02-10 03:53:35,496] {dagbag.py:440} INFO - Filling up the DagBag from /home/airflow/.local/lib/python3.8/site-packages/airflow/example_dags/tutorial_etl_dag.py
[2021-02-10 03:53:35,522] {scheduler_job.py:639} INFO - DAG(s) dict_keys(['tutorial_etl_dag']) retrieved from /home/airflow/.local/lib/python3.8/site-packages/airflow/example_dags/tutorial_etl_dag.py
[2021-02-10 03:53:35,525] {logging_mixin.py:103} INFO - [2021-02-10 03:53:35,525] {dag.py:1813} INFO - Sync 1 DAGs
[2021-02-10 03:53:35,593] {logging_mixin.py:103} INFO - [2021-02-10 03:53:35,593] {dag.py:2266} INFO - Setting next_dagrun for tutorial_etl_dag to None
[2021-02-10 03:53:35,619] {scheduler_job.py:189} INFO - Processing /home/airflow/.local/lib/python3.8/site-packages/airflow/example_dags/tutorial_etl_dag.py took 0.134 seconds
[2021-02-10 03:53:37,673] {scheduler_job.py:181} INFO - Started process (PID=357) to work on /home/airflow/.local/lib/python3.8/site-packages/airflow/example_dags/tutorial_etl_dag.py
[2021-02-10 03:53:37,675] {scheduler_job.py:629} INFO - Processing file /home/airflow/.local/lib/python3.8/site-packages/airflow/example_dags/tutorial_etl_dag.py for tasks to queue
[2021-02-10 03:53:37,678] {logging_mixin.py:103} INFO - [2021-02-10 03:53:37,678] {dagbag.py:440} INFO - Filling up the DagBag from /home/airflow/.local/lib/python3.8/site-packages/airflow/example_dags/tutorial_etl_dag.py
[2021-02-10 03:53:37,698] {scheduler_job.py:639} INFO - DAG(s) dict_keys(['tutorial_etl_dag']) retrieved from /home/airflow/.local/lib/python3.8/site-packages/airflow/example_dags/tutorial_etl_dag.py
[2021-02-10 03:53:37,700] {logging_mixin.py:103} INFO - [2021-02-10 03:53:37,700] {dag.py:1813} INFO - Sync 1 DAGs
[2021-02-10 03:53:37,738] {logging_mixin.py:103} INFO - [2021-02-10 03:53:37,738] {dag.py:2266} INFO - Setting next_dagrun for tutorial_etl_dag to None
[2021-02-10 03:53:37,762] {scheduler_job.py:189} INFO - Processing /home/airflow/.local/lib/python3.8/site-packages/airflow/example_dags/tutorial_etl_dag.py took 0.096 seconds
[2021-02-10 03:53:39,212] {scheduler_job.py:181} INFO - Started process (PID=382) to work on /home/airflow/.local/lib/python3.8/site-packages/airflow/example_dags/tutorial_etl_dag.py
[2021-02-10 03:53:39,215] {scheduler_job.py:629} INFO - Processing file /home/airflow/.local/lib/python3.8/site-packages/airflow/example_dags/tutorial_etl_dag.py for tasks to queue
[2021-02-10 03:53:39,216] {logging_mixin.py:103} INFO - [2021-02-10 03:53:39,216] {dagbag.py:440} INFO - Filling up the DagBag from /home/airflow/.local/lib/python3.8/site-packages/airflow/example_dags/tutorial_etl_dag.py
[2021-02-10 03:53:39,231] {scheduler_job.py:639} INFO - DAG(s) dict_keys(['tutorial_etl_dag']) retrieved from /home/airflow/.local/lib/python3.8/site-packages/airflow/example_dags/tutorial_etl_dag.py
[2021-02-10 03:53:39,233] {logging_mixin.py:103} INFO - [2021-02-10 03:53:39,233] {dag.py:1813} INFO - Sync 1 DAGs
[2021-02-10 03:53:39,268] {logging_mixin.py:103} INFO - [2021-02-10 03:53:39,268] {dag.py:2266} INFO - Setting next_dagrun for tutorial_etl_dag to None
[2021-02-10 03:53:39,290] {scheduler_job.py:189} INFO - Processing /home/airflow/.local/lib/python3.8/site-packages/airflow/example_dags/tutorial_etl_dag.py took 0.082 seconds
[2021-02-10 03:53:40,914] {scheduler_job.py:181} INFO - Started process (PID=407) to work on /home/airflow/.local/lib/python3.8/site-packages/airflow/example_dags/tutorial_etl_dag.py
[2021-02-10 03:53:40,917] {scheduler_job.py:629} INFO - Processing file /home/airflow/.local/lib/python3.8/site-packages/airflow/example_dags/tutorial_etl_dag.py for tasks to queue
[2021-02-10 03:53:40,918] {logging_mixin.py:103} INFO - [2021-02-10 03:53:40,918] {dagbag.py:440} INFO - Filling up the DagBag from /home/airflow/.local/lib/python3.8/site-packages/airflow/example_dags/tutorial_etl_dag.py
[2021-02-10 03:53:40,932] {scheduler_job.py:639} INFO - DAG(s) dict_keys(['tutorial_etl_dag']) retrieved from /home/airflow/.local/lib/python3.8/site-packages/airflow/example_dags/tutorial_etl_dag.py
[2021-02-10 03:53:40,935] {logging_mixin.py:103} INFO - [2021-02-10 03:53:40,935] {dag.py:1813} INFO - Sync 1 DAGs
[2021-02-10 03:53:40,967] {logging_mixin.py:103} INFO - [2021-02-10 03:53:40,967] {dag.py:2266} INFO - Setting next_dagrun for tutorial_etl_dag to None
[2021-02-10 03:53:40,989] {scheduler_job.py:189} INFO - Processing /home/airflow/.local/lib/python3.8/site-packages/airflow/example_dags/tutorial_etl_dag.py took 0.079 seconds
[2021-02-10 03:53:42,413] {scheduler_job.py:181} INFO - Started process (PID=433) to work on /home/airflow/.local/lib/python3.8/site-packages/airflow/example_dags/tutorial_etl_dag.py
[2021-02-10 03:53:42,415] {scheduler_job.py:629} INFO - Processing file /home/airflow/.local/lib/python3.8/site-packages/airflow/example_dags/tutorial_etl_dag.py for tasks to queue
[2021-02-10 03:53:42,417] {logging_mixin.py:103} INFO - [2021-02-10 03:53:42,417] {dagbag.py:440} INFO - Filling up the DagBag from /home/airflow/.local/lib/python3.8/site-packages/airflow/example_dags/tutorial_etl_dag.py
[2021-02-10 03:53:42,432] {scheduler_job.py:639} INFO - DAG(s) dict_keys(['tutorial_etl_dag']) retrieved from /home/airflow/.local/lib/python3.8/site-packages/airflow/example_dags/tutorial_etl_dag.py
[2021-02-10 03:53:42,434] {logging_mixin.py:103} INFO - [2021-02-10 03:53:42,434] {dag.py:1813} INFO - Sync 1 DAGs
[2021-02-10 03:53:42,481] {logging_mixin.py:103} INFO - [2021-02-10 03:53:42,481] {dag.py:2266} INFO - Setting next_dagrun for tutorial_etl_dag to None
[2021-02-10 03:53:42,523] {scheduler_job.py:189} INFO - Processing /home/airflow/.local/lib/python3.8/site-packages/airflow/example_dags/tutorial_etl_dag.py took 0.114 seconds
[2021-02-10 03:53:44,584] {scheduler_job.py:181} INFO - Started process (PID=458) to work on /home/airflow/.local/lib/python3.8/site-packages/airflow/example_dags/tutorial_etl_dag.py
[2021-02-10 03:53:44,586] {scheduler_job.py:629} INFO - Processing file /home/airflow/.local/lib/python3.8/site-packages/airflow/example_dags/tutorial_etl_dag.py for tasks to queue
[2021-02-10 03:53:44,588] {logging_mixin.py:103} INFO - [2021-02-10 03:53:44,588] {dagbag.py:440} INFO - Filling up the DagBag from /home/airflow/.local/lib/python3.8/site-packages/airflow/example_dags/tutorial_etl_dag.py
[2021-02-10 03:53:44,605] {scheduler_job.py:639} INFO - DAG(s) dict_keys(['tutorial_etl_dag']) retrieved from /home/airflow/.local/lib/python3.8/site-packages/airflow/example_dags/tutorial_etl_dag.py
[2021-02-10 03:53:44,607] {logging_mixin.py:103} INFO - [2021-02-10 03:53:44,607] {dag.py:1813} INFO - Sync 1 DAGs
[2021-02-10 03:53:44,643] {logging_mixin.py:103} INFO - [2021-02-10 03:53:44,643] {dag.py:2266} INFO - Setting next_dagrun for tutorial_etl_dag to None
[2021-02-10 03:53:44,668] {scheduler_job.py:189} INFO - Processing /home/airflow/.local/lib/python3.8/site-packages/airflow/example_dags/tutorial_etl_dag.py took 0.088 seconds
[2021-02-10 03:53:46,293] {scheduler_job.py:181} INFO - Started process (PID=483) to work on /home/airflow/.local/lib/python3.8/site-packages/airflow/example_dags/tutorial_etl_dag.py
[2021-02-10 03:53:46,301] {scheduler_job.py:629} INFO - Processing file /home/airflow/.local/lib/python3.8/site-packages/airflow/example_dags/tutorial_etl_dag.py for tasks to queue
[2021-02-10 03:53:46,303] {logging_mixin.py:103} INFO - [2021-02-10 03:53:46,303] {dagbag.py:440} INFO - Filling up the DagBag from /home/airflow/.local/lib/python3.8/site-packages/airflow/example_dags/tutorial_etl_dag.py
[2021-02-10 03:53:46,331] {scheduler_job.py:639} INFO - DAG(s) dict_keys(['tutorial_etl_dag']) retrieved from /home/airflow/.local/lib/python3.8/site-packages/airflow/example_dags/tutorial_etl_dag.py
[2021-02-10 03:53:46,333] {logging_mixin.py:103} INFO - [2021-02-10 03:53:46,333] {dag.py:1813} INFO - Sync 1 DAGs
[2021-02-10 03:53:46,382] {logging_mixin.py:103} INFO - [2021-02-10 03:53:46,381] {dag.py:2266} INFO - Setting next_dagrun for tutorial_etl_dag to None
[2021-02-10 03:53:46,429] {scheduler_job.py:189} INFO - Processing /home/airflow/.local/lib/python3.8/site-packages/airflow/example_dags/tutorial_etl_dag.py took 0.147 seconds
[2021-02-10 03:53:47,999] {scheduler_job.py:181} INFO - Started process (PID=508) to work on /home/airflow/.local/lib/python3.8/site-packages/airflow/example_dags/tutorial_etl_dag.py
[2021-02-10 03:53:48,002] {scheduler_job.py:629} INFO - Processing file /home/airflow/.local/lib/python3.8/site-packages/airflow/example_dags/tutorial_etl_dag.py for tasks to queue
[2021-02-10 03:53:48,004] {logging_mixin.py:103} INFO - [2021-02-10 03:53:48,003] {dagbag.py:440} INFO - Filling up the DagBag from /home/airflow/.local/lib/python3.8/site-packages/airflow/example_dags/tutorial_etl_dag.py
[2021-02-10 03:53:48,018] {scheduler_job.py:639} INFO - DAG(s) dict_keys(['tutorial_etl_dag']) retrieved from /home/airflow/.local/lib/python3.8/site-packages/airflow/example_dags/tutorial_etl_dag.py
[2021-02-10 03:53:48,020] {logging_mixin.py:103} INFO - [2021-02-10 03:53:48,020] {dag.py:1813} INFO - Sync 1 DAGs
[2021-02-10 03:53:48,051] {logging_mixin.py:103} INFO - [2021-02-10 03:53:48,050] {dag.py:2266} INFO - Setting next_dagrun for tutorial_etl_dag to None
[2021-02-10 03:53:48,071] {scheduler_job.py:189} INFO - Processing /home/airflow/.local/lib/python3.8/site-packages/airflow/example_dags/tutorial_etl_dag.py took 0.075 seconds
[2021-02-10 03:53:49,346] {scheduler_job.py:181} INFO - Started process (PID=533) to work on /home/airflow/.local/lib/python3.8/site-packages/airflow/example_dags/tutorial_etl_dag.py
[2021-02-10 03:53:49,350] {scheduler_job.py:629} INFO - Processing file /home/airflow/.local/lib/python3.8/site-packages/airflow/example_dags/tutorial_etl_dag.py for tasks to queue
[2021-02-10 03:53:49,353] {logging_mixin.py:103} INFO - [2021-02-10 03:53:49,353] {dagbag.py:440} INFO - Filling up the DagBag from /home/airflow/.local/lib/python3.8/site-packages/airflow/example_dags/tutorial_etl_dag.py
[2021-02-10 03:53:49,374] {scheduler_job.py:639} INFO - DAG(s) dict_keys(['tutorial_etl_dag']) retrieved from /home/airflow/.local/lib/python3.8/site-packages/airflow/example_dags/tutorial_etl_dag.py
[2021-02-10 03:53:49,378] {logging_mixin.py:103} INFO - [2021-02-10 03:53:49,378] {dag.py:1813} INFO - Sync 1 DAGs
[2021-02-10 03:53:49,437] {logging_mixin.py:103} INFO - [2021-02-10 03:53:49,437] {dag.py:2266} INFO - Setting next_dagrun for tutorial_etl_dag to None
[2021-02-10 03:53:49,482] {scheduler_job.py:189} INFO - Processing /home/airflow/.local/lib/python3.8/site-packages/airflow/example_dags/tutorial_etl_dag.py took 0.148 seconds
[2021-02-10 03:53:51,596] {scheduler_job.py:181} INFO - Started process (PID=558) to work on /home/airflow/.local/lib/python3.8/site-packages/airflow/example_dags/tutorial_etl_dag.py
[2021-02-10 03:53:51,599] {scheduler_job.py:629} INFO - Processing file /home/airflow/.local/lib/python3.8/site-packages/airflow/example_dags/tutorial_etl_dag.py for tasks to queue
[2021-02-10 03:53:51,604] {logging_mixin.py:103} INFO - [2021-02-10 03:53:51,604] {dagbag.py:440} INFO - Filling up the DagBag from /home/airflow/.local/lib/python3.8/site-packages/airflow/example_dags/tutorial_etl_dag.py
[2021-02-10 03:53:51,637] {scheduler_job.py:639} INFO - DAG(s) dict_keys(['tutorial_etl_dag']) retrieved from /home/airflow/.local/lib/python3.8/site-packages/airflow/example_dags/tutorial_etl_dag.py
[2021-02-10 03:53:51,641] {logging_mixin.py:103} INFO - [2021-02-10 03:53:51,640] {dag.py:1813} INFO - Sync 1 DAGs
[2021-02-10 03:53:51,740] {logging_mixin.py:103} INFO - [2021-02-10 03:53:51,740] {dag.py:2266} INFO - Setting next_dagrun for tutorial_etl_dag to None
[2021-02-10 03:53:51,770] {scheduler_job.py:189} INFO - Processing /home/airflow/.local/lib/python3.8/site-packages/airflow/example_dags/tutorial_etl_dag.py took 0.215 seconds
[2021-02-10 03:53:55,611] {scheduler_job.py:181} INFO - Started process (PID=584) to work on /home/airflow/.local/lib/python3.8/site-packages/airflow/example_dags/tutorial_etl_dag.py
[2021-02-10 04:08:07,014] {scheduler_job.py:629} INFO - Processing file /home/airflow/.local/lib/python3.8/site-packages/airflow/example_dags/tutorial_etl_dag.py for tasks to queue
[2021-02-10 04:08:07,019] {logging_mixin.py:103} INFO - [2021-02-10 04:08:07,019] {dagbag.py:440} INFO - Filling up the DagBag from /home/airflow/.local/lib/python3.8/site-packages/airflow/example_dags/tutorial_etl_dag.py
[2021-02-10 04:08:07,040] {scheduler_job.py:639} INFO - DAG(s) dict_keys(['tutorial_etl_dag']) retrieved from /home/airflow/.local/lib/python3.8/site-packages/airflow/example_dags/tutorial_etl_dag.py
[2021-02-10 04:08:07,042] {logging_mixin.py:103} INFO - [2021-02-10 04:08:07,042] {dag.py:1813} INFO - Sync 1 DAGs
[2021-02-10 04:08:07,182] {logging_mixin.py:103} INFO - [2021-02-10 04:08:07,182] {dag.py:2266} INFO - Setting next_dagrun for tutorial_etl_dag to None
[2021-02-10 04:08:07,291] {scheduler_job.py:189} INFO - Processing /home/airflow/.local/lib/python3.8/site-packages/airflow/example_dags/tutorial_etl_dag.py took 0.349 seconds
[2021-02-10 04:08:11,846] {scheduler_job.py:181} INFO - Started process (PID=609) to work on /home/airflow/.local/lib/python3.8/site-packages/airflow/example_dags/tutorial_etl_dag.py
[2021-02-10 04:08:11,850] {scheduler_job.py:629} INFO - Processing file /home/airflow/.local/lib/python3.8/site-packages/airflow/example_dags/tutorial_etl_dag.py for tasks to queue
[2021-02-10 04:08:11,852] {logging_mixin.py:103} INFO - [2021-02-10 04:08:11,852] {dagbag.py:440} INFO - Filling up the DagBag from /home/airflow/.local/lib/python3.8/site-packages/airflow/example_dags/tutorial_etl_dag.py
[2021-02-10 04:08:11,871] {scheduler_job.py:639} INFO - DAG(s) dict_keys(['tutorial_etl_dag']) retrieved from /home/airflow/.local/lib/python3.8/site-packages/airflow/example_dags/tutorial_etl_dag.py
[2021-02-10 04:08:11,878] {logging_mixin.py:103} INFO - [2021-02-10 04:08:11,878] {dag.py:1813} INFO - Sync 1 DAGs
[2021-02-10 04:08:11,936] {logging_mixin.py:103} INFO - [2021-02-10 04:08:11,935] {dag.py:2266} INFO - Setting next_dagrun for tutorial_etl_dag to None
[2021-02-10 04:08:11,967] {scheduler_job.py:189} INFO - Processing /home/airflow/.local/lib/python3.8/site-packages/airflow/example_dags/tutorial_etl_dag.py took 0.128 seconds
[2021-02-10 04:08:14,853] {scheduler_job.py:181} INFO - Started process (PID=634) to work on /home/airflow/.local/lib/python3.8/site-packages/airflow/example_dags/tutorial_etl_dag.py
[2021-02-10 04:08:14,857] {scheduler_job.py:629} INFO - Processing file /home/airflow/.local/lib/python3.8/site-packages/airflow/example_dags/tutorial_etl_dag.py for tasks to queue
[2021-02-10 04:08:14,859] {logging_mixin.py:103} INFO - [2021-02-10 04:08:14,859] {dagbag.py:440} INFO - Filling up the DagBag from /home/airflow/.local/lib/python3.8/site-packages/airflow/example_dags/tutorial_etl_dag.py
[2021-02-10 04:08:14,883] {scheduler_job.py:639} INFO - DAG(s) dict_keys(['tutorial_etl_dag']) retrieved from /home/airflow/.local/lib/python3.8/site-packages/airflow/example_dags/tutorial_etl_dag.py
[2021-02-10 04:08:14,886] {logging_mixin.py:103} INFO - [2021-02-10 04:08:14,886] {dag.py:1813} INFO - Sync 1 DAGs
[2021-02-10 04:08:15,092] {logging_mixin.py:103} INFO - [2021-02-10 04:08:15,091] {dag.py:2266} INFO - Setting next_dagrun for tutorial_etl_dag to None
[2021-02-10 04:08:15,149] {scheduler_job.py:189} INFO - Processing /home/airflow/.local/lib/python3.8/site-packages/airflow/example_dags/tutorial_etl_dag.py took 0.302 seconds
[2021-02-10 04:08:18,661] {scheduler_job.py:181} INFO - Started process (PID=659) to work on /home/airflow/.local/lib/python3.8/site-packages/airflow/example_dags/tutorial_etl_dag.py
[2021-02-10 04:08:18,666] {scheduler_job.py:629} INFO - Processing file /home/airflow/.local/lib/python3.8/site-packages/airflow/example_dags/tutorial_etl_dag.py for tasks to queue
[2021-02-10 04:08:18,669] {logging_mixin.py:103} INFO - [2021-02-10 04:08:18,669] {dagbag.py:440} INFO - Filling up the DagBag from /home/airflow/.local/lib/python3.8/site-packages/airflow/example_dags/tutorial_etl_dag.py
[2021-02-10 04:08:18,698] {scheduler_job.py:639} INFO - DAG(s) dict_keys(['tutorial_etl_dag']) retrieved from /home/airflow/.local/lib/python3.8/site-packages/airflow/example_dags/tutorial_etl_dag.py
[2021-02-10 04:08:18,706] {logging_mixin.py:103} INFO - [2021-02-10 04:08:18,706] {dag.py:1813} INFO - Sync 1 DAGs
[2021-02-10 04:08:18,763] {logging_mixin.py:103} INFO - [2021-02-10 04:08:18,763] {dag.py:2266} INFO - Setting next_dagrun for tutorial_etl_dag to None
[2021-02-10 04:08:18,811] {scheduler_job.py:189} INFO - Processing /home/airflow/.local/lib/python3.8/site-packages/airflow/example_dags/tutorial_etl_dag.py took 0.155 seconds
[2021-02-10 04:08:21,174] {scheduler_job.py:181} INFO - Started process (PID=684) to work on /home/airflow/.local/lib/python3.8/site-packages/airflow/example_dags/tutorial_etl_dag.py
[2021-02-10 04:08:21,178] {scheduler_job.py:629} INFO - Processing file /home/airflow/.local/lib/python3.8/site-packages/airflow/example_dags/tutorial_etl_dag.py for tasks to queue
[2021-02-10 04:08:21,185] {logging_mixin.py:103} INFO - [2021-02-10 04:08:21,185] {dagbag.py:440} INFO - Filling up the DagBag from /home/airflow/.local/lib/python3.8/site-packages/airflow/example_dags/tutorial_etl_dag.py
[2021-02-10 04:08:21,223] {scheduler_job.py:639} INFO - DAG(s) dict_keys(['tutorial_etl_dag']) retrieved from /home/airflow/.local/lib/python3.8/site-packages/airflow/example_dags/tutorial_etl_dag.py
[2021-02-10 04:08:21,228] {logging_mixin.py:103} INFO - [2021-02-10 04:08:21,228] {dag.py:1813} INFO - Sync 1 DAGs
[2021-02-10 04:08:21,307] {logging_mixin.py:103} INFO - [2021-02-10 04:08:21,307] {dag.py:2266} INFO - Setting next_dagrun for tutorial_etl_dag to None
[2021-02-10 04:08:21,370] {scheduler_job.py:189} INFO - Processing /home/airflow/.local/lib/python3.8/site-packages/airflow/example_dags/tutorial_etl_dag.py took 0.201 seconds
[2021-02-10 04:08:24,004] {scheduler_job.py:181} INFO - Started process (PID=709) to work on /home/airflow/.local/lib/python3.8/site-packages/airflow/example_dags/tutorial_etl_dag.py
[2021-02-10 04:08:24,009] {scheduler_job.py:629} INFO - Processing file /home/airflow/.local/lib/python3.8/site-packages/airflow/example_dags/tutorial_etl_dag.py for tasks to queue
[2021-02-10 04:08:24,011] {logging_mixin.py:103} INFO - [2021-02-10 04:08:24,011] {dagbag.py:440} INFO - Filling up the DagBag from /home/airflow/.local/lib/python3.8/site-packages/airflow/example_dags/tutorial_etl_dag.py
[2021-02-10 04:08:24,041] {scheduler_job.py:639} INFO - DAG(s) dict_keys(['tutorial_etl_dag']) retrieved from /home/airflow/.local/lib/python3.8/site-packages/airflow/example_dags/tutorial_etl_dag.py
[2021-02-10 04:08:24,046] {logging_mixin.py:103} INFO - [2021-02-10 04:08:24,046] {dag.py:1813} INFO - Sync 1 DAGs
[2021-02-10 04:08:24,100] {logging_mixin.py:103} INFO - [2021-02-10 04:08:24,100] {dag.py:2266} INFO - Setting next_dagrun for tutorial_etl_dag to None
[2021-02-10 04:08:24,130] {scheduler_job.py:189} INFO - Processing /home/airflow/.local/lib/python3.8/site-packages/airflow/example_dags/tutorial_etl_dag.py took 0.132 seconds
[2021-02-10 04:08:27,040] {scheduler_job.py:181} INFO - Started process (PID=734) to work on /home/airflow/.local/lib/python3.8/site-packages/airflow/example_dags/tutorial_etl_dag.py
[2021-02-10 04:08:27,044] {scheduler_job.py:629} INFO - Processing file /home/airflow/.local/lib/python3.8/site-packages/airflow/example_dags/tutorial_etl_dag.py for tasks to queue
[2021-02-10 04:08:27,046] {logging_mixin.py:103} INFO - [2021-02-10 04:08:27,046] {dagbag.py:440} INFO - Filling up the DagBag from /home/airflow/.local/lib/python3.8/site-packages/airflow/example_dags/tutorial_etl_dag.py
[2021-02-10 04:08:27,081] {scheduler_job.py:639} INFO - DAG(s) dict_keys(['tutorial_etl_dag']) retrieved from /home/airflow/.local/lib/python3.8/site-packages/airflow/example_dags/tutorial_etl_dag.py
[2021-02-10 04:08:27,084] {logging_mixin.py:103} INFO - [2021-02-10 04:08:27,084] {dag.py:1813} INFO - Sync 1 DAGs
[2021-02-10 04:08:27,154] {logging_mixin.py:103} INFO - [2021-02-10 04:08:27,154] {dag.py:2266} INFO - Setting next_dagrun for tutorial_etl_dag to None
[2021-02-10 04:08:27,190] {scheduler_job.py:189} INFO - Processing /home/airflow/.local/lib/python3.8/site-packages/airflow/example_dags/tutorial_etl_dag.py took 0.157 seconds
[2021-02-10 04:08:29,863] {scheduler_job.py:181} INFO - Started process (PID=759) to work on /home/airflow/.local/lib/python3.8/site-packages/airflow/example_dags/tutorial_etl_dag.py
[2021-02-10 04:08:29,865] {scheduler_job.py:629} INFO - Processing file /home/airflow/.local/lib/python3.8/site-packages/airflow/example_dags/tutorial_etl_dag.py for tasks to queue
[2021-02-10 04:08:29,867] {logging_mixin.py:103} INFO - [2021-02-10 04:08:29,867] {dagbag.py:440} INFO - Filling up the DagBag from /home/airflow/.local/lib/python3.8/site-packages/airflow/example_dags/tutorial_etl_dag.py
[2021-02-10 04:08:29,886] {scheduler_job.py:639} INFO - DAG(s) dict_keys(['tutorial_etl_dag']) retrieved from /home/airflow/.local/lib/python3.8/site-packages/airflow/example_dags/tutorial_etl_dag.py
[2021-02-10 04:08:29,888] {logging_mixin.py:103} INFO - [2021-02-10 04:08:29,888] {dag.py:1813} INFO - Sync 1 DAGs
[2021-02-10 04:08:29,945] {logging_mixin.py:103} INFO - [2021-02-10 04:08:29,944] {dag.py:2266} INFO - Setting next_dagrun for tutorial_etl_dag to None
[2021-02-10 04:08:29,976] {scheduler_job.py:189} INFO - Processing /home/airflow/.local/lib/python3.8/site-packages/airflow/example_dags/tutorial_etl_dag.py took 0.119 seconds
[2021-02-10 04:08:32,106] {scheduler_job.py:181} INFO - Started process (PID=784) to work on /home/airflow/.local/lib/python3.8/site-packages/airflow/example_dags/tutorial_etl_dag.py
[2021-02-10 04:08:32,109] {scheduler_job.py:629} INFO - Processing file /home/airflow/.local/lib/python3.8/site-packages/airflow/example_dags/tutorial_etl_dag.py for tasks to queue
[2021-02-10 04:08:32,111] {logging_mixin.py:103} INFO - [2021-02-10 04:08:32,110] {dagbag.py:440} INFO - Filling up the DagBag from /home/airflow/.local/lib/python3.8/site-packages/airflow/example_dags/tutorial_etl_dag.py
[2021-02-10 04:08:32,131] {scheduler_job.py:639} INFO - DAG(s) dict_keys(['tutorial_etl_dag']) retrieved from /home/airflow/.local/lib/python3.8/site-packages/airflow/example_dags/tutorial_etl_dag.py
[2021-02-10 04:08:32,133] {logging_mixin.py:103} INFO - [2021-02-10 04:08:32,133] {dag.py:1813} INFO - Sync 1 DAGs
[2021-02-10 04:08:32,187] {logging_mixin.py:103} INFO - [2021-02-10 04:08:32,186] {dag.py:2266} INFO - Setting next_dagrun for tutorial_etl_dag to None
[2021-02-10 04:08:32,220] {scheduler_job.py:189} INFO - Processing /home/airflow/.local/lib/python3.8/site-packages/airflow/example_dags/tutorial_etl_dag.py took 0.119 seconds
[2021-02-10 04:08:34,449] {scheduler_job.py:181} INFO - Started process (PID=809) to work on /home/airflow/.local/lib/python3.8/site-packages/airflow/example_dags/tutorial_etl_dag.py
[2021-02-10 04:08:34,452] {scheduler_job.py:629} INFO - Processing file /home/airflow/.local/lib/python3.8/site-packages/airflow/example_dags/tutorial_etl_dag.py for tasks to queue
[2021-02-10 04:08:34,454] {logging_mixin.py:103} INFO - [2021-02-10 04:08:34,454] {dagbag.py:440} INFO - Filling up the DagBag from /home/airflow/.local/lib/python3.8/site-packages/airflow/example_dags/tutorial_etl_dag.py
[2021-02-10 04:08:34,475] {scheduler_job.py:639} INFO - DAG(s) dict_keys(['tutorial_etl_dag']) retrieved from /home/airflow/.local/lib/python3.8/site-packages/airflow/example_dags/tutorial_etl_dag.py
[2021-02-10 04:08:34,478] {logging_mixin.py:103} INFO - [2021-02-10 04:08:34,478] {dag.py:1813} INFO - Sync 1 DAGs
[2021-02-10 04:08:34,527] {logging_mixin.py:103} INFO - [2021-02-10 04:08:34,527] {dag.py:2266} INFO - Setting next_dagrun for tutorial_etl_dag to None
[2021-02-10 04:08:34,561] {scheduler_job.py:189} INFO - Processing /home/airflow/.local/lib/python3.8/site-packages/airflow/example_dags/tutorial_etl_dag.py took 0.121 seconds
[2021-02-10 04:08:37,127] {scheduler_job.py:181} INFO - Started process (PID=834) to work on /home/airflow/.local/lib/python3.8/site-packages/airflow/example_dags/tutorial_etl_dag.py
[2021-02-10 04:08:37,133] {scheduler_job.py:629} INFO - Processing file /home/airflow/.local/lib/python3.8/site-packages/airflow/example_dags/tutorial_etl_dag.py for tasks to queue
[2021-02-10 04:08:37,135] {logging_mixin.py:103} INFO - [2021-02-10 04:08:37,135] {dagbag.py:440} INFO - Filling up the DagBag from /home/airflow/.local/lib/python3.8/site-packages/airflow/example_dags/tutorial_etl_dag.py
[2021-02-10 04:08:37,154] {scheduler_job.py:639} INFO - DAG(s) dict_keys(['tutorial_etl_dag']) retrieved from /home/airflow/.local/lib/python3.8/site-packages/airflow/example_dags/tutorial_etl_dag.py
[2021-02-10 04:08:37,156] {logging_mixin.py:103} INFO - [2021-02-10 04:08:37,156] {dag.py:1813} INFO - Sync 1 DAGs
[2021-02-10 04:08:37,199] {logging_mixin.py:103} INFO - [2021-02-10 04:08:37,199] {dag.py:2266} INFO - Setting next_dagrun for tutorial_etl_dag to None
[2021-02-10 04:08:37,237] {scheduler_job.py:189} INFO - Processing /home/airflow/.local/lib/python3.8/site-packages/airflow/example_dags/tutorial_etl_dag.py took 0.125 seconds
[2021-02-10 04:08:39,279] {scheduler_job.py:181} INFO - Started process (PID=859) to work on /home/airflow/.local/lib/python3.8/site-packages/airflow/example_dags/tutorial_etl_dag.py
[2021-02-10 04:08:39,282] {scheduler_job.py:629} INFO - Processing file /home/airflow/.local/lib/python3.8/site-packages/airflow/example_dags/tutorial_etl_dag.py for tasks to queue
[2021-02-10 04:08:39,283] {logging_mixin.py:103} INFO - [2021-02-10 04:08:39,283] {dagbag.py:440} INFO - Filling up the DagBag from /home/airflow/.local/lib/python3.8/site-packages/airflow/example_dags/tutorial_etl_dag.py
[2021-02-10 04:08:39,299] {scheduler_job.py:639} INFO - DAG(s) dict_keys(['tutorial_etl_dag']) retrieved from /home/airflow/.local/lib/python3.8/site-packages/airflow/example_dags/tutorial_etl_dag.py
[2021-02-10 04:08:39,301] {logging_mixin.py:103} INFO - [2021-02-10 04:08:39,301] {dag.py:1813} INFO - Sync 1 DAGs
[2021-02-10 04:08:39,339] {logging_mixin.py:103} INFO - [2021-02-10 04:08:39,338] {dag.py:2266} INFO - Setting next_dagrun for tutorial_etl_dag to None
[2021-02-10 04:08:39,364] {scheduler_job.py:189} INFO - Processing /home/airflow/.local/lib/python3.8/site-packages/airflow/example_dags/tutorial_etl_dag.py took 0.089 seconds
[2021-02-10 04:08:41,072] {scheduler_job.py:181} INFO - Started process (PID=885) to work on /home/airflow/.local/lib/python3.8/site-packages/airflow/example_dags/tutorial_etl_dag.py
[2021-02-10 04:08:41,075] {scheduler_job.py:629} INFO - Processing file /home/airflow/.local/lib/python3.8/site-packages/airflow/example_dags/tutorial_etl_dag.py for tasks to queue
[2021-02-10 04:08:41,077] {logging_mixin.py:103} INFO - [2021-02-10 04:08:41,077] {dagbag.py:440} INFO - Filling up the DagBag from /home/airflow/.local/lib/python3.8/site-packages/airflow/example_dags/tutorial_etl_dag.py
[2021-02-10 04:08:41,094] {scheduler_job.py:639} INFO - DAG(s) dict_keys(['tutorial_etl_dag']) retrieved from /home/airflow/.local/lib/python3.8/site-packages/airflow/example_dags/tutorial_etl_dag.py
[2021-02-10 04:08:41,098] {logging_mixin.py:103} INFO - [2021-02-10 04:08:41,098] {dag.py:1813} INFO - Sync 1 DAGs
[2021-02-10 04:08:41,132] {logging_mixin.py:103} INFO - [2021-02-10 04:08:41,131] {dag.py:2266} INFO - Setting next_dagrun for tutorial_etl_dag to None
[2021-02-10 04:08:41,154] {scheduler_job.py:189} INFO - Processing /home/airflow/.local/lib/python3.8/site-packages/airflow/example_dags/tutorial_etl_dag.py took 0.088 seconds
[2021-02-10 04:08:42,763] {scheduler_job.py:181} INFO - Started process (PID=911) to work on /home/airflow/.local/lib/python3.8/site-packages/airflow/example_dags/tutorial_etl_dag.py
[2021-02-10 04:08:42,766] {scheduler_job.py:629} INFO - Processing file /home/airflow/.local/lib/python3.8/site-packages/airflow/example_dags/tutorial_etl_dag.py for tasks to queue
[2021-02-10 04:08:42,768] {logging_mixin.py:103} INFO - [2021-02-10 04:08:42,767] {dagbag.py:440} INFO - Filling up the DagBag from /home/airflow/.local/lib/python3.8/site-packages/airflow/example_dags/tutorial_etl_dag.py
[2021-02-10 04:08:42,783] {scheduler_job.py:639} INFO - DAG(s) dict_keys(['tutorial_etl_dag']) retrieved from /home/airflow/.local/lib/python3.8/site-packages/airflow/example_dags/tutorial_etl_dag.py
[2021-02-10 04:08:42,785] {logging_mixin.py:103} INFO - [2021-02-10 04:08:42,785] {dag.py:1813} INFO - Sync 1 DAGs
[2021-02-10 04:08:42,824] {logging_mixin.py:103} INFO - [2021-02-10 04:08:42,824] {dag.py:2266} INFO - Setting next_dagrun for tutorial_etl_dag to None
[2021-02-10 04:08:42,847] {scheduler_job.py:189} INFO - Processing /home/airflow/.local/lib/python3.8/site-packages/airflow/example_dags/tutorial_etl_dag.py took 0.088 seconds
[2021-02-10 04:08:44,324] {scheduler_job.py:181} INFO - Started process (PID=936) to work on /home/airflow/.local/lib/python3.8/site-packages/airflow/example_dags/tutorial_etl_dag.py
[2021-02-10 04:08:44,327] {scheduler_job.py:629} INFO - Processing file /home/airflow/.local/lib/python3.8/site-packages/airflow/example_dags/tutorial_etl_dag.py for tasks to queue
[2021-02-10 04:08:44,329] {logging_mixin.py:103} INFO - [2021-02-10 04:08:44,329] {dagbag.py:440} INFO - Filling up the DagBag from /home/airflow/.local/lib/python3.8/site-packages/airflow/example_dags/tutorial_etl_dag.py
[2021-02-10 04:08:44,350] {scheduler_job.py:639} INFO - DAG(s) dict_keys(['tutorial_etl_dag']) retrieved from /home/airflow/.local/lib/python3.8/site-packages/airflow/example_dags/tutorial_etl_dag.py
[2021-02-10 04:08:44,353] {logging_mixin.py:103} INFO - [2021-02-10 04:08:44,353] {dag.py:1813} INFO - Sync 1 DAGs
[2021-02-10 04:08:44,391] {logging_mixin.py:103} INFO - [2021-02-10 04:08:44,391] {dag.py:2266} INFO - Setting next_dagrun for tutorial_etl_dag to None
[2021-02-10 04:08:44,423] {scheduler_job.py:189} INFO - Processing /home/airflow/.local/lib/python3.8/site-packages/airflow/example_dags/tutorial_etl_dag.py took 0.104 seconds
[2021-02-10 04:08:45,893] {scheduler_job.py:181} INFO - Started process (PID=961) to work on /home/airflow/.local/lib/python3.8/site-packages/airflow/example_dags/tutorial_etl_dag.py
[2021-02-10 04:08:45,895] {scheduler_job.py:629} INFO - Processing file /home/airflow/.local/lib/python3.8/site-packages/airflow/example_dags/tutorial_etl_dag.py for tasks to queue
[2021-02-10 04:08:45,898] {logging_mixin.py:103} INFO - [2021-02-10 04:08:45,897] {dagbag.py:440} INFO - Filling up the DagBag from /home/airflow/.local/lib/python3.8/site-packages/airflow/example_dags/tutorial_etl_dag.py
[2021-02-10 04:08:45,912] {scheduler_job.py:639} INFO - DAG(s) dict_keys(['tutorial_etl_dag']) retrieved from /home/airflow/.local/lib/python3.8/site-packages/airflow/example_dags/tutorial_etl_dag.py
[2021-02-10 04:08:45,914] {logging_mixin.py:103} INFO - [2021-02-10 04:08:45,914] {dag.py:1813} INFO - Sync 1 DAGs
[2021-02-10 04:08:45,950] {logging_mixin.py:103} INFO - [2021-02-10 04:08:45,950] {dag.py:2266} INFO - Setting next_dagrun for tutorial_etl_dag to None
[2021-02-10 04:08:45,976] {scheduler_job.py:189} INFO - Processing /home/airflow/.local/lib/python3.8/site-packages/airflow/example_dags/tutorial_etl_dag.py took 0.087 seconds
[2021-02-10 04:08:47,502] {scheduler_job.py:181} INFO - Started process (PID=986) to work on /home/airflow/.local/lib/python3.8/site-packages/airflow/example_dags/tutorial_etl_dag.py
[2021-02-10 04:08:47,504] {scheduler_job.py:629} INFO - Processing file /home/airflow/.local/lib/python3.8/site-packages/airflow/example_dags/tutorial_etl_dag.py for tasks to queue
[2021-02-10 04:08:47,506] {logging_mixin.py:103} INFO - [2021-02-10 04:08:47,506] {dagbag.py:440} INFO - Filling up the DagBag from /home/airflow/.local/lib/python3.8/site-packages/airflow/example_dags/tutorial_etl_dag.py
[2021-02-10 04:08:47,521] {scheduler_job.py:639} INFO - DAG(s) dict_keys(['tutorial_etl_dag']) retrieved from /home/airflow/.local/lib/python3.8/site-packages/airflow/example_dags/tutorial_etl_dag.py
[2021-02-10 04:08:47,524] {logging_mixin.py:103} INFO - [2021-02-10 04:08:47,523] {dag.py:1813} INFO - Sync 1 DAGs
[2021-02-10 04:08:47,560] {logging_mixin.py:103} INFO - [2021-02-10 04:08:47,560] {dag.py:2266} INFO - Setting next_dagrun for tutorial_etl_dag to None
[2021-02-10 04:08:47,593] {scheduler_job.py:189} INFO - Processing /home/airflow/.local/lib/python3.8/site-packages/airflow/example_dags/tutorial_etl_dag.py took 0.097 seconds
[2021-02-10 04:08:49,100] {scheduler_job.py:181} INFO - Started process (PID=1011) to work on /home/airflow/.local/lib/python3.8/site-packages/airflow/example_dags/tutorial_etl_dag.py
[2021-02-10 04:08:49,104] {scheduler_job.py:629} INFO - Processing file /home/airflow/.local/lib/python3.8/site-packages/airflow/example_dags/tutorial_etl_dag.py for tasks to queue
[2021-02-10 04:08:49,107] {logging_mixin.py:103} INFO - [2021-02-10 04:08:49,107] {dagbag.py:440} INFO - Filling up the DagBag from /home/airflow/.local/lib/python3.8/site-packages/airflow/example_dags/tutorial_etl_dag.py
[2021-02-10 04:08:49,128] {scheduler_job.py:639} INFO - DAG(s) dict_keys(['tutorial_etl_dag']) retrieved from /home/airflow/.local/lib/python3.8/site-packages/airflow/example_dags/tutorial_etl_dag.py
[2021-02-10 04:08:49,132] {logging_mixin.py:103} INFO - [2021-02-10 04:08:49,132] {dag.py:1813} INFO - Sync 1 DAGs
[2021-02-10 04:08:49,183] {logging_mixin.py:103} INFO - [2021-02-10 04:08:49,183] {dag.py:2266} INFO - Setting next_dagrun for tutorial_etl_dag to None
[2021-02-10 04:08:49,214] {scheduler_job.py:189} INFO - Processing /home/airflow/.local/lib/python3.8/site-packages/airflow/example_dags/tutorial_etl_dag.py took 0.119 seconds
[2021-02-10 04:08:50,634] {scheduler_job.py:181} INFO - Started process (PID=1036) to work on /home/airflow/.local/lib/python3.8/site-packages/airflow/example_dags/tutorial_etl_dag.py
[2021-02-10 04:08:50,637] {scheduler_job.py:629} INFO - Processing file /home/airflow/.local/lib/python3.8/site-packages/airflow/example_dags/tutorial_etl_dag.py for tasks to queue
[2021-02-10 04:08:50,639] {logging_mixin.py:103} INFO - [2021-02-10 04:08:50,638] {dagbag.py:440} INFO - Filling up the DagBag from /home/airflow/.local/lib/python3.8/site-packages/airflow/example_dags/tutorial_etl_dag.py
[2021-02-10 04:08:50,653] {scheduler_job.py:639} INFO - DAG(s) dict_keys(['tutorial_etl_dag']) retrieved from /home/airflow/.local/lib/python3.8/site-packages/airflow/example_dags/tutorial_etl_dag.py
[2021-02-10 04:08:50,656] {logging_mixin.py:103} INFO - [2021-02-10 04:08:50,655] {dag.py:1813} INFO - Sync 1 DAGs
[2021-02-10 04:08:50,695] {logging_mixin.py:103} INFO - [2021-02-10 04:08:50,695] {dag.py:2266} INFO - Setting next_dagrun for tutorial_etl_dag to None
[2021-02-10 04:08:50,726] {scheduler_job.py:189} INFO - Processing /home/airflow/.local/lib/python3.8/site-packages/airflow/example_dags/tutorial_etl_dag.py took 0.098 seconds
[2021-02-10 04:08:52,120] {scheduler_job.py:181} INFO - Started process (PID=1061) to work on /home/airflow/.local/lib/python3.8/site-packages/airflow/example_dags/tutorial_etl_dag.py
[2021-02-10 04:08:52,122] {scheduler_job.py:629} INFO - Processing file /home/airflow/.local/lib/python3.8/site-packages/airflow/example_dags/tutorial_etl_dag.py for tasks to queue
[2021-02-10 04:08:52,124] {logging_mixin.py:103} INFO - [2021-02-10 04:08:52,124] {dagbag.py:440} INFO - Filling up the DagBag from /home/airflow/.local/lib/python3.8/site-packages/airflow/example_dags/tutorial_etl_dag.py
[2021-02-10 04:08:52,151] {scheduler_job.py:639} INFO - DAG(s) dict_keys(['tutorial_etl_dag']) retrieved from /home/airflow/.local/lib/python3.8/site-packages/airflow/example_dags/tutorial_etl_dag.py
[2021-02-10 04:08:52,153] {logging_mixin.py:103} INFO - [2021-02-10 04:08:52,153] {dag.py:1813} INFO - Sync 1 DAGs
[2021-02-10 04:08:52,195] {logging_mixin.py:103} INFO - [2021-02-10 04:08:52,195] {dag.py:2266} INFO - Setting next_dagrun for tutorial_etl_dag to None
[2021-02-10 04:08:52,222] {scheduler_job.py:189} INFO - Processing /home/airflow/.local/lib/python3.8/site-packages/airflow/example_dags/tutorial_etl_dag.py took 0.107 seconds
[2021-02-10 04:08:53,729] {scheduler_job.py:181} INFO - Started process (PID=1086) to work on /home/airflow/.local/lib/python3.8/site-packages/airflow/example_dags/tutorial_etl_dag.py
[2021-02-10 04:08:53,732] {scheduler_job.py:629} INFO - Processing file /home/airflow/.local/lib/python3.8/site-packages/airflow/example_dags/tutorial_etl_dag.py for tasks to queue
[2021-02-10 04:08:53,734] {logging_mixin.py:103} INFO - [2021-02-10 04:08:53,734] {dagbag.py:440} INFO - Filling up the DagBag from /home/airflow/.local/lib/python3.8/site-packages/airflow/example_dags/tutorial_etl_dag.py
[2021-02-10 04:08:53,751] {scheduler_job.py:639} INFO - DAG(s) dict_keys(['tutorial_etl_dag']) retrieved from /home/airflow/.local/lib/python3.8/site-packages/airflow/example_dags/tutorial_etl_dag.py
[2021-02-10 04:08:53,753] {logging_mixin.py:103} INFO - [2021-02-10 04:08:53,753] {dag.py:1813} INFO - Sync 1 DAGs
[2021-02-10 04:08:53,788] {logging_mixin.py:103} INFO - [2021-02-10 04:08:53,788] {dag.py:2266} INFO - Setting next_dagrun for tutorial_etl_dag to None
[2021-02-10 04:08:53,816] {scheduler_job.py:189} INFO - Processing /home/airflow/.local/lib/python3.8/site-packages/airflow/example_dags/tutorial_etl_dag.py took 0.091 seconds
[2021-02-10 04:08:55,163] {scheduler_job.py:181} INFO - Started process (PID=1111) to work on /home/airflow/.local/lib/python3.8/site-packages/airflow/example_dags/tutorial_etl_dag.py
[2021-02-10 04:08:55,166] {scheduler_job.py:629} INFO - Processing file /home/airflow/.local/lib/python3.8/site-packages/airflow/example_dags/tutorial_etl_dag.py for tasks to queue
[2021-02-10 04:08:55,169] {logging_mixin.py:103} INFO - [2021-02-10 04:08:55,169] {dagbag.py:440} INFO - Filling up the DagBag from /home/airflow/.local/lib/python3.8/site-packages/airflow/example_dags/tutorial_etl_dag.py
[2021-02-10 04:08:55,189] {scheduler_job.py:639} INFO - DAG(s) dict_keys(['tutorial_etl_dag']) retrieved from /home/airflow/.local/lib/python3.8/site-packages/airflow/example_dags/tutorial_etl_dag.py
[2021-02-10 04:08:55,192] {logging_mixin.py:103} INFO - [2021-02-10 04:08:55,192] {dag.py:1813} INFO - Sync 1 DAGs
[2021-02-10 04:08:55,237] {logging_mixin.py:103} INFO - [2021-02-10 04:08:55,237] {dag.py:2266} INFO - Setting next_dagrun for tutorial_etl_dag to None
[2021-02-10 04:08:55,272] {scheduler_job.py:189} INFO - Processing /home/airflow/.local/lib/python3.8/site-packages/airflow/example_dags/tutorial_etl_dag.py took 0.115 seconds
[2021-02-10 04:27:13,492] {scheduler_job.py:181} INFO - Started process (PID=1136) to work on /home/airflow/.local/lib/python3.8/site-packages/airflow/example_dags/tutorial_etl_dag.py
[2021-02-10 04:27:13,496] {scheduler_job.py:629} INFO - Processing file /home/airflow/.local/lib/python3.8/site-packages/airflow/example_dags/tutorial_etl_dag.py for tasks to queue
[2021-02-10 04:27:13,499] {logging_mixin.py:103} INFO - [2021-02-10 04:27:13,498] {dagbag.py:440} INFO - Filling up the DagBag from /home/airflow/.local/lib/python3.8/site-packages/airflow/example_dags/tutorial_etl_dag.py
[2021-02-10 04:27:13,518] {scheduler_job.py:639} INFO - DAG(s) dict_keys(['tutorial_etl_dag']) retrieved from /home/airflow/.local/lib/python3.8/site-packages/airflow/example_dags/tutorial_etl_dag.py
[2021-02-10 04:27:13,520] {logging_mixin.py:103} INFO - [2021-02-10 04:27:13,520] {dag.py:1813} INFO - Sync 1 DAGs
[2021-02-10 04:27:13,577] {logging_mixin.py:103} INFO - [2021-02-10 04:27:13,576] {dag.py:2266} INFO - Setting next_dagrun for tutorial_etl_dag to None
[2021-02-10 04:27:13,603] {scheduler_job.py:189} INFO - Processing /home/airflow/.local/lib/python3.8/site-packages/airflow/example_dags/tutorial_etl_dag.py took 0.117 seconds
[2021-02-10 04:27:15,970] {scheduler_job.py:181} INFO - Started process (PID=1148) to work on /home/airflow/.local/lib/python3.8/site-packages/airflow/example_dags/tutorial_etl_dag.py
[2021-02-10 04:27:15,972] {scheduler_job.py:629} INFO - Processing file /home/airflow/.local/lib/python3.8/site-packages/airflow/example_dags/tutorial_etl_dag.py for tasks to queue
[2021-02-10 04:27:15,975] {logging_mixin.py:103} INFO - [2021-02-10 04:27:15,975] {dagbag.py:440} INFO - Filling up the DagBag from /home/airflow/.local/lib/python3.8/site-packages/airflow/example_dags/tutorial_etl_dag.py
[2021-02-10 04:27:16,208] {scheduler_job.py:639} INFO - DAG(s) dict_keys(['tutorial_etl_dag']) retrieved from /home/airflow/.local/lib/python3.8/site-packages/airflow/example_dags/tutorial_etl_dag.py
[2021-02-10 04:27:16,213] {logging_mixin.py:103} INFO - [2021-02-10 04:27:16,213] {dag.py:1813} INFO - Sync 1 DAGs
[2021-02-10 04:27:16,276] {logging_mixin.py:103} INFO - [2021-02-10 04:27:16,275] {dag.py:2266} INFO - Setting next_dagrun for tutorial_etl_dag to None
[2021-02-10 04:27:16,389] {scheduler_job.py:189} INFO - Processing /home/airflow/.local/lib/python3.8/site-packages/airflow/example_dags/tutorial_etl_dag.py took 0.425 seconds
[2021-02-10 04:27:22,514] {scheduler_job.py:181} INFO - Started process (PID=1174) to work on /home/airflow/.local/lib/python3.8/site-packages/airflow/example_dags/tutorial_etl_dag.py
[2021-02-10 04:27:22,517] {scheduler_job.py:629} INFO - Processing file /home/airflow/.local/lib/python3.8/site-packages/airflow/example_dags/tutorial_etl_dag.py for tasks to queue
[2021-02-10 04:27:22,520] {logging_mixin.py:103} INFO - [2021-02-10 04:27:22,520] {dagbag.py:440} INFO - Filling up the DagBag from /home/airflow/.local/lib/python3.8/site-packages/airflow/example_dags/tutorial_etl_dag.py
[2021-02-10 04:27:22,543] {scheduler_job.py:639} INFO - DAG(s) dict_keys(['tutorial_etl_dag']) retrieved from /home/airflow/.local/lib/python3.8/site-packages/airflow/example_dags/tutorial_etl_dag.py
[2021-02-10 04:27:22,547] {logging_mixin.py:103} INFO - [2021-02-10 04:27:22,547] {dag.py:1813} INFO - Sync 1 DAGs
[2021-02-10 04:27:22,600] {logging_mixin.py:103} INFO - [2021-02-10 04:27:22,600] {dag.py:2266} INFO - Setting next_dagrun for tutorial_etl_dag to None
[2021-02-10 04:27:22,633] {scheduler_job.py:189} INFO - Processing /home/airflow/.local/lib/python3.8/site-packages/airflow/example_dags/tutorial_etl_dag.py took 0.125 seconds
[2021-02-10 04:27:26,579] {scheduler_job.py:181} INFO - Started process (PID=1199) to work on /home/airflow/.local/lib/python3.8/site-packages/airflow/example_dags/tutorial_etl_dag.py
[2021-02-10 04:27:26,587] {scheduler_job.py:629} INFO - Processing file /home/airflow/.local/lib/python3.8/site-packages/airflow/example_dags/tutorial_etl_dag.py for tasks to queue
[2021-02-10 04:27:26,590] {logging_mixin.py:103} INFO - [2021-02-10 04:27:26,590] {dagbag.py:440} INFO - Filling up the DagBag from /home/airflow/.local/lib/python3.8/site-packages/airflow/example_dags/tutorial_etl_dag.py
[2021-02-10 04:27:26,617] {scheduler_job.py:639} INFO - DAG(s) dict_keys(['tutorial_etl_dag']) retrieved from /home/airflow/.local/lib/python3.8/site-packages/airflow/example_dags/tutorial_etl_dag.py
[2021-02-10 04:27:26,620] {logging_mixin.py:103} INFO - [2021-02-10 04:27:26,619] {dag.py:1813} INFO - Sync 1 DAGs
[2021-02-10 04:27:26,938] {logging_mixin.py:103} INFO - [2021-02-10 04:27:26,937] {dag.py:2266} INFO - Setting next_dagrun for tutorial_etl_dag to None
[2021-02-10 04:27:26,971] {scheduler_job.py:189} INFO - Processing /home/airflow/.local/lib/python3.8/site-packages/airflow/example_dags/tutorial_etl_dag.py took 0.401 seconds
[2021-02-10 04:27:30,159] {scheduler_job.py:181} INFO - Started process (PID=1224) to work on /home/airflow/.local/lib/python3.8/site-packages/airflow/example_dags/tutorial_etl_dag.py
[2021-02-10 04:27:30,165] {scheduler_job.py:629} INFO - Processing file /home/airflow/.local/lib/python3.8/site-packages/airflow/example_dags/tutorial_etl_dag.py for tasks to queue
[2021-02-10 04:27:30,168] {logging_mixin.py:103} INFO - [2021-02-10 04:27:30,167] {dagbag.py:440} INFO - Filling up the DagBag from /home/airflow/.local/lib/python3.8/site-packages/airflow/example_dags/tutorial_etl_dag.py
[2021-02-10 04:27:30,257] {scheduler_job.py:639} INFO - DAG(s) dict_keys(['tutorial_etl_dag']) retrieved from /home/airflow/.local/lib/python3.8/site-packages/airflow/example_dags/tutorial_etl_dag.py
[2021-02-10 04:27:30,287] {logging_mixin.py:103} INFO - [2021-02-10 04:27:30,283] {dag.py:1813} INFO - Sync 1 DAGs
[2021-02-10 04:27:30,578] {logging_mixin.py:103} INFO - [2021-02-10 04:27:30,578] {dag.py:2266} INFO - Setting next_dagrun for tutorial_etl_dag to None
[2021-02-10 04:27:30,688] {scheduler_job.py:189} INFO - Processing /home/airflow/.local/lib/python3.8/site-packages/airflow/example_dags/tutorial_etl_dag.py took 0.587 seconds
