[2021-02-10 05:02:35,115] {scheduler_job.py:181} INFO - Started process (PID=43) to work on /home/airflow/.local/lib/python3.8/site-packages/airflow/example_dags/tutorial.py
[2021-02-10 05:02:35,119] {scheduler_job.py:629} INFO - Processing file /home/airflow/.local/lib/python3.8/site-packages/airflow/example_dags/tutorial.py for tasks to queue
[2021-02-10 05:02:35,122] {logging_mixin.py:103} INFO - [2021-02-10 05:02:35,122] {dagbag.py:440} INFO - Filling up the DagBag from /home/airflow/.local/lib/python3.8/site-packages/airflow/example_dags/tutorial.py
[2021-02-10 05:02:35,149] {scheduler_job.py:639} INFO - DAG(s) dict_keys(['tutorial']) retrieved from /home/airflow/.local/lib/python3.8/site-packages/airflow/example_dags/tutorial.py
[2021-02-10 05:02:35,153] {logging_mixin.py:103} INFO - [2021-02-10 05:02:35,152] {dag.py:1813} INFO - Sync 1 DAGs
[2021-02-10 05:02:35,234] {logging_mixin.py:103} INFO - [2021-02-10 05:02:35,233] {dag.py:2266} INFO - Setting next_dagrun for tutorial to 2021-02-08 00:00:00+00:00
[2021-02-10 05:02:35,275] {scheduler_job.py:189} INFO - Processing /home/airflow/.local/lib/python3.8/site-packages/airflow/example_dags/tutorial.py took 0.176 seconds
[2021-02-10 05:02:40,078] {scheduler_job.py:181} INFO - Started process (PID=69) to work on /home/airflow/.local/lib/python3.8/site-packages/airflow/example_dags/tutorial.py
[2021-02-10 05:02:40,083] {scheduler_job.py:629} INFO - Processing file /home/airflow/.local/lib/python3.8/site-packages/airflow/example_dags/tutorial.py for tasks to queue
[2021-02-10 05:02:40,085] {logging_mixin.py:103} INFO - [2021-02-10 05:02:40,085] {dagbag.py:440} INFO - Filling up the DagBag from /home/airflow/.local/lib/python3.8/site-packages/airflow/example_dags/tutorial.py
[2021-02-10 05:02:40,111] {scheduler_job.py:639} INFO - DAG(s) dict_keys(['tutorial']) retrieved from /home/airflow/.local/lib/python3.8/site-packages/airflow/example_dags/tutorial.py
[2021-02-10 05:02:40,114] {logging_mixin.py:103} INFO - [2021-02-10 05:02:40,114] {dag.py:1813} INFO - Sync 1 DAGs
[2021-02-10 05:02:40,180] {logging_mixin.py:103} INFO - [2021-02-10 05:02:40,180] {dag.py:2266} INFO - Setting next_dagrun for tutorial to 2021-02-08 00:00:00+00:00
[2021-02-10 05:02:40,213] {scheduler_job.py:189} INFO - Processing /home/airflow/.local/lib/python3.8/site-packages/airflow/example_dags/tutorial.py took 0.142 seconds
[2021-02-10 05:02:43,248] {scheduler_job.py:181} INFO - Started process (PID=93) to work on /home/airflow/.local/lib/python3.8/site-packages/airflow/example_dags/tutorial.py
[2021-02-10 05:02:43,251] {scheduler_job.py:629} INFO - Processing file /home/airflow/.local/lib/python3.8/site-packages/airflow/example_dags/tutorial.py for tasks to queue
[2021-02-10 05:02:43,253] {logging_mixin.py:103} INFO - [2021-02-10 05:02:43,253] {dagbag.py:440} INFO - Filling up the DagBag from /home/airflow/.local/lib/python3.8/site-packages/airflow/example_dags/tutorial.py
[2021-02-10 05:02:43,274] {scheduler_job.py:639} INFO - DAG(s) dict_keys(['tutorial']) retrieved from /home/airflow/.local/lib/python3.8/site-packages/airflow/example_dags/tutorial.py
[2021-02-10 05:02:43,280] {logging_mixin.py:103} INFO - [2021-02-10 05:02:43,280] {dag.py:1813} INFO - Sync 1 DAGs
[2021-02-10 05:02:43,395] {logging_mixin.py:103} INFO - [2021-02-10 05:02:43,395] {dag.py:2266} INFO - Setting next_dagrun for tutorial to 2021-02-08 00:00:00+00:00
[2021-02-10 05:02:43,440] {scheduler_job.py:189} INFO - Processing /home/airflow/.local/lib/python3.8/site-packages/airflow/example_dags/tutorial.py took 0.203 seconds
[2021-02-10 05:02:48,224] {scheduler_job.py:181} INFO - Started process (PID=118) to work on /home/airflow/.local/lib/python3.8/site-packages/airflow/example_dags/tutorial.py
[2021-02-10 05:02:48,234] {scheduler_job.py:629} INFO - Processing file /home/airflow/.local/lib/python3.8/site-packages/airflow/example_dags/tutorial.py for tasks to queue
[2021-02-10 05:02:48,242] {logging_mixin.py:103} INFO - [2021-02-10 05:02:48,242] {dagbag.py:440} INFO - Filling up the DagBag from /home/airflow/.local/lib/python3.8/site-packages/airflow/example_dags/tutorial.py
[2021-02-10 05:02:48,406] {scheduler_job.py:639} INFO - DAG(s) dict_keys(['tutorial']) retrieved from /home/airflow/.local/lib/python3.8/site-packages/airflow/example_dags/tutorial.py
[2021-02-10 05:02:48,414] {logging_mixin.py:103} INFO - [2021-02-10 05:02:48,414] {dag.py:1813} INFO - Sync 1 DAGs
[2021-02-10 05:02:48,590] {logging_mixin.py:103} INFO - [2021-02-10 05:02:48,589] {dag.py:2266} INFO - Setting next_dagrun for tutorial to 2021-02-08 00:00:00+00:00
[2021-02-10 05:02:48,665] {scheduler_job.py:189} INFO - Processing /home/airflow/.local/lib/python3.8/site-packages/airflow/example_dags/tutorial.py took 0.492 seconds
[2021-02-10 05:02:52,565] {scheduler_job.py:181} INFO - Started process (PID=143) to work on /home/airflow/.local/lib/python3.8/site-packages/airflow/example_dags/tutorial.py
[2021-02-10 05:02:52,569] {scheduler_job.py:629} INFO - Processing file /home/airflow/.local/lib/python3.8/site-packages/airflow/example_dags/tutorial.py for tasks to queue
[2021-02-10 05:02:52,571] {logging_mixin.py:103} INFO - [2021-02-10 05:02:52,571] {dagbag.py:440} INFO - Filling up the DagBag from /home/airflow/.local/lib/python3.8/site-packages/airflow/example_dags/tutorial.py
[2021-02-10 05:02:52,593] {scheduler_job.py:639} INFO - DAG(s) dict_keys(['tutorial']) retrieved from /home/airflow/.local/lib/python3.8/site-packages/airflow/example_dags/tutorial.py
[2021-02-10 05:02:52,598] {logging_mixin.py:103} INFO - [2021-02-10 05:02:52,598] {dag.py:1813} INFO - Sync 1 DAGs
[2021-02-10 05:02:52,697] {logging_mixin.py:103} INFO - [2021-02-10 05:02:52,696] {dag.py:2266} INFO - Setting next_dagrun for tutorial to 2021-02-08 00:00:00+00:00
[2021-02-10 05:02:52,725] {scheduler_job.py:189} INFO - Processing /home/airflow/.local/lib/python3.8/site-packages/airflow/example_dags/tutorial.py took 0.166 seconds
[2021-02-10 05:02:56,553] {scheduler_job.py:181} INFO - Started process (PID=168) to work on /home/airflow/.local/lib/python3.8/site-packages/airflow/example_dags/tutorial.py
[2021-02-10 05:02:56,561] {scheduler_job.py:629} INFO - Processing file /home/airflow/.local/lib/python3.8/site-packages/airflow/example_dags/tutorial.py for tasks to queue
[2021-02-10 05:02:56,565] {logging_mixin.py:103} INFO - [2021-02-10 05:02:56,564] {dagbag.py:440} INFO - Filling up the DagBag from /home/airflow/.local/lib/python3.8/site-packages/airflow/example_dags/tutorial.py
[2021-02-10 05:02:56,593] {scheduler_job.py:639} INFO - DAG(s) dict_keys(['tutorial']) retrieved from /home/airflow/.local/lib/python3.8/site-packages/airflow/example_dags/tutorial.py
[2021-02-10 05:02:56,599] {logging_mixin.py:103} INFO - [2021-02-10 05:02:56,599] {dag.py:1813} INFO - Sync 1 DAGs
[2021-02-10 05:02:56,669] {logging_mixin.py:103} INFO - [2021-02-10 05:02:56,669] {dag.py:2266} INFO - Setting next_dagrun for tutorial to 2021-02-08 00:00:00+00:00
[2021-02-10 05:02:56,700] {scheduler_job.py:189} INFO - Processing /home/airflow/.local/lib/python3.8/site-packages/airflow/example_dags/tutorial.py took 0.154 seconds
[2021-02-10 05:03:00,323] {scheduler_job.py:181} INFO - Started process (PID=193) to work on /home/airflow/.local/lib/python3.8/site-packages/airflow/example_dags/tutorial.py
[2021-02-10 05:03:00,331] {scheduler_job.py:629} INFO - Processing file /home/airflow/.local/lib/python3.8/site-packages/airflow/example_dags/tutorial.py for tasks to queue
[2021-02-10 05:03:00,337] {logging_mixin.py:103} INFO - [2021-02-10 05:03:00,337] {dagbag.py:440} INFO - Filling up the DagBag from /home/airflow/.local/lib/python3.8/site-packages/airflow/example_dags/tutorial.py
[2021-02-10 05:03:00,363] {scheduler_job.py:639} INFO - DAG(s) dict_keys(['tutorial']) retrieved from /home/airflow/.local/lib/python3.8/site-packages/airflow/example_dags/tutorial.py
[2021-02-10 05:03:00,369] {logging_mixin.py:103} INFO - [2021-02-10 05:03:00,369] {dag.py:1813} INFO - Sync 1 DAGs
[2021-02-10 05:03:01,168] {logging_mixin.py:103} INFO - [2021-02-10 05:03:01,167] {dag.py:2266} INFO - Setting next_dagrun for tutorial to 2021-02-08 00:00:00+00:00
[2021-02-10 05:03:01,227] {scheduler_job.py:189} INFO - Processing /home/airflow/.local/lib/python3.8/site-packages/airflow/example_dags/tutorial.py took 0.936 seconds
[2021-02-10 05:03:07,682] {scheduler_job.py:181} INFO - Started process (PID=218) to work on /home/airflow/.local/lib/python3.8/site-packages/airflow/example_dags/tutorial.py
[2021-02-10 05:03:07,687] {scheduler_job.py:629} INFO - Processing file /home/airflow/.local/lib/python3.8/site-packages/airflow/example_dags/tutorial.py for tasks to queue
[2021-02-10 05:03:07,693] {logging_mixin.py:103} INFO - [2021-02-10 05:03:07,692] {dagbag.py:440} INFO - Filling up the DagBag from /home/airflow/.local/lib/python3.8/site-packages/airflow/example_dags/tutorial.py
[2021-02-10 05:03:07,738] {scheduler_job.py:639} INFO - DAG(s) dict_keys(['tutorial']) retrieved from /home/airflow/.local/lib/python3.8/site-packages/airflow/example_dags/tutorial.py
[2021-02-10 05:03:07,744] {logging_mixin.py:103} INFO - [2021-02-10 05:03:07,743] {dag.py:1813} INFO - Sync 1 DAGs
[2021-02-10 05:03:07,871] {logging_mixin.py:103} INFO - [2021-02-10 05:03:07,871] {dag.py:2266} INFO - Setting next_dagrun for tutorial to 2021-02-08 00:00:00+00:00
[2021-02-10 05:03:07,969] {scheduler_job.py:189} INFO - Processing /home/airflow/.local/lib/python3.8/site-packages/airflow/example_dags/tutorial.py took 0.299 seconds
[2021-02-10 05:03:13,168] {scheduler_job.py:181} INFO - Started process (PID=243) to work on /home/airflow/.local/lib/python3.8/site-packages/airflow/example_dags/tutorial.py
[2021-02-10 05:03:13,171] {scheduler_job.py:629} INFO - Processing file /home/airflow/.local/lib/python3.8/site-packages/airflow/example_dags/tutorial.py for tasks to queue
[2021-02-10 05:03:13,174] {logging_mixin.py:103} INFO - [2021-02-10 05:03:13,174] {dagbag.py:440} INFO - Filling up the DagBag from /home/airflow/.local/lib/python3.8/site-packages/airflow/example_dags/tutorial.py
[2021-02-10 05:03:13,198] {scheduler_job.py:639} INFO - DAG(s) dict_keys(['tutorial']) retrieved from /home/airflow/.local/lib/python3.8/site-packages/airflow/example_dags/tutorial.py
[2021-02-10 05:03:13,203] {logging_mixin.py:103} INFO - [2021-02-10 05:03:13,203] {dag.py:1813} INFO - Sync 1 DAGs
[2021-02-10 05:03:13,310] {logging_mixin.py:103} INFO - [2021-02-10 05:03:13,309] {dag.py:2266} INFO - Setting next_dagrun for tutorial to 2021-02-08 00:00:00+00:00
[2021-02-10 05:03:13,529] {scheduler_job.py:189} INFO - Processing /home/airflow/.local/lib/python3.8/site-packages/airflow/example_dags/tutorial.py took 0.373 seconds
