[2021-02-10 04:51:14,213] {dag_processing.py:590} INFO - Processing files using up to 2 processes at a time 
[2021-02-10 04:51:14,219] {dag_processing.py:591} INFO - Process each file at most once every 0 seconds
[2021-02-10 04:51:14,222] {dag_processing.py:592} INFO - Checking for new files in /opt/airflow/dags every 300 seconds
[2021-02-10 04:51:14,225] {dag_processing.py:726} INFO - Searching for files in /opt/airflow/dags
[2021-02-10 04:51:14,248] {dag_processing.py:729} INFO - There are 26 files in /opt/airflow/dags
[2021-02-10 04:51:14,406] {dag_processing.py:1062} INFO - Finding 'running' jobs without a recent heartbeat
[2021-02-10 04:51:14,419] {dag_processing.py:1066} INFO - Failing jobs without heartbeat after 2021-02-10 04:46:14.419690+00:00
[2021-02-10 04:51:14,565] {dag_processing.py:833} INFO - 
================================================================================
DAG File Processing Stats

File Path                                                                                                           PID  Runtime      # DAGs    # Errors  Last Runtime    Last Run
----------------------------------------------------------------------------------------------------------------  -----  ---------  --------  ----------  --------------  ----------
/home/airflow/.local/lib/python3.8/site-packages/airflow/example_dags/example_complex.py                             23  0.16s             0           0
/home/airflow/.local/lib/python3.8/site-packages/airflow/example_dags/tutorial_etl_dag.py                                                  0           0
/home/airflow/.local/lib/python3.8/site-packages/airflow/example_dags/example_bash_operator.py                                             0           0
/home/airflow/.local/lib/python3.8/site-packages/airflow/example_dags/example_branch_operator.py                                           0           0
/home/airflow/.local/lib/python3.8/site-packages/airflow/example_dags/example_branch_python_dop_operator_3.py                              0           0
/home/airflow/.local/lib/python3.8/site-packages/airflow/example_dags/example_kubernetes_executor_config.py                                0           0
/home/airflow/.local/lib/python3.8/site-packages/airflow/example_dags/example_nested_branch_dag.py                                         0           0
/home/airflow/.local/lib/python3.8/site-packages/airflow/example_dags/example_short_circuit_operator.py                                    0           0
/home/airflow/.local/lib/python3.8/site-packages/airflow/example_dags/example_trigger_controller_dag.py                                    0           0
/home/airflow/.local/lib/python3.8/site-packages/airflow/example_dags/tutorial_taskflow_api_etl.py                                         0           0
/home/airflow/.local/lib/python3.8/site-packages/airflow/example_dags/example_xcom.py                                                      0           0
/home/airflow/.local/lib/python3.8/site-packages/airflow/example_dags/example_python_operator.py                                           0           0
/home/airflow/.local/lib/python3.8/site-packages/airflow/example_dags/example_latest_only_with_trigger.py                                  0           0
/home/airflow/.local/lib/python3.8/site-packages/airflow/example_dags/example_xcomargs.py                                                  0           0
/home/airflow/.local/lib/python3.8/site-packages/airflow/example_dags/example_trigger_target_dag.py                                        0           0
/home/airflow/.local/lib/python3.8/site-packages/airflow/example_dags/tutorial.py                                                          0           0
/home/airflow/.local/lib/python3.8/site-packages/airflow/example_dags/example_passing_params_via_test_command.py                           0           0
/home/airflow/.local/lib/python3.8/site-packages/airflow/example_dags/test_utils.py                                                        0           0
/home/airflow/.local/lib/python3.8/site-packages/airflow/example_dags/example_latest_only.py                                               0           0
/home/airflow/.local/lib/python3.8/site-packages/airflow/example_dags/example_kubernetes_executor.py                                       0           0
/home/airflow/.local/lib/python3.8/site-packages/airflow/example_dags/example_external_task_marker_dag.py                                  0           0
/home/airflow/.local/lib/python3.8/site-packages/airflow/example_dags/example_task_group.py                                                0           0
/home/airflow/.local/lib/python3.8/site-packages/airflow/example_dags/example_dag_decorator.py                                             0           0
/home/airflow/.local/lib/python3.8/site-packages/airflow/example_dags/example_skip_dag.py                                                  0           0
/home/airflow/.local/lib/python3.8/site-packages/airflow/example_dags/example_subdag_operator.py                                           0           0
/home/airflow/.local/lib/python3.8/site-packages/airflow/example_dags/subdags/subdag.py                              22  0.18s             0           0
================================================================================
[2021-02-10 04:51:24,636] {dag_processing.py:1062} INFO - Finding 'running' jobs without a recent heartbeat
[2021-02-10 04:51:24,639] {dag_processing.py:1066} INFO - Failing jobs without heartbeat after 2021-02-10 04:46:24.639308+00:00
[2021-02-10 04:51:35,045] {dag_processing.py:1062} INFO - Finding 'running' jobs without a recent heartbeat
[2021-02-10 04:51:35,056] {dag_processing.py:1066} INFO - Failing jobs without heartbeat after 2021-02-10 04:46:35.056358+00:00
[2021-02-10 04:51:44,648] {dag_processing.py:833} INFO - 
================================================================================
DAG File Processing Stats

File Path                                                                                                           PID  Runtime      # DAGs    # Errors  Last Runtime    Last Run
----------------------------------------------------------------------------------------------------------------  -----  ---------  --------  ----------  --------------  -------------------
/home/airflow/.local/lib/python3.8/site-packages/airflow/example_dags/subdags/subdag.py                                                    0           0  0.32s           2021-02-10T04:51:39
/home/airflow/.local/lib/python3.8/site-packages/airflow/example_dags/example_complex.py                                                   1           0  0.79s           2021-02-10T04:51:40
/home/airflow/.local/lib/python3.8/site-packages/airflow/example_dags/tutorial_etl_dag.py                                                  1           0  1.13s           2021-02-10T04:51:31
/home/airflow/.local/lib/python3.8/site-packages/airflow/example_dags/example_bash_operator.py                                             1           0  0.51s           2021-02-10T04:51:43
/home/airflow/.local/lib/python3.8/site-packages/airflow/example_dags/example_branch_operator.py                    138  0.06s             1           0  0.63s           2021-02-10T04:51:37
/home/airflow/.local/lib/python3.8/site-packages/airflow/example_dags/example_branch_python_dop_operator_3.py                              1           0  1.10s           2021-02-10T04:51:41
/home/airflow/.local/lib/python3.8/site-packages/airflow/example_dags/example_kubernetes_executor_config.py                                1           0  0.49s           2021-02-10T04:51:42
/home/airflow/.local/lib/python3.8/site-packages/airflow/example_dags/example_nested_branch_dag.py                                         1           0  0.75s           2021-02-10T04:51:41
/home/airflow/.local/lib/python3.8/site-packages/airflow/example_dags/example_short_circuit_operator.py                                    1           0  0.61s           2021-02-10T04:51:39
/home/airflow/.local/lib/python3.8/site-packages/airflow/example_dags/example_trigger_controller_dag.py                                    1           0  0.41s           2021-02-10T04:51:38
/home/airflow/.local/lib/python3.8/site-packages/airflow/example_dags/tutorial_taskflow_api_etl.py                                         1           0  0.49s           2021-02-10T04:51:39
/home/airflow/.local/lib/python3.8/site-packages/airflow/example_dags/example_xcom.py                                                      1           0  0.58s           2021-02-10T04:51:42
/home/airflow/.local/lib/python3.8/site-packages/airflow/example_dags/example_python_operator.py                    139  0.01s             1           0  0.61s           2021-02-10T04:51:37
/home/airflow/.local/lib/python3.8/site-packages/airflow/example_dags/example_latest_only_with_trigger.py                                  1           0  0.47s           2021-02-10T04:51:39
/home/airflow/.local/lib/python3.8/site-packages/airflow/example_dags/example_trigger_target_dag.py                                        1           0  1.02s           2021-02-10T04:51:41
/home/airflow/.local/lib/python3.8/site-packages/airflow/example_dags/tutorial.py                                                          1           0  0.49s           2021-02-10T04:51:39
/home/airflow/.local/lib/python3.8/site-packages/airflow/example_dags/example_passing_params_via_test_command.py                           1           0  0.63s           2021-02-10T04:51:43
/home/airflow/.local/lib/python3.8/site-packages/airflow/example_dags/test_utils.py                                                        1           0  0.55s           2021-02-10T04:51:40
/home/airflow/.local/lib/python3.8/site-packages/airflow/example_dags/example_latest_only.py                                               1           0  0.46s           2021-02-10T04:51:38
/home/airflow/.local/lib/python3.8/site-packages/airflow/example_dags/example_kubernetes_executor.py                                       1           0  0.35s           2021-02-10T04:51:44
/home/airflow/.local/lib/python3.8/site-packages/airflow/example_dags/example_task_group.py                                                1           0  0.48s           2021-02-10T04:51:43
/home/airflow/.local/lib/python3.8/site-packages/airflow/example_dags/example_dag_decorator.py                                             1           0  0.39s           2021-02-10T04:51:38
/home/airflow/.local/lib/python3.8/site-packages/airflow/example_dags/example_skip_dag.py                                                  1           0  0.54s           2021-02-10T04:51:44
/home/airflow/.local/lib/python3.8/site-packages/airflow/example_dags/example_xcomargs.py                                                  2           0  0.65s           2021-02-10T04:51:42
/home/airflow/.local/lib/python3.8/site-packages/airflow/example_dags/example_external_task_marker_dag.py                                  2           0  0.49s           2021-02-10T04:51:43
/home/airflow/.local/lib/python3.8/site-packages/airflow/example_dags/example_subdag_operator.py                                           3           0  0.61s           2021-02-10T04:51:44
================================================================================
[2021-02-10 04:51:45,293] {dag_processing.py:1062} INFO - Finding 'running' jobs without a recent heartbeat
[2021-02-10 04:51:45,296] {dag_processing.py:1066} INFO - Failing jobs without heartbeat after 2021-02-10 04:46:45.296169+00:00
[2021-02-10 04:51:55,590] {dag_processing.py:1062} INFO - Finding 'running' jobs without a recent heartbeat
[2021-02-10 04:51:55,605] {dag_processing.py:1066} INFO - Failing jobs without heartbeat after 2021-02-10 04:46:55.605214+00:00
[2021-02-10 04:52:05,689] {dag_processing.py:1062} INFO - Finding 'running' jobs without a recent heartbeat
[2021-02-10 04:52:05,698] {dag_processing.py:1066} INFO - Failing jobs without heartbeat after 2021-02-10 04:47:05.698221+00:00
[2021-02-10 04:52:14,688] {dag_processing.py:833} INFO - 
================================================================================
DAG File Processing Stats

File Path                                                                                                           PID  Runtime      # DAGs    # Errors  Last Runtime    Last Run
----------------------------------------------------------------------------------------------------------------  -----  ---------  --------  ----------  --------------  -------------------
/home/airflow/.local/lib/python3.8/site-packages/airflow/example_dags/subdags/subdag.py                                                    0           0  0.23s           2021-02-10T04:52:11
/home/airflow/.local/lib/python3.8/site-packages/airflow/example_dags/example_complex.py                                                   1           0  0.64s           2021-02-10T04:52:11
/home/airflow/.local/lib/python3.8/site-packages/airflow/example_dags/tutorial_etl_dag.py                                                  1           0  0.46s           2021-02-10T04:52:11
/home/airflow/.local/lib/python3.8/site-packages/airflow/example_dags/example_bash_operator.py                                             1           0  0.44s           2021-02-10T04:52:13
/home/airflow/.local/lib/python3.8/site-packages/airflow/example_dags/example_branch_operator.py                    289  0.06s             1           0  0.35s           2021-02-10T04:52:09
/home/airflow/.local/lib/python3.8/site-packages/airflow/example_dags/example_branch_python_dop_operator_3.py                              1           0  0.39s           2021-02-10T04:52:12
/home/airflow/.local/lib/python3.8/site-packages/airflow/example_dags/example_kubernetes_executor_config.py                                1           0  0.45s           2021-02-10T04:52:13
/home/airflow/.local/lib/python3.8/site-packages/airflow/example_dags/example_nested_branch_dag.py                                         1           0  0.29s           2021-02-10T04:52:12
/home/airflow/.local/lib/python3.8/site-packages/airflow/example_dags/example_short_circuit_operator.py                                    1           0  0.45s           2021-02-10T04:52:10
/home/airflow/.local/lib/python3.8/site-packages/airflow/example_dags/example_trigger_controller_dag.py                                    1           0  0.62s           2021-02-10T04:52:09
/home/airflow/.local/lib/python3.8/site-packages/airflow/example_dags/tutorial_taskflow_api_etl.py                                         1           0  0.59s           2021-02-10T04:52:09
/home/airflow/.local/lib/python3.8/site-packages/airflow/example_dags/example_xcom.py                                                      1           0  0.47s           2021-02-10T04:52:12
/home/airflow/.local/lib/python3.8/site-packages/airflow/example_dags/example_python_operator.py                    290  0.01s             1           0  0.25s           2021-02-10T04:52:09
/home/airflow/.local/lib/python3.8/site-packages/airflow/example_dags/example_latest_only_with_trigger.py                                  1           0  0.27s           2021-02-10T04:52:10
/home/airflow/.local/lib/python3.8/site-packages/airflow/example_dags/example_trigger_target_dag.py                                        1           0  0.57s           2021-02-10T04:52:12
/home/airflow/.local/lib/python3.8/site-packages/airflow/example_dags/tutorial.py                                                          1           0  0.38s           2021-02-10T04:52:11
/home/airflow/.local/lib/python3.8/site-packages/airflow/example_dags/example_passing_params_via_test_command.py                           1           0  0.56s           2021-02-10T04:52:13
/home/airflow/.local/lib/python3.8/site-packages/airflow/example_dags/test_utils.py                                                        1           0  0.47s           2021-02-10T04:52:11
/home/airflow/.local/lib/python3.8/site-packages/airflow/example_dags/example_latest_only.py                                               1           0  0.28s           2021-02-10T04:52:09
/home/airflow/.local/lib/python3.8/site-packages/airflow/example_dags/example_kubernetes_executor.py                                       1           0  0.37s           2021-02-10T04:52:14
/home/airflow/.local/lib/python3.8/site-packages/airflow/example_dags/example_task_group.py                                                1           0  0.45s           2021-02-10T04:52:13
/home/airflow/.local/lib/python3.8/site-packages/airflow/example_dags/example_dag_decorator.py                                             1           0  0.25s           2021-02-10T04:52:09
/home/airflow/.local/lib/python3.8/site-packages/airflow/example_dags/example_skip_dag.py                                                  1           0  0.38s           2021-02-10T04:52:14
/home/airflow/.local/lib/python3.8/site-packages/airflow/example_dags/example_xcomargs.py                                                  2           0  0.51s           2021-02-10T04:52:12
/home/airflow/.local/lib/python3.8/site-packages/airflow/example_dags/example_external_task_marker_dag.py                                  2           0  0.36s           2021-02-10T04:52:14
/home/airflow/.local/lib/python3.8/site-packages/airflow/example_dags/example_subdag_operator.py                                           3           0  0.52s           2021-02-10T04:52:14
================================================================================
[2021-02-10 04:52:15,938] {dag_processing.py:1062} INFO - Finding 'running' jobs without a recent heartbeat
[2021-02-10 04:52:15,942] {dag_processing.py:1066} INFO - Failing jobs without heartbeat after 2021-02-10 04:47:15.942122+00:00
[2021-02-10 04:52:26,141] {dag_processing.py:1062} INFO - Finding 'running' jobs without a recent heartbeat
[2021-02-10 04:52:26,152] {dag_processing.py:1066} INFO - Failing jobs without heartbeat after 2021-02-10 04:47:26.152216+00:00
[2021-02-10 04:52:36,263] {dag_processing.py:1062} INFO - Finding 'running' jobs without a recent heartbeat
[2021-02-10 04:52:36,275] {dag_processing.py:1066} INFO - Failing jobs without heartbeat after 2021-02-10 04:47:36.275530+00:00
[2021-02-10 04:52:44,833] {dag_processing.py:833} INFO - 
================================================================================
DAG File Processing Stats

File Path                                                                                                           PID  Runtime      # DAGs    # Errors  Last Runtime    Last Run
----------------------------------------------------------------------------------------------------------------  -----  ---------  --------  ----------  --------------  -------------------
/home/airflow/.local/lib/python3.8/site-packages/airflow/example_dags/subdags/subdag.py                                                    0           0  0.15s           2021-02-10T04:52:43
/home/airflow/.local/lib/python3.8/site-packages/airflow/example_dags/example_complex.py                                                   1           0  0.30s           2021-02-10T04:52:43
/home/airflow/.local/lib/python3.8/site-packages/airflow/example_dags/tutorial_etl_dag.py                                                  1           0  0.18s           2021-02-10T04:52:40
/home/airflow/.local/lib/python3.8/site-packages/airflow/example_dags/example_bash_operator.py                                             1           0  0.27s           2021-02-10T04:52:44
/home/airflow/.local/lib/python3.8/site-packages/airflow/example_dags/example_branch_operator.py                                           1           0  0.22s           2021-02-10T04:52:42
/home/airflow/.local/lib/python3.8/site-packages/airflow/example_dags/example_branch_python_dop_operator_3.py                              1           0  0.36s           2021-02-10T04:52:43
/home/airflow/.local/lib/python3.8/site-packages/airflow/example_dags/example_kubernetes_executor_config.py                                1           0  0.21s           2021-02-10T04:52:44
/home/airflow/.local/lib/python3.8/site-packages/airflow/example_dags/example_nested_branch_dag.py                                         1           0  0.29s           2021-02-10T04:52:43
/home/airflow/.local/lib/python3.8/site-packages/airflow/example_dags/example_short_circuit_operator.py                                    1           0  0.26s           2021-02-10T04:52:42
/home/airflow/.local/lib/python3.8/site-packages/airflow/example_dags/example_trigger_controller_dag.py                                    1           0  0.25s           2021-02-10T04:52:42
/home/airflow/.local/lib/python3.8/site-packages/airflow/example_dags/tutorial_taskflow_api_etl.py                                         1           0  0.19s           2021-02-10T04:52:42
/home/airflow/.local/lib/python3.8/site-packages/airflow/example_dags/example_xcom.py                                                      1           0  0.24s           2021-02-10T04:52:44
/home/airflow/.local/lib/python3.8/site-packages/airflow/example_dags/example_python_operator.py                                           1           0  0.17s           2021-02-10T04:52:42
/home/airflow/.local/lib/python3.8/site-packages/airflow/example_dags/example_latest_only_with_trigger.py                                  1           0  0.26s           2021-02-10T04:52:43
/home/airflow/.local/lib/python3.8/site-packages/airflow/example_dags/example_trigger_target_dag.py                                        1           0  0.20s           2021-02-10T04:52:43
/home/airflow/.local/lib/python3.8/site-packages/airflow/example_dags/tutorial.py                                                          1           0  0.22s           2021-02-10T04:52:43
/home/airflow/.local/lib/python3.8/site-packages/airflow/example_dags/example_passing_params_via_test_command.py                           1           0  0.23s           2021-02-10T04:52:44
/home/airflow/.local/lib/python3.8/site-packages/airflow/example_dags/test_utils.py                                                        1           0  0.21s           2021-02-10T04:52:43
/home/airflow/.local/lib/python3.8/site-packages/airflow/example_dags/example_latest_only.py                                               1           0  0.23s           2021-02-10T04:52:42
/home/airflow/.local/lib/python3.8/site-packages/airflow/example_dags/example_kubernetes_executor.py                                       1           0  0.22s           2021-02-10T04:52:44
/home/airflow/.local/lib/python3.8/site-packages/airflow/example_dags/example_task_group.py                                                1           0  0.23s           2021-02-10T04:52:44
/home/airflow/.local/lib/python3.8/site-packages/airflow/example_dags/example_dag_decorator.py                                             1           0  0.19s           2021-02-10T04:52:42
/home/airflow/.local/lib/python3.8/site-packages/airflow/example_dags/example_skip_dag.py                                                  1           0  0.19s           2021-02-10T04:52:42
/home/airflow/.local/lib/python3.8/site-packages/airflow/example_dags/example_xcomargs.py                                                  2           0  0.23s           2021-02-10T04:52:44
/home/airflow/.local/lib/python3.8/site-packages/airflow/example_dags/example_external_task_marker_dag.py           486  0.26s             2           0  0.16s           2021-02-10T04:52:41
/home/airflow/.local/lib/python3.8/site-packages/airflow/example_dags/example_subdag_operator.py                    488  0.01s             3           0  0.27s           2021-02-10T04:52:42
================================================================================
[2021-02-10 04:52:46,305] {dag_processing.py:1062} INFO - Finding 'running' jobs without a recent heartbeat
[2021-02-10 04:52:46,309] {dag_processing.py:1066} INFO - Failing jobs without heartbeat after 2021-02-10 04:47:46.309701+00:00
[2021-02-10 04:52:56,364] {dag_processing.py:1062} INFO - Finding 'running' jobs without a recent heartbeat
[2021-02-10 04:52:56,368] {dag_processing.py:1066} INFO - Failing jobs without heartbeat after 2021-02-10 04:47:56.367995+00:00
[2021-02-10 04:53:06,597] {dag_processing.py:1062} INFO - Finding 'running' jobs without a recent heartbeat
[2021-02-10 04:53:06,602] {dag_processing.py:1066} INFO - Failing jobs without heartbeat after 2021-02-10 04:48:06.602008+00:00
[2021-02-10 04:53:14,864] {dag_processing.py:833} INFO - 
================================================================================
DAG File Processing Stats

File Path                                                                                                           PID  Runtime      # DAGs    # Errors  Last Runtime    Last Run
----------------------------------------------------------------------------------------------------------------  -----  ---------  --------  ----------  --------------  -------------------
/home/airflow/.local/lib/python3.8/site-packages/airflow/example_dags/subdags/subdag.py                                                    0           0  0.75s           2021-02-10T04:53:12
/home/airflow/.local/lib/python3.8/site-packages/airflow/example_dags/example_complex.py                                                   1           0  0.79s           2021-02-10T04:53:12
/home/airflow/.local/lib/python3.8/site-packages/airflow/example_dags/tutorial_etl_dag.py                                                  1           0  0.79s           2021-02-10T04:53:12
/home/airflow/.local/lib/python3.8/site-packages/airflow/example_dags/example_bash_operator.py                                             1           0  0.17s           2021-02-10T04:53:14
/home/airflow/.local/lib/python3.8/site-packages/airflow/example_dags/example_branch_operator.py                                           1           0  0.23s           2021-02-10T04:53:10
/home/airflow/.local/lib/python3.8/site-packages/airflow/example_dags/example_branch_python_dop_operator_3.py                              1           0  0.42s           2021-02-10T04:53:13
/home/airflow/.local/lib/python3.8/site-packages/airflow/example_dags/example_kubernetes_executor_config.py                                1           0  0.28s           2021-02-10T04:53:14
/home/airflow/.local/lib/python3.8/site-packages/airflow/example_dags/example_nested_branch_dag.py                                         1           0  0.69s           2021-02-10T04:53:13
/home/airflow/.local/lib/python3.8/site-packages/airflow/example_dags/example_short_circuit_operator.py                                    1           0  0.39s           2021-02-10T04:53:11
/home/airflow/.local/lib/python3.8/site-packages/airflow/example_dags/example_trigger_controller_dag.py                                    1           0  0.18s           2021-02-10T04:53:10
/home/airflow/.local/lib/python3.8/site-packages/airflow/example_dags/tutorial_taskflow_api_etl.py                                         1           0  0.32s           2021-02-10T04:53:10
/home/airflow/.local/lib/python3.8/site-packages/airflow/example_dags/example_xcom.py                                                      1           0  0.64s           2021-02-10T04:53:13
/home/airflow/.local/lib/python3.8/site-packages/airflow/example_dags/example_python_operator.py                                           1           0  0.19s           2021-02-10T04:53:10
/home/airflow/.local/lib/python3.8/site-packages/airflow/example_dags/example_latest_only_with_trigger.py                                  1           0  0.41s           2021-02-10T04:53:11
/home/airflow/.local/lib/python3.8/site-packages/airflow/example_dags/example_trigger_target_dag.py                                        1           0  0.27s           2021-02-10T04:53:13
/home/airflow/.local/lib/python3.8/site-packages/airflow/example_dags/tutorial.py                                                          1           0  0.88s           2021-02-10T04:53:11
/home/airflow/.local/lib/python3.8/site-packages/airflow/example_dags/example_passing_params_via_test_command.py                           1           0  0.29s           2021-02-10T04:53:14
/home/airflow/.local/lib/python3.8/site-packages/airflow/example_dags/test_utils.py                                                        1           0  0.33s           2021-02-10T04:53:08
/home/airflow/.local/lib/python3.8/site-packages/airflow/example_dags/example_latest_only.py                                               1           0  0.19s           2021-02-10T04:53:10
/home/airflow/.local/lib/python3.8/site-packages/airflow/example_dags/example_kubernetes_executor.py                                       1           0  0.37s           2021-02-10T04:53:14
/home/airflow/.local/lib/python3.8/site-packages/airflow/example_dags/example_task_group.py                                                1           0  0.16s           2021-02-10T04:53:14
/home/airflow/.local/lib/python3.8/site-packages/airflow/example_dags/example_dag_decorator.py                                             1           0  0.18s           2021-02-10T04:53:10
/home/airflow/.local/lib/python3.8/site-packages/airflow/example_dags/example_skip_dag.py                           740  0.01s             1           0  0.20s           2021-02-10T04:53:10
/home/airflow/.local/lib/python3.8/site-packages/airflow/example_dags/example_xcomargs.py                                                  2           0  0.25s           2021-02-10T04:53:14
/home/airflow/.local/lib/python3.8/site-packages/airflow/example_dags/example_external_task_marker_dag.py                                  2           0  0.35s           2021-02-10T04:53:14
/home/airflow/.local/lib/python3.8/site-packages/airflow/example_dags/example_subdag_operator.py                    739  0.06s             3           0  0.21s           2021-02-10T04:53:10
================================================================================
[2021-02-10 04:53:16,631] {dag_processing.py:1062} INFO - Finding 'running' jobs without a recent heartbeat
[2021-02-10 04:53:16,663] {dag_processing.py:1066} INFO - Failing jobs without heartbeat after 2021-02-10 04:48:16.663498+00:00
[2021-02-10 04:53:26,927] {dag_processing.py:1062} INFO - Finding 'running' jobs without a recent heartbeat
[2021-02-10 04:53:26,931] {dag_processing.py:1066} INFO - Failing jobs without heartbeat after 2021-02-10 04:48:26.931363+00:00
[2021-02-10 04:53:37,135] {dag_processing.py:1062} INFO - Finding 'running' jobs without a recent heartbeat
[2021-02-10 04:53:37,140] {dag_processing.py:1066} INFO - Failing jobs without heartbeat after 2021-02-10 04:48:37.140002+00:00
[2021-02-10 04:53:45,128] {dag_processing.py:833} INFO - 
================================================================================
DAG File Processing Stats

File Path                                                                                                           PID  Runtime      # DAGs    # Errors  Last Runtime    Last Run
----------------------------------------------------------------------------------------------------------------  -----  ---------  --------  ----------  --------------  -------------------
/home/airflow/.local/lib/python3.8/site-packages/airflow/example_dags/subdags/subdag.py                                                    0           0  0.13s           2021-02-10T04:53:42
/home/airflow/.local/lib/python3.8/site-packages/airflow/example_dags/example_complex.py                                                   1           0  0.37s           2021-02-10T04:53:42
/home/airflow/.local/lib/python3.8/site-packages/airflow/example_dags/tutorial_etl_dag.py                                                  1           0  0.15s           2021-02-10T04:53:39
/home/airflow/.local/lib/python3.8/site-packages/airflow/example_dags/example_bash_operator.py                                             1           0  0.18s           2021-02-10T04:53:43
/home/airflow/.local/lib/python3.8/site-packages/airflow/example_dags/example_branch_operator.py                                           1           0  0.45s           2021-02-10T04:53:45
/home/airflow/.local/lib/python3.8/site-packages/airflow/example_dags/example_branch_python_dop_operator_3.py                              1           0  0.23s           2021-02-10T04:53:42
/home/airflow/.local/lib/python3.8/site-packages/airflow/example_dags/example_kubernetes_executor_config.py                                1           0  0.19s           2021-02-10T04:53:43
/home/airflow/.local/lib/python3.8/site-packages/airflow/example_dags/example_nested_branch_dag.py                                         1           0  0.19s           2021-02-10T04:53:42
/home/airflow/.local/lib/python3.8/site-packages/airflow/example_dags/example_short_circuit_operator.py                                    1           0  0.19s           2021-02-10T04:53:42
/home/airflow/.local/lib/python3.8/site-packages/airflow/example_dags/example_trigger_controller_dag.py                                    1           0  0.14s           2021-02-10T04:53:41
/home/airflow/.local/lib/python3.8/site-packages/airflow/example_dags/tutorial_taskflow_api_etl.py                                         1           0  0.15s           2021-02-10T04:53:41
/home/airflow/.local/lib/python3.8/site-packages/airflow/example_dags/example_xcom.py                                                      1           0  0.20s           2021-02-10T04:53:43
/home/airflow/.local/lib/python3.8/site-packages/airflow/example_dags/example_python_operator.py                    969  0.28s             1           0  0.13s           2021-02-10T04:53:41
/home/airflow/.local/lib/python3.8/site-packages/airflow/example_dags/example_latest_only_with_trigger.py                                  1           0  0.21s           2021-02-10T04:53:42
/home/airflow/.local/lib/python3.8/site-packages/airflow/example_dags/example_trigger_target_dag.py                                        1           0  0.33s           2021-02-10T04:53:42
/home/airflow/.local/lib/python3.8/site-packages/airflow/example_dags/tutorial.py                                                          1           0  0.18s           2021-02-10T04:53:42
/home/airflow/.local/lib/python3.8/site-packages/airflow/example_dags/example_passing_params_via_test_command.py                           1           0  0.21s           2021-02-10T04:53:43
/home/airflow/.local/lib/python3.8/site-packages/airflow/example_dags/test_utils.py                                                        1           0  0.17s           2021-02-10T04:53:42
/home/airflow/.local/lib/python3.8/site-packages/airflow/example_dags/example_latest_only.py                                               1           0  0.13s           2021-02-10T04:53:41
/home/airflow/.local/lib/python3.8/site-packages/airflow/example_dags/example_kubernetes_executor.py                                       1           0  0.66s           2021-02-10T04:53:44
/home/airflow/.local/lib/python3.8/site-packages/airflow/example_dags/example_task_group.py                                                1           0  0.50s           2021-02-10T04:53:43
/home/airflow/.local/lib/python3.8/site-packages/airflow/example_dags/example_dag_decorator.py                      970  0.01s             1           0  0.13s           2021-02-10T04:53:41
/home/airflow/.local/lib/python3.8/site-packages/airflow/example_dags/example_skip_dag.py                                                  1           0  0.32s           2021-02-10T04:53:44
/home/airflow/.local/lib/python3.8/site-packages/airflow/example_dags/example_xcomargs.py                                                  2           0  0.22s           2021-02-10T04:53:43
/home/airflow/.local/lib/python3.8/site-packages/airflow/example_dags/example_external_task_marker_dag.py                                  2           0  0.79s           2021-02-10T04:53:44
/home/airflow/.local/lib/python3.8/site-packages/airflow/example_dags/example_subdag_operator.py                                           3           0  0.40s           2021-02-10T04:53:44
================================================================================
[2021-02-10 04:53:47,539] {dag_processing.py:1062} INFO - Finding 'running' jobs without a recent heartbeat
[2021-02-10 04:53:47,551] {dag_processing.py:1066} INFO - Failing jobs without heartbeat after 2021-02-10 04:48:47.551319+00:00
[2021-02-10 04:53:57,828] {dag_processing.py:1062} INFO - Finding 'running' jobs without a recent heartbeat
[2021-02-10 04:53:57,841] {dag_processing.py:1066} INFO - Failing jobs without heartbeat after 2021-02-10 04:48:57.841006+00:00
[2021-02-10 04:54:07,894] {dag_processing.py:1062} INFO - Finding 'running' jobs without a recent heartbeat
[2021-02-10 04:54:07,897] {dag_processing.py:1066} INFO - Failing jobs without heartbeat after 2021-02-10 04:49:07.897838+00:00
[2021-02-10 04:54:15,228] {dag_processing.py:833} INFO - 
================================================================================
DAG File Processing Stats

File Path                                                                                                           PID  Runtime      # DAGs    # Errors  Last Runtime    Last Run
----------------------------------------------------------------------------------------------------------------  -----  ---------  --------  ----------  --------------  -------------------
/home/airflow/.local/lib/python3.8/site-packages/airflow/example_dags/subdags/subdag.py                                                    0           0  0.08s           2021-02-10T04:54:12
/home/airflow/.local/lib/python3.8/site-packages/airflow/example_dags/example_complex.py                                                   1           0  0.25s           2021-02-10T04:54:13
/home/airflow/.local/lib/python3.8/site-packages/airflow/example_dags/tutorial_etl_dag.py                                                  1           0  0.18s           2021-02-10T04:54:12
/home/airflow/.local/lib/python3.8/site-packages/airflow/example_dags/example_bash_operator.py                                             1           0  0.20s           2021-02-10T04:54:14
/home/airflow/.local/lib/python3.8/site-packages/airflow/example_dags/example_branch_operator.py                                           1           0  0.23s           2021-02-10T04:54:14
/home/airflow/.local/lib/python3.8/site-packages/airflow/example_dags/example_branch_python_dop_operator_3.py                              1           0  0.30s           2021-02-10T04:54:13
/home/airflow/.local/lib/python3.8/site-packages/airflow/example_dags/example_kubernetes_executor_config.py                                1           0  0.17s           2021-02-10T04:54:13
/home/airflow/.local/lib/python3.8/site-packages/airflow/example_dags/example_nested_branch_dag.py                                         1           0  0.34s           2021-02-10T04:54:13
/home/airflow/.local/lib/python3.8/site-packages/airflow/example_dags/example_short_circuit_operator.py            1200  0.01s             1           0  0.23s           2021-02-10T04:54:12
/home/airflow/.local/lib/python3.8/site-packages/airflow/example_dags/example_trigger_controller_dag.py                                    1           0  0.27s           2021-02-10T04:54:15
/home/airflow/.local/lib/python3.8/site-packages/airflow/example_dags/tutorial_taskflow_api_etl.py                                         1           0  0.26s           2021-02-10T04:54:15
/home/airflow/.local/lib/python3.8/site-packages/airflow/example_dags/example_xcom.py                                                      1           0  0.22s           2021-02-10T04:54:13
/home/airflow/.local/lib/python3.8/site-packages/airflow/example_dags/example_python_operator.py                                           1           0  0.19s           2021-02-10T04:54:14
/home/airflow/.local/lib/python3.8/site-packages/airflow/example_dags/example_latest_only_with_trigger.py          1201  0.01s             1           0  0.25s           2021-02-10T04:54:12
/home/airflow/.local/lib/python3.8/site-packages/airflow/example_dags/example_trigger_target_dag.py                                        1           0  0.22s           2021-02-10T04:54:13
/home/airflow/.local/lib/python3.8/site-packages/airflow/example_dags/tutorial.py                                                          1           0  0.24s           2021-02-10T04:54:12
/home/airflow/.local/lib/python3.8/site-packages/airflow/example_dags/example_passing_params_via_test_command.py                           1           0  0.20s           2021-02-10T04:54:13
/home/airflow/.local/lib/python3.8/site-packages/airflow/example_dags/test_utils.py                                                        1           0  0.16s           2021-02-10T04:54:09
/home/airflow/.local/lib/python3.8/site-packages/airflow/example_dags/example_latest_only.py                                               1           0  0.16s           2021-02-10T04:54:14
/home/airflow/.local/lib/python3.8/site-packages/airflow/example_dags/example_kubernetes_executor.py                                       1           0  0.22s           2021-02-10T04:54:14
/home/airflow/.local/lib/python3.8/site-packages/airflow/example_dags/example_task_group.py                                                1           0  0.22s           2021-02-10T04:54:14
/home/airflow/.local/lib/python3.8/site-packages/airflow/example_dags/example_dag_decorator.py                                             1           0  0.16s           2021-02-10T04:54:14
/home/airflow/.local/lib/python3.8/site-packages/airflow/example_dags/example_skip_dag.py                                                  1           0  0.20s           2021-02-10T04:54:14
/home/airflow/.local/lib/python3.8/site-packages/airflow/example_dags/example_xcomargs.py                                                  2           0  0.18s           2021-02-10T04:54:13
/home/airflow/.local/lib/python3.8/site-packages/airflow/example_dags/example_external_task_marker_dag.py                                  2           0  0.25s           2021-02-10T04:54:14
/home/airflow/.local/lib/python3.8/site-packages/airflow/example_dags/example_subdag_operator.py                                           3           0  0.26s           2021-02-10T04:54:14
================================================================================
[2021-02-10 04:54:18,037] {dag_processing.py:1062} INFO - Finding 'running' jobs without a recent heartbeat
[2021-02-10 04:54:18,040] {dag_processing.py:1066} INFO - Failing jobs without heartbeat after 2021-02-10 04:49:18.040272+00:00
[2021-02-10 04:54:28,088] {dag_processing.py:1062} INFO - Finding 'running' jobs without a recent heartbeat
[2021-02-10 04:54:28,091] {dag_processing.py:1066} INFO - Failing jobs without heartbeat after 2021-02-10 04:49:28.091009+00:00
[2021-02-10 04:54:38,159] {dag_processing.py:1062} INFO - Finding 'running' jobs without a recent heartbeat
[2021-02-10 04:54:38,162] {dag_processing.py:1066} INFO - Failing jobs without heartbeat after 2021-02-10 04:49:38.162108+00:00
[2021-02-10 04:54:45,339] {dag_processing.py:833} INFO - 
================================================================================
DAG File Processing Stats

File Path                                                                                                           PID  Runtime      # DAGs    # Errors  Last Runtime    Last Run
----------------------------------------------------------------------------------------------------------------  -----  ---------  --------  ----------  --------------  -------------------
/home/airflow/.local/lib/python3.8/site-packages/airflow/example_dags/subdags/subdag.py                                                    0           0  0.10s           2021-02-10T04:54:44
/home/airflow/.local/lib/python3.8/site-packages/airflow/example_dags/example_complex.py                                                   1           0  0.35s           2021-02-10T04:54:44
/home/airflow/.local/lib/python3.8/site-packages/airflow/example_dags/tutorial_etl_dag.py                                                  1           0  0.16s           2021-02-10T04:54:41
/home/airflow/.local/lib/python3.8/site-packages/airflow/example_dags/example_bash_operator.py                                             1           0  0.27s           2021-02-10T04:54:42
/home/airflow/.local/lib/python3.8/site-packages/airflow/example_dags/example_branch_operator.py                                           1           0  0.27s           2021-02-10T04:54:43
/home/airflow/.local/lib/python3.8/site-packages/airflow/example_dags/example_branch_python_dop_operator_3.py                              1           0  0.41s           2021-02-10T04:54:45
/home/airflow/.local/lib/python3.8/site-packages/airflow/example_dags/example_kubernetes_executor_config.py                                1           0  0.24s           2021-02-10T04:54:42
/home/airflow/.local/lib/python3.8/site-packages/airflow/example_dags/example_nested_branch_dag.py                                         1           0  0.24s           2021-02-10T04:54:45
/home/airflow/.local/lib/python3.8/site-packages/airflow/example_dags/example_short_circuit_operator.py                                    1           0  0.33s           2021-02-10T04:54:44
/home/airflow/.local/lib/python3.8/site-packages/airflow/example_dags/example_trigger_controller_dag.py                                    1           0  0.29s           2021-02-10T04:54:43
/home/airflow/.local/lib/python3.8/site-packages/airflow/example_dags/tutorial_taskflow_api_etl.py                                         1           0  0.28s           2021-02-10T04:54:43
/home/airflow/.local/lib/python3.8/site-packages/airflow/example_dags/example_xcom.py                              1437  0.01s             1           0  0.21s           2021-02-10T04:54:41
/home/airflow/.local/lib/python3.8/site-packages/airflow/example_dags/example_python_operator.py                                           1           0  0.24s           2021-02-10T04:54:43
/home/airflow/.local/lib/python3.8/site-packages/airflow/example_dags/example_latest_only_with_trigger.py                                  1           0  0.29s           2021-02-10T04:54:44
/home/airflow/.local/lib/python3.8/site-packages/airflow/example_dags/example_trigger_target_dag.py                                        1           0  0.38s           2021-02-10T04:54:45
/home/airflow/.local/lib/python3.8/site-packages/airflow/example_dags/tutorial.py                                                          1           0  0.15s           2021-02-10T04:54:44
/home/airflow/.local/lib/python3.8/site-packages/airflow/example_dags/example_passing_params_via_test_command.py                           1           0  0.22s           2021-02-10T04:54:42
/home/airflow/.local/lib/python3.8/site-packages/airflow/example_dags/test_utils.py                                                        1           0  0.22s           2021-02-10T04:54:44
/home/airflow/.local/lib/python3.8/site-packages/airflow/example_dags/example_latest_only.py                                               1           0  0.28s           2021-02-10T04:54:43
/home/airflow/.local/lib/python3.8/site-packages/airflow/example_dags/example_kubernetes_executor.py                                       1           0  0.28s           2021-02-10T04:54:42
/home/airflow/.local/lib/python3.8/site-packages/airflow/example_dags/example_task_group.py                                                1           0  0.23s           2021-02-10T04:54:42
/home/airflow/.local/lib/python3.8/site-packages/airflow/example_dags/example_dag_decorator.py                                             1           0  0.27s           2021-02-10T04:54:43
/home/airflow/.local/lib/python3.8/site-packages/airflow/example_dags/example_skip_dag.py                                                  1           0  0.23s           2021-02-10T04:54:43
/home/airflow/.local/lib/python3.8/site-packages/airflow/example_dags/example_xcomargs.py                                                  2           0  0.24s           2021-02-10T04:54:42
/home/airflow/.local/lib/python3.8/site-packages/airflow/example_dags/example_external_task_marker_dag.py                                  2           0  0.27s           2021-02-10T04:54:42
/home/airflow/.local/lib/python3.8/site-packages/airflow/example_dags/example_subdag_operator.py                                           3           0  0.28s           2021-02-10T04:54:43
================================================================================
[2021-02-10 04:54:48,283] {dag_processing.py:1062} INFO - Finding 'running' jobs without a recent heartbeat
[2021-02-10 04:54:48,290] {dag_processing.py:1066} INFO - Failing jobs without heartbeat after 2021-02-10 04:49:48.290160+00:00
[2021-02-10 04:54:58,358] {dag_processing.py:1062} INFO - Finding 'running' jobs without a recent heartbeat
[2021-02-10 04:54:58,362] {dag_processing.py:1066} INFO - Failing jobs without heartbeat after 2021-02-10 04:49:58.362118+00:00
[2021-02-10 04:55:08,430] {dag_processing.py:1062} INFO - Finding 'running' jobs without a recent heartbeat
[2021-02-10 04:55:08,433] {dag_processing.py:1066} INFO - Failing jobs without heartbeat after 2021-02-10 04:50:08.433882+00:00
[2021-02-10 04:55:15,384] {dag_processing.py:833} INFO - 
================================================================================
DAG File Processing Stats

File Path                                                                                                           PID  Runtime      # DAGs    # Errors  Last Runtime    Last Run
----------------------------------------------------------------------------------------------------------------  -----  ---------  --------  ----------  --------------  -------------------
/home/airflow/.local/lib/python3.8/site-packages/airflow/example_dags/subdags/subdag.py                                                    0           0  0.09s           2021-02-10T04:55:13
/home/airflow/.local/lib/python3.8/site-packages/airflow/example_dags/example_complex.py                                                   1           0  0.20s           2021-02-10T04:55:13
/home/airflow/.local/lib/python3.8/site-packages/airflow/example_dags/tutorial_etl_dag.py                                                  1           0  0.24s           2021-02-10T04:55:11
/home/airflow/.local/lib/python3.8/site-packages/airflow/example_dags/example_bash_operator.py                                             1           0  0.22s           2021-02-10T04:55:14
/home/airflow/.local/lib/python3.8/site-packages/airflow/example_dags/example_branch_operator.py                                           1           0  0.24s           2021-02-10T04:55:15
/home/airflow/.local/lib/python3.8/site-packages/airflow/example_dags/example_branch_python_dop_operator_3.py                              1           0  0.24s           2021-02-10T04:55:14
/home/airflow/.local/lib/python3.8/site-packages/airflow/example_dags/example_kubernetes_executor_config.py                                1           0  0.18s           2021-02-10T04:55:14
/home/airflow/.local/lib/python3.8/site-packages/airflow/example_dags/example_nested_branch_dag.py                                         1           0  0.19s           2021-02-10T04:55:14
/home/airflow/.local/lib/python3.8/site-packages/airflow/example_dags/example_short_circuit_operator.py                                    1           0  0.19s           2021-02-10T04:55:13
/home/airflow/.local/lib/python3.8/site-packages/airflow/example_dags/example_trigger_controller_dag.py                                    1           0  0.19s           2021-02-10T04:55:13
/home/airflow/.local/lib/python3.8/site-packages/airflow/example_dags/tutorial_taskflow_api_etl.py                                         1           0  0.20s           2021-02-10T04:55:13
/home/airflow/.local/lib/python3.8/site-packages/airflow/example_dags/example_xcom.py                                                      1           0  0.20s           2021-02-10T04:55:14
/home/airflow/.local/lib/python3.8/site-packages/airflow/example_dags/example_python_operator.py                                           1           0  0.21s           2021-02-10T04:55:15
/home/airflow/.local/lib/python3.8/site-packages/airflow/example_dags/example_latest_only_with_trigger.py                                  1           0  0.19s           2021-02-10T04:55:13
/home/airflow/.local/lib/python3.8/site-packages/airflow/example_dags/example_trigger_target_dag.py                                        1           0  0.17s           2021-02-10T04:55:13
/home/airflow/.local/lib/python3.8/site-packages/airflow/example_dags/tutorial.py                                                          1           0  0.18s           2021-02-10T04:55:13
/home/airflow/.local/lib/python3.8/site-packages/airflow/example_dags/example_passing_params_via_test_command.py                           1           0  0.22s           2021-02-10T04:55:14
/home/airflow/.local/lib/python3.8/site-packages/airflow/example_dags/test_utils.py                                                        1           0  0.19s           2021-02-10T04:55:13
/home/airflow/.local/lib/python3.8/site-packages/airflow/example_dags/example_latest_only.py                                               1           0  0.16s           2021-02-10T04:55:13
/home/airflow/.local/lib/python3.8/site-packages/airflow/example_dags/example_kubernetes_executor.py                                       1           0  0.17s           2021-02-10T04:55:14
/home/airflow/.local/lib/python3.8/site-packages/airflow/example_dags/example_task_group.py                                                1           0  0.19s           2021-02-10T04:55:14
/home/airflow/.local/lib/python3.8/site-packages/airflow/example_dags/example_dag_decorator.py                     1700  0.01s             1           0  0.16s           2021-02-10T04:55:13
/home/airflow/.local/lib/python3.8/site-packages/airflow/example_dags/example_skip_dag.py                                                  1           0  0.20s           2021-02-10T04:55:15
/home/airflow/.local/lib/python3.8/site-packages/airflow/example_dags/example_xcomargs.py                                                  2           0  0.23s           2021-02-10T04:55:14
/home/airflow/.local/lib/python3.8/site-packages/airflow/example_dags/example_external_task_marker_dag.py                                  2           0  0.18s           2021-02-10T04:55:14
/home/airflow/.local/lib/python3.8/site-packages/airflow/example_dags/example_subdag_operator.py                                           3           0  0.25s           2021-02-10T04:55:15
================================================================================
[2021-02-10 04:55:18,573] {dag_processing.py:1062} INFO - Finding 'running' jobs without a recent heartbeat
[2021-02-10 04:55:18,575] {dag_processing.py:1066} INFO - Failing jobs without heartbeat after 2021-02-10 04:50:18.575824+00:00
[2021-02-10 04:55:28,640] {dag_processing.py:1062} INFO - Finding 'running' jobs without a recent heartbeat
[2021-02-10 04:55:28,643] {dag_processing.py:1066} INFO - Failing jobs without heartbeat after 2021-02-10 04:50:28.643321+00:00
[2021-02-10 04:55:38,999] {dag_processing.py:1062} INFO - Finding 'running' jobs without a recent heartbeat
[2021-02-10 04:55:39,002] {dag_processing.py:1066} INFO - Failing jobs without heartbeat after 2021-02-10 04:50:39.002847+00:00
[2021-02-10 04:55:45,503] {dag_processing.py:833} INFO - 
================================================================================
DAG File Processing Stats

File Path                                                                                                           PID  Runtime      # DAGs    # Errors  Last Runtime    Last Run
----------------------------------------------------------------------------------------------------------------  -----  ---------  --------  ----------  --------------  -------------------
/home/airflow/.local/lib/python3.8/site-packages/airflow/example_dags/subdags/subdag.py                                                    0           0  0.09s           2021-02-10T04:55:43
/home/airflow/.local/lib/python3.8/site-packages/airflow/example_dags/example_complex.py                                                   1           0  0.28s           2021-02-10T04:55:44
/home/airflow/.local/lib/python3.8/site-packages/airflow/example_dags/tutorial_etl_dag.py                                                  1           0  0.13s           2021-02-10T04:55:43
/home/airflow/.local/lib/python3.8/site-packages/airflow/example_dags/example_bash_operator.py                                             1           0  0.21s           2021-02-10T04:55:44
/home/airflow/.local/lib/python3.8/site-packages/airflow/example_dags/example_branch_operator.py                                           1           0  0.18s           2021-02-10T04:55:42
/home/airflow/.local/lib/python3.8/site-packages/airflow/example_dags/example_branch_python_dop_operator_3.py                              1           0  0.28s           2021-02-10T04:55:44
/home/airflow/.local/lib/python3.8/site-packages/airflow/example_dags/example_kubernetes_executor_config.py                                1           0  0.16s           2021-02-10T04:55:44
/home/airflow/.local/lib/python3.8/site-packages/airflow/example_dags/example_nested_branch_dag.py                                         1           0  0.18s           2021-02-10T04:55:44
/home/airflow/.local/lib/python3.8/site-packages/airflow/example_dags/example_short_circuit_operator.py                                    1           0  0.30s           2021-02-10T04:55:43
/home/airflow/.local/lib/python3.8/site-packages/airflow/example_dags/example_trigger_controller_dag.py                                    1           0  0.20s           2021-02-10T04:55:43
/home/airflow/.local/lib/python3.8/site-packages/airflow/example_dags/tutorial_taskflow_api_etl.py                                         1           0  0.17s           2021-02-10T04:55:43
/home/airflow/.local/lib/python3.8/site-packages/airflow/example_dags/example_xcom.py                                                      1           0  0.14s           2021-02-10T04:55:44
/home/airflow/.local/lib/python3.8/site-packages/airflow/example_dags/example_python_operator.py                                           1           0  0.15s           2021-02-10T04:55:42
/home/airflow/.local/lib/python3.8/site-packages/airflow/example_dags/example_latest_only_with_trigger.py                                  1           0  0.23s           2021-02-10T04:55:43
/home/airflow/.local/lib/python3.8/site-packages/airflow/example_dags/example_trigger_target_dag.py                                        1           0  0.30s           2021-02-10T04:55:44
/home/airflow/.local/lib/python3.8/site-packages/airflow/example_dags/tutorial.py                                                          1           0  0.27s           2021-02-10T04:55:43
/home/airflow/.local/lib/python3.8/site-packages/airflow/example_dags/example_passing_params_via_test_command.py                           1           0  0.22s           2021-02-10T04:55:44
/home/airflow/.local/lib/python3.8/site-packages/airflow/example_dags/test_utils.py                                                        1           0  0.16s           2021-02-10T04:55:40
/home/airflow/.local/lib/python3.8/site-packages/airflow/example_dags/example_latest_only.py                                               1           0  0.27s           2021-02-10T04:55:42
/home/airflow/.local/lib/python3.8/site-packages/airflow/example_dags/example_kubernetes_executor.py                                       1           0  0.51s           2021-02-10T04:55:45
/home/airflow/.local/lib/python3.8/site-packages/airflow/example_dags/example_task_group.py                                                1           0  0.16s           2021-02-10T04:55:44
/home/airflow/.local/lib/python3.8/site-packages/airflow/example_dags/example_dag_decorator.py                                             1           0  0.28s           2021-02-10T04:55:42
/home/airflow/.local/lib/python3.8/site-packages/airflow/example_dags/example_skip_dag.py                          1949  0.02s             1           0  0.16s           2021-02-10T04:55:42
/home/airflow/.local/lib/python3.8/site-packages/airflow/example_dags/example_xcomargs.py                                                  2           0  0.16s           2021-02-10T04:55:44
/home/airflow/.local/lib/python3.8/site-packages/airflow/example_dags/example_external_task_marker_dag.py                                  2           0  0.39s           2021-02-10T04:55:45
/home/airflow/.local/lib/python3.8/site-packages/airflow/example_dags/example_subdag_operator.py                   1948  0.21s             3           0  0.23s           2021-02-10T04:55:42
================================================================================
[2021-02-10 04:55:49,055] {dag_processing.py:1062} INFO - Finding 'running' jobs without a recent heartbeat
[2021-02-10 04:55:49,060] {dag_processing.py:1066} INFO - Failing jobs without heartbeat after 2021-02-10 04:50:49.060892+00:00
[2021-02-10 04:55:59,127] {dag_processing.py:1062} INFO - Finding 'running' jobs without a recent heartbeat
[2021-02-10 04:55:59,131] {dag_processing.py:1066} INFO - Failing jobs without heartbeat after 2021-02-10 04:50:59.131386+00:00
[2021-02-10 04:56:09,209] {dag_processing.py:1062} INFO - Finding 'running' jobs without a recent heartbeat
[2021-02-10 04:56:09,225] {dag_processing.py:1066} INFO - Failing jobs without heartbeat after 2021-02-10 04:51:09.224991+00:00
[2021-02-10 04:56:14,614] {dag_processing.py:726} INFO - Searching for files in /opt/airflow/dags
[2021-02-10 04:56:14,768] {dag_processing.py:729} INFO - There are 26 files in /opt/airflow/dags
[2021-02-10 04:56:15,632] {dag_processing.py:833} INFO - 
================================================================================
DAG File Processing Stats

File Path                                                                                                           PID  Runtime      # DAGs    # Errors  Last Runtime    Last Run
----------------------------------------------------------------------------------------------------------------  -----  ---------  --------  ----------  --------------  -------------------
/home/airflow/.local/lib/python3.8/site-packages/airflow/example_dags/subdags/subdag.py                                                    0           0  0.10s           2021-02-10T04:56:13
/home/airflow/.local/lib/python3.8/site-packages/airflow/example_dags/example_complex.py                                                   1           0  0.22s           2021-02-10T04:56:13
/home/airflow/.local/lib/python3.8/site-packages/airflow/example_dags/tutorial_etl_dag.py                                                  1           0  0.19s           2021-02-10T04:56:08
/home/airflow/.local/lib/python3.8/site-packages/airflow/example_dags/example_bash_operator.py                                             1           0  0.16s           2021-02-10T04:56:15
/home/airflow/.local/lib/python3.8/site-packages/airflow/example_dags/example_branch_operator.py                                           1           0  0.20s           2021-02-10T04:56:12
/home/airflow/.local/lib/python3.8/site-packages/airflow/example_dags/example_branch_python_dop_operator_3.py                              1           0  0.63s           2021-02-10T04:56:14
/home/airflow/.local/lib/python3.8/site-packages/airflow/example_dags/example_kubernetes_executor_config.py                                1           0  0.66s           2021-02-10T04:56:14
/home/airflow/.local/lib/python3.8/site-packages/airflow/example_dags/example_nested_branch_dag.py                                         1           0  0.53s           2021-02-10T04:56:14
/home/airflow/.local/lib/python3.8/site-packages/airflow/example_dags/example_short_circuit_operator.py                                    1           0  0.20s           2021-02-10T04:56:13
/home/airflow/.local/lib/python3.8/site-packages/airflow/example_dags/example_trigger_controller_dag.py                                    1           0  0.19s           2021-02-10T04:56:12
/home/airflow/.local/lib/python3.8/site-packages/airflow/example_dags/tutorial_taskflow_api_etl.py                                         1           0  0.19s           2021-02-10T04:56:12
/home/airflow/.local/lib/python3.8/site-packages/airflow/example_dags/example_xcom.py                                                      1           0  0.14s           2021-02-10T04:56:14
/home/airflow/.local/lib/python3.8/site-packages/airflow/example_dags/example_python_operator.py                                           1           0  0.15s           2021-02-10T04:56:12
/home/airflow/.local/lib/python3.8/site-packages/airflow/example_dags/example_latest_only_with_trigger.py                                  1           0  0.19s           2021-02-10T04:56:13
/home/airflow/.local/lib/python3.8/site-packages/airflow/example_dags/example_trigger_target_dag.py                                        1           0  0.23s           2021-02-10T04:56:13
/home/airflow/.local/lib/python3.8/site-packages/airflow/example_dags/tutorial.py                                                          1           0  0.16s           2021-02-10T04:56:13
/home/airflow/.local/lib/python3.8/site-packages/airflow/example_dags/example_passing_params_via_test_command.py                           1           0  0.17s           2021-02-10T04:56:15
/home/airflow/.local/lib/python3.8/site-packages/airflow/example_dags/test_utils.py                                                        1           0  0.16s           2021-02-10T04:56:13
/home/airflow/.local/lib/python3.8/site-packages/airflow/example_dags/example_latest_only.py                                               1           0  0.18s           2021-02-10T04:56:12
/home/airflow/.local/lib/python3.8/site-packages/airflow/example_dags/example_kubernetes_executor.py               2151  0.41s             1           0  0.23s           2021-02-10T04:56:12
/home/airflow/.local/lib/python3.8/site-packages/airflow/example_dags/example_task_group.py                                                1           0  0.13s           2021-02-10T04:56:15
/home/airflow/.local/lib/python3.8/site-packages/airflow/example_dags/example_dag_decorator.py                                             1           0  0.20s           2021-02-10T04:56:12
/home/airflow/.local/lib/python3.8/site-packages/airflow/example_dags/example_skip_dag.py                                                  1           0  0.21s           2021-02-10T04:56:12
/home/airflow/.local/lib/python3.8/site-packages/airflow/example_dags/example_xcomargs.py                                                  2           0  0.43s           2021-02-10T04:56:14
/home/airflow/.local/lib/python3.8/site-packages/airflow/example_dags/example_external_task_marker_dag.py                                  2           0  0.42s           2021-02-10T04:56:15
/home/airflow/.local/lib/python3.8/site-packages/airflow/example_dags/example_subdag_operator.py                   2152  0.01s             3           0  0.30s           2021-02-10T04:56:12
================================================================================
[2021-02-10 04:56:19,356] {dag_processing.py:1062} INFO - Finding 'running' jobs without a recent heartbeat
[2021-02-10 04:56:19,360] {dag_processing.py:1066} INFO - Failing jobs without heartbeat after 2021-02-10 04:51:19.360425+00:00
[2021-02-10 04:56:29,407] {dag_processing.py:1062} INFO - Finding 'running' jobs without a recent heartbeat
[2021-02-10 04:56:29,410] {dag_processing.py:1066} INFO - Failing jobs without heartbeat after 2021-02-10 04:51:29.410578+00:00
[2021-02-10 04:56:39,454] {dag_processing.py:1062} INFO - Finding 'running' jobs without a recent heartbeat
[2021-02-10 04:56:39,457] {dag_processing.py:1066} INFO - Failing jobs without heartbeat after 2021-02-10 04:51:39.457265+00:00
[2021-02-10 04:56:45,879] {dag_processing.py:833} INFO - 
================================================================================
DAG File Processing Stats

File Path                                                                                                           PID  Runtime      # DAGs    # Errors  Last Runtime    Last Run
----------------------------------------------------------------------------------------------------------------  -----  ---------  --------  ----------  --------------  -------------------
/home/airflow/.local/lib/python3.8/site-packages/airflow/example_dags/subdags/subdag.py                                                    0           0  0.09s           2021-02-10T04:56:44
/home/airflow/.local/lib/python3.8/site-packages/airflow/example_dags/example_complex.py                                                   1           0  0.22s           2021-02-10T04:56:44
/home/airflow/.local/lib/python3.8/site-packages/airflow/example_dags/tutorial_etl_dag.py                                                  1           0  0.21s           2021-02-10T04:56:44
/home/airflow/.local/lib/python3.8/site-packages/airflow/example_dags/example_bash_operator.py                                             1           0  0.31s           2021-02-10T04:56:45
/home/airflow/.local/lib/python3.8/site-packages/airflow/example_dags/example_branch_operator.py                                           1           0  0.23s           2021-02-10T04:56:43
/home/airflow/.local/lib/python3.8/site-packages/airflow/example_dags/example_branch_python_dop_operator_3.py                              1           0  0.27s           2021-02-10T04:56:44
/home/airflow/.local/lib/python3.8/site-packages/airflow/example_dags/example_kubernetes_executor_config.py                                1           0  0.18s           2021-02-10T04:56:44
/home/airflow/.local/lib/python3.8/site-packages/airflow/example_dags/example_nested_branch_dag.py                                         1           0  0.26s           2021-02-10T04:56:44
/home/airflow/.local/lib/python3.8/site-packages/airflow/example_dags/example_short_circuit_operator.py                                    1           0  0.17s           2021-02-10T04:56:43
/home/airflow/.local/lib/python3.8/site-packages/airflow/example_dags/example_trigger_controller_dag.py                                    1           0  0.18s           2021-02-10T04:56:43
/home/airflow/.local/lib/python3.8/site-packages/airflow/example_dags/tutorial_taskflow_api_etl.py                                         1           0  0.17s           2021-02-10T04:56:43
/home/airflow/.local/lib/python3.8/site-packages/airflow/example_dags/example_xcom.py                                                      1           0  0.17s           2021-02-10T04:56:44
/home/airflow/.local/lib/python3.8/site-packages/airflow/example_dags/example_python_operator.py                                           1           0  0.22s           2021-02-10T04:56:43
/home/airflow/.local/lib/python3.8/site-packages/airflow/example_dags/example_latest_only_with_trigger.py                                  1           0  0.17s           2021-02-10T04:56:43
/home/airflow/.local/lib/python3.8/site-packages/airflow/example_dags/example_trigger_target_dag.py                                        1           0  0.20s           2021-02-10T04:56:44
/home/airflow/.local/lib/python3.8/site-packages/airflow/example_dags/tutorial.py                                                          1           0  0.21s           2021-02-10T04:56:43
/home/airflow/.local/lib/python3.8/site-packages/airflow/example_dags/example_passing_params_via_test_command.py                           1           0  0.21s           2021-02-10T04:56:44
/home/airflow/.local/lib/python3.8/site-packages/airflow/example_dags/test_utils.py                                                        1           0  0.22s           2021-02-10T04:56:43
/home/airflow/.local/lib/python3.8/site-packages/airflow/example_dags/example_latest_only.py                                               1           0  0.23s           2021-02-10T04:56:43
/home/airflow/.local/lib/python3.8/site-packages/airflow/example_dags/example_kubernetes_executor.py               2430  0.46s             1           0  0.27s           2021-02-10T04:56:42
/home/airflow/.local/lib/python3.8/site-packages/airflow/example_dags/example_task_group.py                                                1           0  0.41s           2021-02-10T04:56:45
/home/airflow/.local/lib/python3.8/site-packages/airflow/example_dags/example_dag_decorator.py                                             1           0  0.24s           2021-02-10T04:56:43
/home/airflow/.local/lib/python3.8/site-packages/airflow/example_dags/example_skip_dag.py                                                  1           0  0.20s           2021-02-10T04:56:42
/home/airflow/.local/lib/python3.8/site-packages/airflow/example_dags/example_xcomargs.py                                                  2           0  0.17s           2021-02-10T04:56:44
/home/airflow/.local/lib/python3.8/site-packages/airflow/example_dags/example_external_task_marker_dag.py                                  2           0  0.60s           2021-02-10T04:56:45
/home/airflow/.local/lib/python3.8/site-packages/airflow/example_dags/example_subdag_operator.py                   2431  0.02s             3           0  0.24s           2021-02-10T04:56:42
================================================================================
[2021-02-10 04:56:49,530] {dag_processing.py:1062} INFO - Finding 'running' jobs without a recent heartbeat
[2021-02-10 04:56:49,534] {dag_processing.py:1066} INFO - Failing jobs without heartbeat after 2021-02-10 04:51:49.534015+00:00
[2021-02-10 04:56:59,604] {dag_processing.py:1062} INFO - Finding 'running' jobs without a recent heartbeat
[2021-02-10 04:56:59,607] {dag_processing.py:1066} INFO - Failing jobs without heartbeat after 2021-02-10 04:51:59.607545+00:00
[2021-02-10 04:57:09,650] {dag_processing.py:1062} INFO - Finding 'running' jobs without a recent heartbeat
[2021-02-10 04:57:09,653] {dag_processing.py:1066} INFO - Failing jobs without heartbeat after 2021-02-10 04:52:09.653786+00:00
[2021-02-10 04:57:15,916] {dag_processing.py:833} INFO - 
================================================================================
DAG File Processing Stats

File Path                                                                                                           PID  Runtime      # DAGs    # Errors  Last Runtime    Last Run
----------------------------------------------------------------------------------------------------------------  -----  ---------  --------  ----------  --------------  -------------------
/home/airflow/.local/lib/python3.8/site-packages/airflow/example_dags/subdags/subdag.py                                                    0           0  0.06s           2021-02-10T04:57:14
/home/airflow/.local/lib/python3.8/site-packages/airflow/example_dags/example_complex.py                                                   1           0  0.16s           2021-02-10T04:57:14
/home/airflow/.local/lib/python3.8/site-packages/airflow/example_dags/tutorial_etl_dag.py                                                  1           0  0.21s           2021-02-10T04:57:11
/home/airflow/.local/lib/python3.8/site-packages/airflow/example_dags/example_bash_operator.py                                             1           0  0.20s           2021-02-10T04:57:15
/home/airflow/.local/lib/python3.8/site-packages/airflow/example_dags/example_branch_operator.py                                           1           0  0.26s           2021-02-10T04:57:15
/home/airflow/.local/lib/python3.8/site-packages/airflow/example_dags/example_branch_python_dop_operator_3.py                              1           0  0.23s           2021-02-10T04:57:14
/home/airflow/.local/lib/python3.8/site-packages/airflow/example_dags/example_kubernetes_executor_config.py                                1           0  0.15s           2021-02-10T04:57:14
/home/airflow/.local/lib/python3.8/site-packages/airflow/example_dags/example_nested_branch_dag.py                                         1           0  0.20s           2021-02-10T04:57:14
/home/airflow/.local/lib/python3.8/site-packages/airflow/example_dags/example_short_circuit_operator.py                                    1           0  0.24s           2021-02-10T04:57:13
/home/airflow/.local/lib/python3.8/site-packages/airflow/example_dags/example_trigger_controller_dag.py                                    1           0  0.14s           2021-02-10T04:57:13
/home/airflow/.local/lib/python3.8/site-packages/airflow/example_dags/tutorial_taskflow_api_etl.py                                         1           0  0.24s           2021-02-10T04:57:13
/home/airflow/.local/lib/python3.8/site-packages/airflow/example_dags/example_xcom.py                                                      1           0  0.23s           2021-02-10T04:57:14
/home/airflow/.local/lib/python3.8/site-packages/airflow/example_dags/example_python_operator.py                                           1           0  0.23s           2021-02-10T04:57:15
/home/airflow/.local/lib/python3.8/site-packages/airflow/example_dags/example_latest_only_with_trigger.py                                  1           0  0.15s           2021-02-10T04:57:13
/home/airflow/.local/lib/python3.8/site-packages/airflow/example_dags/example_trigger_target_dag.py                                        1           0  0.16s           2021-02-10T04:57:14
/home/airflow/.local/lib/python3.8/site-packages/airflow/example_dags/tutorial.py                                                          1           0  0.21s           2021-02-10T04:57:14
/home/airflow/.local/lib/python3.8/site-packages/airflow/example_dags/example_passing_params_via_test_command.py                           1           0  0.23s           2021-02-10T04:57:15
/home/airflow/.local/lib/python3.8/site-packages/airflow/example_dags/test_utils.py                                                        1           0  0.19s           2021-02-10T04:57:14
/home/airflow/.local/lib/python3.8/site-packages/airflow/example_dags/example_latest_only.py                       2689  0.01s             1           0  0.15s           2021-02-10T04:57:13
/home/airflow/.local/lib/python3.8/site-packages/airflow/example_dags/example_kubernetes_executor.py                                       1           0  0.16s           2021-02-10T04:57:15
/home/airflow/.local/lib/python3.8/site-packages/airflow/example_dags/example_task_group.py                                                1           0  0.18s           2021-02-10T04:57:15
/home/airflow/.local/lib/python3.8/site-packages/airflow/example_dags/example_dag_decorator.py                     2688  0.09s             1           0  0.15s           2021-02-10T04:57:13
/home/airflow/.local/lib/python3.8/site-packages/airflow/example_dags/example_skip_dag.py                                                  1           0  0.17s           2021-02-10T04:57:15
/home/airflow/.local/lib/python3.8/site-packages/airflow/example_dags/example_xcomargs.py                                                  2           0  0.22s           2021-02-10T04:57:14
/home/airflow/.local/lib/python3.8/site-packages/airflow/example_dags/example_external_task_marker_dag.py                                  2           0  0.17s           2021-02-10T04:57:15
/home/airflow/.local/lib/python3.8/site-packages/airflow/example_dags/example_subdag_operator.py                                           3           0  0.21s           2021-02-10T04:57:15
================================================================================
[2021-02-10 04:57:19,761] {dag_processing.py:1062} INFO - Finding 'running' jobs without a recent heartbeat
[2021-02-10 04:57:19,765] {dag_processing.py:1066} INFO - Failing jobs without heartbeat after 2021-02-10 04:52:19.765385+00:00
[2021-02-10 04:57:29,970] {dag_processing.py:1062} INFO - Finding 'running' jobs without a recent heartbeat
[2021-02-10 04:57:29,977] {dag_processing.py:1066} INFO - Failing jobs without heartbeat after 2021-02-10 04:52:29.977219+00:00
[2021-02-10 04:57:40,041] {dag_processing.py:1062} INFO - Finding 'running' jobs without a recent heartbeat
[2021-02-10 04:57:40,048] {dag_processing.py:1066} INFO - Failing jobs without heartbeat after 2021-02-10 04:52:40.048152+00:00
[2021-02-10 04:57:46,098] {dag_processing.py:833} INFO - 
================================================================================
DAG File Processing Stats

File Path                                                                                                           PID  Runtime      # DAGs    # Errors  Last Runtime    Last Run
----------------------------------------------------------------------------------------------------------------  -----  ---------  --------  ----------  --------------  -------------------
/home/airflow/.local/lib/python3.8/site-packages/airflow/example_dags/subdags/subdag.py                                                    0           0  0.08s           2021-02-10T04:57:42
/home/airflow/.local/lib/python3.8/site-packages/airflow/example_dags/example_complex.py                                                   1           0  0.21s           2021-02-10T04:57:42
/home/airflow/.local/lib/python3.8/site-packages/airflow/example_dags/tutorial_etl_dag.py                                                  1           0  0.21s           2021-02-10T04:57:40
/home/airflow/.local/lib/python3.8/site-packages/airflow/example_dags/example_bash_operator.py                                             1           0  0.20s           2021-02-10T04:57:43
/home/airflow/.local/lib/python3.8/site-packages/airflow/example_dags/example_branch_operator.py                                           1           0  1.09s           2021-02-10T04:57:46
/home/airflow/.local/lib/python3.8/site-packages/airflow/example_dags/example_branch_python_dop_operator_3.py                              1           0  0.30s           2021-02-10T04:57:43
/home/airflow/.local/lib/python3.8/site-packages/airflow/example_dags/example_kubernetes_executor_config.py                                1           0  0.24s           2021-02-10T04:57:43
/home/airflow/.local/lib/python3.8/site-packages/airflow/example_dags/example_nested_branch_dag.py                                         1           0  0.25s           2021-02-10T04:57:43
/home/airflow/.local/lib/python3.8/site-packages/airflow/example_dags/example_short_circuit_operator.py                                    1           0  0.17s           2021-02-10T04:57:42
/home/airflow/.local/lib/python3.8/site-packages/airflow/example_dags/example_trigger_controller_dag.py                                    1           0  0.12s           2021-02-10T04:57:42
/home/airflow/.local/lib/python3.8/site-packages/airflow/example_dags/tutorial_taskflow_api_etl.py                                         1           0  0.18s           2021-02-10T04:57:42
/home/airflow/.local/lib/python3.8/site-packages/airflow/example_dags/example_xcom.py                                                      1           0  0.19s           2021-02-10T04:57:43
/home/airflow/.local/lib/python3.8/site-packages/airflow/example_dags/example_python_operator.py                   2915  0.78s             1           0  0.19s           2021-02-10T04:57:42
/home/airflow/.local/lib/python3.8/site-packages/airflow/example_dags/example_latest_only_with_trigger.py                                  1           0  0.15s           2021-02-10T04:57:42
/home/airflow/.local/lib/python3.8/site-packages/airflow/example_dags/example_trigger_target_dag.py                                        1           0  0.15s           2021-02-10T04:57:42
/home/airflow/.local/lib/python3.8/site-packages/airflow/example_dags/tutorial.py                                                          1           0  0.15s           2021-02-10T04:57:42
/home/airflow/.local/lib/python3.8/site-packages/airflow/example_dags/example_passing_params_via_test_command.py                           1           0  0.28s           2021-02-10T04:57:43
/home/airflow/.local/lib/python3.8/site-packages/airflow/example_dags/test_utils.py                                                        1           0  0.16s           2021-02-10T04:57:42
/home/airflow/.local/lib/python3.8/site-packages/airflow/example_dags/example_latest_only.py                                               1           0  0.14s           2021-02-10T04:57:42
/home/airflow/.local/lib/python3.8/site-packages/airflow/example_dags/example_kubernetes_executor.py                                       1           0  0.20s           2021-02-10T04:57:44
/home/airflow/.local/lib/python3.8/site-packages/airflow/example_dags/example_task_group.py                                                1           0  0.24s           2021-02-10T04:57:44
/home/airflow/.local/lib/python3.8/site-packages/airflow/example_dags/example_dag_decorator.py                     2916  0.01s             1           0  0.18s           2021-02-10T04:57:42
/home/airflow/.local/lib/python3.8/site-packages/airflow/example_dags/example_skip_dag.py                                                  1           0  1.04s           2021-02-10T04:57:45
/home/airflow/.local/lib/python3.8/site-packages/airflow/example_dags/example_xcomargs.py                                                  2           0  0.26s           2021-02-10T04:57:43
/home/airflow/.local/lib/python3.8/site-packages/airflow/example_dags/example_external_task_marker_dag.py                                  2           0  0.25s           2021-02-10T04:57:44
/home/airflow/.local/lib/python3.8/site-packages/airflow/example_dags/example_subdag_operator.py                                           3           0  0.85s           2021-02-10T04:57:44
================================================================================
[2021-02-10 04:57:50,220] {dag_processing.py:1062} INFO - Finding 'running' jobs without a recent heartbeat
[2021-02-10 04:57:50,225] {dag_processing.py:1066} INFO - Failing jobs without heartbeat after 2021-02-10 04:52:50.224913+00:00
[2021-02-10 04:58:00,269] {dag_processing.py:1062} INFO - Finding 'running' jobs without a recent heartbeat
[2021-02-10 04:58:00,274] {dag_processing.py:1066} INFO - Failing jobs without heartbeat after 2021-02-10 04:53:00.274102+00:00
[2021-02-10 04:58:10,430] {dag_processing.py:1062} INFO - Finding 'running' jobs without a recent heartbeat
[2021-02-10 04:58:10,432] {dag_processing.py:1066} INFO - Failing jobs without heartbeat after 2021-02-10 04:53:10.432559+00:00
[2021-02-10 04:58:16,152] {dag_processing.py:833} INFO - 
================================================================================
DAG File Processing Stats

File Path                                                                                                           PID  Runtime      # DAGs    # Errors  Last Runtime    Last Run
----------------------------------------------------------------------------------------------------------------  -----  ---------  --------  ----------  --------------  -------------------
/home/airflow/.local/lib/python3.8/site-packages/airflow/example_dags/subdags/subdag.py                                                    0           0  0.32s           2021-02-10T04:58:13
/home/airflow/.local/lib/python3.8/site-packages/airflow/example_dags/example_complex.py                                                   1           0  0.27s           2021-02-10T04:58:13
/home/airflow/.local/lib/python3.8/site-packages/airflow/example_dags/tutorial_etl_dag.py                                                  1           0  0.26s           2021-02-10T04:58:09
/home/airflow/.local/lib/python3.8/site-packages/airflow/example_dags/example_bash_operator.py                                             1           0  0.29s           2021-02-10T04:58:14
/home/airflow/.local/lib/python3.8/site-packages/airflow/example_dags/example_branch_operator.py                                           1           0  0.22s           2021-02-10T04:58:15
/home/airflow/.local/lib/python3.8/site-packages/airflow/example_dags/example_branch_python_dop_operator_3.py                              1           0  0.26s           2021-02-10T04:58:14
/home/airflow/.local/lib/python3.8/site-packages/airflow/example_dags/example_kubernetes_executor_config.py                                1           0  0.17s           2021-02-10T04:58:14
/home/airflow/.local/lib/python3.8/site-packages/airflow/example_dags/example_nested_branch_dag.py                                         1           0  0.21s           2021-02-10T04:58:14
/home/airflow/.local/lib/python3.8/site-packages/airflow/example_dags/example_short_circuit_operator.py            3148  0.01s             1           0  0.68s           2021-02-10T04:58:12
/home/airflow/.local/lib/python3.8/site-packages/airflow/example_dags/example_trigger_controller_dag.py            3146  0.22s             1           0  0.21s           2021-02-10T04:58:12
/home/airflow/.local/lib/python3.8/site-packages/airflow/example_dags/tutorial_taskflow_api_etl.py                                         1           0  0.18s           2021-02-10T04:58:16
/home/airflow/.local/lib/python3.8/site-packages/airflow/example_dags/example_xcom.py                                                      1           0  0.18s           2021-02-10T04:58:14
/home/airflow/.local/lib/python3.8/site-packages/airflow/example_dags/example_python_operator.py                                           1           0  0.21s           2021-02-10T04:58:15
/home/airflow/.local/lib/python3.8/site-packages/airflow/example_dags/example_latest_only_with_trigger.py                                  1           0  0.53s           2021-02-10T04:58:13
/home/airflow/.local/lib/python3.8/site-packages/airflow/example_dags/example_trigger_target_dag.py                                        1           0  0.22s           2021-02-10T04:58:13
/home/airflow/.local/lib/python3.8/site-packages/airflow/example_dags/tutorial.py                                                          1           0  0.58s           2021-02-10T04:58:13
/home/airflow/.local/lib/python3.8/site-packages/airflow/example_dags/example_passing_params_via_test_command.py                           1           0  0.35s           2021-02-10T04:58:14
/home/airflow/.local/lib/python3.8/site-packages/airflow/example_dags/test_utils.py                                                        1           0  0.57s           2021-02-10T04:58:13
/home/airflow/.local/lib/python3.8/site-packages/airflow/example_dags/example_latest_only.py                                               1           0  0.20s           2021-02-10T04:58:15
/home/airflow/.local/lib/python3.8/site-packages/airflow/example_dags/example_kubernetes_executor.py                                       1           0  0.24s           2021-02-10T04:58:15
/home/airflow/.local/lib/python3.8/site-packages/airflow/example_dags/example_task_group.py                                                1           0  0.17s           2021-02-10T04:58:15
/home/airflow/.local/lib/python3.8/site-packages/airflow/example_dags/example_dag_decorator.py                                             1           0  0.25s           2021-02-10T04:58:15
/home/airflow/.local/lib/python3.8/site-packages/airflow/example_dags/example_skip_dag.py                                                  1           0  0.21s           2021-02-10T04:58:15
/home/airflow/.local/lib/python3.8/site-packages/airflow/example_dags/example_xcomargs.py                                                  2           0  0.21s           2021-02-10T04:58:14
/home/airflow/.local/lib/python3.8/site-packages/airflow/example_dags/example_external_task_marker_dag.py                                  2           0  0.20s           2021-02-10T04:58:15
/home/airflow/.local/lib/python3.8/site-packages/airflow/example_dags/example_subdag_operator.py                                           3           0  0.32s           2021-02-10T04:58:15
================================================================================
[2021-02-10 04:58:21,052] {dag_processing.py:1062} INFO - Finding 'running' jobs without a recent heartbeat
[2021-02-10 04:58:21,061] {dag_processing.py:1066} INFO - Failing jobs without heartbeat after 2021-02-10 04:53:21.061663+00:00
